

================================================================
== Vivado HLS Report for 'dense_array_array_ap_fixed_16_6_5_3_0_1u_config8_s'
================================================================
* Date:           Tue Feb 21 11:21:47 2023

* Version:        2019.2 (Build 2704478 on Wed Nov 06 22:10:23 MST 2019)
* Project:        myproject_prj
* Solution:       solution1
* Product family: zynq
* Target device:  xc7z020-clg484-1


================================================================
== Performance Estimates
================================================================
+ Timing: 
    * Summary: 
    +--------+----------+----------+------------+
    |  Clock |  Target  | Estimated| Uncertainty|
    +--------+----------+----------+------------+
    |ap_clk  | 10.00 ns | 8.560 ns |   1.25 ns  |
    +--------+----------+----------+------------+

+ Latency: 
    * Summary: 
    +---------+---------+-----------+-----------+-----+-----+---------+
    |  Latency (cycles) |   Latency (absolute)  |  Interval | Pipeline|
    |   min   |   max   |    min    |    max    | min | max |   Type  |
    +---------+---------+-----------+-----------+-----+-----+---------+
    |        5|        5| 50.000 ns | 50.000 ns |    5|    5|   none  |
    +---------+---------+-----------+-----------+-----+-----+---------+

    + Detail: 
        * Instance: 
        +------------------------------------------------------------------+------------------------------------------------------+---------+---------+-----------+-----------+-----+-----+----------+
        |                                                                  |                                                      |  Latency (cycles) |   Latency (absolute)  |  Interval | Pipeline |
        |                             Instance                             |                        Module                        |   min   |   max   |    min    |    max    | min | max |   Type   |
        +------------------------------------------------------------------+------------------------------------------------------+---------+---------+-----------+-----------+-----+-----+----------+
        |grp_dense_wrapper_ap_fixed_ap_fixed_16_6_5_3_0_config8_s_fu_2095  |dense_wrapper_ap_fixed_ap_fixed_16_6_5_3_0_config8_s  |        3|        3| 30.000 ns | 30.000 ns |    1|    1| function |
        +------------------------------------------------------------------+------------------------------------------------------+---------+---------+-----------+-----------+-----+-----+----------+

        * Loop: 
        N/A



================================================================
== Utilization Estimates
================================================================
* Summary: 
+-----------------+---------+-------+--------+-------+-----+
|       Name      | BRAM_18K| DSP48E|   FF   |  LUT  | URAM|
+-----------------+---------+-------+--------+-------+-----+
|DSP              |        -|      -|       -|      -|    -|
|Expression       |        -|      -|       0|      4|    -|
|FIFO             |        -|      -|       -|      -|    -|
|Instance         |        -|      2|    1198|   6236|    -|
|Memory           |        -|      -|       -|      -|    -|
|Multiplexer      |        -|      -|       -|   1217|    -|
|Register         |        -|      -|     770|      -|    -|
+-----------------+---------+-------+--------+-------+-----+
|Total            |        0|      2|    1968|   7457|    0|
+-----------------+---------+-------+--------+-------+-----+
|Available        |      280|    220|  106400|  53200|    0|
+-----------------+---------+-------+--------+-------+-----+
|Utilization (%)  |        0|   ~0  |       1|     14|    0|
+-----------------+---------+-------+--------+-------+-----+

+ Detail: 
    * Instance: 
    +------------------------------------------------------------------+------------------------------------------------------+---------+-------+------+------+-----+
    |                             Instance                             |                        Module                        | BRAM_18K| DSP48E|  FF  |  LUT | URAM|
    +------------------------------------------------------------------+------------------------------------------------------+---------+-------+------+------+-----+
    |grp_dense_wrapper_ap_fixed_ap_fixed_16_6_5_3_0_config8_s_fu_2095  |dense_wrapper_ap_fixed_ap_fixed_16_6_5_3_0_config8_s  |        0|      2|  1198|  6236|    0|
    +------------------------------------------------------------------+------------------------------------------------------+---------+-------+------+------+-----+
    |Total                                                             |                                                      |        0|      2|  1198|  6236|    0|
    +------------------------------------------------------------------+------------------------------------------------------+---------+-------+------+------+-----+

    * DSP48E: 
    N/A

    * Memory: 
    N/A

    * FIFO: 
    N/A

    * Expression: 
    +-------------------------+----------+-------+---+----+------------+------------+
    |      Variable Name      | Operation| DSP48E| FF| LUT| Bitwidth P0| Bitwidth P1|
    +-------------------------+----------+-------+---+----+------------+------------+
    |io_acc_block_signal_op7  |    and   |      0|  0|   2|           1|           1|
    |ap_block_state1          |    or    |      0|  0|   2|           1|           1|
    +-------------------------+----------+-------+---+----+------------+------------+
    |Total                    |          |      0|  0|   4|           2|           2|
    +-------------------------+----------+-------+---+----+------------+------------+

    * Multiplexer: 
    +--------------------------------+----+-----------+-----+-----------+
    |              Name              | LUT| Input Size| Bits| Total Bits|
    +--------------------------------+----+-----------+-----+-----------+
    |ap_NS_fsm                       |  38|          7|    1|          7|
    |ap_done                         |   9|          2|    1|          2|
    |data_stream_V_data_0_V_blk_n    |   9|          2|    1|          2|
    |data_stream_V_data_100_V_blk_n  |   9|          2|    1|          2|
    |data_stream_V_data_101_V_blk_n  |   9|          2|    1|          2|
    |data_stream_V_data_102_V_blk_n  |   9|          2|    1|          2|
    |data_stream_V_data_103_V_blk_n  |   9|          2|    1|          2|
    |data_stream_V_data_104_V_blk_n  |   9|          2|    1|          2|
    |data_stream_V_data_105_V_blk_n  |   9|          2|    1|          2|
    |data_stream_V_data_106_V_blk_n  |   9|          2|    1|          2|
    |data_stream_V_data_107_V_blk_n  |   9|          2|    1|          2|
    |data_stream_V_data_108_V_blk_n  |   9|          2|    1|          2|
    |data_stream_V_data_109_V_blk_n  |   9|          2|    1|          2|
    |data_stream_V_data_10_V_blk_n   |   9|          2|    1|          2|
    |data_stream_V_data_110_V_blk_n  |   9|          2|    1|          2|
    |data_stream_V_data_111_V_blk_n  |   9|          2|    1|          2|
    |data_stream_V_data_112_V_blk_n  |   9|          2|    1|          2|
    |data_stream_V_data_113_V_blk_n  |   9|          2|    1|          2|
    |data_stream_V_data_114_V_blk_n  |   9|          2|    1|          2|
    |data_stream_V_data_115_V_blk_n  |   9|          2|    1|          2|
    |data_stream_V_data_116_V_blk_n  |   9|          2|    1|          2|
    |data_stream_V_data_117_V_blk_n  |   9|          2|    1|          2|
    |data_stream_V_data_118_V_blk_n  |   9|          2|    1|          2|
    |data_stream_V_data_119_V_blk_n  |   9|          2|    1|          2|
    |data_stream_V_data_11_V_blk_n   |   9|          2|    1|          2|
    |data_stream_V_data_120_V_blk_n  |   9|          2|    1|          2|
    |data_stream_V_data_121_V_blk_n  |   9|          2|    1|          2|
    |data_stream_V_data_122_V_blk_n  |   9|          2|    1|          2|
    |data_stream_V_data_123_V_blk_n  |   9|          2|    1|          2|
    |data_stream_V_data_124_V_blk_n  |   9|          2|    1|          2|
    |data_stream_V_data_125_V_blk_n  |   9|          2|    1|          2|
    |data_stream_V_data_126_V_blk_n  |   9|          2|    1|          2|
    |data_stream_V_data_127_V_blk_n  |   9|          2|    1|          2|
    |data_stream_V_data_12_V_blk_n   |   9|          2|    1|          2|
    |data_stream_V_data_13_V_blk_n   |   9|          2|    1|          2|
    |data_stream_V_data_14_V_blk_n   |   9|          2|    1|          2|
    |data_stream_V_data_15_V_blk_n   |   9|          2|    1|          2|
    |data_stream_V_data_16_V_blk_n   |   9|          2|    1|          2|
    |data_stream_V_data_17_V_blk_n   |   9|          2|    1|          2|
    |data_stream_V_data_18_V_blk_n   |   9|          2|    1|          2|
    |data_stream_V_data_19_V_blk_n   |   9|          2|    1|          2|
    |data_stream_V_data_1_V_blk_n    |   9|          2|    1|          2|
    |data_stream_V_data_20_V_blk_n   |   9|          2|    1|          2|
    |data_stream_V_data_21_V_blk_n   |   9|          2|    1|          2|
    |data_stream_V_data_22_V_blk_n   |   9|          2|    1|          2|
    |data_stream_V_data_23_V_blk_n   |   9|          2|    1|          2|
    |data_stream_V_data_24_V_blk_n   |   9|          2|    1|          2|
    |data_stream_V_data_25_V_blk_n   |   9|          2|    1|          2|
    |data_stream_V_data_26_V_blk_n   |   9|          2|    1|          2|
    |data_stream_V_data_27_V_blk_n   |   9|          2|    1|          2|
    |data_stream_V_data_28_V_blk_n   |   9|          2|    1|          2|
    |data_stream_V_data_29_V_blk_n   |   9|          2|    1|          2|
    |data_stream_V_data_2_V_blk_n    |   9|          2|    1|          2|
    |data_stream_V_data_30_V_blk_n   |   9|          2|    1|          2|
    |data_stream_V_data_31_V_blk_n   |   9|          2|    1|          2|
    |data_stream_V_data_32_V_blk_n   |   9|          2|    1|          2|
    |data_stream_V_data_33_V_blk_n   |   9|          2|    1|          2|
    |data_stream_V_data_34_V_blk_n   |   9|          2|    1|          2|
    |data_stream_V_data_35_V_blk_n   |   9|          2|    1|          2|
    |data_stream_V_data_36_V_blk_n   |   9|          2|    1|          2|
    |data_stream_V_data_37_V_blk_n   |   9|          2|    1|          2|
    |data_stream_V_data_38_V_blk_n   |   9|          2|    1|          2|
    |data_stream_V_data_39_V_blk_n   |   9|          2|    1|          2|
    |data_stream_V_data_3_V_blk_n    |   9|          2|    1|          2|
    |data_stream_V_data_40_V_blk_n   |   9|          2|    1|          2|
    |data_stream_V_data_41_V_blk_n   |   9|          2|    1|          2|
    |data_stream_V_data_42_V_blk_n   |   9|          2|    1|          2|
    |data_stream_V_data_43_V_blk_n   |   9|          2|    1|          2|
    |data_stream_V_data_44_V_blk_n   |   9|          2|    1|          2|
    |data_stream_V_data_45_V_blk_n   |   9|          2|    1|          2|
    |data_stream_V_data_46_V_blk_n   |   9|          2|    1|          2|
    |data_stream_V_data_47_V_blk_n   |   9|          2|    1|          2|
    |data_stream_V_data_48_V_blk_n   |   9|          2|    1|          2|
    |data_stream_V_data_49_V_blk_n   |   9|          2|    1|          2|
    |data_stream_V_data_4_V_blk_n    |   9|          2|    1|          2|
    |data_stream_V_data_50_V_blk_n   |   9|          2|    1|          2|
    |data_stream_V_data_51_V_blk_n   |   9|          2|    1|          2|
    |data_stream_V_data_52_V_blk_n   |   9|          2|    1|          2|
    |data_stream_V_data_53_V_blk_n   |   9|          2|    1|          2|
    |data_stream_V_data_54_V_blk_n   |   9|          2|    1|          2|
    |data_stream_V_data_55_V_blk_n   |   9|          2|    1|          2|
    |data_stream_V_data_56_V_blk_n   |   9|          2|    1|          2|
    |data_stream_V_data_57_V_blk_n   |   9|          2|    1|          2|
    |data_stream_V_data_58_V_blk_n   |   9|          2|    1|          2|
    |data_stream_V_data_59_V_blk_n   |   9|          2|    1|          2|
    |data_stream_V_data_5_V_blk_n    |   9|          2|    1|          2|
    |data_stream_V_data_60_V_blk_n   |   9|          2|    1|          2|
    |data_stream_V_data_61_V_blk_n   |   9|          2|    1|          2|
    |data_stream_V_data_62_V_blk_n   |   9|          2|    1|          2|
    |data_stream_V_data_63_V_blk_n   |   9|          2|    1|          2|
    |data_stream_V_data_64_V_blk_n   |   9|          2|    1|          2|
    |data_stream_V_data_65_V_blk_n   |   9|          2|    1|          2|
    |data_stream_V_data_66_V_blk_n   |   9|          2|    1|          2|
    |data_stream_V_data_67_V_blk_n   |   9|          2|    1|          2|
    |data_stream_V_data_68_V_blk_n   |   9|          2|    1|          2|
    |data_stream_V_data_69_V_blk_n   |   9|          2|    1|          2|
    |data_stream_V_data_6_V_blk_n    |   9|          2|    1|          2|
    |data_stream_V_data_70_V_blk_n   |   9|          2|    1|          2|
    |data_stream_V_data_71_V_blk_n   |   9|          2|    1|          2|
    |data_stream_V_data_72_V_blk_n   |   9|          2|    1|          2|
    |data_stream_V_data_73_V_blk_n   |   9|          2|    1|          2|
    |data_stream_V_data_74_V_blk_n   |   9|          2|    1|          2|
    |data_stream_V_data_75_V_blk_n   |   9|          2|    1|          2|
    |data_stream_V_data_76_V_blk_n   |   9|          2|    1|          2|
    |data_stream_V_data_77_V_blk_n   |   9|          2|    1|          2|
    |data_stream_V_data_78_V_blk_n   |   9|          2|    1|          2|
    |data_stream_V_data_79_V_blk_n   |   9|          2|    1|          2|
    |data_stream_V_data_7_V_blk_n    |   9|          2|    1|          2|
    |data_stream_V_data_80_V_blk_n   |   9|          2|    1|          2|
    |data_stream_V_data_81_V_blk_n   |   9|          2|    1|          2|
    |data_stream_V_data_82_V_blk_n   |   9|          2|    1|          2|
    |data_stream_V_data_83_V_blk_n   |   9|          2|    1|          2|
    |data_stream_V_data_84_V_blk_n   |   9|          2|    1|          2|
    |data_stream_V_data_85_V_blk_n   |   9|          2|    1|          2|
    |data_stream_V_data_86_V_blk_n   |   9|          2|    1|          2|
    |data_stream_V_data_87_V_blk_n   |   9|          2|    1|          2|
    |data_stream_V_data_88_V_blk_n   |   9|          2|    1|          2|
    |data_stream_V_data_89_V_blk_n   |   9|          2|    1|          2|
    |data_stream_V_data_8_V_blk_n    |   9|          2|    1|          2|
    |data_stream_V_data_90_V_blk_n   |   9|          2|    1|          2|
    |data_stream_V_data_91_V_blk_n   |   9|          2|    1|          2|
    |data_stream_V_data_92_V_blk_n   |   9|          2|    1|          2|
    |data_stream_V_data_93_V_blk_n   |   9|          2|    1|          2|
    |data_stream_V_data_94_V_blk_n   |   9|          2|    1|          2|
    |data_stream_V_data_95_V_blk_n   |   9|          2|    1|          2|
    |data_stream_V_data_96_V_blk_n   |   9|          2|    1|          2|
    |data_stream_V_data_97_V_blk_n   |   9|          2|    1|          2|
    |data_stream_V_data_98_V_blk_n   |   9|          2|    1|          2|
    |data_stream_V_data_99_V_blk_n   |   9|          2|    1|          2|
    |data_stream_V_data_9_V_blk_n    |   9|          2|    1|          2|
    |real_start                      |   9|          2|    1|          2|
    |res_stream_V_data_V_blk_n       |   9|          2|    1|          2|
    +--------------------------------+----+-----------+-----+-----------+
    |Total                           |1217|        269|  132|        269|
    +--------------------------------+----+-----------+-----+-----------+

    * Register: 
    +---------------------+---+----+-----+-----------+
    |         Name        | FF| LUT| Bits| Const Bits|
    +---------------------+---+----+-----+-----------+
    |ap_CS_fsm            |  6|   0|    6|          0|
    |ap_done_reg          |  1|   0|    1|          0|
    |data_0_V_reg_2739    |  6|   0|    6|          0|
    |data_100_V_reg_3239  |  6|   0|    6|          0|
    |data_101_V_reg_3244  |  6|   0|    6|          0|
    |data_102_V_reg_3249  |  6|   0|    6|          0|
    |data_103_V_reg_3254  |  6|   0|    6|          0|
    |data_104_V_reg_3259  |  6|   0|    6|          0|
    |data_105_V_reg_3264  |  6|   0|    6|          0|
    |data_106_V_reg_3269  |  6|   0|    6|          0|
    |data_107_V_reg_3274  |  6|   0|    6|          0|
    |data_108_V_reg_3279  |  6|   0|    6|          0|
    |data_109_V_reg_3284  |  6|   0|    6|          0|
    |data_10_V_reg_2789   |  6|   0|    6|          0|
    |data_110_V_reg_3289  |  6|   0|    6|          0|
    |data_111_V_reg_3294  |  6|   0|    6|          0|
    |data_112_V_reg_3299  |  6|   0|    6|          0|
    |data_113_V_reg_3304  |  6|   0|    6|          0|
    |data_114_V_reg_3309  |  6|   0|    6|          0|
    |data_115_V_reg_3314  |  6|   0|    6|          0|
    |data_116_V_reg_3319  |  6|   0|    6|          0|
    |data_118_V_reg_3324  |  6|   0|    6|          0|
    |data_119_V_reg_3329  |  6|   0|    6|          0|
    |data_11_V_reg_2794   |  6|   0|    6|          0|
    |data_120_V_reg_3334  |  6|   0|    6|          0|
    |data_121_V_reg_3339  |  6|   0|    6|          0|
    |data_122_V_reg_3344  |  6|   0|    6|          0|
    |data_123_V_reg_3349  |  6|   0|    6|          0|
    |data_124_V_reg_3354  |  6|   0|    6|          0|
    |data_125_V_reg_3359  |  6|   0|    6|          0|
    |data_126_V_reg_3364  |  6|   0|    6|          0|
    |data_127_V_reg_3369  |  6|   0|    6|          0|
    |data_12_V_reg_2799   |  6|   0|    6|          0|
    |data_13_V_reg_2804   |  6|   0|    6|          0|
    |data_14_V_reg_2809   |  6|   0|    6|          0|
    |data_15_V_reg_2814   |  6|   0|    6|          0|
    |data_16_V_reg_2819   |  6|   0|    6|          0|
    |data_17_V_reg_2824   |  6|   0|    6|          0|
    |data_18_V_reg_2829   |  6|   0|    6|          0|
    |data_19_V_reg_2834   |  6|   0|    6|          0|
    |data_1_V_reg_2744    |  6|   0|    6|          0|
    |data_20_V_reg_2839   |  6|   0|    6|          0|
    |data_21_V_reg_2844   |  6|   0|    6|          0|
    |data_22_V_reg_2849   |  6|   0|    6|          0|
    |data_23_V_reg_2854   |  6|   0|    6|          0|
    |data_24_V_reg_2859   |  6|   0|    6|          0|
    |data_25_V_reg_2864   |  6|   0|    6|          0|
    |data_26_V_reg_2869   |  6|   0|    6|          0|
    |data_27_V_reg_2874   |  6|   0|    6|          0|
    |data_28_V_reg_2879   |  6|   0|    6|          0|
    |data_29_V_reg_2884   |  6|   0|    6|          0|
    |data_2_V_reg_2749    |  6|   0|    6|          0|
    |data_30_V_reg_2889   |  6|   0|    6|          0|
    |data_31_V_reg_2894   |  6|   0|    6|          0|
    |data_32_V_reg_2899   |  6|   0|    6|          0|
    |data_33_V_reg_2904   |  6|   0|    6|          0|
    |data_34_V_reg_2909   |  6|   0|    6|          0|
    |data_35_V_reg_2914   |  6|   0|    6|          0|
    |data_36_V_reg_2919   |  6|   0|    6|          0|
    |data_37_V_reg_2924   |  6|   0|    6|          0|
    |data_38_V_reg_2929   |  6|   0|    6|          0|
    |data_39_V_reg_2934   |  6|   0|    6|          0|
    |data_3_V_reg_2754    |  6|   0|    6|          0|
    |data_40_V_reg_2939   |  6|   0|    6|          0|
    |data_41_V_reg_2944   |  6|   0|    6|          0|
    |data_42_V_reg_2949   |  6|   0|    6|          0|
    |data_43_V_reg_2954   |  6|   0|    6|          0|
    |data_44_V_reg_2959   |  6|   0|    6|          0|
    |data_45_V_reg_2964   |  6|   0|    6|          0|
    |data_46_V_reg_2969   |  6|   0|    6|          0|
    |data_47_V_reg_2974   |  6|   0|    6|          0|
    |data_48_V_reg_2979   |  6|   0|    6|          0|
    |data_49_V_reg_2984   |  6|   0|    6|          0|
    |data_4_V_reg_2759    |  6|   0|    6|          0|
    |data_50_V_reg_2989   |  6|   0|    6|          0|
    |data_51_V_reg_2994   |  6|   0|    6|          0|
    |data_52_V_reg_2999   |  6|   0|    6|          0|
    |data_53_V_reg_3004   |  6|   0|    6|          0|
    |data_54_V_reg_3009   |  6|   0|    6|          0|
    |data_55_V_reg_3014   |  6|   0|    6|          0|
    |data_56_V_reg_3019   |  6|   0|    6|          0|
    |data_57_V_reg_3024   |  6|   0|    6|          0|
    |data_58_V_reg_3029   |  6|   0|    6|          0|
    |data_59_V_reg_3034   |  6|   0|    6|          0|
    |data_5_V_reg_2764    |  6|   0|    6|          0|
    |data_60_V_reg_3039   |  6|   0|    6|          0|
    |data_61_V_reg_3044   |  6|   0|    6|          0|
    |data_62_V_reg_3049   |  6|   0|    6|          0|
    |data_63_V_reg_3054   |  6|   0|    6|          0|
    |data_64_V_reg_3059   |  6|   0|    6|          0|
    |data_65_V_reg_3064   |  6|   0|    6|          0|
    |data_66_V_reg_3069   |  6|   0|    6|          0|
    |data_67_V_reg_3074   |  6|   0|    6|          0|
    |data_68_V_reg_3079   |  6|   0|    6|          0|
    |data_69_V_reg_3084   |  6|   0|    6|          0|
    |data_6_V_reg_2769    |  6|   0|    6|          0|
    |data_70_V_reg_3089   |  6|   0|    6|          0|
    |data_71_V_reg_3094   |  6|   0|    6|          0|
    |data_72_V_reg_3099   |  6|   0|    6|          0|
    |data_73_V_reg_3104   |  6|   0|    6|          0|
    |data_74_V_reg_3109   |  6|   0|    6|          0|
    |data_75_V_reg_3114   |  6|   0|    6|          0|
    |data_76_V_reg_3119   |  6|   0|    6|          0|
    |data_77_V_reg_3124   |  6|   0|    6|          0|
    |data_78_V_reg_3129   |  6|   0|    6|          0|
    |data_79_V_reg_3134   |  6|   0|    6|          0|
    |data_7_V_reg_2774    |  6|   0|    6|          0|
    |data_80_V_reg_3139   |  6|   0|    6|          0|
    |data_81_V_reg_3144   |  6|   0|    6|          0|
    |data_82_V_reg_3149   |  6|   0|    6|          0|
    |data_83_V_reg_3154   |  6|   0|    6|          0|
    |data_84_V_reg_3159   |  6|   0|    6|          0|
    |data_85_V_reg_3164   |  6|   0|    6|          0|
    |data_86_V_reg_3169   |  6|   0|    6|          0|
    |data_87_V_reg_3174   |  6|   0|    6|          0|
    |data_88_V_reg_3179   |  6|   0|    6|          0|
    |data_89_V_reg_3184   |  6|   0|    6|          0|
    |data_8_V_reg_2779    |  6|   0|    6|          0|
    |data_90_V_reg_3189   |  6|   0|    6|          0|
    |data_91_V_reg_3194   |  6|   0|    6|          0|
    |data_92_V_reg_3199   |  6|   0|    6|          0|
    |data_93_V_reg_3204   |  6|   0|    6|          0|
    |data_94_V_reg_3209   |  6|   0|    6|          0|
    |data_95_V_reg_3214   |  6|   0|    6|          0|
    |data_96_V_reg_3219   |  6|   0|    6|          0|
    |data_97_V_reg_3224   |  6|   0|    6|          0|
    |data_98_V_reg_3229   |  6|   0|    6|          0|
    |data_99_V_reg_3234   |  6|   0|    6|          0|
    |data_9_V_reg_2784    |  6|   0|    6|          0|
    |start_once_reg       |  1|   0|    1|          0|
    +---------------------+---+----+-----+-----------+
    |Total                |770|   0|  770|          0|
    +---------------------+---+----+-----+-----------+



================================================================
== Interface
================================================================
* Summary: 
+----------------------------------+-----+-----+------------+-----------------------------------------------------+--------------+
|             RTL Ports            | Dir | Bits|  Protocol  |                    Source Object                    |    C Type    |
+----------------------------------+-----+-----+------------+-----------------------------------------------------+--------------+
|ap_clk                            |  in |    1| ap_ctrl_hs | dense<array,array<ap_fixed<16,6,5,3,0>,1u>,config8> | return value |
|ap_rst                            |  in |    1| ap_ctrl_hs | dense<array,array<ap_fixed<16,6,5,3,0>,1u>,config8> | return value |
|ap_start                          |  in |    1| ap_ctrl_hs | dense<array,array<ap_fixed<16,6,5,3,0>,1u>,config8> | return value |
|start_full_n                      |  in |    1| ap_ctrl_hs | dense<array,array<ap_fixed<16,6,5,3,0>,1u>,config8> | return value |
|ap_done                           | out |    1| ap_ctrl_hs | dense<array,array<ap_fixed<16,6,5,3,0>,1u>,config8> | return value |
|ap_continue                       |  in |    1| ap_ctrl_hs | dense<array,array<ap_fixed<16,6,5,3,0>,1u>,config8> | return value |
|ap_idle                           | out |    1| ap_ctrl_hs | dense<array,array<ap_fixed<16,6,5,3,0>,1u>,config8> | return value |
|ap_ready                          | out |    1| ap_ctrl_hs | dense<array,array<ap_fixed<16,6,5,3,0>,1u>,config8> | return value |
|start_out                         | out |    1| ap_ctrl_hs | dense<array,array<ap_fixed<16,6,5,3,0>,1u>,config8> | return value |
|start_write                       | out |    1| ap_ctrl_hs | dense<array,array<ap_fixed<16,6,5,3,0>,1u>,config8> | return value |
|data_stream_V_data_0_V_dout       |  in |    6|   ap_fifo  |                data_stream_V_data_0_V               |    pointer   |
|data_stream_V_data_0_V_empty_n    |  in |    1|   ap_fifo  |                data_stream_V_data_0_V               |    pointer   |
|data_stream_V_data_0_V_read       | out |    1|   ap_fifo  |                data_stream_V_data_0_V               |    pointer   |
|data_stream_V_data_1_V_dout       |  in |    6|   ap_fifo  |                data_stream_V_data_1_V               |    pointer   |
|data_stream_V_data_1_V_empty_n    |  in |    1|   ap_fifo  |                data_stream_V_data_1_V               |    pointer   |
|data_stream_V_data_1_V_read       | out |    1|   ap_fifo  |                data_stream_V_data_1_V               |    pointer   |
|data_stream_V_data_2_V_dout       |  in |    6|   ap_fifo  |                data_stream_V_data_2_V               |    pointer   |
|data_stream_V_data_2_V_empty_n    |  in |    1|   ap_fifo  |                data_stream_V_data_2_V               |    pointer   |
|data_stream_V_data_2_V_read       | out |    1|   ap_fifo  |                data_stream_V_data_2_V               |    pointer   |
|data_stream_V_data_3_V_dout       |  in |    6|   ap_fifo  |                data_stream_V_data_3_V               |    pointer   |
|data_stream_V_data_3_V_empty_n    |  in |    1|   ap_fifo  |                data_stream_V_data_3_V               |    pointer   |
|data_stream_V_data_3_V_read       | out |    1|   ap_fifo  |                data_stream_V_data_3_V               |    pointer   |
|data_stream_V_data_4_V_dout       |  in |    6|   ap_fifo  |                data_stream_V_data_4_V               |    pointer   |
|data_stream_V_data_4_V_empty_n    |  in |    1|   ap_fifo  |                data_stream_V_data_4_V               |    pointer   |
|data_stream_V_data_4_V_read       | out |    1|   ap_fifo  |                data_stream_V_data_4_V               |    pointer   |
|data_stream_V_data_5_V_dout       |  in |    6|   ap_fifo  |                data_stream_V_data_5_V               |    pointer   |
|data_stream_V_data_5_V_empty_n    |  in |    1|   ap_fifo  |                data_stream_V_data_5_V               |    pointer   |
|data_stream_V_data_5_V_read       | out |    1|   ap_fifo  |                data_stream_V_data_5_V               |    pointer   |
|data_stream_V_data_6_V_dout       |  in |    6|   ap_fifo  |                data_stream_V_data_6_V               |    pointer   |
|data_stream_V_data_6_V_empty_n    |  in |    1|   ap_fifo  |                data_stream_V_data_6_V               |    pointer   |
|data_stream_V_data_6_V_read       | out |    1|   ap_fifo  |                data_stream_V_data_6_V               |    pointer   |
|data_stream_V_data_7_V_dout       |  in |    6|   ap_fifo  |                data_stream_V_data_7_V               |    pointer   |
|data_stream_V_data_7_V_empty_n    |  in |    1|   ap_fifo  |                data_stream_V_data_7_V               |    pointer   |
|data_stream_V_data_7_V_read       | out |    1|   ap_fifo  |                data_stream_V_data_7_V               |    pointer   |
|data_stream_V_data_8_V_dout       |  in |    6|   ap_fifo  |                data_stream_V_data_8_V               |    pointer   |
|data_stream_V_data_8_V_empty_n    |  in |    1|   ap_fifo  |                data_stream_V_data_8_V               |    pointer   |
|data_stream_V_data_8_V_read       | out |    1|   ap_fifo  |                data_stream_V_data_8_V               |    pointer   |
|data_stream_V_data_9_V_dout       |  in |    6|   ap_fifo  |                data_stream_V_data_9_V               |    pointer   |
|data_stream_V_data_9_V_empty_n    |  in |    1|   ap_fifo  |                data_stream_V_data_9_V               |    pointer   |
|data_stream_V_data_9_V_read       | out |    1|   ap_fifo  |                data_stream_V_data_9_V               |    pointer   |
|data_stream_V_data_10_V_dout      |  in |    6|   ap_fifo  |               data_stream_V_data_10_V               |    pointer   |
|data_stream_V_data_10_V_empty_n   |  in |    1|   ap_fifo  |               data_stream_V_data_10_V               |    pointer   |
|data_stream_V_data_10_V_read      | out |    1|   ap_fifo  |               data_stream_V_data_10_V               |    pointer   |
|data_stream_V_data_11_V_dout      |  in |    6|   ap_fifo  |               data_stream_V_data_11_V               |    pointer   |
|data_stream_V_data_11_V_empty_n   |  in |    1|   ap_fifo  |               data_stream_V_data_11_V               |    pointer   |
|data_stream_V_data_11_V_read      | out |    1|   ap_fifo  |               data_stream_V_data_11_V               |    pointer   |
|data_stream_V_data_12_V_dout      |  in |    6|   ap_fifo  |               data_stream_V_data_12_V               |    pointer   |
|data_stream_V_data_12_V_empty_n   |  in |    1|   ap_fifo  |               data_stream_V_data_12_V               |    pointer   |
|data_stream_V_data_12_V_read      | out |    1|   ap_fifo  |               data_stream_V_data_12_V               |    pointer   |
|data_stream_V_data_13_V_dout      |  in |    6|   ap_fifo  |               data_stream_V_data_13_V               |    pointer   |
|data_stream_V_data_13_V_empty_n   |  in |    1|   ap_fifo  |               data_stream_V_data_13_V               |    pointer   |
|data_stream_V_data_13_V_read      | out |    1|   ap_fifo  |               data_stream_V_data_13_V               |    pointer   |
|data_stream_V_data_14_V_dout      |  in |    6|   ap_fifo  |               data_stream_V_data_14_V               |    pointer   |
|data_stream_V_data_14_V_empty_n   |  in |    1|   ap_fifo  |               data_stream_V_data_14_V               |    pointer   |
|data_stream_V_data_14_V_read      | out |    1|   ap_fifo  |               data_stream_V_data_14_V               |    pointer   |
|data_stream_V_data_15_V_dout      |  in |    6|   ap_fifo  |               data_stream_V_data_15_V               |    pointer   |
|data_stream_V_data_15_V_empty_n   |  in |    1|   ap_fifo  |               data_stream_V_data_15_V               |    pointer   |
|data_stream_V_data_15_V_read      | out |    1|   ap_fifo  |               data_stream_V_data_15_V               |    pointer   |
|data_stream_V_data_16_V_dout      |  in |    6|   ap_fifo  |               data_stream_V_data_16_V               |    pointer   |
|data_stream_V_data_16_V_empty_n   |  in |    1|   ap_fifo  |               data_stream_V_data_16_V               |    pointer   |
|data_stream_V_data_16_V_read      | out |    1|   ap_fifo  |               data_stream_V_data_16_V               |    pointer   |
|data_stream_V_data_17_V_dout      |  in |    6|   ap_fifo  |               data_stream_V_data_17_V               |    pointer   |
|data_stream_V_data_17_V_empty_n   |  in |    1|   ap_fifo  |               data_stream_V_data_17_V               |    pointer   |
|data_stream_V_data_17_V_read      | out |    1|   ap_fifo  |               data_stream_V_data_17_V               |    pointer   |
|data_stream_V_data_18_V_dout      |  in |    6|   ap_fifo  |               data_stream_V_data_18_V               |    pointer   |
|data_stream_V_data_18_V_empty_n   |  in |    1|   ap_fifo  |               data_stream_V_data_18_V               |    pointer   |
|data_stream_V_data_18_V_read      | out |    1|   ap_fifo  |               data_stream_V_data_18_V               |    pointer   |
|data_stream_V_data_19_V_dout      |  in |    6|   ap_fifo  |               data_stream_V_data_19_V               |    pointer   |
|data_stream_V_data_19_V_empty_n   |  in |    1|   ap_fifo  |               data_stream_V_data_19_V               |    pointer   |
|data_stream_V_data_19_V_read      | out |    1|   ap_fifo  |               data_stream_V_data_19_V               |    pointer   |
|data_stream_V_data_20_V_dout      |  in |    6|   ap_fifo  |               data_stream_V_data_20_V               |    pointer   |
|data_stream_V_data_20_V_empty_n   |  in |    1|   ap_fifo  |               data_stream_V_data_20_V               |    pointer   |
|data_stream_V_data_20_V_read      | out |    1|   ap_fifo  |               data_stream_V_data_20_V               |    pointer   |
|data_stream_V_data_21_V_dout      |  in |    6|   ap_fifo  |               data_stream_V_data_21_V               |    pointer   |
|data_stream_V_data_21_V_empty_n   |  in |    1|   ap_fifo  |               data_stream_V_data_21_V               |    pointer   |
|data_stream_V_data_21_V_read      | out |    1|   ap_fifo  |               data_stream_V_data_21_V               |    pointer   |
|data_stream_V_data_22_V_dout      |  in |    6|   ap_fifo  |               data_stream_V_data_22_V               |    pointer   |
|data_stream_V_data_22_V_empty_n   |  in |    1|   ap_fifo  |               data_stream_V_data_22_V               |    pointer   |
|data_stream_V_data_22_V_read      | out |    1|   ap_fifo  |               data_stream_V_data_22_V               |    pointer   |
|data_stream_V_data_23_V_dout      |  in |    6|   ap_fifo  |               data_stream_V_data_23_V               |    pointer   |
|data_stream_V_data_23_V_empty_n   |  in |    1|   ap_fifo  |               data_stream_V_data_23_V               |    pointer   |
|data_stream_V_data_23_V_read      | out |    1|   ap_fifo  |               data_stream_V_data_23_V               |    pointer   |
|data_stream_V_data_24_V_dout      |  in |    6|   ap_fifo  |               data_stream_V_data_24_V               |    pointer   |
|data_stream_V_data_24_V_empty_n   |  in |    1|   ap_fifo  |               data_stream_V_data_24_V               |    pointer   |
|data_stream_V_data_24_V_read      | out |    1|   ap_fifo  |               data_stream_V_data_24_V               |    pointer   |
|data_stream_V_data_25_V_dout      |  in |    6|   ap_fifo  |               data_stream_V_data_25_V               |    pointer   |
|data_stream_V_data_25_V_empty_n   |  in |    1|   ap_fifo  |               data_stream_V_data_25_V               |    pointer   |
|data_stream_V_data_25_V_read      | out |    1|   ap_fifo  |               data_stream_V_data_25_V               |    pointer   |
|data_stream_V_data_26_V_dout      |  in |    6|   ap_fifo  |               data_stream_V_data_26_V               |    pointer   |
|data_stream_V_data_26_V_empty_n   |  in |    1|   ap_fifo  |               data_stream_V_data_26_V               |    pointer   |
|data_stream_V_data_26_V_read      | out |    1|   ap_fifo  |               data_stream_V_data_26_V               |    pointer   |
|data_stream_V_data_27_V_dout      |  in |    6|   ap_fifo  |               data_stream_V_data_27_V               |    pointer   |
|data_stream_V_data_27_V_empty_n   |  in |    1|   ap_fifo  |               data_stream_V_data_27_V               |    pointer   |
|data_stream_V_data_27_V_read      | out |    1|   ap_fifo  |               data_stream_V_data_27_V               |    pointer   |
|data_stream_V_data_28_V_dout      |  in |    6|   ap_fifo  |               data_stream_V_data_28_V               |    pointer   |
|data_stream_V_data_28_V_empty_n   |  in |    1|   ap_fifo  |               data_stream_V_data_28_V               |    pointer   |
|data_stream_V_data_28_V_read      | out |    1|   ap_fifo  |               data_stream_V_data_28_V               |    pointer   |
|data_stream_V_data_29_V_dout      |  in |    6|   ap_fifo  |               data_stream_V_data_29_V               |    pointer   |
|data_stream_V_data_29_V_empty_n   |  in |    1|   ap_fifo  |               data_stream_V_data_29_V               |    pointer   |
|data_stream_V_data_29_V_read      | out |    1|   ap_fifo  |               data_stream_V_data_29_V               |    pointer   |
|data_stream_V_data_30_V_dout      |  in |    6|   ap_fifo  |               data_stream_V_data_30_V               |    pointer   |
|data_stream_V_data_30_V_empty_n   |  in |    1|   ap_fifo  |               data_stream_V_data_30_V               |    pointer   |
|data_stream_V_data_30_V_read      | out |    1|   ap_fifo  |               data_stream_V_data_30_V               |    pointer   |
|data_stream_V_data_31_V_dout      |  in |    6|   ap_fifo  |               data_stream_V_data_31_V               |    pointer   |
|data_stream_V_data_31_V_empty_n   |  in |    1|   ap_fifo  |               data_stream_V_data_31_V               |    pointer   |
|data_stream_V_data_31_V_read      | out |    1|   ap_fifo  |               data_stream_V_data_31_V               |    pointer   |
|data_stream_V_data_32_V_dout      |  in |    6|   ap_fifo  |               data_stream_V_data_32_V               |    pointer   |
|data_stream_V_data_32_V_empty_n   |  in |    1|   ap_fifo  |               data_stream_V_data_32_V               |    pointer   |
|data_stream_V_data_32_V_read      | out |    1|   ap_fifo  |               data_stream_V_data_32_V               |    pointer   |
|data_stream_V_data_33_V_dout      |  in |    6|   ap_fifo  |               data_stream_V_data_33_V               |    pointer   |
|data_stream_V_data_33_V_empty_n   |  in |    1|   ap_fifo  |               data_stream_V_data_33_V               |    pointer   |
|data_stream_V_data_33_V_read      | out |    1|   ap_fifo  |               data_stream_V_data_33_V               |    pointer   |
|data_stream_V_data_34_V_dout      |  in |    6|   ap_fifo  |               data_stream_V_data_34_V               |    pointer   |
|data_stream_V_data_34_V_empty_n   |  in |    1|   ap_fifo  |               data_stream_V_data_34_V               |    pointer   |
|data_stream_V_data_34_V_read      | out |    1|   ap_fifo  |               data_stream_V_data_34_V               |    pointer   |
|data_stream_V_data_35_V_dout      |  in |    6|   ap_fifo  |               data_stream_V_data_35_V               |    pointer   |
|data_stream_V_data_35_V_empty_n   |  in |    1|   ap_fifo  |               data_stream_V_data_35_V               |    pointer   |
|data_stream_V_data_35_V_read      | out |    1|   ap_fifo  |               data_stream_V_data_35_V               |    pointer   |
|data_stream_V_data_36_V_dout      |  in |    6|   ap_fifo  |               data_stream_V_data_36_V               |    pointer   |
|data_stream_V_data_36_V_empty_n   |  in |    1|   ap_fifo  |               data_stream_V_data_36_V               |    pointer   |
|data_stream_V_data_36_V_read      | out |    1|   ap_fifo  |               data_stream_V_data_36_V               |    pointer   |
|data_stream_V_data_37_V_dout      |  in |    6|   ap_fifo  |               data_stream_V_data_37_V               |    pointer   |
|data_stream_V_data_37_V_empty_n   |  in |    1|   ap_fifo  |               data_stream_V_data_37_V               |    pointer   |
|data_stream_V_data_37_V_read      | out |    1|   ap_fifo  |               data_stream_V_data_37_V               |    pointer   |
|data_stream_V_data_38_V_dout      |  in |    6|   ap_fifo  |               data_stream_V_data_38_V               |    pointer   |
|data_stream_V_data_38_V_empty_n   |  in |    1|   ap_fifo  |               data_stream_V_data_38_V               |    pointer   |
|data_stream_V_data_38_V_read      | out |    1|   ap_fifo  |               data_stream_V_data_38_V               |    pointer   |
|data_stream_V_data_39_V_dout      |  in |    6|   ap_fifo  |               data_stream_V_data_39_V               |    pointer   |
|data_stream_V_data_39_V_empty_n   |  in |    1|   ap_fifo  |               data_stream_V_data_39_V               |    pointer   |
|data_stream_V_data_39_V_read      | out |    1|   ap_fifo  |               data_stream_V_data_39_V               |    pointer   |
|data_stream_V_data_40_V_dout      |  in |    6|   ap_fifo  |               data_stream_V_data_40_V               |    pointer   |
|data_stream_V_data_40_V_empty_n   |  in |    1|   ap_fifo  |               data_stream_V_data_40_V               |    pointer   |
|data_stream_V_data_40_V_read      | out |    1|   ap_fifo  |               data_stream_V_data_40_V               |    pointer   |
|data_stream_V_data_41_V_dout      |  in |    6|   ap_fifo  |               data_stream_V_data_41_V               |    pointer   |
|data_stream_V_data_41_V_empty_n   |  in |    1|   ap_fifo  |               data_stream_V_data_41_V               |    pointer   |
|data_stream_V_data_41_V_read      | out |    1|   ap_fifo  |               data_stream_V_data_41_V               |    pointer   |
|data_stream_V_data_42_V_dout      |  in |    6|   ap_fifo  |               data_stream_V_data_42_V               |    pointer   |
|data_stream_V_data_42_V_empty_n   |  in |    1|   ap_fifo  |               data_stream_V_data_42_V               |    pointer   |
|data_stream_V_data_42_V_read      | out |    1|   ap_fifo  |               data_stream_V_data_42_V               |    pointer   |
|data_stream_V_data_43_V_dout      |  in |    6|   ap_fifo  |               data_stream_V_data_43_V               |    pointer   |
|data_stream_V_data_43_V_empty_n   |  in |    1|   ap_fifo  |               data_stream_V_data_43_V               |    pointer   |
|data_stream_V_data_43_V_read      | out |    1|   ap_fifo  |               data_stream_V_data_43_V               |    pointer   |
|data_stream_V_data_44_V_dout      |  in |    6|   ap_fifo  |               data_stream_V_data_44_V               |    pointer   |
|data_stream_V_data_44_V_empty_n   |  in |    1|   ap_fifo  |               data_stream_V_data_44_V               |    pointer   |
|data_stream_V_data_44_V_read      | out |    1|   ap_fifo  |               data_stream_V_data_44_V               |    pointer   |
|data_stream_V_data_45_V_dout      |  in |    6|   ap_fifo  |               data_stream_V_data_45_V               |    pointer   |
|data_stream_V_data_45_V_empty_n   |  in |    1|   ap_fifo  |               data_stream_V_data_45_V               |    pointer   |
|data_stream_V_data_45_V_read      | out |    1|   ap_fifo  |               data_stream_V_data_45_V               |    pointer   |
|data_stream_V_data_46_V_dout      |  in |    6|   ap_fifo  |               data_stream_V_data_46_V               |    pointer   |
|data_stream_V_data_46_V_empty_n   |  in |    1|   ap_fifo  |               data_stream_V_data_46_V               |    pointer   |
|data_stream_V_data_46_V_read      | out |    1|   ap_fifo  |               data_stream_V_data_46_V               |    pointer   |
|data_stream_V_data_47_V_dout      |  in |    6|   ap_fifo  |               data_stream_V_data_47_V               |    pointer   |
|data_stream_V_data_47_V_empty_n   |  in |    1|   ap_fifo  |               data_stream_V_data_47_V               |    pointer   |
|data_stream_V_data_47_V_read      | out |    1|   ap_fifo  |               data_stream_V_data_47_V               |    pointer   |
|data_stream_V_data_48_V_dout      |  in |    6|   ap_fifo  |               data_stream_V_data_48_V               |    pointer   |
|data_stream_V_data_48_V_empty_n   |  in |    1|   ap_fifo  |               data_stream_V_data_48_V               |    pointer   |
|data_stream_V_data_48_V_read      | out |    1|   ap_fifo  |               data_stream_V_data_48_V               |    pointer   |
|data_stream_V_data_49_V_dout      |  in |    6|   ap_fifo  |               data_stream_V_data_49_V               |    pointer   |
|data_stream_V_data_49_V_empty_n   |  in |    1|   ap_fifo  |               data_stream_V_data_49_V               |    pointer   |
|data_stream_V_data_49_V_read      | out |    1|   ap_fifo  |               data_stream_V_data_49_V               |    pointer   |
|data_stream_V_data_50_V_dout      |  in |    6|   ap_fifo  |               data_stream_V_data_50_V               |    pointer   |
|data_stream_V_data_50_V_empty_n   |  in |    1|   ap_fifo  |               data_stream_V_data_50_V               |    pointer   |
|data_stream_V_data_50_V_read      | out |    1|   ap_fifo  |               data_stream_V_data_50_V               |    pointer   |
|data_stream_V_data_51_V_dout      |  in |    6|   ap_fifo  |               data_stream_V_data_51_V               |    pointer   |
|data_stream_V_data_51_V_empty_n   |  in |    1|   ap_fifo  |               data_stream_V_data_51_V               |    pointer   |
|data_stream_V_data_51_V_read      | out |    1|   ap_fifo  |               data_stream_V_data_51_V               |    pointer   |
|data_stream_V_data_52_V_dout      |  in |    6|   ap_fifo  |               data_stream_V_data_52_V               |    pointer   |
|data_stream_V_data_52_V_empty_n   |  in |    1|   ap_fifo  |               data_stream_V_data_52_V               |    pointer   |
|data_stream_V_data_52_V_read      | out |    1|   ap_fifo  |               data_stream_V_data_52_V               |    pointer   |
|data_stream_V_data_53_V_dout      |  in |    6|   ap_fifo  |               data_stream_V_data_53_V               |    pointer   |
|data_stream_V_data_53_V_empty_n   |  in |    1|   ap_fifo  |               data_stream_V_data_53_V               |    pointer   |
|data_stream_V_data_53_V_read      | out |    1|   ap_fifo  |               data_stream_V_data_53_V               |    pointer   |
|data_stream_V_data_54_V_dout      |  in |    6|   ap_fifo  |               data_stream_V_data_54_V               |    pointer   |
|data_stream_V_data_54_V_empty_n   |  in |    1|   ap_fifo  |               data_stream_V_data_54_V               |    pointer   |
|data_stream_V_data_54_V_read      | out |    1|   ap_fifo  |               data_stream_V_data_54_V               |    pointer   |
|data_stream_V_data_55_V_dout      |  in |    6|   ap_fifo  |               data_stream_V_data_55_V               |    pointer   |
|data_stream_V_data_55_V_empty_n   |  in |    1|   ap_fifo  |               data_stream_V_data_55_V               |    pointer   |
|data_stream_V_data_55_V_read      | out |    1|   ap_fifo  |               data_stream_V_data_55_V               |    pointer   |
|data_stream_V_data_56_V_dout      |  in |    6|   ap_fifo  |               data_stream_V_data_56_V               |    pointer   |
|data_stream_V_data_56_V_empty_n   |  in |    1|   ap_fifo  |               data_stream_V_data_56_V               |    pointer   |
|data_stream_V_data_56_V_read      | out |    1|   ap_fifo  |               data_stream_V_data_56_V               |    pointer   |
|data_stream_V_data_57_V_dout      |  in |    6|   ap_fifo  |               data_stream_V_data_57_V               |    pointer   |
|data_stream_V_data_57_V_empty_n   |  in |    1|   ap_fifo  |               data_stream_V_data_57_V               |    pointer   |
|data_stream_V_data_57_V_read      | out |    1|   ap_fifo  |               data_stream_V_data_57_V               |    pointer   |
|data_stream_V_data_58_V_dout      |  in |    6|   ap_fifo  |               data_stream_V_data_58_V               |    pointer   |
|data_stream_V_data_58_V_empty_n   |  in |    1|   ap_fifo  |               data_stream_V_data_58_V               |    pointer   |
|data_stream_V_data_58_V_read      | out |    1|   ap_fifo  |               data_stream_V_data_58_V               |    pointer   |
|data_stream_V_data_59_V_dout      |  in |    6|   ap_fifo  |               data_stream_V_data_59_V               |    pointer   |
|data_stream_V_data_59_V_empty_n   |  in |    1|   ap_fifo  |               data_stream_V_data_59_V               |    pointer   |
|data_stream_V_data_59_V_read      | out |    1|   ap_fifo  |               data_stream_V_data_59_V               |    pointer   |
|data_stream_V_data_60_V_dout      |  in |    6|   ap_fifo  |               data_stream_V_data_60_V               |    pointer   |
|data_stream_V_data_60_V_empty_n   |  in |    1|   ap_fifo  |               data_stream_V_data_60_V               |    pointer   |
|data_stream_V_data_60_V_read      | out |    1|   ap_fifo  |               data_stream_V_data_60_V               |    pointer   |
|data_stream_V_data_61_V_dout      |  in |    6|   ap_fifo  |               data_stream_V_data_61_V               |    pointer   |
|data_stream_V_data_61_V_empty_n   |  in |    1|   ap_fifo  |               data_stream_V_data_61_V               |    pointer   |
|data_stream_V_data_61_V_read      | out |    1|   ap_fifo  |               data_stream_V_data_61_V               |    pointer   |
|data_stream_V_data_62_V_dout      |  in |    6|   ap_fifo  |               data_stream_V_data_62_V               |    pointer   |
|data_stream_V_data_62_V_empty_n   |  in |    1|   ap_fifo  |               data_stream_V_data_62_V               |    pointer   |
|data_stream_V_data_62_V_read      | out |    1|   ap_fifo  |               data_stream_V_data_62_V               |    pointer   |
|data_stream_V_data_63_V_dout      |  in |    6|   ap_fifo  |               data_stream_V_data_63_V               |    pointer   |
|data_stream_V_data_63_V_empty_n   |  in |    1|   ap_fifo  |               data_stream_V_data_63_V               |    pointer   |
|data_stream_V_data_63_V_read      | out |    1|   ap_fifo  |               data_stream_V_data_63_V               |    pointer   |
|data_stream_V_data_64_V_dout      |  in |    6|   ap_fifo  |               data_stream_V_data_64_V               |    pointer   |
|data_stream_V_data_64_V_empty_n   |  in |    1|   ap_fifo  |               data_stream_V_data_64_V               |    pointer   |
|data_stream_V_data_64_V_read      | out |    1|   ap_fifo  |               data_stream_V_data_64_V               |    pointer   |
|data_stream_V_data_65_V_dout      |  in |    6|   ap_fifo  |               data_stream_V_data_65_V               |    pointer   |
|data_stream_V_data_65_V_empty_n   |  in |    1|   ap_fifo  |               data_stream_V_data_65_V               |    pointer   |
|data_stream_V_data_65_V_read      | out |    1|   ap_fifo  |               data_stream_V_data_65_V               |    pointer   |
|data_stream_V_data_66_V_dout      |  in |    6|   ap_fifo  |               data_stream_V_data_66_V               |    pointer   |
|data_stream_V_data_66_V_empty_n   |  in |    1|   ap_fifo  |               data_stream_V_data_66_V               |    pointer   |
|data_stream_V_data_66_V_read      | out |    1|   ap_fifo  |               data_stream_V_data_66_V               |    pointer   |
|data_stream_V_data_67_V_dout      |  in |    6|   ap_fifo  |               data_stream_V_data_67_V               |    pointer   |
|data_stream_V_data_67_V_empty_n   |  in |    1|   ap_fifo  |               data_stream_V_data_67_V               |    pointer   |
|data_stream_V_data_67_V_read      | out |    1|   ap_fifo  |               data_stream_V_data_67_V               |    pointer   |
|data_stream_V_data_68_V_dout      |  in |    6|   ap_fifo  |               data_stream_V_data_68_V               |    pointer   |
|data_stream_V_data_68_V_empty_n   |  in |    1|   ap_fifo  |               data_stream_V_data_68_V               |    pointer   |
|data_stream_V_data_68_V_read      | out |    1|   ap_fifo  |               data_stream_V_data_68_V               |    pointer   |
|data_stream_V_data_69_V_dout      |  in |    6|   ap_fifo  |               data_stream_V_data_69_V               |    pointer   |
|data_stream_V_data_69_V_empty_n   |  in |    1|   ap_fifo  |               data_stream_V_data_69_V               |    pointer   |
|data_stream_V_data_69_V_read      | out |    1|   ap_fifo  |               data_stream_V_data_69_V               |    pointer   |
|data_stream_V_data_70_V_dout      |  in |    6|   ap_fifo  |               data_stream_V_data_70_V               |    pointer   |
|data_stream_V_data_70_V_empty_n   |  in |    1|   ap_fifo  |               data_stream_V_data_70_V               |    pointer   |
|data_stream_V_data_70_V_read      | out |    1|   ap_fifo  |               data_stream_V_data_70_V               |    pointer   |
|data_stream_V_data_71_V_dout      |  in |    6|   ap_fifo  |               data_stream_V_data_71_V               |    pointer   |
|data_stream_V_data_71_V_empty_n   |  in |    1|   ap_fifo  |               data_stream_V_data_71_V               |    pointer   |
|data_stream_V_data_71_V_read      | out |    1|   ap_fifo  |               data_stream_V_data_71_V               |    pointer   |
|data_stream_V_data_72_V_dout      |  in |    6|   ap_fifo  |               data_stream_V_data_72_V               |    pointer   |
|data_stream_V_data_72_V_empty_n   |  in |    1|   ap_fifo  |               data_stream_V_data_72_V               |    pointer   |
|data_stream_V_data_72_V_read      | out |    1|   ap_fifo  |               data_stream_V_data_72_V               |    pointer   |
|data_stream_V_data_73_V_dout      |  in |    6|   ap_fifo  |               data_stream_V_data_73_V               |    pointer   |
|data_stream_V_data_73_V_empty_n   |  in |    1|   ap_fifo  |               data_stream_V_data_73_V               |    pointer   |
|data_stream_V_data_73_V_read      | out |    1|   ap_fifo  |               data_stream_V_data_73_V               |    pointer   |
|data_stream_V_data_74_V_dout      |  in |    6|   ap_fifo  |               data_stream_V_data_74_V               |    pointer   |
|data_stream_V_data_74_V_empty_n   |  in |    1|   ap_fifo  |               data_stream_V_data_74_V               |    pointer   |
|data_stream_V_data_74_V_read      | out |    1|   ap_fifo  |               data_stream_V_data_74_V               |    pointer   |
|data_stream_V_data_75_V_dout      |  in |    6|   ap_fifo  |               data_stream_V_data_75_V               |    pointer   |
|data_stream_V_data_75_V_empty_n   |  in |    1|   ap_fifo  |               data_stream_V_data_75_V               |    pointer   |
|data_stream_V_data_75_V_read      | out |    1|   ap_fifo  |               data_stream_V_data_75_V               |    pointer   |
|data_stream_V_data_76_V_dout      |  in |    6|   ap_fifo  |               data_stream_V_data_76_V               |    pointer   |
|data_stream_V_data_76_V_empty_n   |  in |    1|   ap_fifo  |               data_stream_V_data_76_V               |    pointer   |
|data_stream_V_data_76_V_read      | out |    1|   ap_fifo  |               data_stream_V_data_76_V               |    pointer   |
|data_stream_V_data_77_V_dout      |  in |    6|   ap_fifo  |               data_stream_V_data_77_V               |    pointer   |
|data_stream_V_data_77_V_empty_n   |  in |    1|   ap_fifo  |               data_stream_V_data_77_V               |    pointer   |
|data_stream_V_data_77_V_read      | out |    1|   ap_fifo  |               data_stream_V_data_77_V               |    pointer   |
|data_stream_V_data_78_V_dout      |  in |    6|   ap_fifo  |               data_stream_V_data_78_V               |    pointer   |
|data_stream_V_data_78_V_empty_n   |  in |    1|   ap_fifo  |               data_stream_V_data_78_V               |    pointer   |
|data_stream_V_data_78_V_read      | out |    1|   ap_fifo  |               data_stream_V_data_78_V               |    pointer   |
|data_stream_V_data_79_V_dout      |  in |    6|   ap_fifo  |               data_stream_V_data_79_V               |    pointer   |
|data_stream_V_data_79_V_empty_n   |  in |    1|   ap_fifo  |               data_stream_V_data_79_V               |    pointer   |
|data_stream_V_data_79_V_read      | out |    1|   ap_fifo  |               data_stream_V_data_79_V               |    pointer   |
|data_stream_V_data_80_V_dout      |  in |    6|   ap_fifo  |               data_stream_V_data_80_V               |    pointer   |
|data_stream_V_data_80_V_empty_n   |  in |    1|   ap_fifo  |               data_stream_V_data_80_V               |    pointer   |
|data_stream_V_data_80_V_read      | out |    1|   ap_fifo  |               data_stream_V_data_80_V               |    pointer   |
|data_stream_V_data_81_V_dout      |  in |    6|   ap_fifo  |               data_stream_V_data_81_V               |    pointer   |
|data_stream_V_data_81_V_empty_n   |  in |    1|   ap_fifo  |               data_stream_V_data_81_V               |    pointer   |
|data_stream_V_data_81_V_read      | out |    1|   ap_fifo  |               data_stream_V_data_81_V               |    pointer   |
|data_stream_V_data_82_V_dout      |  in |    6|   ap_fifo  |               data_stream_V_data_82_V               |    pointer   |
|data_stream_V_data_82_V_empty_n   |  in |    1|   ap_fifo  |               data_stream_V_data_82_V               |    pointer   |
|data_stream_V_data_82_V_read      | out |    1|   ap_fifo  |               data_stream_V_data_82_V               |    pointer   |
|data_stream_V_data_83_V_dout      |  in |    6|   ap_fifo  |               data_stream_V_data_83_V               |    pointer   |
|data_stream_V_data_83_V_empty_n   |  in |    1|   ap_fifo  |               data_stream_V_data_83_V               |    pointer   |
|data_stream_V_data_83_V_read      | out |    1|   ap_fifo  |               data_stream_V_data_83_V               |    pointer   |
|data_stream_V_data_84_V_dout      |  in |    6|   ap_fifo  |               data_stream_V_data_84_V               |    pointer   |
|data_stream_V_data_84_V_empty_n   |  in |    1|   ap_fifo  |               data_stream_V_data_84_V               |    pointer   |
|data_stream_V_data_84_V_read      | out |    1|   ap_fifo  |               data_stream_V_data_84_V               |    pointer   |
|data_stream_V_data_85_V_dout      |  in |    6|   ap_fifo  |               data_stream_V_data_85_V               |    pointer   |
|data_stream_V_data_85_V_empty_n   |  in |    1|   ap_fifo  |               data_stream_V_data_85_V               |    pointer   |
|data_stream_V_data_85_V_read      | out |    1|   ap_fifo  |               data_stream_V_data_85_V               |    pointer   |
|data_stream_V_data_86_V_dout      |  in |    6|   ap_fifo  |               data_stream_V_data_86_V               |    pointer   |
|data_stream_V_data_86_V_empty_n   |  in |    1|   ap_fifo  |               data_stream_V_data_86_V               |    pointer   |
|data_stream_V_data_86_V_read      | out |    1|   ap_fifo  |               data_stream_V_data_86_V               |    pointer   |
|data_stream_V_data_87_V_dout      |  in |    6|   ap_fifo  |               data_stream_V_data_87_V               |    pointer   |
|data_stream_V_data_87_V_empty_n   |  in |    1|   ap_fifo  |               data_stream_V_data_87_V               |    pointer   |
|data_stream_V_data_87_V_read      | out |    1|   ap_fifo  |               data_stream_V_data_87_V               |    pointer   |
|data_stream_V_data_88_V_dout      |  in |    6|   ap_fifo  |               data_stream_V_data_88_V               |    pointer   |
|data_stream_V_data_88_V_empty_n   |  in |    1|   ap_fifo  |               data_stream_V_data_88_V               |    pointer   |
|data_stream_V_data_88_V_read      | out |    1|   ap_fifo  |               data_stream_V_data_88_V               |    pointer   |
|data_stream_V_data_89_V_dout      |  in |    6|   ap_fifo  |               data_stream_V_data_89_V               |    pointer   |
|data_stream_V_data_89_V_empty_n   |  in |    1|   ap_fifo  |               data_stream_V_data_89_V               |    pointer   |
|data_stream_V_data_89_V_read      | out |    1|   ap_fifo  |               data_stream_V_data_89_V               |    pointer   |
|data_stream_V_data_90_V_dout      |  in |    6|   ap_fifo  |               data_stream_V_data_90_V               |    pointer   |
|data_stream_V_data_90_V_empty_n   |  in |    1|   ap_fifo  |               data_stream_V_data_90_V               |    pointer   |
|data_stream_V_data_90_V_read      | out |    1|   ap_fifo  |               data_stream_V_data_90_V               |    pointer   |
|data_stream_V_data_91_V_dout      |  in |    6|   ap_fifo  |               data_stream_V_data_91_V               |    pointer   |
|data_stream_V_data_91_V_empty_n   |  in |    1|   ap_fifo  |               data_stream_V_data_91_V               |    pointer   |
|data_stream_V_data_91_V_read      | out |    1|   ap_fifo  |               data_stream_V_data_91_V               |    pointer   |
|data_stream_V_data_92_V_dout      |  in |    6|   ap_fifo  |               data_stream_V_data_92_V               |    pointer   |
|data_stream_V_data_92_V_empty_n   |  in |    1|   ap_fifo  |               data_stream_V_data_92_V               |    pointer   |
|data_stream_V_data_92_V_read      | out |    1|   ap_fifo  |               data_stream_V_data_92_V               |    pointer   |
|data_stream_V_data_93_V_dout      |  in |    6|   ap_fifo  |               data_stream_V_data_93_V               |    pointer   |
|data_stream_V_data_93_V_empty_n   |  in |    1|   ap_fifo  |               data_stream_V_data_93_V               |    pointer   |
|data_stream_V_data_93_V_read      | out |    1|   ap_fifo  |               data_stream_V_data_93_V               |    pointer   |
|data_stream_V_data_94_V_dout      |  in |    6|   ap_fifo  |               data_stream_V_data_94_V               |    pointer   |
|data_stream_V_data_94_V_empty_n   |  in |    1|   ap_fifo  |               data_stream_V_data_94_V               |    pointer   |
|data_stream_V_data_94_V_read      | out |    1|   ap_fifo  |               data_stream_V_data_94_V               |    pointer   |
|data_stream_V_data_95_V_dout      |  in |    6|   ap_fifo  |               data_stream_V_data_95_V               |    pointer   |
|data_stream_V_data_95_V_empty_n   |  in |    1|   ap_fifo  |               data_stream_V_data_95_V               |    pointer   |
|data_stream_V_data_95_V_read      | out |    1|   ap_fifo  |               data_stream_V_data_95_V               |    pointer   |
|data_stream_V_data_96_V_dout      |  in |    6|   ap_fifo  |               data_stream_V_data_96_V               |    pointer   |
|data_stream_V_data_96_V_empty_n   |  in |    1|   ap_fifo  |               data_stream_V_data_96_V               |    pointer   |
|data_stream_V_data_96_V_read      | out |    1|   ap_fifo  |               data_stream_V_data_96_V               |    pointer   |
|data_stream_V_data_97_V_dout      |  in |    6|   ap_fifo  |               data_stream_V_data_97_V               |    pointer   |
|data_stream_V_data_97_V_empty_n   |  in |    1|   ap_fifo  |               data_stream_V_data_97_V               |    pointer   |
|data_stream_V_data_97_V_read      | out |    1|   ap_fifo  |               data_stream_V_data_97_V               |    pointer   |
|data_stream_V_data_98_V_dout      |  in |    6|   ap_fifo  |               data_stream_V_data_98_V               |    pointer   |
|data_stream_V_data_98_V_empty_n   |  in |    1|   ap_fifo  |               data_stream_V_data_98_V               |    pointer   |
|data_stream_V_data_98_V_read      | out |    1|   ap_fifo  |               data_stream_V_data_98_V               |    pointer   |
|data_stream_V_data_99_V_dout      |  in |    6|   ap_fifo  |               data_stream_V_data_99_V               |    pointer   |
|data_stream_V_data_99_V_empty_n   |  in |    1|   ap_fifo  |               data_stream_V_data_99_V               |    pointer   |
|data_stream_V_data_99_V_read      | out |    1|   ap_fifo  |               data_stream_V_data_99_V               |    pointer   |
|data_stream_V_data_100_V_dout     |  in |    6|   ap_fifo  |               data_stream_V_data_100_V              |    pointer   |
|data_stream_V_data_100_V_empty_n  |  in |    1|   ap_fifo  |               data_stream_V_data_100_V              |    pointer   |
|data_stream_V_data_100_V_read     | out |    1|   ap_fifo  |               data_stream_V_data_100_V              |    pointer   |
|data_stream_V_data_101_V_dout     |  in |    6|   ap_fifo  |               data_stream_V_data_101_V              |    pointer   |
|data_stream_V_data_101_V_empty_n  |  in |    1|   ap_fifo  |               data_stream_V_data_101_V              |    pointer   |
|data_stream_V_data_101_V_read     | out |    1|   ap_fifo  |               data_stream_V_data_101_V              |    pointer   |
|data_stream_V_data_102_V_dout     |  in |    6|   ap_fifo  |               data_stream_V_data_102_V              |    pointer   |
|data_stream_V_data_102_V_empty_n  |  in |    1|   ap_fifo  |               data_stream_V_data_102_V              |    pointer   |
|data_stream_V_data_102_V_read     | out |    1|   ap_fifo  |               data_stream_V_data_102_V              |    pointer   |
|data_stream_V_data_103_V_dout     |  in |    6|   ap_fifo  |               data_stream_V_data_103_V              |    pointer   |
|data_stream_V_data_103_V_empty_n  |  in |    1|   ap_fifo  |               data_stream_V_data_103_V              |    pointer   |
|data_stream_V_data_103_V_read     | out |    1|   ap_fifo  |               data_stream_V_data_103_V              |    pointer   |
|data_stream_V_data_104_V_dout     |  in |    6|   ap_fifo  |               data_stream_V_data_104_V              |    pointer   |
|data_stream_V_data_104_V_empty_n  |  in |    1|   ap_fifo  |               data_stream_V_data_104_V              |    pointer   |
|data_stream_V_data_104_V_read     | out |    1|   ap_fifo  |               data_stream_V_data_104_V              |    pointer   |
|data_stream_V_data_105_V_dout     |  in |    6|   ap_fifo  |               data_stream_V_data_105_V              |    pointer   |
|data_stream_V_data_105_V_empty_n  |  in |    1|   ap_fifo  |               data_stream_V_data_105_V              |    pointer   |
|data_stream_V_data_105_V_read     | out |    1|   ap_fifo  |               data_stream_V_data_105_V              |    pointer   |
|data_stream_V_data_106_V_dout     |  in |    6|   ap_fifo  |               data_stream_V_data_106_V              |    pointer   |
|data_stream_V_data_106_V_empty_n  |  in |    1|   ap_fifo  |               data_stream_V_data_106_V              |    pointer   |
|data_stream_V_data_106_V_read     | out |    1|   ap_fifo  |               data_stream_V_data_106_V              |    pointer   |
|data_stream_V_data_107_V_dout     |  in |    6|   ap_fifo  |               data_stream_V_data_107_V              |    pointer   |
|data_stream_V_data_107_V_empty_n  |  in |    1|   ap_fifo  |               data_stream_V_data_107_V              |    pointer   |
|data_stream_V_data_107_V_read     | out |    1|   ap_fifo  |               data_stream_V_data_107_V              |    pointer   |
|data_stream_V_data_108_V_dout     |  in |    6|   ap_fifo  |               data_stream_V_data_108_V              |    pointer   |
|data_stream_V_data_108_V_empty_n  |  in |    1|   ap_fifo  |               data_stream_V_data_108_V              |    pointer   |
|data_stream_V_data_108_V_read     | out |    1|   ap_fifo  |               data_stream_V_data_108_V              |    pointer   |
|data_stream_V_data_109_V_dout     |  in |    6|   ap_fifo  |               data_stream_V_data_109_V              |    pointer   |
|data_stream_V_data_109_V_empty_n  |  in |    1|   ap_fifo  |               data_stream_V_data_109_V              |    pointer   |
|data_stream_V_data_109_V_read     | out |    1|   ap_fifo  |               data_stream_V_data_109_V              |    pointer   |
|data_stream_V_data_110_V_dout     |  in |    6|   ap_fifo  |               data_stream_V_data_110_V              |    pointer   |
|data_stream_V_data_110_V_empty_n  |  in |    1|   ap_fifo  |               data_stream_V_data_110_V              |    pointer   |
|data_stream_V_data_110_V_read     | out |    1|   ap_fifo  |               data_stream_V_data_110_V              |    pointer   |
|data_stream_V_data_111_V_dout     |  in |    6|   ap_fifo  |               data_stream_V_data_111_V              |    pointer   |
|data_stream_V_data_111_V_empty_n  |  in |    1|   ap_fifo  |               data_stream_V_data_111_V              |    pointer   |
|data_stream_V_data_111_V_read     | out |    1|   ap_fifo  |               data_stream_V_data_111_V              |    pointer   |
|data_stream_V_data_112_V_dout     |  in |    6|   ap_fifo  |               data_stream_V_data_112_V              |    pointer   |
|data_stream_V_data_112_V_empty_n  |  in |    1|   ap_fifo  |               data_stream_V_data_112_V              |    pointer   |
|data_stream_V_data_112_V_read     | out |    1|   ap_fifo  |               data_stream_V_data_112_V              |    pointer   |
|data_stream_V_data_113_V_dout     |  in |    6|   ap_fifo  |               data_stream_V_data_113_V              |    pointer   |
|data_stream_V_data_113_V_empty_n  |  in |    1|   ap_fifo  |               data_stream_V_data_113_V              |    pointer   |
|data_stream_V_data_113_V_read     | out |    1|   ap_fifo  |               data_stream_V_data_113_V              |    pointer   |
|data_stream_V_data_114_V_dout     |  in |    6|   ap_fifo  |               data_stream_V_data_114_V              |    pointer   |
|data_stream_V_data_114_V_empty_n  |  in |    1|   ap_fifo  |               data_stream_V_data_114_V              |    pointer   |
|data_stream_V_data_114_V_read     | out |    1|   ap_fifo  |               data_stream_V_data_114_V              |    pointer   |
|data_stream_V_data_115_V_dout     |  in |    6|   ap_fifo  |               data_stream_V_data_115_V              |    pointer   |
|data_stream_V_data_115_V_empty_n  |  in |    1|   ap_fifo  |               data_stream_V_data_115_V              |    pointer   |
|data_stream_V_data_115_V_read     | out |    1|   ap_fifo  |               data_stream_V_data_115_V              |    pointer   |
|data_stream_V_data_116_V_dout     |  in |    6|   ap_fifo  |               data_stream_V_data_116_V              |    pointer   |
|data_stream_V_data_116_V_empty_n  |  in |    1|   ap_fifo  |               data_stream_V_data_116_V              |    pointer   |
|data_stream_V_data_116_V_read     | out |    1|   ap_fifo  |               data_stream_V_data_116_V              |    pointer   |
|data_stream_V_data_117_V_dout     |  in |    6|   ap_fifo  |               data_stream_V_data_117_V              |    pointer   |
|data_stream_V_data_117_V_empty_n  |  in |    1|   ap_fifo  |               data_stream_V_data_117_V              |    pointer   |
|data_stream_V_data_117_V_read     | out |    1|   ap_fifo  |               data_stream_V_data_117_V              |    pointer   |
|data_stream_V_data_118_V_dout     |  in |    6|   ap_fifo  |               data_stream_V_data_118_V              |    pointer   |
|data_stream_V_data_118_V_empty_n  |  in |    1|   ap_fifo  |               data_stream_V_data_118_V              |    pointer   |
|data_stream_V_data_118_V_read     | out |    1|   ap_fifo  |               data_stream_V_data_118_V              |    pointer   |
|data_stream_V_data_119_V_dout     |  in |    6|   ap_fifo  |               data_stream_V_data_119_V              |    pointer   |
|data_stream_V_data_119_V_empty_n  |  in |    1|   ap_fifo  |               data_stream_V_data_119_V              |    pointer   |
|data_stream_V_data_119_V_read     | out |    1|   ap_fifo  |               data_stream_V_data_119_V              |    pointer   |
|data_stream_V_data_120_V_dout     |  in |    6|   ap_fifo  |               data_stream_V_data_120_V              |    pointer   |
|data_stream_V_data_120_V_empty_n  |  in |    1|   ap_fifo  |               data_stream_V_data_120_V              |    pointer   |
|data_stream_V_data_120_V_read     | out |    1|   ap_fifo  |               data_stream_V_data_120_V              |    pointer   |
|data_stream_V_data_121_V_dout     |  in |    6|   ap_fifo  |               data_stream_V_data_121_V              |    pointer   |
|data_stream_V_data_121_V_empty_n  |  in |    1|   ap_fifo  |               data_stream_V_data_121_V              |    pointer   |
|data_stream_V_data_121_V_read     | out |    1|   ap_fifo  |               data_stream_V_data_121_V              |    pointer   |
|data_stream_V_data_122_V_dout     |  in |    6|   ap_fifo  |               data_stream_V_data_122_V              |    pointer   |
|data_stream_V_data_122_V_empty_n  |  in |    1|   ap_fifo  |               data_stream_V_data_122_V              |    pointer   |
|data_stream_V_data_122_V_read     | out |    1|   ap_fifo  |               data_stream_V_data_122_V              |    pointer   |
|data_stream_V_data_123_V_dout     |  in |    6|   ap_fifo  |               data_stream_V_data_123_V              |    pointer   |
|data_stream_V_data_123_V_empty_n  |  in |    1|   ap_fifo  |               data_stream_V_data_123_V              |    pointer   |
|data_stream_V_data_123_V_read     | out |    1|   ap_fifo  |               data_stream_V_data_123_V              |    pointer   |
|data_stream_V_data_124_V_dout     |  in |    6|   ap_fifo  |               data_stream_V_data_124_V              |    pointer   |
|data_stream_V_data_124_V_empty_n  |  in |    1|   ap_fifo  |               data_stream_V_data_124_V              |    pointer   |
|data_stream_V_data_124_V_read     | out |    1|   ap_fifo  |               data_stream_V_data_124_V              |    pointer   |
|data_stream_V_data_125_V_dout     |  in |    6|   ap_fifo  |               data_stream_V_data_125_V              |    pointer   |
|data_stream_V_data_125_V_empty_n  |  in |    1|   ap_fifo  |               data_stream_V_data_125_V              |    pointer   |
|data_stream_V_data_125_V_read     | out |    1|   ap_fifo  |               data_stream_V_data_125_V              |    pointer   |
|data_stream_V_data_126_V_dout     |  in |    6|   ap_fifo  |               data_stream_V_data_126_V              |    pointer   |
|data_stream_V_data_126_V_empty_n  |  in |    1|   ap_fifo  |               data_stream_V_data_126_V              |    pointer   |
|data_stream_V_data_126_V_read     | out |    1|   ap_fifo  |               data_stream_V_data_126_V              |    pointer   |
|data_stream_V_data_127_V_dout     |  in |    6|   ap_fifo  |               data_stream_V_data_127_V              |    pointer   |
|data_stream_V_data_127_V_empty_n  |  in |    1|   ap_fifo  |               data_stream_V_data_127_V              |    pointer   |
|data_stream_V_data_127_V_read     | out |    1|   ap_fifo  |               data_stream_V_data_127_V              |    pointer   |
|res_stream_V_data_V_din           | out |   16|   ap_fifo  |                 res_stream_V_data_V                 |    pointer   |
|res_stream_V_data_V_full_n        |  in |    1|   ap_fifo  |                 res_stream_V_data_V                 |    pointer   |
|res_stream_V_data_V_write         | out |    1|   ap_fifo  |                 res_stream_V_data_V                 |    pointer   |
+----------------------------------+-----+-----+------------+-----------------------------------------------------+--------------+

