

================================================================
== Vivado HLS Report for 'dense_wrapper_ap_fixed_ap_fixed_16_6_5_3_0_config8_s'
================================================================
* Date:           Tue Feb 21 11:21:45 2023

* Version:        2019.2 (Build 2704478 on Wed Nov 06 22:10:23 MST 2019)
* Project:        myproject_prj
* Solution:       solution1
* Product family: zynq
* Target device:  xc7z020-clg484-1


================================================================
== Performance Estimates
================================================================
+ Timing: 
    * Summary: 
    +--------+----------+----------+------------+
    |  Clock |  Target  | Estimated| Uncertainty|
    +--------+----------+----------+------------+
    |ap_clk  | 10.00 ns | 8.560 ns |   1.25 ns  |
    +--------+----------+----------+------------+

+ Latency: 
    * Summary: 
    +---------+---------+-----------+-----------+-----+-----+----------+
    |  Latency (cycles) |   Latency (absolute)  |  Interval | Pipeline |
    |   min   |   max   |    min    |    max    | min | max |   Type   |
    +---------+---------+-----------+-----------+-----+-----+----------+
    |        3|        3| 30.000 ns | 30.000 ns |    1|    1| function |
    +---------+---------+-----------+-----------+-----+-----+----------+

    + Detail: 
        * Instance: 
        N/A

        * Loop: 
        N/A



================================================================
== Utilization Estimates
================================================================
* Summary: 
+-----------------+---------+-------+--------+-------+-----+
|       Name      | BRAM_18K| DSP48E|   FF   |  LUT  | URAM|
+-----------------+---------+-------+--------+-------+-----+
|DSP              |        -|      -|       -|      -|    -|
|Expression       |        -|      2|       0|   6236|    -|
|FIFO             |        -|      -|       -|      -|    -|
|Instance         |        -|      -|       -|      -|    -|
|Memory           |        -|      -|       -|      -|    -|
|Multiplexer      |        -|      -|       -|      -|    -|
|Register         |        -|      -|    1198|      -|    -|
+-----------------+---------+-------+--------+-------+-----+
|Total            |        0|      2|    1198|   6236|    0|
+-----------------+---------+-------+--------+-------+-----+
|Available        |      280|    220|  106400|  53200|    0|
+-----------------+---------+-------+--------+-------+-----+
|Utilization (%)  |        0|   ~0  |       1|     11|    0|
+-----------------+---------+-------+--------+-------+-----+

+ Detail: 
    * Instance: 
    N/A

    * DSP48E: 
    N/A

    * Memory: 
    N/A

    * FIFO: 
    N/A

    * Expression: 
    +-----------------------------+----------+-------+---+----+------------+------------+
    |        Variable Name        | Operation| DSP48E| FF| LUT| Bitwidth P0| Bitwidth P1|
    +-----------------------------+----------+-------+---+----+------------+------------+
    |mul_ln1118_100_fu_1376_p2    |     *    |      0|  0|  41|           8|           6|
    |mul_ln1118_101_fu_1360_p2    |     *    |      0|  0|  41|           8|           6|
    |mul_ln1118_102_fu_1337_p2    |     *    |      0|  0|  41|           8|           6|
    |mul_ln1118_103_fu_1310_p2    |     *    |      0|  0|  33|           7|           6|
    |mul_ln1118_104_fu_1428_p2    |     *    |      0|  0|  33|           7|           6|
    |mul_ln1118_105_fu_1355_p2    |     *    |      0|  0|  33|           7|           6|
    |mul_ln1118_106_fu_1427_p2    |     *    |      0|  0|  51|           9|           6|
    |mul_ln1118_107_fu_1320_p2    |     *    |      0|  0|  33|           7|           6|
    |mul_ln1118_108_fu_1430_p2    |     *    |      0|  0|  63|          10|           6|
    |mul_ln1118_109_fu_1423_p2    |     *    |      0|  0|  41|           8|           6|
    |mul_ln1118_110_fu_1334_p2    |     *    |      0|  0|  26|           6|           6|
    |mul_ln1118_111_fu_1318_p2    |     *    |      0|  0|  33|           7|           6|
    |mul_ln1118_112_fu_1340_p2    |     *    |      0|  0|  26|           6|           6|
    |mul_ln1118_113_fu_1413_p2    |     *    |      0|  0|  26|           6|           6|
    |mul_ln1118_114_fu_1327_p2    |     *    |      0|  0|  41|           8|           6|
    |mul_ln1118_115_fu_1339_p2    |     *    |      0|  0|  26|           6|           6|
    |mul_ln1118_116_fu_1417_p2    |     *    |      0|  0|  41|           8|           6|
    |mul_ln1118_117_fu_1418_p2    |     *    |      0|  0|  51|           9|           6|
    |mul_ln1118_118_fu_1316_p2    |     *    |      0|  0|  51|           9|           6|
    |mul_ln1118_119_fu_1325_p2    |     *    |      0|  0|  33|           7|           6|
    |mul_ln1118_120_fu_1424_p2    |     *    |      0|  0|  33|           7|           6|
    |mul_ln1118_121_fu_1373_p2    |     *    |      0|  0|  33|           7|           6|
    |mul_ln1118_122_fu_1434_p2    |     *    |      0|  0|  51|           9|           6|
    |mul_ln1118_123_fu_1342_p2    |     *    |      0|  0|  41|           8|           6|
    |mul_ln1118_124_fu_1386_p2    |     *    |      0|  0|  41|           8|           6|
    |mul_ln1118_125_fu_1346_p2    |     *    |      0|  0|  26|           5|           6|
    |mul_ln1118_126_fu_1412_p2    |     *    |      0|  0|  26|           5|           6|
    |mul_ln1118_127_fu_1361_p2    |     *    |      0|  0|  51|           9|           6|
    |mul_ln1118_128_fu_1317_p2    |     *    |      0|  0|  33|           7|           6|
    |mul_ln1118_129_fu_1364_p2    |     *    |      0|  0|  41|           8|           6|
    |mul_ln1118_130_fu_1323_p2    |     *    |      0|  0|  33|           7|           6|
    |mul_ln1118_131_fu_1324_p2    |     *    |      0|  0|  41|           8|           6|
    |mul_ln1118_32_fu_1354_p2     |     *    |      0|  0|  63|          10|           6|
    |mul_ln1118_33_fu_1368_p2     |     *    |      0|  0|  41|           8|           6|
    |mul_ln1118_34_fu_1345_p2     |     *    |      0|  0|  26|           6|           6|
    |mul_ln1118_35_fu_1371_p2     |     *    |      0|  0|  41|           8|           6|
    |mul_ln1118_36_fu_1330_p2     |     *    |      0|  0|  63|          10|           6|
    |mul_ln1118_37_fu_1426_p2     |     *    |      0|  0|  33|           7|           6|
    |mul_ln1118_38_fu_1384_p2     |     *    |      0|  0|  41|           8|           6|
    |mul_ln1118_39_fu_1405_p2     |     *    |      0|  0|  51|           9|           6|
    |mul_ln1118_40_fu_1410_p2     |     *    |      1|  0|   6|          11|           6|
    |mul_ln1118_41_fu_1366_p2     |     *    |      0|  0|  63|          10|           6|
    |mul_ln1118_42_fu_1343_p2     |     *    |      0|  0|  26|           6|           6|
    |mul_ln1118_43_fu_1367_p2     |     *    |      0|  0|  51|           9|           6|
    |mul_ln1118_44_fu_1411_p2     |     *    |      0|  0|  51|           9|           6|
    |mul_ln1118_45_fu_1369_p2     |     *    |      0|  0|  51|           9|           6|
    |mul_ln1118_46_fu_1398_p2     |     *    |      0|  0|  33|           7|           6|
    |mul_ln1118_47_fu_1382_p2     |     *    |      0|  0|  51|           9|           6|
    |mul_ln1118_48_fu_1408_p2     |     *    |      0|  0|  63|          10|           6|
    |mul_ln1118_49_fu_1385_p2     |     *    |      0|  0|  33|           7|           6|
    |mul_ln1118_50_fu_1378_p2     |     *    |      0|  0|  41|           8|           6|
    |mul_ln1118_51_fu_1336_p2     |     *    |      0|  0|  51|           9|           6|
    |mul_ln1118_52_fu_1400_p2     |     *    |      0|  0|  63|          10|           6|
    |mul_ln1118_53_fu_1419_p2     |     *    |      0|  0|  33|           7|           6|
    |mul_ln1118_54_fu_1389_p2     |     *    |      0|  0|  51|           9|           6|
    |mul_ln1118_55_fu_1380_p2     |     *    |      0|  0|  41|           8|           6|
    |mul_ln1118_56_fu_1308_p2     |     *    |      0|  0|  51|           9|           6|
    |mul_ln1118_57_fu_1402_p2     |     *    |      0|  0|  63|          10|           6|
    |mul_ln1118_58_fu_1356_p2     |     *    |      0|  0|  41|           8|           6|
    |mul_ln1118_59_fu_1399_p2     |     *    |      0|  0|  63|          10|           6|
    |mul_ln1118_60_fu_1331_p2     |     *    |      0|  0|  63|          10|           6|
    |mul_ln1118_61_fu_1407_p2     |     *    |      0|  0|  63|          10|           6|
    |mul_ln1118_62_fu_1431_p2     |     *    |      0|  0|  63|          10|           6|
    |mul_ln1118_63_fu_1433_p2     |     *    |      0|  0|  51|           9|           6|
    |mul_ln1118_64_fu_1421_p2     |     *    |      0|  0|  41|           8|           6|
    |mul_ln1118_65_fu_1392_p2     |     *    |      0|  0|  26|           4|           6|
    |mul_ln1118_66_fu_1348_p2     |     *    |      0|  0|  51|           9|           6|
    |mul_ln1118_67_fu_1397_p2     |     *    |      0|  0|  63|          10|           6|
    |mul_ln1118_68_fu_1347_p2     |     *    |      0|  0|  41|           8|           6|
    |mul_ln1118_69_fu_1416_p2     |     *    |      0|  0|  51|           9|           6|
    |mul_ln1118_70_fu_1313_p2     |     *    |      0|  0|  63|          10|           6|
    |mul_ln1118_71_fu_1344_p2     |     *    |      0|  0|  51|           9|           6|
    |mul_ln1118_72_fu_1372_p2     |     *    |      0|  0|  63|          10|           6|
    |mul_ln1118_73_fu_1328_p2     |     *    |      0|  0|  51|           9|           6|
    |mul_ln1118_74_fu_1432_p2     |     *    |      0|  0|  51|           9|           6|
    |mul_ln1118_75_fu_1403_p2     |     *    |      0|  0|  63|          10|           6|
    |mul_ln1118_76_fu_1374_p2     |     *    |      0|  0|  51|           9|           6|
    |mul_ln1118_77_fu_1332_p2     |     *    |      0|  0|  33|           7|           6|
    |mul_ln1118_78_fu_1388_p2     |     *    |      0|  0|  63|          10|           6|
    |mul_ln1118_79_fu_1379_p2     |     *    |      1|  0|   6|          11|           6|
    |mul_ln1118_80_fu_1314_p2     |     *    |      0|  0|  63|          10|           6|
    |mul_ln1118_81_fu_1319_p2     |     *    |      0|  0|  51|           9|           6|
    |mul_ln1118_82_fu_1414_p2     |     *    |      0|  0|  51|           9|           6|
    |mul_ln1118_83_fu_1329_p2     |     *    |      0|  0|  41|           8|           6|
    |mul_ln1118_84_fu_1377_p2     |     *    |      0|  0|  33|           7|           6|
    |mul_ln1118_85_fu_1381_p2     |     *    |      0|  0|  51|           9|           6|
    |mul_ln1118_86_fu_1435_p2     |     *    |      0|  0|  33|           7|           6|
    |mul_ln1118_87_fu_1335_p2     |     *    |      0|  0|  33|           7|           6|
    |mul_ln1118_88_fu_1312_p2     |     *    |      0|  0|  51|           9|           6|
    |mul_ln1118_89_fu_1352_p2     |     *    |      0|  0|  41|           8|           6|
    |mul_ln1118_90_fu_1353_p2     |     *    |      0|  0|  51|           9|           6|
    |mul_ln1118_91_fu_1362_p2     |     *    |      0|  0|  26|           6|           6|
    |mul_ln1118_92_fu_1315_p2     |     *    |      0|  0|  51|           9|           6|
    |mul_ln1118_93_fu_1341_p2     |     *    |      0|  0|  33|           7|           6|
    |mul_ln1118_94_fu_1395_p2     |     *    |      0|  0|  33|           7|           6|
    |mul_ln1118_95_fu_1375_p2     |     *    |      0|  0|  51|           9|           6|
    |mul_ln1118_96_fu_1359_p2     |     *    |      0|  0|  51|           9|           6|
    |mul_ln1118_97_fu_1321_p2     |     *    |      0|  0|  63|          10|           6|
    |mul_ln1118_98_fu_1393_p2     |     *    |      0|  0|  41|           8|           6|
    |mul_ln1118_99_fu_1322_p2     |     *    |      0|  0|  33|           7|           6|
    |mul_ln1118_fu_1422_p2        |     *    |      0|  0|  63|          10|           6|
    |add_ln1118_1_fu_54362_p2     |     +    |      0|  0|  12|          12|          12|
    |add_ln1118_2_fu_54688_p2     |     +    |      0|  0|  21|          15|          15|
    |add_ln1118_fu_53475_p2       |     +    |      0|  0|  19|          14|          14|
    |add_ln703_100_fu_55309_p2    |     +    |      0|  0|  13|           4|           4|
    |add_ln703_101_fu_55319_p2    |     +    |      0|  0|  13|           4|           4|
    |add_ln703_102_fu_55329_p2    |     +    |      0|  0|  15|           5|           5|
    |add_ln703_103_fu_55335_p2    |     +    |      0|  0|  13|           4|           4|
    |add_ln703_104_fu_55345_p2    |     +    |      0|  0|  13|           4|           4|
    |add_ln703_105_fu_55355_p2    |     +    |      0|  0|  15|           5|           5|
    |add_ln703_106_fu_55819_p2    |     +    |      0|  0|  15|           6|           6|
    |add_ln703_107_fu_55825_p2    |     +    |      0|  0|   8|           6|           6|
    |add_ln703_108_fu_55361_p2    |     +    |      0|  0|  13|           4|           4|
    |add_ln703_109_fu_55371_p2    |     +    |      0|  0|  12|           3|           3|
    |add_ln703_10_fu_54995_p2     |     +    |      0|  0|  15|           6|           6|
    |add_ln703_110_fu_55381_p2    |     +    |      0|  0|  15|           5|           5|
    |add_ln703_111_fu_55387_p2    |     +    |      0|  0|  12|           3|           3|
    |add_ln703_112_fu_55397_p2    |     +    |      0|  0|  12|           3|           3|
    |add_ln703_113_fu_55407_p2    |     +    |      0|  0|  13|           4|           4|
    |add_ln703_114_fu_55837_p2    |     +    |      0|  0|   8|           6|           6|
    |add_ln703_115_fu_55413_p2    |     +    |      0|  0|  10|           2|           2|
    |add_ln703_116_fu_55423_p2    |     +    |      0|  0|  10|           2|           2|
    |add_ln703_117_fu_55433_p2    |     +    |      0|  0|  12|           3|           3|
    |add_ln703_118_fu_55443_p2    |     +    |      0|  0|  10|           2|           2|
    |add_ln703_119_fu_55453_p2    |     +    |      0|  0|  10|           2|           2|
    |add_ln703_11_fu_55592_p2     |     +    |      0|  0|   8|           6|           6|
    |add_ln703_120_fu_55463_p2    |     +    |      0|  0|  12|           3|           3|
    |add_ln703_121_fu_55473_p2    |     +    |      0|  0|  13|           4|           4|
    |add_ln703_122_fu_55846_p2    |     +    |      0|  0|   8|           6|           6|
    |add_ln703_123_fu_55852_p2    |     +    |      0|  0|   8|           6|           6|
    |add_ln703_124_fu_55900_p2    |     +    |      0|  0|   8|           6|           6|
    |add_ln703_12_fu_55597_p2     |     +    |      0|  0|   8|           6|           6|
    |add_ln703_13_fu_55858_p2     |     +    |      0|  0|   8|           6|           6|
    |add_ln703_14_fu_55603_p2     |     +    |      0|  0|   8|           6|           6|
    |add_ln703_15_fu_55001_p2     |     +    |      0|  0|  15|           6|           6|
    |add_ln703_16_fu_55609_p2     |     +    |      0|  0|   8|           6|           6|
    |add_ln703_17_fu_55614_p2     |     +    |      0|  0|   8|           6|           6|
    |add_ln703_18_fu_55007_p2     |     +    |      0|  0|  15|           6|           6|
    |add_ln703_19_fu_55620_p2     |     +    |      0|  0|   8|           6|           6|
    |add_ln703_1_fu_55565_p2      |     +    |      0|  0|   8|           6|           6|
    |add_ln703_20_fu_55862_p2     |     +    |      0|  0|   8|           6|           6|
    |add_ln703_21_fu_55013_p2     |     +    |      0|  0|  15|           6|           6|
    |add_ln703_22_fu_55019_p2     |     +    |      0|  0|  15|           6|           6|
    |add_ln703_23_fu_55625_p2     |     +    |      0|  0|   8|           6|           6|
    |add_ln703_24_fu_55629_p2     |     +    |      0|  0|   8|           6|           6|
    |add_ln703_25_fu_55025_p2     |     +    |      0|  0|  15|           6|           6|
    |add_ln703_26_fu_55633_p2     |     +    |      0|  0|   8|           6|           6|
    |add_ln703_27_fu_55638_p2     |     +    |      0|  0|   8|           6|           6|
    |add_ln703_28_fu_55866_p2     |     +    |      0|  0|   8|           6|           6|
    |add_ln703_29_fu_55871_p2     |     +    |      0|  0|   8|           6|           6|
    |add_ln703_2_fu_55569_p2      |     +    |      0|  0|   8|           6|           6|
    |add_ln703_30_fu_55031_p2     |     +    |      0|  0|  15|           6|           6|
    |add_ln703_31_fu_55037_p2     |     +    |      0|  0|  15|           6|           6|
    |add_ln703_32_fu_55644_p2     |     +    |      0|  0|   8|           6|           6|
    |add_ln703_33_fu_55648_p2     |     +    |      0|  0|   8|           6|           6|
    |add_ln703_34_fu_55043_p2     |     +    |      0|  0|  15|           6|           6|
    |add_ln703_35_fu_55652_p2     |     +    |      0|  0|   8|           6|           6|
    |add_ln703_36_fu_55657_p2     |     +    |      0|  0|   8|           6|           6|
    |add_ln703_37_fu_55049_p2     |     +    |      0|  0|  15|           6|           6|
    |add_ln703_38_fu_55055_p2     |     +    |      0|  0|  15|           6|           6|
    |add_ln703_39_fu_55663_p2     |     +    |      0|  0|   8|           6|           6|
    |add_ln703_3_fu_54977_p2      |     +    |      0|  0|  15|           6|           6|
    |add_ln703_40_fu_55667_p2     |     +    |      0|  0|   8|           6|           6|
    |add_ln703_41_fu_55061_p2     |     +    |      0|  0|  15|           6|           6|
    |add_ln703_42_fu_55673_p2     |     +    |      0|  0|   8|           6|           6|
    |add_ln703_43_fu_55678_p2     |     +    |      0|  0|   8|           6|           6|
    |add_ln703_44_fu_55877_p2     |     +    |      0|  0|   8|           6|           6|
    |add_ln703_45_fu_55684_p2     |     +    |      0|  0|   8|           6|           6|
    |add_ln703_46_fu_55067_p2     |     +    |      0|  0|  15|           6|           6|
    |add_ln703_47_fu_55690_p2     |     +    |      0|  0|   8|           6|           6|
    |add_ln703_48_fu_55695_p2     |     +    |      0|  0|   8|           6|           6|
    |add_ln703_49_fu_55073_p2     |     +    |      0|  0|  15|           6|           6|
    |add_ln703_4_fu_55573_p2      |     +    |      0|  0|   8|           6|           6|
    |add_ln703_50_fu_55701_p2     |     +    |      0|  0|   8|           6|           6|
    |add_ln703_51_fu_55881_p2     |     +    |      0|  0|   8|           6|           6|
    |add_ln703_52_fu_55079_p2     |     +    |      0|  0|  15|           6|           6|
    |add_ln703_53_fu_55085_p2     |     +    |      0|  0|  15|           6|           6|
    |add_ln703_54_fu_55706_p2     |     +    |      0|  0|   8|           6|           6|
    |add_ln703_55_fu_55710_p2     |     +    |      0|  0|   8|           6|           6|
    |add_ln703_56_fu_55091_p2     |     +    |      0|  0|  15|           6|           6|
    |add_ln703_57_fu_55716_p2     |     +    |      0|  0|   8|           6|           6|
    |add_ln703_58_fu_55721_p2     |     +    |      0|  0|   8|           6|           6|
    |add_ln703_59_fu_55885_p2     |     +    |      0|  0|   8|           6|           6|
    |add_ln703_5_fu_55578_p2      |     +    |      0|  0|   8|           6|           6|
    |add_ln703_60_fu_55890_p2     |     +    |      0|  0|   8|           6|           6|
    |add_ln703_61_fu_55905_p2     |     +    |      0|  0|   8|           6|           6|
    |add_ln703_62_fu_55727_p2     |     +    |      0|  0|   8|           6|           6|
    |add_ln703_63_fu_55097_p2     |     +    |      0|  0|  15|           5|           5|
    |add_ln703_64_fu_55736_p2     |     +    |      0|  0|   8|           6|           6|
    |add_ln703_65_fu_55103_p2     |     +    |      0|  0|  15|           5|           5|
    |add_ln703_66_fu_55113_p2     |     +    |      0|  0|  15|           5|           5|
    |add_ln703_67_fu_55123_p2     |     +    |      0|  0|  15|           6|           6|
    |add_ln703_68_fu_55742_p2     |     +    |      0|  0|   8|           6|           6|
    |add_ln703_69_fu_55129_p2     |     +    |      0|  0|  15|           5|           5|
    |add_ln703_6_fu_54983_p2      |     +    |      0|  0|  15|           6|           6|
    |add_ln703_70_fu_55135_p2     |     +    |      0|  0|  15|           5|           5|
    |add_ln703_71_fu_55753_p2     |     +    |      0|  0|   8|           6|           6|
    |add_ln703_72_fu_55141_p2     |     +    |      0|  0|  15|           5|           5|
    |add_ln703_73_fu_55151_p2     |     +    |      0|  0|  15|           5|           5|
    |add_ln703_74_fu_55161_p2     |     +    |      0|  0|  15|           6|           6|
    |add_ln703_75_fu_55759_p2     |     +    |      0|  0|   8|           6|           6|
    |add_ln703_76_fu_55764_p2     |     +    |      0|  0|   8|           6|           6|
    |add_ln703_77_fu_55167_p2     |     +    |      0|  0|  15|           5|           5|
    |add_ln703_78_fu_55177_p2     |     +    |      0|  0|  15|           5|           5|
    |add_ln703_79_fu_55187_p2     |     +    |      0|  0|  15|           6|           6|
    |add_ln703_7_fu_54989_p2      |     +    |      0|  0|  15|           6|           6|
    |add_ln703_80_fu_55193_p2     |     +    |      0|  0|  15|           5|           5|
    |add_ln703_81_fu_55203_p2     |     +    |      0|  0|  15|           5|           5|
    |add_ln703_82_fu_55213_p2     |     +    |      0|  0|  15|           6|           6|
    |add_ln703_83_fu_55770_p2     |     +    |      0|  0|   8|           6|           6|
    |add_ln703_84_fu_55219_p2     |     +    |      0|  0|  15|           5|           5|
    |add_ln703_85_fu_55225_p2     |     +    |      0|  0|  13|           4|           4|
    |add_ln703_86_fu_55780_p2     |     +    |      0|  0|   8|           6|           6|
    |add_ln703_87_fu_55231_p2     |     +    |      0|  0|  13|           4|           4|
    |add_ln703_88_fu_55241_p2     |     +    |      0|  0|  13|           4|           4|
    |add_ln703_89_fu_55251_p2     |     +    |      0|  0|  15|           5|           5|
    |add_ln703_8_fu_55584_p2      |     +    |      0|  0|   8|           6|           6|
    |add_ln703_90_fu_55789_p2     |     +    |      0|  0|   8|           6|           6|
    |add_ln703_91_fu_55795_p2     |     +    |      0|  0|   8|           6|           6|
    |add_ln703_92_fu_55896_p2     |     +    |      0|  0|   8|           6|           6|
    |add_ln703_93_fu_55257_p2     |     +    |      0|  0|  13|           4|           4|
    |add_ln703_94_fu_55267_p2     |     +    |      0|  0|  13|           4|           4|
    |add_ln703_95_fu_55277_p2     |     +    |      0|  0|  15|           5|           5|
    |add_ln703_96_fu_55283_p2     |     +    |      0|  0|  13|           4|           4|
    |add_ln703_97_fu_55293_p2     |     +    |      0|  0|  13|           4|           4|
    |add_ln703_98_fu_55303_p2     |     +    |      0|  0|  15|           5|           5|
    |add_ln703_99_fu_55807_p2     |     +    |      0|  0|  15|           6|           6|
    |add_ln703_9_fu_55588_p2      |     +    |      0|  0|   8|           6|           6|
    |add_ln703_fu_54971_p2        |     +    |      0|  0|  15|           6|           6|
    |p_Val2_s_fu_55909_p2         |     +    |      0|  0|   8|           6|           6|
    |sub_ln1118_10_fu_53746_p2    |     -    |      0|  0|   8|          13|          13|
    |sub_ln1118_11_fu_54044_p2    |     -    |      0|  0|  19|          14|          14|
    |sub_ln1118_12_fu_54294_p2    |     -    |      0|  0|  15|           1|           8|
    |sub_ln1118_13_fu_54429_p2    |     -    |      0|  0|   8|           1|          12|
    |sub_ln1118_14_fu_54447_p2    |     -    |      0|  0|   8|          12|          12|
    |sub_ln1118_15_fu_54532_p2    |     -    |      0|  0|   8|           1|          13|
    |sub_ln1118_16_fu_54550_p2    |     -    |      0|  0|   8|          13|          13|
    |sub_ln1118_17_fu_54747_p2    |     -    |      0|  0|  17|          13|          13|
    |sub_ln1118_18_fu_54791_p2    |     -    |      0|  0|  19|          14|          14|
    |sub_ln1118_19_fu_54835_p2    |     -    |      0|  0|  17|          13|          13|
    |sub_ln1118_1_fu_52923_p2     |     -    |      0|  0|  17|          13|          13|
    |sub_ln1118_20_fu_54879_p2    |     -    |      0|  0|  12|          12|          12|
    |sub_ln1118_21_fu_53661_p2    |     -    |      0|  0|  21|          15|          15|
    |sub_ln1118_22_fu_54167_p2    |     -    |      0|  0|  17|          13|          13|
    |sub_ln1118_2_fu_52982_p2     |     -    |      0|  0|  12|          12|          12|
    |sub_ln1118_3_fu_53099_p2     |     -    |      0|  0|   8|           1|          13|
    |sub_ln1118_4_fu_53117_p2     |     -    |      0|  0|   8|          13|          13|
    |sub_ln1118_5_fu_53161_p2     |     -    |      0|  0|  19|          14|          14|
    |sub_ln1118_6_fu_53310_p2     |     -    |      0|  0|   8|           1|           9|
    |sub_ln1118_7_fu_53316_p2     |     -    |      0|  0|   8|           9|           9|
    |sub_ln1118_8_fu_53606_p2     |     -    |      0|  0|  12|          12|          12|
    |sub_ln1118_9_fu_53728_p2     |     -    |      0|  0|   8|           1|          13|
    |sub_ln1118_fu_52531_p2       |     -    |      0|  0|  19|          14|          14|
    |select_ln1118_1_fu_53030_p3  |  select  |      0|  0|   2|           1|           2|
    |select_ln1118_2_fu_53330_p3  |  select  |      0|  0|   2|           1|           2|
    |select_ln1118_3_fu_53708_p3  |  select  |      0|  0|   2|           1|           2|
    |select_ln1118_4_fu_54308_p3  |  select  |      0|  0|   2|           1|           2|
    |select_ln1118_5_fu_54409_p3  |  select  |      0|  0|   2|           1|           2|
    |select_ln1118_6_fu_54578_p3  |  select  |      0|  0|   2|           1|           2|
    |select_ln1118_7_fu_54656_p3  |  select  |      0|  0|   2|           1|           2|
    |select_ln1118_fu_52827_p3    |  select  |      0|  0|   2|           1|           2|
    +-----------------------------+----------+-------+---+----+------------+------------+
    |Total                        |          |      2|  0|6236|        1788|        1629|
    +-----------------------------+----------+-------+---+----+------------+------------+

    * Multiplexer: 
    N/A

    * Register: 
    +----------------------------+----+----+-----+-----------+
    |            Name            | FF | LUT| Bits| Const Bits|
    +----------------------------+----+----+-----+-----------+
    |add_ln703_102_reg_56202     |   5|   0|    5|          0|
    |add_ln703_105_reg_56207     |   5|   0|    5|          0|
    |add_ln703_10_reg_56057      |   6|   0|    6|          0|
    |add_ln703_110_reg_56212     |   5|   0|    5|          0|
    |add_ln703_113_reg_56217     |   4|   0|    4|          0|
    |add_ln703_121_reg_56222     |   4|   0|    4|          0|
    |add_ln703_123_reg_56287     |   6|   0|    6|          0|
    |add_ln703_124_reg_56302     |   6|   0|    6|          0|
    |add_ln703_12_reg_56232      |   6|   0|    6|          0|
    |add_ln703_15_reg_56062      |   6|   0|    6|          0|
    |add_ln703_16_reg_56237      |   6|   0|    6|          0|
    |add_ln703_18_reg_56067      |   6|   0|    6|          0|
    |add_ln703_19_reg_56242      |   6|   0|    6|          0|
    |add_ln703_21_reg_56072      |   6|   0|    6|          0|
    |add_ln703_22_reg_56077      |   6|   0|    6|          0|
    |add_ln703_25_reg_56082      |   6|   0|    6|          0|
    |add_ln703_27_reg_56247      |   6|   0|    6|          0|
    |add_ln703_29_reg_56292      |   6|   0|    6|          0|
    |add_ln703_30_reg_56087      |   6|   0|    6|          0|
    |add_ln703_31_reg_56092      |   6|   0|    6|          0|
    |add_ln703_34_reg_56097      |   6|   0|    6|          0|
    |add_ln703_36_reg_56252      |   6|   0|    6|          0|
    |add_ln703_37_reg_56102      |   6|   0|    6|          0|
    |add_ln703_38_reg_56107      |   6|   0|    6|          0|
    |add_ln703_3_reg_56042       |   6|   0|    6|          0|
    |add_ln703_41_reg_56112      |   6|   0|    6|          0|
    |add_ln703_43_reg_56257      |   6|   0|    6|          0|
    |add_ln703_46_reg_56117      |   6|   0|    6|          0|
    |add_ln703_47_reg_56262      |   6|   0|    6|          0|
    |add_ln703_49_reg_56122      |   6|   0|    6|          0|
    |add_ln703_50_reg_56267      |   6|   0|    6|          0|
    |add_ln703_52_reg_56127      |   6|   0|    6|          0|
    |add_ln703_53_reg_56132      |   6|   0|    6|          0|
    |add_ln703_56_reg_56137      |   6|   0|    6|          0|
    |add_ln703_58_reg_56272      |   6|   0|    6|          0|
    |add_ln703_5_reg_56227       |   6|   0|    6|          0|
    |add_ln703_60_reg_56297      |   6|   0|    6|          0|
    |add_ln703_63_reg_56142      |   5|   0|    5|          0|
    |add_ln703_67_reg_56147      |   6|   0|    6|          0|
    |add_ln703_69_reg_56152      |   5|   0|    5|          0|
    |add_ln703_6_reg_56047       |   6|   0|    6|          0|
    |add_ln703_70_reg_56157      |   5|   0|    5|          0|
    |add_ln703_74_reg_56162      |   6|   0|    6|          0|
    |add_ln703_76_reg_56277      |   6|   0|    6|          0|
    |add_ln703_79_reg_56167      |   6|   0|    6|          0|
    |add_ln703_7_reg_56052       |   6|   0|    6|          0|
    |add_ln703_82_reg_56172      |   6|   0|    6|          0|
    |add_ln703_84_reg_56177      |   5|   0|    5|          0|
    |add_ln703_85_reg_56182      |   4|   0|    4|          0|
    |add_ln703_89_reg_56187      |   5|   0|    5|          0|
    |add_ln703_91_reg_56282      |   6|   0|    6|          0|
    |add_ln703_95_reg_56192      |   5|   0|    5|          0|
    |add_ln703_98_reg_56197      |   5|   0|    5|          0|
    |add_ln703_reg_56037         |   6|   0|    6|          0|
    |data_0_V_read_int_reg       |   6|   0|    6|          0|
    |data_100_V_read_int_reg     |   6|   0|    6|          0|
    |data_101_V_read_int_reg     |   6|   0|    6|          0|
    |data_102_V_read_int_reg     |   6|   0|    6|          0|
    |data_103_V_read_int_reg     |   6|   0|    6|          0|
    |data_104_V_read_int_reg     |   6|   0|    6|          0|
    |data_105_V_read_int_reg     |   6|   0|    6|          0|
    |data_106_V_read_int_reg     |   6|   0|    6|          0|
    |data_107_V_read_int_reg     |   6|   0|    6|          0|
    |data_108_V_read_int_reg     |   6|   0|    6|          0|
    |data_109_V_read_int_reg     |   6|   0|    6|          0|
    |data_10_V_read_int_reg      |   6|   0|    6|          0|
    |data_110_V_read_int_reg     |   6|   0|    6|          0|
    |data_111_V_read_int_reg     |   6|   0|    6|          0|
    |data_112_V_read_int_reg     |   6|   0|    6|          0|
    |data_113_V_read_int_reg     |   6|   0|    6|          0|
    |data_114_V_read_int_reg     |   6|   0|    6|          0|
    |data_115_V_read_int_reg     |   6|   0|    6|          0|
    |data_116_V_read_int_reg     |   6|   0|    6|          0|
    |data_118_V_read_int_reg     |   6|   0|    6|          0|
    |data_119_V_read_int_reg     |   6|   0|    6|          0|
    |data_11_V_read_int_reg      |   6|   0|    6|          0|
    |data_120_V_read_int_reg     |   6|   0|    6|          0|
    |data_121_V_read_int_reg     |   6|   0|    6|          0|
    |data_122_V_read_int_reg     |   6|   0|    6|          0|
    |data_123_V_read_int_reg     |   6|   0|    6|          0|
    |data_124_V_read_int_reg     |   6|   0|    6|          0|
    |data_125_V_read_int_reg     |   6|   0|    6|          0|
    |data_126_V_read_int_reg     |   6|   0|    6|          0|
    |data_127_V_read_int_reg     |   6|   0|    6|          0|
    |data_12_V_read_int_reg      |   6|   0|    6|          0|
    |data_13_V_read_int_reg      |   6|   0|    6|          0|
    |data_14_V_read_int_reg      |   6|   0|    6|          0|
    |data_15_V_read_int_reg      |   6|   0|    6|          0|
    |data_16_V_read_int_reg      |   6|   0|    6|          0|
    |data_17_V_read_int_reg      |   6|   0|    6|          0|
    |data_18_V_read_int_reg      |   6|   0|    6|          0|
    |data_19_V_read_int_reg      |   6|   0|    6|          0|
    |data_1_V_read_int_reg       |   6|   0|    6|          0|
    |data_20_V_read_int_reg      |   6|   0|    6|          0|
    |data_21_V_read_int_reg      |   6|   0|    6|          0|
    |data_22_V_read_int_reg      |   6|   0|    6|          0|
    |data_23_V_read_int_reg      |   6|   0|    6|          0|
    |data_24_V_read_int_reg      |   6|   0|    6|          0|
    |data_25_V_read_int_reg      |   6|   0|    6|          0|
    |data_26_V_read_int_reg      |   6|   0|    6|          0|
    |data_27_V_read_int_reg      |   6|   0|    6|          0|
    |data_28_V_read_int_reg      |   6|   0|    6|          0|
    |data_29_V_read_int_reg      |   6|   0|    6|          0|
    |data_2_V_read_int_reg       |   6|   0|    6|          0|
    |data_30_V_read_int_reg      |   6|   0|    6|          0|
    |data_31_V_read_int_reg      |   6|   0|    6|          0|
    |data_32_V_read_int_reg      |   6|   0|    6|          0|
    |data_33_V_read_int_reg      |   6|   0|    6|          0|
    |data_34_V_read_int_reg      |   6|   0|    6|          0|
    |data_35_V_read_1_reg_55937  |   6|   0|    6|          0|
    |data_35_V_read_int_reg      |   6|   0|    6|          0|
    |data_36_V_read_int_reg      |   6|   0|    6|          0|
    |data_37_V_read_int_reg      |   6|   0|    6|          0|
    |data_38_V_read_int_reg      |   6|   0|    6|          0|
    |data_39_V_read_int_reg      |   6|   0|    6|          0|
    |data_3_V_read_int_reg       |   6|   0|    6|          0|
    |data_40_V_read_1_reg_55932  |   6|   0|    6|          0|
    |data_40_V_read_int_reg      |   6|   0|    6|          0|
    |data_41_V_read_int_reg      |   6|   0|    6|          0|
    |data_42_V_read_int_reg      |   6|   0|    6|          0|
    |data_43_V_read_int_reg      |   6|   0|    6|          0|
    |data_44_V_read_int_reg      |   6|   0|    6|          0|
    |data_45_V_read_int_reg      |   6|   0|    6|          0|
    |data_46_V_read_1_reg_55927  |   6|   0|    6|          0|
    |data_46_V_read_int_reg      |   6|   0|    6|          0|
    |data_47_V_read_1_reg_55922  |   6|   0|    6|          0|
    |data_47_V_read_int_reg      |   6|   0|    6|          0|
    |data_48_V_read_int_reg      |   6|   0|    6|          0|
    |data_49_V_read_int_reg      |   6|   0|    6|          0|
    |data_4_V_read_int_reg       |   6|   0|    6|          0|
    |data_50_V_read_int_reg      |   6|   0|    6|          0|
    |data_51_V_read_int_reg      |   6|   0|    6|          0|
    |data_52_V_read_int_reg      |   6|   0|    6|          0|
    |data_53_V_read_int_reg      |   6|   0|    6|          0|
    |data_54_V_read_int_reg      |   6|   0|    6|          0|
    |data_55_V_read_int_reg      |   6|   0|    6|          0|
    |data_56_V_read_int_reg      |   6|   0|    6|          0|
    |data_57_V_read_int_reg      |   6|   0|    6|          0|
    |data_58_V_read_int_reg      |   6|   0|    6|          0|
    |data_59_V_read_int_reg      |   6|   0|    6|          0|
    |data_5_V_read_int_reg       |   6|   0|    6|          0|
    |data_60_V_read_int_reg      |   6|   0|    6|          0|
    |data_61_V_read_int_reg      |   6|   0|    6|          0|
    |data_62_V_read_int_reg      |   6|   0|    6|          0|
    |data_63_V_read_int_reg      |   6|   0|    6|          0|
    |data_64_V_read_int_reg      |   6|   0|    6|          0|
    |data_65_V_read_int_reg      |   6|   0|    6|          0|
    |data_66_V_read_int_reg      |   6|   0|    6|          0|
    |data_67_V_read_int_reg      |   6|   0|    6|          0|
    |data_68_V_read_int_reg      |   6|   0|    6|          0|
    |data_69_V_read_int_reg      |   6|   0|    6|          0|
    |data_6_V_read_int_reg       |   6|   0|    6|          0|
    |data_70_V_read_int_reg      |   6|   0|    6|          0|
    |data_71_V_read_int_reg      |   6|   0|    6|          0|
    |data_72_V_read_int_reg      |   6|   0|    6|          0|
    |data_73_V_read_int_reg      |   6|   0|    6|          0|
    |data_74_V_read_int_reg      |   6|   0|    6|          0|
    |data_75_V_read_int_reg      |   6|   0|    6|          0|
    |data_76_V_read_int_reg      |   6|   0|    6|          0|
    |data_77_V_read_int_reg      |   6|   0|    6|          0|
    |data_78_V_read_int_reg      |   6|   0|    6|          0|
    |data_79_V_read_int_reg      |   6|   0|    6|          0|
    |data_7_V_read_int_reg       |   6|   0|    6|          0|
    |data_80_V_read_int_reg      |   6|   0|    6|          0|
    |data_81_V_read_int_reg      |   6|   0|    6|          0|
    |data_82_V_read_int_reg      |   6|   0|    6|          0|
    |data_83_V_read_int_reg      |   6|   0|    6|          0|
    |data_84_V_read_int_reg      |   6|   0|    6|          0|
    |data_85_V_read_int_reg      |   6|   0|    6|          0|
    |data_86_V_read_int_reg      |   6|   0|    6|          0|
    |data_87_V_read_int_reg      |   6|   0|    6|          0|
    |data_88_V_read_int_reg      |   6|   0|    6|          0|
    |data_89_V_read_int_reg      |   6|   0|    6|          0|
    |data_8_V_read_int_reg       |   6|   0|    6|          0|
    |data_90_V_read_int_reg      |   6|   0|    6|          0|
    |data_91_V_read_int_reg      |   6|   0|    6|          0|
    |data_92_V_read_int_reg      |   6|   0|    6|          0|
    |data_93_V_read_int_reg      |   6|   0|    6|          0|
    |data_94_V_read_int_reg      |   6|   0|    6|          0|
    |data_95_V_read_int_reg      |   6|   0|    6|          0|
    |data_96_V_read_int_reg      |   6|   0|    6|          0|
    |data_97_V_read_int_reg      |   6|   0|    6|          0|
    |data_98_V_read_int_reg      |   6|   0|    6|          0|
    |data_99_V_read_int_reg      |   6|   0|    6|          0|
    |data_9_V_read_int_reg       |   6|   0|    6|          0|
    |mult_0_V_reg_55942          |   6|   0|    6|          0|
    |trunc_ln708_101_reg_56022   |   6|   0|    6|          0|
    |trunc_ln708_107_reg_56027   |   5|   0|    5|          0|
    |trunc_ln708_113_reg_56032   |   5|   0|    5|          0|
    |trunc_ln708_22_reg_55957    |   5|   0|    5|          0|
    |trunc_ln708_23_reg_55962    |   5|   0|    5|          0|
    |trunc_ln708_25_reg_55967    |   6|   0|    6|          0|
    |trunc_ln708_27_reg_55972    |   6|   0|    6|          0|
    |trunc_ln708_32_reg_55977    |   5|   0|    5|          0|
    |trunc_ln708_34_reg_55982    |   5|   0|    5|          0|
    |trunc_ln708_51_reg_55987    |   6|   0|    6|          0|
    |trunc_ln708_52_reg_55992    |   6|   0|    6|          0|
    |trunc_ln708_56_reg_55997    |   5|   0|    5|          0|
    |trunc_ln708_60_reg_56002    |   5|   0|    5|          0|
    |trunc_ln708_7_reg_55947     |   6|   0|    6|          0|
    |trunc_ln708_81_reg_56007    |   5|   0|    5|          0|
    |trunc_ln708_85_reg_56012    |   5|   0|    5|          0|
    |trunc_ln708_8_reg_55952     |   6|   0|    6|          0|
    |trunc_ln708_95_reg_56017    |   6|   0|    6|          0|
    +----------------------------+----+----+-----+-----------+
    |Total                       |1198|   0| 1198|          0|
    +----------------------------+----+----+-----+-----------+



================================================================
== Interface
================================================================
* Summary: 
+-----------------+-----+-----+------------+------------------------------------------------------+--------------+
|    RTL Ports    | Dir | Bits|  Protocol  |                     Source Object                    |    C Type    |
+-----------------+-----+-----+------------+------------------------------------------------------+--------------+
|ap_clk           |  in |    1| ap_ctrl_hs | dense_wrapper<ap_fixed,ap_fixed<16,6,5,3,0>,config8> | return value |
|ap_rst           |  in |    1| ap_ctrl_hs | dense_wrapper<ap_fixed,ap_fixed<16,6,5,3,0>,config8> | return value |
|ap_return        | out |   10| ap_ctrl_hs | dense_wrapper<ap_fixed,ap_fixed<16,6,5,3,0>,config8> | return value |
|data_0_V_read    |  in |    6|   ap_none  |                     data_0_V_read                    |    scalar    |
|data_1_V_read    |  in |    6|   ap_none  |                     data_1_V_read                    |    scalar    |
|data_2_V_read    |  in |    6|   ap_none  |                     data_2_V_read                    |    scalar    |
|data_3_V_read    |  in |    6|   ap_none  |                     data_3_V_read                    |    scalar    |
|data_4_V_read    |  in |    6|   ap_none  |                     data_4_V_read                    |    scalar    |
|data_5_V_read    |  in |    6|   ap_none  |                     data_5_V_read                    |    scalar    |
|data_6_V_read    |  in |    6|   ap_none  |                     data_6_V_read                    |    scalar    |
|data_7_V_read    |  in |    6|   ap_none  |                     data_7_V_read                    |    scalar    |
|data_8_V_read    |  in |    6|   ap_none  |                     data_8_V_read                    |    scalar    |
|data_9_V_read    |  in |    6|   ap_none  |                     data_9_V_read                    |    scalar    |
|data_10_V_read   |  in |    6|   ap_none  |                    data_10_V_read                    |    scalar    |
|data_11_V_read   |  in |    6|   ap_none  |                    data_11_V_read                    |    scalar    |
|data_12_V_read   |  in |    6|   ap_none  |                    data_12_V_read                    |    scalar    |
|data_13_V_read   |  in |    6|   ap_none  |                    data_13_V_read                    |    scalar    |
|data_14_V_read   |  in |    6|   ap_none  |                    data_14_V_read                    |    scalar    |
|data_15_V_read   |  in |    6|   ap_none  |                    data_15_V_read                    |    scalar    |
|data_16_V_read   |  in |    6|   ap_none  |                    data_16_V_read                    |    scalar    |
|data_17_V_read   |  in |    6|   ap_none  |                    data_17_V_read                    |    scalar    |
|data_18_V_read   |  in |    6|   ap_none  |                    data_18_V_read                    |    scalar    |
|data_19_V_read   |  in |    6|   ap_none  |                    data_19_V_read                    |    scalar    |
|data_20_V_read   |  in |    6|   ap_none  |                    data_20_V_read                    |    scalar    |
|data_21_V_read   |  in |    6|   ap_none  |                    data_21_V_read                    |    scalar    |
|data_22_V_read   |  in |    6|   ap_none  |                    data_22_V_read                    |    scalar    |
|data_23_V_read   |  in |    6|   ap_none  |                    data_23_V_read                    |    scalar    |
|data_24_V_read   |  in |    6|   ap_none  |                    data_24_V_read                    |    scalar    |
|data_25_V_read   |  in |    6|   ap_none  |                    data_25_V_read                    |    scalar    |
|data_26_V_read   |  in |    6|   ap_none  |                    data_26_V_read                    |    scalar    |
|data_27_V_read   |  in |    6|   ap_none  |                    data_27_V_read                    |    scalar    |
|data_28_V_read   |  in |    6|   ap_none  |                    data_28_V_read                    |    scalar    |
|data_29_V_read   |  in |    6|   ap_none  |                    data_29_V_read                    |    scalar    |
|data_30_V_read   |  in |    6|   ap_none  |                    data_30_V_read                    |    scalar    |
|data_31_V_read   |  in |    6|   ap_none  |                    data_31_V_read                    |    scalar    |
|data_32_V_read   |  in |    6|   ap_none  |                    data_32_V_read                    |    scalar    |
|data_33_V_read   |  in |    6|   ap_none  |                    data_33_V_read                    |    scalar    |
|data_34_V_read   |  in |    6|   ap_none  |                    data_34_V_read                    |    scalar    |
|data_35_V_read   |  in |    6|   ap_none  |                    data_35_V_read                    |    scalar    |
|data_36_V_read   |  in |    6|   ap_none  |                    data_36_V_read                    |    scalar    |
|data_37_V_read   |  in |    6|   ap_none  |                    data_37_V_read                    |    scalar    |
|data_38_V_read   |  in |    6|   ap_none  |                    data_38_V_read                    |    scalar    |
|data_39_V_read   |  in |    6|   ap_none  |                    data_39_V_read                    |    scalar    |
|data_40_V_read   |  in |    6|   ap_none  |                    data_40_V_read                    |    scalar    |
|data_41_V_read   |  in |    6|   ap_none  |                    data_41_V_read                    |    scalar    |
|data_42_V_read   |  in |    6|   ap_none  |                    data_42_V_read                    |    scalar    |
|data_43_V_read   |  in |    6|   ap_none  |                    data_43_V_read                    |    scalar    |
|data_44_V_read   |  in |    6|   ap_none  |                    data_44_V_read                    |    scalar    |
|data_45_V_read   |  in |    6|   ap_none  |                    data_45_V_read                    |    scalar    |
|data_46_V_read   |  in |    6|   ap_none  |                    data_46_V_read                    |    scalar    |
|data_47_V_read   |  in |    6|   ap_none  |                    data_47_V_read                    |    scalar    |
|data_48_V_read   |  in |    6|   ap_none  |                    data_48_V_read                    |    scalar    |
|data_49_V_read   |  in |    6|   ap_none  |                    data_49_V_read                    |    scalar    |
|data_50_V_read   |  in |    6|   ap_none  |                    data_50_V_read                    |    scalar    |
|data_51_V_read   |  in |    6|   ap_none  |                    data_51_V_read                    |    scalar    |
|data_52_V_read   |  in |    6|   ap_none  |                    data_52_V_read                    |    scalar    |
|data_53_V_read   |  in |    6|   ap_none  |                    data_53_V_read                    |    scalar    |
|data_54_V_read   |  in |    6|   ap_none  |                    data_54_V_read                    |    scalar    |
|data_55_V_read   |  in |    6|   ap_none  |                    data_55_V_read                    |    scalar    |
|data_56_V_read   |  in |    6|   ap_none  |                    data_56_V_read                    |    scalar    |
|data_57_V_read   |  in |    6|   ap_none  |                    data_57_V_read                    |    scalar    |
|data_58_V_read   |  in |    6|   ap_none  |                    data_58_V_read                    |    scalar    |
|data_59_V_read   |  in |    6|   ap_none  |                    data_59_V_read                    |    scalar    |
|data_60_V_read   |  in |    6|   ap_none  |                    data_60_V_read                    |    scalar    |
|data_61_V_read   |  in |    6|   ap_none  |                    data_61_V_read                    |    scalar    |
|data_62_V_read   |  in |    6|   ap_none  |                    data_62_V_read                    |    scalar    |
|data_63_V_read   |  in |    6|   ap_none  |                    data_63_V_read                    |    scalar    |
|data_64_V_read   |  in |    6|   ap_none  |                    data_64_V_read                    |    scalar    |
|data_65_V_read   |  in |    6|   ap_none  |                    data_65_V_read                    |    scalar    |
|data_66_V_read   |  in |    6|   ap_none  |                    data_66_V_read                    |    scalar    |
|data_67_V_read   |  in |    6|   ap_none  |                    data_67_V_read                    |    scalar    |
|data_68_V_read   |  in |    6|   ap_none  |                    data_68_V_read                    |    scalar    |
|data_69_V_read   |  in |    6|   ap_none  |                    data_69_V_read                    |    scalar    |
|data_70_V_read   |  in |    6|   ap_none  |                    data_70_V_read                    |    scalar    |
|data_71_V_read   |  in |    6|   ap_none  |                    data_71_V_read                    |    scalar    |
|data_72_V_read   |  in |    6|   ap_none  |                    data_72_V_read                    |    scalar    |
|data_73_V_read   |  in |    6|   ap_none  |                    data_73_V_read                    |    scalar    |
|data_74_V_read   |  in |    6|   ap_none  |                    data_74_V_read                    |    scalar    |
|data_75_V_read   |  in |    6|   ap_none  |                    data_75_V_read                    |    scalar    |
|data_76_V_read   |  in |    6|   ap_none  |                    data_76_V_read                    |    scalar    |
|data_77_V_read   |  in |    6|   ap_none  |                    data_77_V_read                    |    scalar    |
|data_78_V_read   |  in |    6|   ap_none  |                    data_78_V_read                    |    scalar    |
|data_79_V_read   |  in |    6|   ap_none  |                    data_79_V_read                    |    scalar    |
|data_80_V_read   |  in |    6|   ap_none  |                    data_80_V_read                    |    scalar    |
|data_81_V_read   |  in |    6|   ap_none  |                    data_81_V_read                    |    scalar    |
|data_82_V_read   |  in |    6|   ap_none  |                    data_82_V_read                    |    scalar    |
|data_83_V_read   |  in |    6|   ap_none  |                    data_83_V_read                    |    scalar    |
|data_84_V_read   |  in |    6|   ap_none  |                    data_84_V_read                    |    scalar    |
|data_85_V_read   |  in |    6|   ap_none  |                    data_85_V_read                    |    scalar    |
|data_86_V_read   |  in |    6|   ap_none  |                    data_86_V_read                    |    scalar    |
|data_87_V_read   |  in |    6|   ap_none  |                    data_87_V_read                    |    scalar    |
|data_88_V_read   |  in |    6|   ap_none  |                    data_88_V_read                    |    scalar    |
|data_89_V_read   |  in |    6|   ap_none  |                    data_89_V_read                    |    scalar    |
|data_90_V_read   |  in |    6|   ap_none  |                    data_90_V_read                    |    scalar    |
|data_91_V_read   |  in |    6|   ap_none  |                    data_91_V_read                    |    scalar    |
|data_92_V_read   |  in |    6|   ap_none  |                    data_92_V_read                    |    scalar    |
|data_93_V_read   |  in |    6|   ap_none  |                    data_93_V_read                    |    scalar    |
|data_94_V_read   |  in |    6|   ap_none  |                    data_94_V_read                    |    scalar    |
|data_95_V_read   |  in |    6|   ap_none  |                    data_95_V_read                    |    scalar    |
|data_96_V_read   |  in |    6|   ap_none  |                    data_96_V_read                    |    scalar    |
|data_97_V_read   |  in |    6|   ap_none  |                    data_97_V_read                    |    scalar    |
|data_98_V_read   |  in |    6|   ap_none  |                    data_98_V_read                    |    scalar    |
|data_99_V_read   |  in |    6|   ap_none  |                    data_99_V_read                    |    scalar    |
|data_100_V_read  |  in |    6|   ap_none  |                    data_100_V_read                   |    scalar    |
|data_101_V_read  |  in |    6|   ap_none  |                    data_101_V_read                   |    scalar    |
|data_102_V_read  |  in |    6|   ap_none  |                    data_102_V_read                   |    scalar    |
|data_103_V_read  |  in |    6|   ap_none  |                    data_103_V_read                   |    scalar    |
|data_104_V_read  |  in |    6|   ap_none  |                    data_104_V_read                   |    scalar    |
|data_105_V_read  |  in |    6|   ap_none  |                    data_105_V_read                   |    scalar    |
|data_106_V_read  |  in |    6|   ap_none  |                    data_106_V_read                   |    scalar    |
|data_107_V_read  |  in |    6|   ap_none  |                    data_107_V_read                   |    scalar    |
|data_108_V_read  |  in |    6|   ap_none  |                    data_108_V_read                   |    scalar    |
|data_109_V_read  |  in |    6|   ap_none  |                    data_109_V_read                   |    scalar    |
|data_110_V_read  |  in |    6|   ap_none  |                    data_110_V_read                   |    scalar    |
|data_111_V_read  |  in |    6|   ap_none  |                    data_111_V_read                   |    scalar    |
|data_112_V_read  |  in |    6|   ap_none  |                    data_112_V_read                   |    scalar    |
|data_113_V_read  |  in |    6|   ap_none  |                    data_113_V_read                   |    scalar    |
|data_114_V_read  |  in |    6|   ap_none  |                    data_114_V_read                   |    scalar    |
|data_115_V_read  |  in |    6|   ap_none  |                    data_115_V_read                   |    scalar    |
|data_116_V_read  |  in |    6|   ap_none  |                    data_116_V_read                   |    scalar    |
|data_118_V_read  |  in |    6|   ap_none  |                    data_118_V_read                   |    scalar    |
|data_119_V_read  |  in |    6|   ap_none  |                    data_119_V_read                   |    scalar    |
|data_120_V_read  |  in |    6|   ap_none  |                    data_120_V_read                   |    scalar    |
|data_121_V_read  |  in |    6|   ap_none  |                    data_121_V_read                   |    scalar    |
|data_122_V_read  |  in |    6|   ap_none  |                    data_122_V_read                   |    scalar    |
|data_123_V_read  |  in |    6|   ap_none  |                    data_123_V_read                   |    scalar    |
|data_124_V_read  |  in |    6|   ap_none  |                    data_124_V_read                   |    scalar    |
|data_125_V_read  |  in |    6|   ap_none  |                    data_125_V_read                   |    scalar    |
|data_126_V_read  |  in |    6|   ap_none  |                    data_126_V_read                   |    scalar    |
|data_127_V_read  |  in |    6|   ap_none  |                    data_127_V_read                   |    scalar    |
+-----------------+-----+-----+------------+------------------------------------------------------+--------------+

