

================================================================
== Vivado HLS Report for 'myproject'
================================================================
* Date:           Tue Feb 21 11:21:49 2023

* Version:        2019.2 (Build 2704478 on Wed Nov 06 22:10:23 MST 2019)
* Project:        myproject_prj
* Solution:       solution1
* Product family: zynq
* Target device:  xc7z020-clg484-1


================================================================
== Performance Estimates
================================================================
+ Timing: 
    * Summary: 
    +--------+----------+----------+------------+
    |  Clock |  Target  | Estimated| Uncertainty|
    +--------+----------+----------+------------+
    |ap_clk  | 10.00 ns | 8.560 ns |   1.25 ns  |
    +--------+----------+----------+------------+

+ Latency: 
    * Summary: 
    +---------+---------+----------+----------+-----+-----+----------+
    |  Latency (cycles) |  Latency (absolute) |  Interval | Pipeline |
    |   min   |   max   |    min   |    max   | min | max |   Type   |
    +---------+---------+----------+----------+-----+-----+----------+
    |       50|       50| 0.500 us | 0.500 us |   42|   42| dataflow |
    +---------+---------+----------+----------+-----+-----+----------+

    + Detail: 
        * Instance: 
        +-----------------------------------------------------+----------------------------------------------------+---------+---------+-----------+-----------+-----+-----+----------+
        |                                                     |                                                    |  Latency (cycles) |   Latency (absolute)  |  Interval | Pipeline |
        |                       Instance                      |                       Module                       |   min   |   max   |    min    |    max    | min | max |   Type   |
        +-----------------------------------------------------+----------------------------------------------------+---------+---------+-----------+-----------+-----+-----+----------+
        |dense_array_array_ap_fixed_16_6_5_3_0_1u_config8_U0  |dense_array_array_ap_fixed_16_6_5_3_0_1u_config8_s  |        5|        5| 50.000 ns | 50.000 ns |    5|    5|   none   |
        |conv_2d_cl_array_array_ap_fixed_32u_config2_U0       |conv_2d_cl_array_array_ap_fixed_32u_config2_s       |       41|       41|  0.410 us |  0.410 us |   41|   41|   none   |
        |normalize_array_array_ap_fixed_128u_config7_U0       |normalize_array_array_ap_fixed_128u_config7_s       |        8|        8| 80.000 ns | 80.000 ns |    8|    8|   none   |
        |pooling2d_cl_array_array_ap_fixed_32u_config5_U0     |pooling2d_cl_array_array_ap_fixed_32u_config5_s     |       20|       20|  0.200 us |  0.200 us |   20|   20|   none   |
        |relu_array_array_ap_ufixed_32u_relu_config4_U0       |relu_array_array_ap_ufixed_32u_relu_config4_s       |       19|       19|  0.190 us |  0.190 us |   19|   19|   none   |
        |linear_array_array_ap_fixed_32u_linear_config3_U0    |linear_array_array_ap_fixed_32u_linear_config3_s    |       18|       18|  0.180 us |  0.180 us |   18|   18|   none   |
        |linear_array_array_ap_fixed_1u_linear_config9_U0     |linear_array_array_ap_fixed_1u_linear_config9_s     |        1|        1| 10.000 ns | 10.000 ns |    1|    1| function |
        |Block_proc_U0                                        |Block_proc                                          |        0|        0|    0 ns   |    0 ns   |    0|    0|   none   |
        +-----------------------------------------------------+----------------------------------------------------+---------+---------+-----------+-----------+-----+-----+----------+

        * Loop: 
        N/A



================================================================
== Utilization Estimates
================================================================
* Summary: 
+-----------------+---------+-------+--------+-------+-----+
|       Name      | BRAM_18K| DSP48E|   FF   |  LUT  | URAM|
+-----------------+---------+-------+--------+-------+-----+
|DSP              |        -|      -|       -|      -|    -|
|Expression       |        -|      -|       0|     34|    -|
|FIFO             |        0|      -|    1477|   5436|    -|
|Instance         |        0|     61|    9521|  23013|    -|
|Memory           |        -|      -|       -|      -|    -|
|Multiplexer      |        -|      -|       -|     36|    -|
|Register         |        -|      -|       6|      -|    -|
+-----------------+---------+-------+--------+-------+-----+
|Total            |        0|     61|   11004|  28519|    0|
+-----------------+---------+-------+--------+-------+-----+
|Available        |      280|    220|  106400|  53200|    0|
+-----------------+---------+-------+--------+-------+-----+
|Utilization (%)  |        0|     27|      10|     53|    0|
+-----------------+---------+-------+--------+-------+-----+

+ Detail: 
    * Instance: 
    +-----------------------------------------------------+----------------------------------------------------+---------+-------+------+------+-----+
    |                       Instance                      |                       Module                       | BRAM_18K| DSP48E|  FF  |  LUT | URAM|
    +-----------------------------------------------------+----------------------------------------------------+---------+-------+------+------+-----+
    |Block_proc_U0                                        |Block_proc                                          |        0|      0|     2|    11|    0|
    |conv_2d_cl_array_array_ap_fixed_32u_config2_U0       |conv_2d_cl_array_array_ap_fixed_32u_config2_s       |        0|     27|  2054|  6200|    0|
    |dense_array_array_ap_fixed_16_6_5_3_0_1u_config8_U0  |dense_array_array_ap_fixed_16_6_5_3_0_1u_config8_s  |        0|      2|  1968|  7457|    0|
    |linear_array_array_ap_fixed_1u_linear_config9_U0     |linear_array_array_ap_fixed_1u_linear_config9_s     |        0|      0|     3|    35|    0|
    |linear_array_array_ap_fixed_32u_linear_config3_U0    |linear_array_array_ap_fixed_32u_linear_config3_s    |        0|      0|    13|   679|    0|
    |normalize_array_array_ap_fixed_128u_config7_U0       |normalize_array_array_ap_fixed_128u_config7_s       |        0|     32|  2151|  3604|    0|
    |pooling2d_cl_array_array_ap_fixed_32u_config5_U0     |pooling2d_cl_array_array_ap_fixed_32u_config5_s     |        0|      0|  3123|  3799|    0|
    |relu_array_array_ap_ufixed_32u_relu_config4_U0       |relu_array_array_ap_ufixed_32u_relu_config4_s       |        0|      0|   207|  1228|    0|
    +-----------------------------------------------------+----------------------------------------------------+---------+-------+------+------+-----+
    |Total                                                |                                                    |        0|     61|  9521| 23013|    0|
    +-----------------------------------------------------+----------------------------------------------------+---------+-------+------+------+-----+

    * DSP48E: 
    N/A

    * Memory: 
    N/A

    * FIFO: 
    +---------------------------+---------+----+----+-----+------+-----+---------+
    |            Name           | BRAM_18K| FF | LUT| URAM| Depth| Bits| Size:D*B|
    +---------------------------+---------+----+----+-----+------+-----+---------+
    |layer2_out_V_data_0_V_U    |        0|   7|   0|    -|    16|    6|       96|
    |layer2_out_V_data_10_V_U   |        0|   7|   0|    -|    16|    6|       96|
    |layer2_out_V_data_11_V_U   |        0|   7|   0|    -|    16|    6|       96|
    |layer2_out_V_data_12_V_U   |        0|   7|   0|    -|    16|    6|       96|
    |layer2_out_V_data_13_V_U   |        0|   7|   0|    -|    16|    6|       96|
    |layer2_out_V_data_14_V_U   |        0|   7|   0|    -|    16|    6|       96|
    |layer2_out_V_data_15_V_U   |        0|   7|   0|    -|    16|    6|       96|
    |layer2_out_V_data_16_V_U   |        0|   7|   0|    -|    16|    6|       96|
    |layer2_out_V_data_17_V_U   |        0|   7|   0|    -|    16|    6|       96|
    |layer2_out_V_data_18_V_U   |        0|   7|   0|    -|    16|    6|       96|
    |layer2_out_V_data_19_V_U   |        0|   7|   0|    -|    16|    6|       96|
    |layer2_out_V_data_1_V_U    |        0|   7|   0|    -|    16|    6|       96|
    |layer2_out_V_data_20_V_U   |        0|   7|   0|    -|    16|    6|       96|
    |layer2_out_V_data_21_V_U   |        0|   7|   0|    -|    16|    6|       96|
    |layer2_out_V_data_22_V_U   |        0|   7|   0|    -|    16|    6|       96|
    |layer2_out_V_data_23_V_U   |        0|   7|   0|    -|    16|    6|       96|
    |layer2_out_V_data_24_V_U   |        0|   7|   0|    -|    16|    6|       96|
    |layer2_out_V_data_25_V_U   |        0|   7|   0|    -|    16|    6|       96|
    |layer2_out_V_data_26_V_U   |        0|   7|   0|    -|    16|    6|       96|
    |layer2_out_V_data_27_V_U   |        0|   7|   0|    -|    16|    6|       96|
    |layer2_out_V_data_28_V_U   |        0|   7|   0|    -|    16|    6|       96|
    |layer2_out_V_data_29_V_U   |        0|   7|   0|    -|    16|    6|       96|
    |layer2_out_V_data_2_V_U    |        0|   7|   0|    -|    16|    6|       96|
    |layer2_out_V_data_30_V_U   |        0|   7|   0|    -|    16|    6|       96|
    |layer2_out_V_data_31_V_U   |        0|   7|   0|    -|    16|    6|       96|
    |layer2_out_V_data_3_V_U    |        0|   7|   0|    -|    16|    6|       96|
    |layer2_out_V_data_4_V_U    |        0|   7|   0|    -|    16|    6|       96|
    |layer2_out_V_data_5_V_U    |        0|   7|   0|    -|    16|    6|       96|
    |layer2_out_V_data_6_V_U    |        0|   7|   0|    -|    16|    6|       96|
    |layer2_out_V_data_7_V_U    |        0|   7|   0|    -|    16|    6|       96|
    |layer2_out_V_data_8_V_U    |        0|   7|   0|    -|    16|    6|       96|
    |layer2_out_V_data_9_V_U    |        0|   7|   0|    -|    16|    6|       96|
    |layer3_out_V_data_0_V_U    |        0|   7|   0|    -|    16|    6|       96|
    |layer3_out_V_data_10_V_U   |        0|   7|   0|    -|    16|    6|       96|
    |layer3_out_V_data_11_V_U   |        0|   7|   0|    -|    16|    6|       96|
    |layer3_out_V_data_12_V_U   |        0|   7|   0|    -|    16|    6|       96|
    |layer3_out_V_data_13_V_U   |        0|   7|   0|    -|    16|    6|       96|
    |layer3_out_V_data_14_V_U   |        0|   7|   0|    -|    16|    6|       96|
    |layer3_out_V_data_15_V_U   |        0|   7|   0|    -|    16|    6|       96|
    |layer3_out_V_data_16_V_U   |        0|   7|   0|    -|    16|    6|       96|
    |layer3_out_V_data_17_V_U   |        0|   7|   0|    -|    16|    6|       96|
    |layer3_out_V_data_18_V_U   |        0|   7|   0|    -|    16|    6|       96|
    |layer3_out_V_data_19_V_U   |        0|   7|   0|    -|    16|    6|       96|
    |layer3_out_V_data_1_V_U    |        0|   7|   0|    -|    16|    6|       96|
    |layer3_out_V_data_20_V_U   |        0|   7|   0|    -|    16|    6|       96|
    |layer3_out_V_data_21_V_U   |        0|   7|   0|    -|    16|    6|       96|
    |layer3_out_V_data_22_V_U   |        0|   7|   0|    -|    16|    6|       96|
    |layer3_out_V_data_23_V_U   |        0|   7|   0|    -|    16|    6|       96|
    |layer3_out_V_data_24_V_U   |        0|   7|   0|    -|    16|    6|       96|
    |layer3_out_V_data_25_V_U   |        0|   7|   0|    -|    16|    6|       96|
    |layer3_out_V_data_26_V_U   |        0|   7|   0|    -|    16|    6|       96|
    |layer3_out_V_data_27_V_U   |        0|   7|   0|    -|    16|    6|       96|
    |layer3_out_V_data_28_V_U   |        0|   7|   0|    -|    16|    6|       96|
    |layer3_out_V_data_29_V_U   |        0|   7|   0|    -|    16|    6|       96|
    |layer3_out_V_data_2_V_U    |        0|   7|   0|    -|    16|    6|       96|
    |layer3_out_V_data_30_V_U   |        0|   7|   0|    -|    16|    6|       96|
    |layer3_out_V_data_31_V_U   |        0|   7|   0|    -|    16|    6|       96|
    |layer3_out_V_data_3_V_U    |        0|   7|   0|    -|    16|    6|       96|
    |layer3_out_V_data_4_V_U    |        0|   7|   0|    -|    16|    6|       96|
    |layer3_out_V_data_5_V_U    |        0|   7|   0|    -|    16|    6|       96|
    |layer3_out_V_data_6_V_U    |        0|   7|   0|    -|    16|    6|       96|
    |layer3_out_V_data_7_V_U    |        0|   7|   0|    -|    16|    6|       96|
    |layer3_out_V_data_8_V_U    |        0|   7|   0|    -|    16|    6|       96|
    |layer3_out_V_data_9_V_U    |        0|   7|   0|    -|    16|    6|       96|
    |layer4_out_V_data_0_V_U    |        0|   7|   0|    -|    16|    6|       96|
    |layer4_out_V_data_10_V_U   |        0|   7|   0|    -|    16|    6|       96|
    |layer4_out_V_data_11_V_U   |        0|   7|   0|    -|    16|    6|       96|
    |layer4_out_V_data_12_V_U   |        0|   7|   0|    -|    16|    6|       96|
    |layer4_out_V_data_13_V_U   |        0|   7|   0|    -|    16|    6|       96|
    |layer4_out_V_data_14_V_U   |        0|   7|   0|    -|    16|    6|       96|
    |layer4_out_V_data_15_V_U   |        0|   7|   0|    -|    16|    6|       96|
    |layer4_out_V_data_16_V_U   |        0|   7|   0|    -|    16|    6|       96|
    |layer4_out_V_data_17_V_U   |        0|   7|   0|    -|    16|    6|       96|
    |layer4_out_V_data_18_V_U   |        0|   7|   0|    -|    16|    6|       96|
    |layer4_out_V_data_19_V_U   |        0|   7|   0|    -|    16|    6|       96|
    |layer4_out_V_data_1_V_U    |        0|   7|   0|    -|    16|    6|       96|
    |layer4_out_V_data_20_V_U   |        0|   7|   0|    -|    16|    6|       96|
    |layer4_out_V_data_21_V_U   |        0|   7|   0|    -|    16|    6|       96|
    |layer4_out_V_data_22_V_U   |        0|   7|   0|    -|    16|    6|       96|
    |layer4_out_V_data_23_V_U   |        0|   7|   0|    -|    16|    6|       96|
    |layer4_out_V_data_24_V_U   |        0|   7|   0|    -|    16|    6|       96|
    |layer4_out_V_data_25_V_U   |        0|   7|   0|    -|    16|    6|       96|
    |layer4_out_V_data_26_V_U   |        0|   7|   0|    -|    16|    6|       96|
    |layer4_out_V_data_27_V_U   |        0|   7|   0|    -|    16|    6|       96|
    |layer4_out_V_data_28_V_U   |        0|   7|   0|    -|    16|    6|       96|
    |layer4_out_V_data_29_V_U   |        0|   7|   0|    -|    16|    6|       96|
    |layer4_out_V_data_2_V_U    |        0|   7|   0|    -|    16|    6|       96|
    |layer4_out_V_data_30_V_U   |        0|   7|   0|    -|    16|    6|       96|
    |layer4_out_V_data_31_V_U   |        0|   7|   0|    -|    16|    6|       96|
    |layer4_out_V_data_3_V_U    |        0|   7|   0|    -|    16|    6|       96|
    |layer4_out_V_data_4_V_U    |        0|   7|   0|    -|    16|    6|       96|
    |layer4_out_V_data_5_V_U    |        0|   7|   0|    -|    16|    6|       96|
    |layer4_out_V_data_6_V_U    |        0|   7|   0|    -|    16|    6|       96|
    |layer4_out_V_data_7_V_U    |        0|   7|   0|    -|    16|    6|       96|
    |layer4_out_V_data_8_V_U    |        0|   7|   0|    -|    16|    6|       96|
    |layer4_out_V_data_9_V_U    |        0|   7|   0|    -|    16|    6|       96|
    |layer5_out_V_data_0_V_U    |        0|   5|   0|    -|     4|   16|       64|
    |layer5_out_V_data_10_V_U   |        0|   5|   0|    -|     4|   16|       64|
    |layer5_out_V_data_11_V_U   |        0|   5|   0|    -|     4|   16|       64|
    |layer5_out_V_data_12_V_U   |        0|   5|   0|    -|     4|   16|       64|
    |layer5_out_V_data_13_V_U   |        0|   5|   0|    -|     4|   16|       64|
    |layer5_out_V_data_14_V_U   |        0|   5|   0|    -|     4|   16|       64|
    |layer5_out_V_data_15_V_U   |        0|   5|   0|    -|     4|   16|       64|
    |layer5_out_V_data_16_V_U   |        0|   5|   0|    -|     4|   16|       64|
    |layer5_out_V_data_17_V_U   |        0|   5|   0|    -|     4|   16|       64|
    |layer5_out_V_data_18_V_U   |        0|   5|   0|    -|     4|   16|       64|
    |layer5_out_V_data_19_V_U   |        0|   5|   0|    -|     4|   16|       64|
    |layer5_out_V_data_1_V_U    |        0|   5|   0|    -|     4|   16|       64|
    |layer5_out_V_data_20_V_U   |        0|   5|   0|    -|     4|   16|       64|
    |layer5_out_V_data_21_V_U   |        0|   5|   0|    -|     4|   16|       64|
    |layer5_out_V_data_22_V_U   |        0|   5|   0|    -|     4|   16|       64|
    |layer5_out_V_data_23_V_U   |        0|   5|   0|    -|     4|   16|       64|
    |layer5_out_V_data_24_V_U   |        0|   5|   0|    -|     4|   16|       64|
    |layer5_out_V_data_25_V_U   |        0|   5|   0|    -|     4|   16|       64|
    |layer5_out_V_data_26_V_U   |        0|   5|   0|    -|     4|   16|       64|
    |layer5_out_V_data_27_V_U   |        0|   5|   0|    -|     4|   16|       64|
    |layer5_out_V_data_28_V_U   |        0|   5|   0|    -|     4|   16|       64|
    |layer5_out_V_data_29_V_U   |        0|   5|   0|    -|     4|   16|       64|
    |layer5_out_V_data_2_V_U    |        0|   5|   0|    -|     4|   16|       64|
    |layer5_out_V_data_30_V_U   |        0|   5|   0|    -|     4|   16|       64|
    |layer5_out_V_data_31_V_U   |        0|   5|   0|    -|     4|   16|       64|
    |layer5_out_V_data_3_V_U    |        0|   5|   0|    -|     4|   16|       64|
    |layer5_out_V_data_4_V_U    |        0|   5|   0|    -|     4|   16|       64|
    |layer5_out_V_data_5_V_U    |        0|   5|   0|    -|     4|   16|       64|
    |layer5_out_V_data_6_V_U    |        0|   5|   0|    -|     4|   16|       64|
    |layer5_out_V_data_7_V_U    |        0|   5|   0|    -|     4|   16|       64|
    |layer5_out_V_data_8_V_U    |        0|   5|   0|    -|     4|   16|       64|
    |layer5_out_V_data_9_V_U    |        0|   5|   0|    -|     4|   16|       64|
    |layer7_out_V_data_0_V_U    |        0|   5|   0|    -|     1|    6|        6|
    |layer7_out_V_data_100_V_U  |        0|   5|   0|    -|     1|    6|        6|
    |layer7_out_V_data_101_V_U  |        0|   5|   0|    -|     1|    6|        6|
    |layer7_out_V_data_102_V_U  |        0|   5|   0|    -|     1|    6|        6|
    |layer7_out_V_data_103_V_U  |        0|   5|   0|    -|     1|    6|        6|
    |layer7_out_V_data_104_V_U  |        0|   5|   0|    -|     1|    6|        6|
    |layer7_out_V_data_105_V_U  |        0|   5|   0|    -|     1|    6|        6|
    |layer7_out_V_data_106_V_U  |        0|   5|   0|    -|     1|    6|        6|
    |layer7_out_V_data_107_V_U  |        0|   5|   0|    -|     1|    6|        6|
    |layer7_out_V_data_108_V_U  |        0|   5|   0|    -|     1|    6|        6|
    |layer7_out_V_data_109_V_U  |        0|   5|   0|    -|     1|    6|        6|
    |layer7_out_V_data_10_V_U   |        0|   5|   0|    -|     1|    6|        6|
    |layer7_out_V_data_110_V_U  |        0|   5|   0|    -|     1|    6|        6|
    |layer7_out_V_data_111_V_U  |        0|   5|   0|    -|     1|    6|        6|
    |layer7_out_V_data_112_V_U  |        0|   5|   0|    -|     1|    6|        6|
    |layer7_out_V_data_113_V_U  |        0|   5|   0|    -|     1|    6|        6|
    |layer7_out_V_data_114_V_U  |        0|   5|   0|    -|     1|    6|        6|
    |layer7_out_V_data_115_V_U  |        0|   5|   0|    -|     1|    6|        6|
    |layer7_out_V_data_116_V_U  |        0|   5|   0|    -|     1|    6|        6|
    |layer7_out_V_data_117_V_U  |        0|   5|   0|    -|     1|    6|        6|
    |layer7_out_V_data_118_V_U  |        0|   5|   0|    -|     1|    6|        6|
    |layer7_out_V_data_119_V_U  |        0|   5|   0|    -|     1|    6|        6|
    |layer7_out_V_data_11_V_U   |        0|   5|   0|    -|     1|    6|        6|
    |layer7_out_V_data_120_V_U  |        0|   5|   0|    -|     1|    6|        6|
    |layer7_out_V_data_121_V_U  |        0|   5|   0|    -|     1|    6|        6|
    |layer7_out_V_data_122_V_U  |        0|   5|   0|    -|     1|    6|        6|
    |layer7_out_V_data_123_V_U  |        0|   5|   0|    -|     1|    6|        6|
    |layer7_out_V_data_124_V_U  |        0|   5|   0|    -|     1|    6|        6|
    |layer7_out_V_data_125_V_U  |        0|   5|   0|    -|     1|    6|        6|
    |layer7_out_V_data_126_V_U  |        0|   5|   0|    -|     1|    6|        6|
    |layer7_out_V_data_127_V_U  |        0|   5|   0|    -|     1|    6|        6|
    |layer7_out_V_data_12_V_U   |        0|   5|   0|    -|     1|    6|        6|
    |layer7_out_V_data_13_V_U   |        0|   5|   0|    -|     1|    6|        6|
    |layer7_out_V_data_14_V_U   |        0|   5|   0|    -|     1|    6|        6|
    |layer7_out_V_data_15_V_U   |        0|   5|   0|    -|     1|    6|        6|
    |layer7_out_V_data_16_V_U   |        0|   5|   0|    -|     1|    6|        6|
    |layer7_out_V_data_17_V_U   |        0|   5|   0|    -|     1|    6|        6|
    |layer7_out_V_data_18_V_U   |        0|   5|   0|    -|     1|    6|        6|
    |layer7_out_V_data_19_V_U   |        0|   5|   0|    -|     1|    6|        6|
    |layer7_out_V_data_1_V_U    |        0|   5|   0|    -|     1|    6|        6|
    |layer7_out_V_data_20_V_U   |        0|   5|   0|    -|     1|    6|        6|
    |layer7_out_V_data_21_V_U   |        0|   5|   0|    -|     1|    6|        6|
    |layer7_out_V_data_22_V_U   |        0|   5|   0|    -|     1|    6|        6|
    |layer7_out_V_data_23_V_U   |        0|   5|   0|    -|     1|    6|        6|
    |layer7_out_V_data_24_V_U   |        0|   5|   0|    -|     1|    6|        6|
    |layer7_out_V_data_25_V_U   |        0|   5|   0|    -|     1|    6|        6|
    |layer7_out_V_data_26_V_U   |        0|   5|   0|    -|     1|    6|        6|
    |layer7_out_V_data_27_V_U   |        0|   5|   0|    -|     1|    6|        6|
    |layer7_out_V_data_28_V_U   |        0|   5|   0|    -|     1|    6|        6|
    |layer7_out_V_data_29_V_U   |        0|   5|   0|    -|     1|    6|        6|
    |layer7_out_V_data_2_V_U    |        0|   5|   0|    -|     1|    6|        6|
    |layer7_out_V_data_30_V_U   |        0|   5|   0|    -|     1|    6|        6|
    |layer7_out_V_data_31_V_U   |        0|   5|   0|    -|     1|    6|        6|
    |layer7_out_V_data_32_V_U   |        0|   5|   0|    -|     1|    6|        6|
    |layer7_out_V_data_33_V_U   |        0|   5|   0|    -|     1|    6|        6|
    |layer7_out_V_data_34_V_U   |        0|   5|   0|    -|     1|    6|        6|
    |layer7_out_V_data_35_V_U   |        0|   5|   0|    -|     1|    6|        6|
    |layer7_out_V_data_36_V_U   |        0|   5|   0|    -|     1|    6|        6|
    |layer7_out_V_data_37_V_U   |        0|   5|   0|    -|     1|    6|        6|
    |layer7_out_V_data_38_V_U   |        0|   5|   0|    -|     1|    6|        6|
    |layer7_out_V_data_39_V_U   |        0|   5|   0|    -|     1|    6|        6|
    |layer7_out_V_data_3_V_U    |        0|   5|   0|    -|     1|    6|        6|
    |layer7_out_V_data_40_V_U   |        0|   5|   0|    -|     1|    6|        6|
    |layer7_out_V_data_41_V_U   |        0|   5|   0|    -|     1|    6|        6|
    |layer7_out_V_data_42_V_U   |        0|   5|   0|    -|     1|    6|        6|
    |layer7_out_V_data_43_V_U   |        0|   5|   0|    -|     1|    6|        6|
    |layer7_out_V_data_44_V_U   |        0|   5|   0|    -|     1|    6|        6|
    |layer7_out_V_data_45_V_U   |        0|   5|   0|    -|     1|    6|        6|
    |layer7_out_V_data_46_V_U   |        0|   5|   0|    -|     1|    6|        6|
    |layer7_out_V_data_47_V_U   |        0|   5|   0|    -|     1|    6|        6|
    |layer7_out_V_data_48_V_U   |        0|   5|   0|    -|     1|    6|        6|
    |layer7_out_V_data_49_V_U   |        0|   5|   0|    -|     1|    6|        6|
    |layer7_out_V_data_4_V_U    |        0|   5|   0|    -|     1|    6|        6|
    |layer7_out_V_data_50_V_U   |        0|   5|   0|    -|     1|    6|        6|
    |layer7_out_V_data_51_V_U   |        0|   5|   0|    -|     1|    6|        6|
    |layer7_out_V_data_52_V_U   |        0|   5|   0|    -|     1|    6|        6|
    |layer7_out_V_data_53_V_U   |        0|   5|   0|    -|     1|    6|        6|
    |layer7_out_V_data_54_V_U   |        0|   5|   0|    -|     1|    6|        6|
    |layer7_out_V_data_55_V_U   |        0|   5|   0|    -|     1|    6|        6|
    |layer7_out_V_data_56_V_U   |        0|   5|   0|    -|     1|    6|        6|
    |layer7_out_V_data_57_V_U   |        0|   5|   0|    -|     1|    6|        6|
    |layer7_out_V_data_58_V_U   |        0|   5|   0|    -|     1|    6|        6|
    |layer7_out_V_data_59_V_U   |        0|   5|   0|    -|     1|    6|        6|
    |layer7_out_V_data_5_V_U    |        0|   5|   0|    -|     1|    6|        6|
    |layer7_out_V_data_60_V_U   |        0|   5|   0|    -|     1|    6|        6|
    |layer7_out_V_data_61_V_U   |        0|   5|   0|    -|     1|    6|        6|
    |layer7_out_V_data_62_V_U   |        0|   5|   0|    -|     1|    6|        6|
    |layer7_out_V_data_63_V_U   |        0|   5|   0|    -|     1|    6|        6|
    |layer7_out_V_data_64_V_U   |        0|   5|   0|    -|     1|    6|        6|
    |layer7_out_V_data_65_V_U   |        0|   5|   0|    -|     1|    6|        6|
    |layer7_out_V_data_66_V_U   |        0|   5|   0|    -|     1|    6|        6|
    |layer7_out_V_data_67_V_U   |        0|   5|   0|    -|     1|    6|        6|
    |layer7_out_V_data_68_V_U   |        0|   5|   0|    -|     1|    6|        6|
    |layer7_out_V_data_69_V_U   |        0|   5|   0|    -|     1|    6|        6|
    |layer7_out_V_data_6_V_U    |        0|   5|   0|    -|     1|    6|        6|
    |layer7_out_V_data_70_V_U   |        0|   5|   0|    -|     1|    6|        6|
    |layer7_out_V_data_71_V_U   |        0|   5|   0|    -|     1|    6|        6|
    |layer7_out_V_data_72_V_U   |        0|   5|   0|    -|     1|    6|        6|
    |layer7_out_V_data_73_V_U   |        0|   5|   0|    -|     1|    6|        6|
    |layer7_out_V_data_74_V_U   |        0|   5|   0|    -|     1|    6|        6|
    |layer7_out_V_data_75_V_U   |        0|   5|   0|    -|     1|    6|        6|
    |layer7_out_V_data_76_V_U   |        0|   5|   0|    -|     1|    6|        6|
    |layer7_out_V_data_77_V_U   |        0|   5|   0|    -|     1|    6|        6|
    |layer7_out_V_data_78_V_U   |        0|   5|   0|    -|     1|    6|        6|
    |layer7_out_V_data_79_V_U   |        0|   5|   0|    -|     1|    6|        6|
    |layer7_out_V_data_7_V_U    |        0|   5|   0|    -|     1|    6|        6|
    |layer7_out_V_data_80_V_U   |        0|   5|   0|    -|     1|    6|        6|
    |layer7_out_V_data_81_V_U   |        0|   5|   0|    -|     1|    6|        6|
    |layer7_out_V_data_82_V_U   |        0|   5|   0|    -|     1|    6|        6|
    |layer7_out_V_data_83_V_U   |        0|   5|   0|    -|     1|    6|        6|
    |layer7_out_V_data_84_V_U   |        0|   5|   0|    -|     1|    6|        6|
    |layer7_out_V_data_85_V_U   |        0|   5|   0|    -|     1|    6|        6|
    |layer7_out_V_data_86_V_U   |        0|   5|   0|    -|     1|    6|        6|
    |layer7_out_V_data_87_V_U   |        0|   5|   0|    -|     1|    6|        6|
    |layer7_out_V_data_88_V_U   |        0|   5|   0|    -|     1|    6|        6|
    |layer7_out_V_data_89_V_U   |        0|   5|   0|    -|     1|    6|        6|
    |layer7_out_V_data_8_V_U    |        0|   5|   0|    -|     1|    6|        6|
    |layer7_out_V_data_90_V_U   |        0|   5|   0|    -|     1|    6|        6|
    |layer7_out_V_data_91_V_U   |        0|   5|   0|    -|     1|    6|        6|
    |layer7_out_V_data_92_V_U   |        0|   5|   0|    -|     1|    6|        6|
    |layer7_out_V_data_93_V_U   |        0|   5|   0|    -|     1|    6|        6|
    |layer7_out_V_data_94_V_U   |        0|   5|   0|    -|     1|    6|        6|
    |layer7_out_V_data_95_V_U   |        0|   5|   0|    -|     1|    6|        6|
    |layer7_out_V_data_96_V_U   |        0|   5|   0|    -|     1|    6|        6|
    |layer7_out_V_data_97_V_U   |        0|   5|   0|    -|     1|    6|        6|
    |layer7_out_V_data_98_V_U   |        0|   5|   0|    -|     1|    6|        6|
    |layer7_out_V_data_99_V_U   |        0|   5|   0|    -|     1|    6|        6|
    |layer7_out_V_data_9_V_U    |        0|   5|   0|    -|     1|    6|        6|
    |layer8_out_V_data_0_V_U    |        0|   5|   0|    -|     1|   16|       16|
    +---------------------------+---------+----+----+-----+------+-----+---------+
    |Total                      |        0|1477|   0|    0|  1793| 1872|    12048|
    +---------------------------+---------+----+----+-----+------+-----+---------+

    * Expression: 
    +-----------------------------------------------------------------+----------+-------+---+----+------------+------------+
    |                          Variable Name                          | Operation| DSP48E| FF| LUT| Bitwidth P0| Bitwidth P1|
    +-----------------------------------------------------------------+----------+-------+---+----+------------+------------+
    |Block_proc_U0_ap_ready_count                                     |     +    |      0|  0|  10|           2|           1|
    |conv_2d_cl_array_array_ap_fixed_32u_config2_U0_ap_ready_count    |     +    |      0|  0|  10|           2|           1|
    |Block_proc_U0_ap_start                                           |    and   |      0|  0|   2|           1|           1|
    |ap_idle                                                          |    and   |      0|  0|   2|           1|           1|
    |ap_sync_done                                                     |    and   |      0|  0|   2|           1|           1|
    |ap_sync_ready                                                    |    and   |      0|  0|   2|           1|           1|
    |conv_2d_cl_array_array_ap_fixed_32u_config2_U0_ap_start          |    and   |      0|  0|   2|           1|           1|
    |ap_sync_Block_proc_U0_ap_ready                                   |    or    |      0|  0|   2|           1|           1|
    |ap_sync_conv_2d_cl_array_array_ap_fixed_32u_config2_U0_ap_ready  |    or    |      0|  0|   2|           1|           1|
    +-----------------------------------------------------------------+----------+-------+---+----+------------+------------+
    |Total                                                            |          |      0|  0|  34|          11|           9|
    +-----------------------------------------------------------------+----------+-------+---+----+------------+------------+

    * Multiplexer: 
    +---------------------------------------------------------------------+----+-----------+-----+-----------+
    |                                 Name                                | LUT| Input Size| Bits| Total Bits|
    +---------------------------------------------------------------------+----+-----------+-----+-----------+
    |Block_proc_U0_ap_ready_count                                         |   9|          2|    2|          4|
    |ap_sync_reg_Block_proc_U0_ap_ready                                   |   9|          2|    1|          2|
    |ap_sync_reg_conv_2d_cl_array_array_ap_fixed_32u_config2_U0_ap_ready  |   9|          2|    1|          2|
    |conv_2d_cl_array_array_ap_fixed_32u_config2_U0_ap_ready_count        |   9|          2|    2|          4|
    +---------------------------------------------------------------------+----+-----------+-----+-----------+
    |Total                                                                |  36|          8|    6|         12|
    +---------------------------------------------------------------------+----+-----------+-----+-----------+

    * Register: 
    +---------------------------------------------------------------------+---+----+-----+-----------+
    |                                 Name                                | FF| LUT| Bits| Const Bits|
    +---------------------------------------------------------------------+---+----+-----+-----------+
    |Block_proc_U0_ap_ready_count                                         |  2|   0|    2|          0|
    |ap_sync_reg_Block_proc_U0_ap_ready                                   |  1|   0|    1|          0|
    |ap_sync_reg_conv_2d_cl_array_array_ap_fixed_32u_config2_U0_ap_ready  |  1|   0|    1|          0|
    |conv_2d_cl_array_array_ap_fixed_32u_config2_U0_ap_ready_count        |  2|   0|    2|          0|
    +---------------------------------------------------------------------+---+----+-----+-----------+
    |Total                                                                |  6|   0|    6|          0|
    +---------------------------------------------------------------------+---+----+-----+-----------+



================================================================
== Interface
================================================================
* Summary: 
+------------------------------+-----+-----+------------+-----------------------+--------------+
|           RTL Ports          | Dir | Bits|  Protocol  |     Source Object     |    C Type    |
+------------------------------+-----+-----+------------+-----------------------+--------------+
|input_1_V_data_0_V_TDATA      |  in |   16|    axis    |   input_1_V_data_0_V  |    pointer   |
|input_1_V_data_0_V_TVALID     |  in |    1|    axis    |   input_1_V_data_0_V  |    pointer   |
|input_1_V_data_0_V_TREADY     | out |    1|    axis    |   input_1_V_data_0_V  |    pointer   |
|layer9_out_V_data_0_V_TDATA   | out |   16|    axis    | layer9_out_V_data_0_V |    pointer   |
|layer9_out_V_data_0_V_TVALID  | out |    1|    axis    | layer9_out_V_data_0_V |    pointer   |
|layer9_out_V_data_0_V_TREADY  |  in |    1|    axis    | layer9_out_V_data_0_V |    pointer   |
|const_size_in_1               | out |   16|   ap_vld   |    const_size_in_1    |    pointer   |
|const_size_in_1_ap_vld        | out |    1|   ap_vld   |    const_size_in_1    |    pointer   |
|const_size_out_1              | out |   16|   ap_vld   |    const_size_out_1   |    pointer   |
|const_size_out_1_ap_vld       | out |    1|   ap_vld   |    const_size_out_1   |    pointer   |
|ap_clk                        |  in |    1| ap_ctrl_hs |       myproject       | return value |
|ap_rst_n                      |  in |    1| ap_ctrl_hs |       myproject       | return value |
|ap_start                      |  in |    1| ap_ctrl_hs |       myproject       | return value |
|ap_done                       | out |    1| ap_ctrl_hs |       myproject       | return value |
|ap_ready                      | out |    1| ap_ctrl_hs |       myproject       | return value |
|ap_idle                       | out |    1| ap_ctrl_hs |       myproject       | return value |
+------------------------------+-----+-----+------------+-----------------------+--------------+

