

================================================================
== Vivado HLS Report for 'relu_array_array_ap_ufixed_32u_relu_config4_s'
================================================================
* Date:           Tue Feb 21 11:21:40 2023

* Version:        2019.2 (Build 2704478 on Wed Nov 06 22:10:23 MST 2019)
* Project:        myproject_prj
* Solution:       solution1
* Product family: zynq
* Target device:  xc7z020-clg484-1


================================================================
== Performance Estimates
================================================================
+ Timing: 
    * Summary: 
    +--------+----------+----------+------------+
    |  Clock |  Target  | Estimated| Uncertainty|
    +--------+----------+----------+------------+
    |ap_clk  | 10.00 ns | 6.248 ns |   1.25 ns  |
    +--------+----------+----------+------------+

+ Latency: 
    * Summary: 
    +---------+---------+----------+----------+-----+-----+---------+
    |  Latency (cycles) |  Latency (absolute) |  Interval | Pipeline|
    |   min   |   max   |    min   |    max   | min | max |   Type  |
    +---------+---------+----------+----------+-----+-----+---------+
    |       19|       19| 0.190 us | 0.190 us |   19|   19|   none  |
    +---------+---------+----------+----------+-----+-----+---------+

    + Detail: 
        * Instance: 
        N/A

        * Loop: 
        +---------------+---------+---------+----------+-----------+-----------+------+----------+
        |               |  Latency (cycles) | Iteration|  Initiation Interval  | Trip |          |
        |   Loop Name   |   min   |   max   |  Latency |  achieved |   target  | Count| Pipelined|
        +---------------+---------+---------+----------+-----------+-----------+------+----------+
        |- ReLUActLoop  |       17|       17|         3|          1|          1|    16|    yes   |
        +---------------+---------+---------+----------+-----------+-----------+------+----------+



================================================================
== Utilization Estimates
================================================================
* Summary: 
+-----------------+---------+-------+--------+-------+-----+
|       Name      | BRAM_18K| DSP48E|   FF   |  LUT  | URAM|
+-----------------+---------+-------+--------+-------+-----+
|DSP              |        -|      -|       -|      -|    -|
|Expression       |        -|      -|       0|    586|    -|
|FIFO             |        -|      -|       -|      -|    -|
|Instance         |        -|      -|       -|      -|    -|
|Memory           |        -|      -|       -|      -|    -|
|Multiplexer      |        -|      -|       -|    642|    -|
|Register         |        -|      -|     207|      -|    -|
+-----------------+---------+-------+--------+-------+-----+
|Total            |        0|      0|     207|   1228|    0|
+-----------------+---------+-------+--------+-------+-----+
|Available        |      280|    220|  106400|  53200|    0|
+-----------------+---------+-------+--------+-------+-----+
|Utilization (%)  |        0|      0|   ~0   |      2|    0|
+-----------------+---------+-------+--------+-------+-----+

+ Detail: 
    * Instance: 
    N/A

    * DSP48E: 
    N/A

    * Memory: 
    N/A

    * FIFO: 
    N/A

    * Expression: 
    +----------------------------------+----------+-------+---+----+------------+------------+
    |           Variable Name          | Operation| DSP48E| FF| LUT| Bitwidth P0| Bitwidth P1|
    +----------------------------------+----------+-------+---+----+------------+------------+
    |i_fu_1123_p2                      |     +    |      0|  0|  15|           5|           1|
    |ap_block_state3_pp0_stage0_iter1  |    and   |      0|  0|   2|           1|           1|
    |ap_block_state4_pp0_stage0_iter2  |    and   |      0|  0|   2|           1|           1|
    |io_acc_block_signal_op176         |    and   |      0|  0|   2|           1|           1|
    |io_acc_block_signal_op76          |    and   |      0|  0|   2|           1|           1|
    |icmp_ln1494_10_fu_1387_p2         |   icmp   |      0|  0|  11|           6|           1|
    |icmp_ln1494_11_fu_1400_p2         |   icmp   |      0|  0|  11|           6|           1|
    |icmp_ln1494_12_fu_1413_p2         |   icmp   |      0|  0|  11|           6|           1|
    |icmp_ln1494_13_fu_1426_p2         |   icmp   |      0|  0|  11|           6|           1|
    |icmp_ln1494_14_fu_1439_p2         |   icmp   |      0|  0|  11|           6|           1|
    |icmp_ln1494_15_fu_1452_p2         |   icmp   |      0|  0|  11|           6|           1|
    |icmp_ln1494_16_fu_1465_p2         |   icmp   |      0|  0|  11|           6|           1|
    |icmp_ln1494_17_fu_1478_p2         |   icmp   |      0|  0|  11|           6|           1|
    |icmp_ln1494_18_fu_1491_p2         |   icmp   |      0|  0|  11|           6|           1|
    |icmp_ln1494_19_fu_1504_p2         |   icmp   |      0|  0|  11|           6|           1|
    |icmp_ln1494_1_fu_1270_p2          |   icmp   |      0|  0|  11|           6|           1|
    |icmp_ln1494_20_fu_1517_p2         |   icmp   |      0|  0|  11|           6|           1|
    |icmp_ln1494_21_fu_1530_p2         |   icmp   |      0|  0|  11|           6|           1|
    |icmp_ln1494_22_fu_1543_p2         |   icmp   |      0|  0|  11|           6|           1|
    |icmp_ln1494_23_fu_1556_p2         |   icmp   |      0|  0|  11|           6|           1|
    |icmp_ln1494_24_fu_1569_p2         |   icmp   |      0|  0|  11|           6|           1|
    |icmp_ln1494_25_fu_1582_p2         |   icmp   |      0|  0|  11|           6|           1|
    |icmp_ln1494_26_fu_1595_p2         |   icmp   |      0|  0|  11|           6|           1|
    |icmp_ln1494_27_fu_1608_p2         |   icmp   |      0|  0|  11|           6|           1|
    |icmp_ln1494_28_fu_1621_p2         |   icmp   |      0|  0|  11|           6|           1|
    |icmp_ln1494_29_fu_1634_p2         |   icmp   |      0|  0|  11|           6|           1|
    |icmp_ln1494_2_fu_1283_p2          |   icmp   |      0|  0|  11|           6|           1|
    |icmp_ln1494_30_fu_1647_p2         |   icmp   |      0|  0|  11|           6|           1|
    |icmp_ln1494_31_fu_1660_p2         |   icmp   |      0|  0|  11|           6|           1|
    |icmp_ln1494_3_fu_1296_p2          |   icmp   |      0|  0|  11|           6|           1|
    |icmp_ln1494_4_fu_1309_p2          |   icmp   |      0|  0|  11|           6|           1|
    |icmp_ln1494_5_fu_1322_p2          |   icmp   |      0|  0|  11|           6|           1|
    |icmp_ln1494_6_fu_1335_p2          |   icmp   |      0|  0|  11|           6|           1|
    |icmp_ln1494_7_fu_1348_p2          |   icmp   |      0|  0|  11|           6|           1|
    |icmp_ln1494_8_fu_1361_p2          |   icmp   |      0|  0|  11|           6|           1|
    |icmp_ln1494_9_fu_1374_p2          |   icmp   |      0|  0|  11|           6|           1|
    |icmp_ln1494_fu_1257_p2            |   icmp   |      0|  0|  11|           6|           1|
    |icmp_ln60_fu_1117_p2              |   icmp   |      0|  0|  11|           5|           6|
    |ap_block_pp0_stage0_01001         |    or    |      0|  0|   2|           1|           1|
    |ap_block_state1                   |    or    |      0|  0|   2|           1|           1|
    |res_V_data_0_V_din                |  select  |      0|  0|   6|           1|           6|
    |res_V_data_10_V_din               |  select  |      0|  0|   6|           1|           6|
    |res_V_data_11_V_din               |  select  |      0|  0|   6|           1|           6|
    |res_V_data_12_V_din               |  select  |      0|  0|   6|           1|           6|
    |res_V_data_13_V_din               |  select  |      0|  0|   6|           1|           6|
    |res_V_data_14_V_din               |  select  |      0|  0|   6|           1|           6|
    |res_V_data_15_V_din               |  select  |      0|  0|   6|           1|           6|
    |res_V_data_16_V_din               |  select  |      0|  0|   6|           1|           6|
    |res_V_data_17_V_din               |  select  |      0|  0|   6|           1|           6|
    |res_V_data_18_V_din               |  select  |      0|  0|   6|           1|           6|
    |res_V_data_19_V_din               |  select  |      0|  0|   6|           1|           6|
    |res_V_data_1_V_din                |  select  |      0|  0|   6|           1|           6|
    |res_V_data_20_V_din               |  select  |      0|  0|   6|           1|           6|
    |res_V_data_21_V_din               |  select  |      0|  0|   6|           1|           6|
    |res_V_data_22_V_din               |  select  |      0|  0|   6|           1|           6|
    |res_V_data_23_V_din               |  select  |      0|  0|   6|           1|           6|
    |res_V_data_24_V_din               |  select  |      0|  0|   6|           1|           6|
    |res_V_data_25_V_din               |  select  |      0|  0|   6|           1|           6|
    |res_V_data_26_V_din               |  select  |      0|  0|   6|           1|           6|
    |res_V_data_27_V_din               |  select  |      0|  0|   6|           1|           6|
    |res_V_data_28_V_din               |  select  |      0|  0|   6|           1|           6|
    |res_V_data_29_V_din               |  select  |      0|  0|   6|           1|           6|
    |res_V_data_2_V_din                |  select  |      0|  0|   6|           1|           6|
    |res_V_data_30_V_din               |  select  |      0|  0|   6|           1|           6|
    |res_V_data_31_V_din               |  select  |      0|  0|   6|           1|           6|
    |res_V_data_3_V_din                |  select  |      0|  0|   6|           1|           6|
    |res_V_data_4_V_din                |  select  |      0|  0|   6|           1|           6|
    |res_V_data_5_V_din                |  select  |      0|  0|   6|           1|           6|
    |res_V_data_6_V_din                |  select  |      0|  0|   6|           1|           6|
    |res_V_data_7_V_din                |  select  |      0|  0|   6|           1|           6|
    |res_V_data_8_V_din                |  select  |      0|  0|   6|           1|           6|
    |res_V_data_9_V_din                |  select  |      0|  0|   6|           1|           6|
    |ap_enable_pp0                     |    xor   |      0|  0|   2|           1|           2|
    |ap_enable_reg_pp0_iter1           |    xor   |      0|  0|   2|           2|           1|
    +----------------------------------+----------+-------+---+----+------------+------------+
    |Total                             |          |      0|  0| 586|         243|         240|
    +----------------------------------+----------+-------+---+----+------------+------------+

    * Multiplexer: 
    +-------------------------+----+-----------+-----+-----------+
    |           Name          | LUT| Input Size| Bits| Total Bits|
    +-------------------------+----+-----------+-----+-----------+
    |ap_NS_fsm                |  21|          4|    1|          4|
    |ap_done                  |   9|          2|    1|          2|
    |ap_enable_reg_pp0_iter1  |   9|          2|    1|          2|
    |ap_enable_reg_pp0_iter2  |   9|          2|    1|          2|
    |data_V_data_0_V_blk_n    |   9|          2|    1|          2|
    |data_V_data_10_V_blk_n   |   9|          2|    1|          2|
    |data_V_data_11_V_blk_n   |   9|          2|    1|          2|
    |data_V_data_12_V_blk_n   |   9|          2|    1|          2|
    |data_V_data_13_V_blk_n   |   9|          2|    1|          2|
    |data_V_data_14_V_blk_n   |   9|          2|    1|          2|
    |data_V_data_15_V_blk_n   |   9|          2|    1|          2|
    |data_V_data_16_V_blk_n   |   9|          2|    1|          2|
    |data_V_data_17_V_blk_n   |   9|          2|    1|          2|
    |data_V_data_18_V_blk_n   |   9|          2|    1|          2|
    |data_V_data_19_V_blk_n   |   9|          2|    1|          2|
    |data_V_data_1_V_blk_n    |   9|          2|    1|          2|
    |data_V_data_20_V_blk_n   |   9|          2|    1|          2|
    |data_V_data_21_V_blk_n   |   9|          2|    1|          2|
    |data_V_data_22_V_blk_n   |   9|          2|    1|          2|
    |data_V_data_23_V_blk_n   |   9|          2|    1|          2|
    |data_V_data_24_V_blk_n   |   9|          2|    1|          2|
    |data_V_data_25_V_blk_n   |   9|          2|    1|          2|
    |data_V_data_26_V_blk_n   |   9|          2|    1|          2|
    |data_V_data_27_V_blk_n   |   9|          2|    1|          2|
    |data_V_data_28_V_blk_n   |   9|          2|    1|          2|
    |data_V_data_29_V_blk_n   |   9|          2|    1|          2|
    |data_V_data_2_V_blk_n    |   9|          2|    1|          2|
    |data_V_data_30_V_blk_n   |   9|          2|    1|          2|
    |data_V_data_31_V_blk_n   |   9|          2|    1|          2|
    |data_V_data_3_V_blk_n    |   9|          2|    1|          2|
    |data_V_data_4_V_blk_n    |   9|          2|    1|          2|
    |data_V_data_5_V_blk_n    |   9|          2|    1|          2|
    |data_V_data_6_V_blk_n    |   9|          2|    1|          2|
    |data_V_data_7_V_blk_n    |   9|          2|    1|          2|
    |data_V_data_8_V_blk_n    |   9|          2|    1|          2|
    |data_V_data_9_V_blk_n    |   9|          2|    1|          2|
    |i_0_reg_1106             |   9|          2|    5|         10|
    |real_start               |   9|          2|    1|          2|
    |res_V_data_0_V_blk_n     |   9|          2|    1|          2|
    |res_V_data_10_V_blk_n    |   9|          2|    1|          2|
    |res_V_data_11_V_blk_n    |   9|          2|    1|          2|
    |res_V_data_12_V_blk_n    |   9|          2|    1|          2|
    |res_V_data_13_V_blk_n    |   9|          2|    1|          2|
    |res_V_data_14_V_blk_n    |   9|          2|    1|          2|
    |res_V_data_15_V_blk_n    |   9|          2|    1|          2|
    |res_V_data_16_V_blk_n    |   9|          2|    1|          2|
    |res_V_data_17_V_blk_n    |   9|          2|    1|          2|
    |res_V_data_18_V_blk_n    |   9|          2|    1|          2|
    |res_V_data_19_V_blk_n    |   9|          2|    1|          2|
    |res_V_data_1_V_blk_n     |   9|          2|    1|          2|
    |res_V_data_20_V_blk_n    |   9|          2|    1|          2|
    |res_V_data_21_V_blk_n    |   9|          2|    1|          2|
    |res_V_data_22_V_blk_n    |   9|          2|    1|          2|
    |res_V_data_23_V_blk_n    |   9|          2|    1|          2|
    |res_V_data_24_V_blk_n    |   9|          2|    1|          2|
    |res_V_data_25_V_blk_n    |   9|          2|    1|          2|
    |res_V_data_26_V_blk_n    |   9|          2|    1|          2|
    |res_V_data_27_V_blk_n    |   9|          2|    1|          2|
    |res_V_data_28_V_blk_n    |   9|          2|    1|          2|
    |res_V_data_29_V_blk_n    |   9|          2|    1|          2|
    |res_V_data_2_V_blk_n     |   9|          2|    1|          2|
    |res_V_data_30_V_blk_n    |   9|          2|    1|          2|
    |res_V_data_31_V_blk_n    |   9|          2|    1|          2|
    |res_V_data_3_V_blk_n     |   9|          2|    1|          2|
    |res_V_data_4_V_blk_n     |   9|          2|    1|          2|
    |res_V_data_5_V_blk_n     |   9|          2|    1|          2|
    |res_V_data_6_V_blk_n     |   9|          2|    1|          2|
    |res_V_data_7_V_blk_n     |   9|          2|    1|          2|
    |res_V_data_8_V_blk_n     |   9|          2|    1|          2|
    |res_V_data_9_V_blk_n     |   9|          2|    1|          2|
    +-------------------------+----+-----------+-----+-----------+
    |Total                    | 642|        142|   74|        150|
    +-------------------------+----+-----------+-----+-----------+

    * Register: 
    +----------------------------------+---+----+-----+-----------+
    |               Name               | FF| LUT| Bits| Const Bits|
    +----------------------------------+---+----+-----+-----------+
    |ap_CS_fsm                         |  3|   0|    3|          0|
    |ap_done_reg                       |  1|   0|    1|          0|
    |ap_enable_reg_pp0_iter0           |  1|   0|    1|          0|
    |ap_enable_reg_pp0_iter1           |  1|   0|    1|          0|
    |ap_enable_reg_pp0_iter2           |  1|   0|    1|          0|
    |i_0_reg_1106                      |  5|   0|    5|          0|
    |icmp_ln60_reg_1673                |  1|   0|    1|          0|
    |icmp_ln60_reg_1673_pp0_iter1_reg  |  1|   0|    1|          0|
    |start_once_reg                    |  1|   0|    1|          0|
    |tmp_data_V_0_reg_1682             |  6|   0|    6|          0|
    |tmp_data_V_10_reg_1742            |  6|   0|    6|          0|
    |tmp_data_V_11_reg_1748            |  6|   0|    6|          0|
    |tmp_data_V_12_reg_1754            |  6|   0|    6|          0|
    |tmp_data_V_13_reg_1760            |  6|   0|    6|          0|
    |tmp_data_V_140_reg_1688           |  6|   0|    6|          0|
    |tmp_data_V_14_reg_1766            |  6|   0|    6|          0|
    |tmp_data_V_15_reg_1772            |  6|   0|    6|          0|
    |tmp_data_V_16_reg_1778            |  6|   0|    6|          0|
    |tmp_data_V_17_reg_1784            |  6|   0|    6|          0|
    |tmp_data_V_18_reg_1790            |  6|   0|    6|          0|
    |tmp_data_V_19_reg_1796            |  6|   0|    6|          0|
    |tmp_data_V_20_reg_1802            |  6|   0|    6|          0|
    |tmp_data_V_21_reg_1808            |  6|   0|    6|          0|
    |tmp_data_V_22_reg_1814            |  6|   0|    6|          0|
    |tmp_data_V_23_reg_1820            |  6|   0|    6|          0|
    |tmp_data_V_24_reg_1826            |  6|   0|    6|          0|
    |tmp_data_V_25_reg_1832            |  6|   0|    6|          0|
    |tmp_data_V_26_reg_1838            |  6|   0|    6|          0|
    |tmp_data_V_27_reg_1844            |  6|   0|    6|          0|
    |tmp_data_V_28_reg_1850            |  6|   0|    6|          0|
    |tmp_data_V_29_reg_1856            |  6|   0|    6|          0|
    |tmp_data_V_2_reg_1694             |  6|   0|    6|          0|
    |tmp_data_V_30_reg_1862            |  6|   0|    6|          0|
    |tmp_data_V_31_reg_1868            |  6|   0|    6|          0|
    |tmp_data_V_3_reg_1700             |  6|   0|    6|          0|
    |tmp_data_V_4_reg_1706             |  6|   0|    6|          0|
    |tmp_data_V_5_reg_1712             |  6|   0|    6|          0|
    |tmp_data_V_6_reg_1718             |  6|   0|    6|          0|
    |tmp_data_V_7_reg_1724             |  6|   0|    6|          0|
    |tmp_data_V_8_reg_1730             |  6|   0|    6|          0|
    |tmp_data_V_9_reg_1736             |  6|   0|    6|          0|
    +----------------------------------+---+----+-----+-----------+
    |Total                             |207|   0|  207|          0|
    +----------------------------------+---+----+-----+-----------+



================================================================
== Interface
================================================================
* Summary: 
+--------------------------+-----+-----+------------+-----------------------------------------------+--------------+
|         RTL Ports        | Dir | Bits|  Protocol  |                 Source Object                 |    C Type    |
+--------------------------+-----+-----+------------+-----------------------------------------------+--------------+
|ap_clk                    |  in |    1| ap_ctrl_hs | relu<array,array<ap_ufixed,32u>,relu_config4> | return value |
|ap_rst                    |  in |    1| ap_ctrl_hs | relu<array,array<ap_ufixed,32u>,relu_config4> | return value |
|ap_start                  |  in |    1| ap_ctrl_hs | relu<array,array<ap_ufixed,32u>,relu_config4> | return value |
|start_full_n              |  in |    1| ap_ctrl_hs | relu<array,array<ap_ufixed,32u>,relu_config4> | return value |
|ap_done                   | out |    1| ap_ctrl_hs | relu<array,array<ap_ufixed,32u>,relu_config4> | return value |
|ap_continue               |  in |    1| ap_ctrl_hs | relu<array,array<ap_ufixed,32u>,relu_config4> | return value |
|ap_idle                   | out |    1| ap_ctrl_hs | relu<array,array<ap_ufixed,32u>,relu_config4> | return value |
|ap_ready                  | out |    1| ap_ctrl_hs | relu<array,array<ap_ufixed,32u>,relu_config4> | return value |
|start_out                 | out |    1| ap_ctrl_hs | relu<array,array<ap_ufixed,32u>,relu_config4> | return value |
|start_write               | out |    1| ap_ctrl_hs | relu<array,array<ap_ufixed,32u>,relu_config4> | return value |
|data_V_data_0_V_dout      |  in |    6|   ap_fifo  |                data_V_data_0_V                |    pointer   |
|data_V_data_0_V_empty_n   |  in |    1|   ap_fifo  |                data_V_data_0_V                |    pointer   |
|data_V_data_0_V_read      | out |    1|   ap_fifo  |                data_V_data_0_V                |    pointer   |
|data_V_data_1_V_dout      |  in |    6|   ap_fifo  |                data_V_data_1_V                |    pointer   |
|data_V_data_1_V_empty_n   |  in |    1|   ap_fifo  |                data_V_data_1_V                |    pointer   |
|data_V_data_1_V_read      | out |    1|   ap_fifo  |                data_V_data_1_V                |    pointer   |
|data_V_data_2_V_dout      |  in |    6|   ap_fifo  |                data_V_data_2_V                |    pointer   |
|data_V_data_2_V_empty_n   |  in |    1|   ap_fifo  |                data_V_data_2_V                |    pointer   |
|data_V_data_2_V_read      | out |    1|   ap_fifo  |                data_V_data_2_V                |    pointer   |
|data_V_data_3_V_dout      |  in |    6|   ap_fifo  |                data_V_data_3_V                |    pointer   |
|data_V_data_3_V_empty_n   |  in |    1|   ap_fifo  |                data_V_data_3_V                |    pointer   |
|data_V_data_3_V_read      | out |    1|   ap_fifo  |                data_V_data_3_V                |    pointer   |
|data_V_data_4_V_dout      |  in |    6|   ap_fifo  |                data_V_data_4_V                |    pointer   |
|data_V_data_4_V_empty_n   |  in |    1|   ap_fifo  |                data_V_data_4_V                |    pointer   |
|data_V_data_4_V_read      | out |    1|   ap_fifo  |                data_V_data_4_V                |    pointer   |
|data_V_data_5_V_dout      |  in |    6|   ap_fifo  |                data_V_data_5_V                |    pointer   |
|data_V_data_5_V_empty_n   |  in |    1|   ap_fifo  |                data_V_data_5_V                |    pointer   |
|data_V_data_5_V_read      | out |    1|   ap_fifo  |                data_V_data_5_V                |    pointer   |
|data_V_data_6_V_dout      |  in |    6|   ap_fifo  |                data_V_data_6_V                |    pointer   |
|data_V_data_6_V_empty_n   |  in |    1|   ap_fifo  |                data_V_data_6_V                |    pointer   |
|data_V_data_6_V_read      | out |    1|   ap_fifo  |                data_V_data_6_V                |    pointer   |
|data_V_data_7_V_dout      |  in |    6|   ap_fifo  |                data_V_data_7_V                |    pointer   |
|data_V_data_7_V_empty_n   |  in |    1|   ap_fifo  |                data_V_data_7_V                |    pointer   |
|data_V_data_7_V_read      | out |    1|   ap_fifo  |                data_V_data_7_V                |    pointer   |
|data_V_data_8_V_dout      |  in |    6|   ap_fifo  |                data_V_data_8_V                |    pointer   |
|data_V_data_8_V_empty_n   |  in |    1|   ap_fifo  |                data_V_data_8_V                |    pointer   |
|data_V_data_8_V_read      | out |    1|   ap_fifo  |                data_V_data_8_V                |    pointer   |
|data_V_data_9_V_dout      |  in |    6|   ap_fifo  |                data_V_data_9_V                |    pointer   |
|data_V_data_9_V_empty_n   |  in |    1|   ap_fifo  |                data_V_data_9_V                |    pointer   |
|data_V_data_9_V_read      | out |    1|   ap_fifo  |                data_V_data_9_V                |    pointer   |
|data_V_data_10_V_dout     |  in |    6|   ap_fifo  |                data_V_data_10_V               |    pointer   |
|data_V_data_10_V_empty_n  |  in |    1|   ap_fifo  |                data_V_data_10_V               |    pointer   |
|data_V_data_10_V_read     | out |    1|   ap_fifo  |                data_V_data_10_V               |    pointer   |
|data_V_data_11_V_dout     |  in |    6|   ap_fifo  |                data_V_data_11_V               |    pointer   |
|data_V_data_11_V_empty_n  |  in |    1|   ap_fifo  |                data_V_data_11_V               |    pointer   |
|data_V_data_11_V_read     | out |    1|   ap_fifo  |                data_V_data_11_V               |    pointer   |
|data_V_data_12_V_dout     |  in |    6|   ap_fifo  |                data_V_data_12_V               |    pointer   |
|data_V_data_12_V_empty_n  |  in |    1|   ap_fifo  |                data_V_data_12_V               |    pointer   |
|data_V_data_12_V_read     | out |    1|   ap_fifo  |                data_V_data_12_V               |    pointer   |
|data_V_data_13_V_dout     |  in |    6|   ap_fifo  |                data_V_data_13_V               |    pointer   |
|data_V_data_13_V_empty_n  |  in |    1|   ap_fifo  |                data_V_data_13_V               |    pointer   |
|data_V_data_13_V_read     | out |    1|   ap_fifo  |                data_V_data_13_V               |    pointer   |
|data_V_data_14_V_dout     |  in |    6|   ap_fifo  |                data_V_data_14_V               |    pointer   |
|data_V_data_14_V_empty_n  |  in |    1|   ap_fifo  |                data_V_data_14_V               |    pointer   |
|data_V_data_14_V_read     | out |    1|   ap_fifo  |                data_V_data_14_V               |    pointer   |
|data_V_data_15_V_dout     |  in |    6|   ap_fifo  |                data_V_data_15_V               |    pointer   |
|data_V_data_15_V_empty_n  |  in |    1|   ap_fifo  |                data_V_data_15_V               |    pointer   |
|data_V_data_15_V_read     | out |    1|   ap_fifo  |                data_V_data_15_V               |    pointer   |
|data_V_data_16_V_dout     |  in |    6|   ap_fifo  |                data_V_data_16_V               |    pointer   |
|data_V_data_16_V_empty_n  |  in |    1|   ap_fifo  |                data_V_data_16_V               |    pointer   |
|data_V_data_16_V_read     | out |    1|   ap_fifo  |                data_V_data_16_V               |    pointer   |
|data_V_data_17_V_dout     |  in |    6|   ap_fifo  |                data_V_data_17_V               |    pointer   |
|data_V_data_17_V_empty_n  |  in |    1|   ap_fifo  |                data_V_data_17_V               |    pointer   |
|data_V_data_17_V_read     | out |    1|   ap_fifo  |                data_V_data_17_V               |    pointer   |
|data_V_data_18_V_dout     |  in |    6|   ap_fifo  |                data_V_data_18_V               |    pointer   |
|data_V_data_18_V_empty_n  |  in |    1|   ap_fifo  |                data_V_data_18_V               |    pointer   |
|data_V_data_18_V_read     | out |    1|   ap_fifo  |                data_V_data_18_V               |    pointer   |
|data_V_data_19_V_dout     |  in |    6|   ap_fifo  |                data_V_data_19_V               |    pointer   |
|data_V_data_19_V_empty_n  |  in |    1|   ap_fifo  |                data_V_data_19_V               |    pointer   |
|data_V_data_19_V_read     | out |    1|   ap_fifo  |                data_V_data_19_V               |    pointer   |
|data_V_data_20_V_dout     |  in |    6|   ap_fifo  |                data_V_data_20_V               |    pointer   |
|data_V_data_20_V_empty_n  |  in |    1|   ap_fifo  |                data_V_data_20_V               |    pointer   |
|data_V_data_20_V_read     | out |    1|   ap_fifo  |                data_V_data_20_V               |    pointer   |
|data_V_data_21_V_dout     |  in |    6|   ap_fifo  |                data_V_data_21_V               |    pointer   |
|data_V_data_21_V_empty_n  |  in |    1|   ap_fifo  |                data_V_data_21_V               |    pointer   |
|data_V_data_21_V_read     | out |    1|   ap_fifo  |                data_V_data_21_V               |    pointer   |
|data_V_data_22_V_dout     |  in |    6|   ap_fifo  |                data_V_data_22_V               |    pointer   |
|data_V_data_22_V_empty_n  |  in |    1|   ap_fifo  |                data_V_data_22_V               |    pointer   |
|data_V_data_22_V_read     | out |    1|   ap_fifo  |                data_V_data_22_V               |    pointer   |
|data_V_data_23_V_dout     |  in |    6|   ap_fifo  |                data_V_data_23_V               |    pointer   |
|data_V_data_23_V_empty_n  |  in |    1|   ap_fifo  |                data_V_data_23_V               |    pointer   |
|data_V_data_23_V_read     | out |    1|   ap_fifo  |                data_V_data_23_V               |    pointer   |
|data_V_data_24_V_dout     |  in |    6|   ap_fifo  |                data_V_data_24_V               |    pointer   |
|data_V_data_24_V_empty_n  |  in |    1|   ap_fifo  |                data_V_data_24_V               |    pointer   |
|data_V_data_24_V_read     | out |    1|   ap_fifo  |                data_V_data_24_V               |    pointer   |
|data_V_data_25_V_dout     |  in |    6|   ap_fifo  |                data_V_data_25_V               |    pointer   |
|data_V_data_25_V_empty_n  |  in |    1|   ap_fifo  |                data_V_data_25_V               |    pointer   |
|data_V_data_25_V_read     | out |    1|   ap_fifo  |                data_V_data_25_V               |    pointer   |
|data_V_data_26_V_dout     |  in |    6|   ap_fifo  |                data_V_data_26_V               |    pointer   |
|data_V_data_26_V_empty_n  |  in |    1|   ap_fifo  |                data_V_data_26_V               |    pointer   |
|data_V_data_26_V_read     | out |    1|   ap_fifo  |                data_V_data_26_V               |    pointer   |
|data_V_data_27_V_dout     |  in |    6|   ap_fifo  |                data_V_data_27_V               |    pointer   |
|data_V_data_27_V_empty_n  |  in |    1|   ap_fifo  |                data_V_data_27_V               |    pointer   |
|data_V_data_27_V_read     | out |    1|   ap_fifo  |                data_V_data_27_V               |    pointer   |
|data_V_data_28_V_dout     |  in |    6|   ap_fifo  |                data_V_data_28_V               |    pointer   |
|data_V_data_28_V_empty_n  |  in |    1|   ap_fifo  |                data_V_data_28_V               |    pointer   |
|data_V_data_28_V_read     | out |    1|   ap_fifo  |                data_V_data_28_V               |    pointer   |
|data_V_data_29_V_dout     |  in |    6|   ap_fifo  |                data_V_data_29_V               |    pointer   |
|data_V_data_29_V_empty_n  |  in |    1|   ap_fifo  |                data_V_data_29_V               |    pointer   |
|data_V_data_29_V_read     | out |    1|   ap_fifo  |                data_V_data_29_V               |    pointer   |
|data_V_data_30_V_dout     |  in |    6|   ap_fifo  |                data_V_data_30_V               |    pointer   |
|data_V_data_30_V_empty_n  |  in |    1|   ap_fifo  |                data_V_data_30_V               |    pointer   |
|data_V_data_30_V_read     | out |    1|   ap_fifo  |                data_V_data_30_V               |    pointer   |
|data_V_data_31_V_dout     |  in |    6|   ap_fifo  |                data_V_data_31_V               |    pointer   |
|data_V_data_31_V_empty_n  |  in |    1|   ap_fifo  |                data_V_data_31_V               |    pointer   |
|data_V_data_31_V_read     | out |    1|   ap_fifo  |                data_V_data_31_V               |    pointer   |
|res_V_data_0_V_din        | out |    6|   ap_fifo  |                 res_V_data_0_V                |    pointer   |
|res_V_data_0_V_full_n     |  in |    1|   ap_fifo  |                 res_V_data_0_V                |    pointer   |
|res_V_data_0_V_write      | out |    1|   ap_fifo  |                 res_V_data_0_V                |    pointer   |
|res_V_data_1_V_din        | out |    6|   ap_fifo  |                 res_V_data_1_V                |    pointer   |
|res_V_data_1_V_full_n     |  in |    1|   ap_fifo  |                 res_V_data_1_V                |    pointer   |
|res_V_data_1_V_write      | out |    1|   ap_fifo  |                 res_V_data_1_V                |    pointer   |
|res_V_data_2_V_din        | out |    6|   ap_fifo  |                 res_V_data_2_V                |    pointer   |
|res_V_data_2_V_full_n     |  in |    1|   ap_fifo  |                 res_V_data_2_V                |    pointer   |
|res_V_data_2_V_write      | out |    1|   ap_fifo  |                 res_V_data_2_V                |    pointer   |
|res_V_data_3_V_din        | out |    6|   ap_fifo  |                 res_V_data_3_V                |    pointer   |
|res_V_data_3_V_full_n     |  in |    1|   ap_fifo  |                 res_V_data_3_V                |    pointer   |
|res_V_data_3_V_write      | out |    1|   ap_fifo  |                 res_V_data_3_V                |    pointer   |
|res_V_data_4_V_din        | out |    6|   ap_fifo  |                 res_V_data_4_V                |    pointer   |
|res_V_data_4_V_full_n     |  in |    1|   ap_fifo  |                 res_V_data_4_V                |    pointer   |
|res_V_data_4_V_write      | out |    1|   ap_fifo  |                 res_V_data_4_V                |    pointer   |
|res_V_data_5_V_din        | out |    6|   ap_fifo  |                 res_V_data_5_V                |    pointer   |
|res_V_data_5_V_full_n     |  in |    1|   ap_fifo  |                 res_V_data_5_V                |    pointer   |
|res_V_data_5_V_write      | out |    1|   ap_fifo  |                 res_V_data_5_V                |    pointer   |
|res_V_data_6_V_din        | out |    6|   ap_fifo  |                 res_V_data_6_V                |    pointer   |
|res_V_data_6_V_full_n     |  in |    1|   ap_fifo  |                 res_V_data_6_V                |    pointer   |
|res_V_data_6_V_write      | out |    1|   ap_fifo  |                 res_V_data_6_V                |    pointer   |
|res_V_data_7_V_din        | out |    6|   ap_fifo  |                 res_V_data_7_V                |    pointer   |
|res_V_data_7_V_full_n     |  in |    1|   ap_fifo  |                 res_V_data_7_V                |    pointer   |
|res_V_data_7_V_write      | out |    1|   ap_fifo  |                 res_V_data_7_V                |    pointer   |
|res_V_data_8_V_din        | out |    6|   ap_fifo  |                 res_V_data_8_V                |    pointer   |
|res_V_data_8_V_full_n     |  in |    1|   ap_fifo  |                 res_V_data_8_V                |    pointer   |
|res_V_data_8_V_write      | out |    1|   ap_fifo  |                 res_V_data_8_V                |    pointer   |
|res_V_data_9_V_din        | out |    6|   ap_fifo  |                 res_V_data_9_V                |    pointer   |
|res_V_data_9_V_full_n     |  in |    1|   ap_fifo  |                 res_V_data_9_V                |    pointer   |
|res_V_data_9_V_write      | out |    1|   ap_fifo  |                 res_V_data_9_V                |    pointer   |
|res_V_data_10_V_din       | out |    6|   ap_fifo  |                res_V_data_10_V                |    pointer   |
|res_V_data_10_V_full_n    |  in |    1|   ap_fifo  |                res_V_data_10_V                |    pointer   |
|res_V_data_10_V_write     | out |    1|   ap_fifo  |                res_V_data_10_V                |    pointer   |
|res_V_data_11_V_din       | out |    6|   ap_fifo  |                res_V_data_11_V                |    pointer   |
|res_V_data_11_V_full_n    |  in |    1|   ap_fifo  |                res_V_data_11_V                |    pointer   |
|res_V_data_11_V_write     | out |    1|   ap_fifo  |                res_V_data_11_V                |    pointer   |
|res_V_data_12_V_din       | out |    6|   ap_fifo  |                res_V_data_12_V                |    pointer   |
|res_V_data_12_V_full_n    |  in |    1|   ap_fifo  |                res_V_data_12_V                |    pointer   |
|res_V_data_12_V_write     | out |    1|   ap_fifo  |                res_V_data_12_V                |    pointer   |
|res_V_data_13_V_din       | out |    6|   ap_fifo  |                res_V_data_13_V                |    pointer   |
|res_V_data_13_V_full_n    |  in |    1|   ap_fifo  |                res_V_data_13_V                |    pointer   |
|res_V_data_13_V_write     | out |    1|   ap_fifo  |                res_V_data_13_V                |    pointer   |
|res_V_data_14_V_din       | out |    6|   ap_fifo  |                res_V_data_14_V                |    pointer   |
|res_V_data_14_V_full_n    |  in |    1|   ap_fifo  |                res_V_data_14_V                |    pointer   |
|res_V_data_14_V_write     | out |    1|   ap_fifo  |                res_V_data_14_V                |    pointer   |
|res_V_data_15_V_din       | out |    6|   ap_fifo  |                res_V_data_15_V                |    pointer   |
|res_V_data_15_V_full_n    |  in |    1|   ap_fifo  |                res_V_data_15_V                |    pointer   |
|res_V_data_15_V_write     | out |    1|   ap_fifo  |                res_V_data_15_V                |    pointer   |
|res_V_data_16_V_din       | out |    6|   ap_fifo  |                res_V_data_16_V                |    pointer   |
|res_V_data_16_V_full_n    |  in |    1|   ap_fifo  |                res_V_data_16_V                |    pointer   |
|res_V_data_16_V_write     | out |    1|   ap_fifo  |                res_V_data_16_V                |    pointer   |
|res_V_data_17_V_din       | out |    6|   ap_fifo  |                res_V_data_17_V                |    pointer   |
|res_V_data_17_V_full_n    |  in |    1|   ap_fifo  |                res_V_data_17_V                |    pointer   |
|res_V_data_17_V_write     | out |    1|   ap_fifo  |                res_V_data_17_V                |    pointer   |
|res_V_data_18_V_din       | out |    6|   ap_fifo  |                res_V_data_18_V                |    pointer   |
|res_V_data_18_V_full_n    |  in |    1|   ap_fifo  |                res_V_data_18_V                |    pointer   |
|res_V_data_18_V_write     | out |    1|   ap_fifo  |                res_V_data_18_V                |    pointer   |
|res_V_data_19_V_din       | out |    6|   ap_fifo  |                res_V_data_19_V                |    pointer   |
|res_V_data_19_V_full_n    |  in |    1|   ap_fifo  |                res_V_data_19_V                |    pointer   |
|res_V_data_19_V_write     | out |    1|   ap_fifo  |                res_V_data_19_V                |    pointer   |
|res_V_data_20_V_din       | out |    6|   ap_fifo  |                res_V_data_20_V                |    pointer   |
|res_V_data_20_V_full_n    |  in |    1|   ap_fifo  |                res_V_data_20_V                |    pointer   |
|res_V_data_20_V_write     | out |    1|   ap_fifo  |                res_V_data_20_V                |    pointer   |
|res_V_data_21_V_din       | out |    6|   ap_fifo  |                res_V_data_21_V                |    pointer   |
|res_V_data_21_V_full_n    |  in |    1|   ap_fifo  |                res_V_data_21_V                |    pointer   |
|res_V_data_21_V_write     | out |    1|   ap_fifo  |                res_V_data_21_V                |    pointer   |
|res_V_data_22_V_din       | out |    6|   ap_fifo  |                res_V_data_22_V                |    pointer   |
|res_V_data_22_V_full_n    |  in |    1|   ap_fifo  |                res_V_data_22_V                |    pointer   |
|res_V_data_22_V_write     | out |    1|   ap_fifo  |                res_V_data_22_V                |    pointer   |
|res_V_data_23_V_din       | out |    6|   ap_fifo  |                res_V_data_23_V                |    pointer   |
|res_V_data_23_V_full_n    |  in |    1|   ap_fifo  |                res_V_data_23_V                |    pointer   |
|res_V_data_23_V_write     | out |    1|   ap_fifo  |                res_V_data_23_V                |    pointer   |
|res_V_data_24_V_din       | out |    6|   ap_fifo  |                res_V_data_24_V                |    pointer   |
|res_V_data_24_V_full_n    |  in |    1|   ap_fifo  |                res_V_data_24_V                |    pointer   |
|res_V_data_24_V_write     | out |    1|   ap_fifo  |                res_V_data_24_V                |    pointer   |
|res_V_data_25_V_din       | out |    6|   ap_fifo  |                res_V_data_25_V                |    pointer   |
|res_V_data_25_V_full_n    |  in |    1|   ap_fifo  |                res_V_data_25_V                |    pointer   |
|res_V_data_25_V_write     | out |    1|   ap_fifo  |                res_V_data_25_V                |    pointer   |
|res_V_data_26_V_din       | out |    6|   ap_fifo  |                res_V_data_26_V                |    pointer   |
|res_V_data_26_V_full_n    |  in |    1|   ap_fifo  |                res_V_data_26_V                |    pointer   |
|res_V_data_26_V_write     | out |    1|   ap_fifo  |                res_V_data_26_V                |    pointer   |
|res_V_data_27_V_din       | out |    6|   ap_fifo  |                res_V_data_27_V                |    pointer   |
|res_V_data_27_V_full_n    |  in |    1|   ap_fifo  |                res_V_data_27_V                |    pointer   |
|res_V_data_27_V_write     | out |    1|   ap_fifo  |                res_V_data_27_V                |    pointer   |
|res_V_data_28_V_din       | out |    6|   ap_fifo  |                res_V_data_28_V                |    pointer   |
|res_V_data_28_V_full_n    |  in |    1|   ap_fifo  |                res_V_data_28_V                |    pointer   |
|res_V_data_28_V_write     | out |    1|   ap_fifo  |                res_V_data_28_V                |    pointer   |
|res_V_data_29_V_din       | out |    6|   ap_fifo  |                res_V_data_29_V                |    pointer   |
|res_V_data_29_V_full_n    |  in |    1|   ap_fifo  |                res_V_data_29_V                |    pointer   |
|res_V_data_29_V_write     | out |    1|   ap_fifo  |                res_V_data_29_V                |    pointer   |
|res_V_data_30_V_din       | out |    6|   ap_fifo  |                res_V_data_30_V                |    pointer   |
|res_V_data_30_V_full_n    |  in |    1|   ap_fifo  |                res_V_data_30_V                |    pointer   |
|res_V_data_30_V_write     | out |    1|   ap_fifo  |                res_V_data_30_V                |    pointer   |
|res_V_data_31_V_din       | out |    6|   ap_fifo  |                res_V_data_31_V                |    pointer   |
|res_V_data_31_V_full_n    |  in |    1|   ap_fifo  |                res_V_data_31_V                |    pointer   |
|res_V_data_31_V_write     | out |    1|   ap_fifo  |                res_V_data_31_V                |    pointer   |
+--------------------------+-----+-----+------------+-----------------------------------------------+--------------+

