

================================================================
== Vivado HLS Report for 'linear_array_array_ap_fixed_32u_linear_config3_s'
================================================================
* Date:           Tue Feb 21 11:21:28 2023

* Version:        2019.2 (Build 2704478 on Wed Nov 06 22:10:23 MST 2019)
* Project:        myproject_prj
* Solution:       solution1
* Product family: zynq
* Target device:  xc7z020-clg484-1


================================================================
== Performance Estimates
================================================================
+ Timing: 
    * Summary: 
    +--------+----------+----------+------------+
    |  Clock |  Target  | Estimated| Uncertainty|
    +--------+----------+----------+------------+
    |ap_clk  | 10.00 ns | 7.268 ns |   1.25 ns  |
    +--------+----------+----------+------------+

+ Latency: 
    * Summary: 
    +---------+---------+----------+----------+-----+-----+---------+
    |  Latency (cycles) |  Latency (absolute) |  Interval | Pipeline|
    |   min   |   max   |    min   |    max   | min | max |   Type  |
    +---------+---------+----------+----------+-----+-----+---------+
    |       18|       18| 0.180 us | 0.180 us |   18|   18|   none  |
    +---------+---------+----------+----------+-----+-----+---------+

    + Detail: 
        * Instance: 
        N/A

        * Loop: 
        +-----------------+---------+---------+----------+-----------+-----------+------+----------+
        |                 |  Latency (cycles) | Iteration|  Initiation Interval  | Trip |          |
        |    Loop Name    |   min   |   max   |  Latency |  achieved |   target  | Count| Pipelined|
        +-----------------+---------+---------+----------+-----------+-----------+------+----------+
        |- LinearActLoop  |       16|       16|         2|          1|          1|    16|    yes   |
        +-----------------+---------+---------+----------+-----------+-----------+------+----------+

============================================================
+ Verbose Summary: Synthesis Manager
============================================================
InlineROM: 1
ExposeGlobal: 0
============================================================
+ Verbose Summary: CDFG Model
============================================================
IsTopModel: 0
ResetActiveHigh: 1
IsCombinational: 2
IsDatapathOnly: 0
HasWiredReturn: 1
HasMFsm: 0
HasVarLatency: 1
IsPipeline: 0
IsRtlPipelined: 0
IsInstanceOverlapped: 0
IsDontTouch: 0
HasImplIP: 0
IsGatedGlobalClock: 0

+ Individual pipeline summary: 
  * Pipeline-0: initiation interval (II) = 1, depth = 2


============================================================
+ Verbose Summary: Schedule
============================================================
* Number of FSM states : 4
* Pipeline : 1
  Pipeline-0 : II = 1, D = 2, States = { 2 3 }
* Dataflow Pipeline: 0

* FSM state transitions: 
1 --> 2 
2 --> 4 3 
3 --> 2 
4 --> 

* FSM state operations: 

State 1 <SV = 0> <Delay = 1.76>
ST_1 : Operation 5 [1/1] (0.00ns)   --->   "call void (...)* @_ssdm_op_SpecInterface(i6* %res_V_data_31_V, [8 x i8]* @ap_fifo_str, i32 0, i32 0, [1 x i8]* @p_str659, i32 0, i32 0, [1 x i8]* @p_str660, [1 x i8]* @p_str661, [1 x i8]* @p_str662, i32 2, i32 2, i32 16, i32 16, [1 x i8]* @p_str663, [1 x i8]* @p_str664)"   --->   Operation 5 'specinterface' <Predicate = true> <Delay = 0.00>
ST_1 : Operation 6 [1/1] (0.00ns)   --->   "call void (...)* @_ssdm_op_SpecInterface(i6* %res_V_data_30_V, [8 x i8]* @ap_fifo_str, i32 0, i32 0, [1 x i8]* @p_str652, i32 0, i32 0, [1 x i8]* @p_str653, [1 x i8]* @p_str654, [1 x i8]* @p_str655, i32 2, i32 2, i32 16, i32 16, [1 x i8]* @p_str656, [1 x i8]* @p_str657)"   --->   Operation 6 'specinterface' <Predicate = true> <Delay = 0.00>
ST_1 : Operation 7 [1/1] (0.00ns)   --->   "call void (...)* @_ssdm_op_SpecInterface(i6* %res_V_data_29_V, [8 x i8]* @ap_fifo_str, i32 0, i32 0, [1 x i8]* @p_str645, i32 0, i32 0, [1 x i8]* @p_str646, [1 x i8]* @p_str647, [1 x i8]* @p_str648, i32 2, i32 2, i32 16, i32 16, [1 x i8]* @p_str649, [1 x i8]* @p_str650)"   --->   Operation 7 'specinterface' <Predicate = true> <Delay = 0.00>
ST_1 : Operation 8 [1/1] (0.00ns)   --->   "call void (...)* @_ssdm_op_SpecInterface(i6* %res_V_data_28_V, [8 x i8]* @ap_fifo_str, i32 0, i32 0, [1 x i8]* @p_str638, i32 0, i32 0, [1 x i8]* @p_str639, [1 x i8]* @p_str640, [1 x i8]* @p_str641, i32 2, i32 2, i32 16, i32 16, [1 x i8]* @p_str642, [1 x i8]* @p_str643)"   --->   Operation 8 'specinterface' <Predicate = true> <Delay = 0.00>
ST_1 : Operation 9 [1/1] (0.00ns)   --->   "call void (...)* @_ssdm_op_SpecInterface(i6* %res_V_data_27_V, [8 x i8]* @ap_fifo_str, i32 0, i32 0, [1 x i8]* @p_str631, i32 0, i32 0, [1 x i8]* @p_str632, [1 x i8]* @p_str633, [1 x i8]* @p_str634, i32 2, i32 2, i32 16, i32 16, [1 x i8]* @p_str635, [1 x i8]* @p_str636)"   --->   Operation 9 'specinterface' <Predicate = true> <Delay = 0.00>
ST_1 : Operation 10 [1/1] (0.00ns)   --->   "call void (...)* @_ssdm_op_SpecInterface(i6* %res_V_data_26_V, [8 x i8]* @ap_fifo_str, i32 0, i32 0, [1 x i8]* @p_str624, i32 0, i32 0, [1 x i8]* @p_str625, [1 x i8]* @p_str626, [1 x i8]* @p_str627, i32 2, i32 2, i32 16, i32 16, [1 x i8]* @p_str628, [1 x i8]* @p_str629)"   --->   Operation 10 'specinterface' <Predicate = true> <Delay = 0.00>
ST_1 : Operation 11 [1/1] (0.00ns)   --->   "call void (...)* @_ssdm_op_SpecInterface(i6* %res_V_data_25_V, [8 x i8]* @ap_fifo_str, i32 0, i32 0, [1 x i8]* @p_str617, i32 0, i32 0, [1 x i8]* @p_str618, [1 x i8]* @p_str619, [1 x i8]* @p_str620, i32 2, i32 2, i32 16, i32 16, [1 x i8]* @p_str621, [1 x i8]* @p_str622)"   --->   Operation 11 'specinterface' <Predicate = true> <Delay = 0.00>
ST_1 : Operation 12 [1/1] (0.00ns)   --->   "call void (...)* @_ssdm_op_SpecInterface(i6* %res_V_data_24_V, [8 x i8]* @ap_fifo_str, i32 0, i32 0, [1 x i8]* @p_str610, i32 0, i32 0, [1 x i8]* @p_str611, [1 x i8]* @p_str612, [1 x i8]* @p_str613, i32 2, i32 2, i32 16, i32 16, [1 x i8]* @p_str614, [1 x i8]* @p_str615)"   --->   Operation 12 'specinterface' <Predicate = true> <Delay = 0.00>
ST_1 : Operation 13 [1/1] (0.00ns)   --->   "call void (...)* @_ssdm_op_SpecInterface(i6* %res_V_data_23_V, [8 x i8]* @ap_fifo_str, i32 0, i32 0, [1 x i8]* @p_str603, i32 0, i32 0, [1 x i8]* @p_str604, [1 x i8]* @p_str605, [1 x i8]* @p_str606, i32 2, i32 2, i32 16, i32 16, [1 x i8]* @p_str607, [1 x i8]* @p_str608)"   --->   Operation 13 'specinterface' <Predicate = true> <Delay = 0.00>
ST_1 : Operation 14 [1/1] (0.00ns)   --->   "call void (...)* @_ssdm_op_SpecInterface(i6* %res_V_data_22_V, [8 x i8]* @ap_fifo_str, i32 0, i32 0, [1 x i8]* @p_str596, i32 0, i32 0, [1 x i8]* @p_str597, [1 x i8]* @p_str598, [1 x i8]* @p_str599, i32 2, i32 2, i32 16, i32 16, [1 x i8]* @p_str600, [1 x i8]* @p_str601)"   --->   Operation 14 'specinterface' <Predicate = true> <Delay = 0.00>
ST_1 : Operation 15 [1/1] (0.00ns)   --->   "call void (...)* @_ssdm_op_SpecInterface(i6* %res_V_data_21_V, [8 x i8]* @ap_fifo_str, i32 0, i32 0, [1 x i8]* @p_str589, i32 0, i32 0, [1 x i8]* @p_str590, [1 x i8]* @p_str591, [1 x i8]* @p_str592, i32 2, i32 2, i32 16, i32 16, [1 x i8]* @p_str593, [1 x i8]* @p_str594)"   --->   Operation 15 'specinterface' <Predicate = true> <Delay = 0.00>
ST_1 : Operation 16 [1/1] (0.00ns)   --->   "call void (...)* @_ssdm_op_SpecInterface(i6* %res_V_data_20_V, [8 x i8]* @ap_fifo_str, i32 0, i32 0, [1 x i8]* @p_str582, i32 0, i32 0, [1 x i8]* @p_str583, [1 x i8]* @p_str584, [1 x i8]* @p_str585, i32 2, i32 2, i32 16, i32 16, [1 x i8]* @p_str586, [1 x i8]* @p_str587)"   --->   Operation 16 'specinterface' <Predicate = true> <Delay = 0.00>
ST_1 : Operation 17 [1/1] (0.00ns)   --->   "call void (...)* @_ssdm_op_SpecInterface(i6* %res_V_data_19_V, [8 x i8]* @ap_fifo_str, i32 0, i32 0, [1 x i8]* @p_str575, i32 0, i32 0, [1 x i8]* @p_str576, [1 x i8]* @p_str577, [1 x i8]* @p_str578, i32 2, i32 2, i32 16, i32 16, [1 x i8]* @p_str579, [1 x i8]* @p_str580)"   --->   Operation 17 'specinterface' <Predicate = true> <Delay = 0.00>
ST_1 : Operation 18 [1/1] (0.00ns)   --->   "call void (...)* @_ssdm_op_SpecInterface(i6* %res_V_data_18_V, [8 x i8]* @ap_fifo_str, i32 0, i32 0, [1 x i8]* @p_str568, i32 0, i32 0, [1 x i8]* @p_str569, [1 x i8]* @p_str570, [1 x i8]* @p_str571, i32 2, i32 2, i32 16, i32 16, [1 x i8]* @p_str572, [1 x i8]* @p_str573)"   --->   Operation 18 'specinterface' <Predicate = true> <Delay = 0.00>
ST_1 : Operation 19 [1/1] (0.00ns)   --->   "call void (...)* @_ssdm_op_SpecInterface(i6* %res_V_data_17_V, [8 x i8]* @ap_fifo_str, i32 0, i32 0, [1 x i8]* @p_str561, i32 0, i32 0, [1 x i8]* @p_str562, [1 x i8]* @p_str563, [1 x i8]* @p_str564, i32 2, i32 2, i32 16, i32 16, [1 x i8]* @p_str565, [1 x i8]* @p_str566)"   --->   Operation 19 'specinterface' <Predicate = true> <Delay = 0.00>
ST_1 : Operation 20 [1/1] (0.00ns)   --->   "call void (...)* @_ssdm_op_SpecInterface(i6* %res_V_data_16_V, [8 x i8]* @ap_fifo_str, i32 0, i32 0, [1 x i8]* @p_str554, i32 0, i32 0, [1 x i8]* @p_str555, [1 x i8]* @p_str556, [1 x i8]* @p_str557, i32 2, i32 2, i32 16, i32 16, [1 x i8]* @p_str558, [1 x i8]* @p_str559)"   --->   Operation 20 'specinterface' <Predicate = true> <Delay = 0.00>
ST_1 : Operation 21 [1/1] (0.00ns)   --->   "call void (...)* @_ssdm_op_SpecInterface(i6* %res_V_data_15_V, [8 x i8]* @ap_fifo_str, i32 0, i32 0, [1 x i8]* @p_str547, i32 0, i32 0, [1 x i8]* @p_str548, [1 x i8]* @p_str549, [1 x i8]* @p_str550, i32 2, i32 2, i32 16, i32 16, [1 x i8]* @p_str551, [1 x i8]* @p_str552)"   --->   Operation 21 'specinterface' <Predicate = true> <Delay = 0.00>
ST_1 : Operation 22 [1/1] (0.00ns)   --->   "call void (...)* @_ssdm_op_SpecInterface(i6* %res_V_data_14_V, [8 x i8]* @ap_fifo_str, i32 0, i32 0, [1 x i8]* @p_str540, i32 0, i32 0, [1 x i8]* @p_str541, [1 x i8]* @p_str542, [1 x i8]* @p_str543, i32 2, i32 2, i32 16, i32 16, [1 x i8]* @p_str544, [1 x i8]* @p_str545)"   --->   Operation 22 'specinterface' <Predicate = true> <Delay = 0.00>
ST_1 : Operation 23 [1/1] (0.00ns)   --->   "call void (...)* @_ssdm_op_SpecInterface(i6* %res_V_data_13_V, [8 x i8]* @ap_fifo_str, i32 0, i32 0, [1 x i8]* @p_str533, i32 0, i32 0, [1 x i8]* @p_str534, [1 x i8]* @p_str535, [1 x i8]* @p_str536, i32 2, i32 2, i32 16, i32 16, [1 x i8]* @p_str537, [1 x i8]* @p_str538)"   --->   Operation 23 'specinterface' <Predicate = true> <Delay = 0.00>
ST_1 : Operation 24 [1/1] (0.00ns)   --->   "call void (...)* @_ssdm_op_SpecInterface(i6* %res_V_data_12_V, [8 x i8]* @ap_fifo_str, i32 0, i32 0, [1 x i8]* @p_str526, i32 0, i32 0, [1 x i8]* @p_str527, [1 x i8]* @p_str528, [1 x i8]* @p_str529, i32 2, i32 2, i32 16, i32 16, [1 x i8]* @p_str530, [1 x i8]* @p_str531)"   --->   Operation 24 'specinterface' <Predicate = true> <Delay = 0.00>
ST_1 : Operation 25 [1/1] (0.00ns)   --->   "call void (...)* @_ssdm_op_SpecInterface(i6* %res_V_data_11_V, [8 x i8]* @ap_fifo_str, i32 0, i32 0, [1 x i8]* @p_str519, i32 0, i32 0, [1 x i8]* @p_str520, [1 x i8]* @p_str521, [1 x i8]* @p_str522, i32 2, i32 2, i32 16, i32 16, [1 x i8]* @p_str523, [1 x i8]* @p_str524)"   --->   Operation 25 'specinterface' <Predicate = true> <Delay = 0.00>
ST_1 : Operation 26 [1/1] (0.00ns)   --->   "call void (...)* @_ssdm_op_SpecInterface(i6* %res_V_data_10_V, [8 x i8]* @ap_fifo_str, i32 0, i32 0, [1 x i8]* @p_str512, i32 0, i32 0, [1 x i8]* @p_str513, [1 x i8]* @p_str514, [1 x i8]* @p_str515, i32 2, i32 2, i32 16, i32 16, [1 x i8]* @p_str516, [1 x i8]* @p_str517)"   --->   Operation 26 'specinterface' <Predicate = true> <Delay = 0.00>
ST_1 : Operation 27 [1/1] (0.00ns)   --->   "call void (...)* @_ssdm_op_SpecInterface(i6* %res_V_data_9_V, [8 x i8]* @ap_fifo_str, i32 0, i32 0, [1 x i8]* @p_str505, i32 0, i32 0, [1 x i8]* @p_str506, [1 x i8]* @p_str507, [1 x i8]* @p_str508, i32 2, i32 2, i32 16, i32 16, [1 x i8]* @p_str509, [1 x i8]* @p_str510)"   --->   Operation 27 'specinterface' <Predicate = true> <Delay = 0.00>
ST_1 : Operation 28 [1/1] (0.00ns)   --->   "call void (...)* @_ssdm_op_SpecInterface(i6* %res_V_data_8_V, [8 x i8]* @ap_fifo_str, i32 0, i32 0, [1 x i8]* @p_str498, i32 0, i32 0, [1 x i8]* @p_str499, [1 x i8]* @p_str500, [1 x i8]* @p_str501, i32 2, i32 2, i32 16, i32 16, [1 x i8]* @p_str502, [1 x i8]* @p_str503)"   --->   Operation 28 'specinterface' <Predicate = true> <Delay = 0.00>
ST_1 : Operation 29 [1/1] (0.00ns)   --->   "call void (...)* @_ssdm_op_SpecInterface(i6* %res_V_data_7_V, [8 x i8]* @ap_fifo_str, i32 0, i32 0, [1 x i8]* @p_str491, i32 0, i32 0, [1 x i8]* @p_str492, [1 x i8]* @p_str493, [1 x i8]* @p_str494, i32 2, i32 2, i32 16, i32 16, [1 x i8]* @p_str495, [1 x i8]* @p_str496)"   --->   Operation 29 'specinterface' <Predicate = true> <Delay = 0.00>
ST_1 : Operation 30 [1/1] (0.00ns)   --->   "call void (...)* @_ssdm_op_SpecInterface(i6* %res_V_data_6_V, [8 x i8]* @ap_fifo_str, i32 0, i32 0, [1 x i8]* @p_str484, i32 0, i32 0, [1 x i8]* @p_str485, [1 x i8]* @p_str486, [1 x i8]* @p_str487, i32 2, i32 2, i32 16, i32 16, [1 x i8]* @p_str488, [1 x i8]* @p_str489)"   --->   Operation 30 'specinterface' <Predicate = true> <Delay = 0.00>
ST_1 : Operation 31 [1/1] (0.00ns)   --->   "call void (...)* @_ssdm_op_SpecInterface(i6* %res_V_data_5_V, [8 x i8]* @ap_fifo_str, i32 0, i32 0, [1 x i8]* @p_str477, i32 0, i32 0, [1 x i8]* @p_str478, [1 x i8]* @p_str479, [1 x i8]* @p_str480, i32 2, i32 2, i32 16, i32 16, [1 x i8]* @p_str481, [1 x i8]* @p_str482)"   --->   Operation 31 'specinterface' <Predicate = true> <Delay = 0.00>
ST_1 : Operation 32 [1/1] (0.00ns)   --->   "call void (...)* @_ssdm_op_SpecInterface(i6* %res_V_data_4_V, [8 x i8]* @ap_fifo_str, i32 0, i32 0, [1 x i8]* @p_str470, i32 0, i32 0, [1 x i8]* @p_str471, [1 x i8]* @p_str472, [1 x i8]* @p_str473, i32 2, i32 2, i32 16, i32 16, [1 x i8]* @p_str474, [1 x i8]* @p_str475)"   --->   Operation 32 'specinterface' <Predicate = true> <Delay = 0.00>
ST_1 : Operation 33 [1/1] (0.00ns)   --->   "call void (...)* @_ssdm_op_SpecInterface(i6* %res_V_data_3_V, [8 x i8]* @ap_fifo_str, i32 0, i32 0, [1 x i8]* @p_str463, i32 0, i32 0, [1 x i8]* @p_str464, [1 x i8]* @p_str465, [1 x i8]* @p_str466, i32 2, i32 2, i32 16, i32 16, [1 x i8]* @p_str467, [1 x i8]* @p_str468)"   --->   Operation 33 'specinterface' <Predicate = true> <Delay = 0.00>
ST_1 : Operation 34 [1/1] (0.00ns)   --->   "call void (...)* @_ssdm_op_SpecInterface(i6* %res_V_data_2_V, [8 x i8]* @ap_fifo_str, i32 0, i32 0, [1 x i8]* @p_str456, i32 0, i32 0, [1 x i8]* @p_str457, [1 x i8]* @p_str458, [1 x i8]* @p_str459, i32 2, i32 2, i32 16, i32 16, [1 x i8]* @p_str460, [1 x i8]* @p_str461)"   --->   Operation 34 'specinterface' <Predicate = true> <Delay = 0.00>
ST_1 : Operation 35 [1/1] (0.00ns)   --->   "call void (...)* @_ssdm_op_SpecInterface(i6* %res_V_data_1_V, [8 x i8]* @ap_fifo_str, i32 0, i32 0, [1 x i8]* @p_str449, i32 0, i32 0, [1 x i8]* @p_str450, [1 x i8]* @p_str451, [1 x i8]* @p_str452, i32 2, i32 2, i32 16, i32 16, [1 x i8]* @p_str453, [1 x i8]* @p_str454)"   --->   Operation 35 'specinterface' <Predicate = true> <Delay = 0.00>
ST_1 : Operation 36 [1/1] (0.00ns)   --->   "call void (...)* @_ssdm_op_SpecInterface(i6* %res_V_data_0_V, [8 x i8]* @ap_fifo_str, i32 0, i32 0, [1 x i8]* @p_str442, i32 0, i32 0, [1 x i8]* @p_str443, [1 x i8]* @p_str444, [1 x i8]* @p_str445, i32 2, i32 2, i32 16, i32 16, [1 x i8]* @p_str446, [1 x i8]* @p_str447)"   --->   Operation 36 'specinterface' <Predicate = true> <Delay = 0.00>
ST_1 : Operation 37 [1/1] (0.00ns)   --->   "call void (...)* @_ssdm_op_SpecInterface(i6* %data_V_data_31_V, [8 x i8]* @ap_fifo_str, i32 0, i32 0, [1 x i8]* @p_str435, i32 0, i32 0, [1 x i8]* @p_str436, [1 x i8]* @p_str437, [1 x i8]* @p_str438, i32 2, i32 2, i32 16, i32 16, [1 x i8]* @p_str439, [1 x i8]* @p_str440)"   --->   Operation 37 'specinterface' <Predicate = true> <Delay = 0.00>
ST_1 : Operation 38 [1/1] (0.00ns)   --->   "call void (...)* @_ssdm_op_SpecInterface(i6* %data_V_data_30_V, [8 x i8]* @ap_fifo_str, i32 0, i32 0, [1 x i8]* @p_str428, i32 0, i32 0, [1 x i8]* @p_str429, [1 x i8]* @p_str430, [1 x i8]* @p_str431, i32 2, i32 2, i32 16, i32 16, [1 x i8]* @p_str432, [1 x i8]* @p_str433)"   --->   Operation 38 'specinterface' <Predicate = true> <Delay = 0.00>
ST_1 : Operation 39 [1/1] (0.00ns)   --->   "call void (...)* @_ssdm_op_SpecInterface(i6* %data_V_data_29_V, [8 x i8]* @ap_fifo_str, i32 0, i32 0, [1 x i8]* @p_str421, i32 0, i32 0, [1 x i8]* @p_str422, [1 x i8]* @p_str423, [1 x i8]* @p_str424, i32 2, i32 2, i32 16, i32 16, [1 x i8]* @p_str425, [1 x i8]* @p_str426)"   --->   Operation 39 'specinterface' <Predicate = true> <Delay = 0.00>
ST_1 : Operation 40 [1/1] (0.00ns)   --->   "call void (...)* @_ssdm_op_SpecInterface(i6* %data_V_data_28_V, [8 x i8]* @ap_fifo_str, i32 0, i32 0, [1 x i8]* @p_str414, i32 0, i32 0, [1 x i8]* @p_str415, [1 x i8]* @p_str416, [1 x i8]* @p_str417, i32 2, i32 2, i32 16, i32 16, [1 x i8]* @p_str418, [1 x i8]* @p_str419)"   --->   Operation 40 'specinterface' <Predicate = true> <Delay = 0.00>
ST_1 : Operation 41 [1/1] (0.00ns)   --->   "call void (...)* @_ssdm_op_SpecInterface(i6* %data_V_data_27_V, [8 x i8]* @ap_fifo_str, i32 0, i32 0, [1 x i8]* @p_str407, i32 0, i32 0, [1 x i8]* @p_str408, [1 x i8]* @p_str409, [1 x i8]* @p_str410, i32 2, i32 2, i32 16, i32 16, [1 x i8]* @p_str411, [1 x i8]* @p_str412)"   --->   Operation 41 'specinterface' <Predicate = true> <Delay = 0.00>
ST_1 : Operation 42 [1/1] (0.00ns)   --->   "call void (...)* @_ssdm_op_SpecInterface(i6* %data_V_data_26_V, [8 x i8]* @ap_fifo_str, i32 0, i32 0, [1 x i8]* @p_str400, i32 0, i32 0, [1 x i8]* @p_str401, [1 x i8]* @p_str402, [1 x i8]* @p_str403, i32 2, i32 2, i32 16, i32 16, [1 x i8]* @p_str404, [1 x i8]* @p_str405)"   --->   Operation 42 'specinterface' <Predicate = true> <Delay = 0.00>
ST_1 : Operation 43 [1/1] (0.00ns)   --->   "call void (...)* @_ssdm_op_SpecInterface(i6* %data_V_data_25_V, [8 x i8]* @ap_fifo_str, i32 0, i32 0, [1 x i8]* @p_str393, i32 0, i32 0, [1 x i8]* @p_str394, [1 x i8]* @p_str395, [1 x i8]* @p_str396, i32 2, i32 2, i32 16, i32 16, [1 x i8]* @p_str397, [1 x i8]* @p_str398)"   --->   Operation 43 'specinterface' <Predicate = true> <Delay = 0.00>
ST_1 : Operation 44 [1/1] (0.00ns)   --->   "call void (...)* @_ssdm_op_SpecInterface(i6* %data_V_data_24_V, [8 x i8]* @ap_fifo_str, i32 0, i32 0, [1 x i8]* @p_str386, i32 0, i32 0, [1 x i8]* @p_str387, [1 x i8]* @p_str388, [1 x i8]* @p_str389, i32 2, i32 2, i32 16, i32 16, [1 x i8]* @p_str390, [1 x i8]* @p_str391)"   --->   Operation 44 'specinterface' <Predicate = true> <Delay = 0.00>
ST_1 : Operation 45 [1/1] (0.00ns)   --->   "call void (...)* @_ssdm_op_SpecInterface(i6* %data_V_data_23_V, [8 x i8]* @ap_fifo_str, i32 0, i32 0, [1 x i8]* @p_str379, i32 0, i32 0, [1 x i8]* @p_str380, [1 x i8]* @p_str381, [1 x i8]* @p_str382, i32 2, i32 2, i32 16, i32 16, [1 x i8]* @p_str383, [1 x i8]* @p_str384)"   --->   Operation 45 'specinterface' <Predicate = true> <Delay = 0.00>
ST_1 : Operation 46 [1/1] (0.00ns)   --->   "call void (...)* @_ssdm_op_SpecInterface(i6* %data_V_data_22_V, [8 x i8]* @ap_fifo_str, i32 0, i32 0, [1 x i8]* @p_str372, i32 0, i32 0, [1 x i8]* @p_str373, [1 x i8]* @p_str374, [1 x i8]* @p_str375, i32 2, i32 2, i32 16, i32 16, [1 x i8]* @p_str376, [1 x i8]* @p_str377)"   --->   Operation 46 'specinterface' <Predicate = true> <Delay = 0.00>
ST_1 : Operation 47 [1/1] (0.00ns)   --->   "call void (...)* @_ssdm_op_SpecInterface(i6* %data_V_data_21_V, [8 x i8]* @ap_fifo_str, i32 0, i32 0, [1 x i8]* @p_str365, i32 0, i32 0, [1 x i8]* @p_str366, [1 x i8]* @p_str367, [1 x i8]* @p_str368, i32 2, i32 2, i32 16, i32 16, [1 x i8]* @p_str369, [1 x i8]* @p_str370)"   --->   Operation 47 'specinterface' <Predicate = true> <Delay = 0.00>
ST_1 : Operation 48 [1/1] (0.00ns)   --->   "call void (...)* @_ssdm_op_SpecInterface(i6* %data_V_data_20_V, [8 x i8]* @ap_fifo_str, i32 0, i32 0, [1 x i8]* @p_str358, i32 0, i32 0, [1 x i8]* @p_str359, [1 x i8]* @p_str360, [1 x i8]* @p_str361, i32 2, i32 2, i32 16, i32 16, [1 x i8]* @p_str362, [1 x i8]* @p_str363)"   --->   Operation 48 'specinterface' <Predicate = true> <Delay = 0.00>
ST_1 : Operation 49 [1/1] (0.00ns)   --->   "call void (...)* @_ssdm_op_SpecInterface(i6* %data_V_data_19_V, [8 x i8]* @ap_fifo_str, i32 0, i32 0, [1 x i8]* @p_str351, i32 0, i32 0, [1 x i8]* @p_str352, [1 x i8]* @p_str353, [1 x i8]* @p_str354, i32 2, i32 2, i32 16, i32 16, [1 x i8]* @p_str355, [1 x i8]* @p_str356)"   --->   Operation 49 'specinterface' <Predicate = true> <Delay = 0.00>
ST_1 : Operation 50 [1/1] (0.00ns)   --->   "call void (...)* @_ssdm_op_SpecInterface(i6* %data_V_data_18_V, [8 x i8]* @ap_fifo_str, i32 0, i32 0, [1 x i8]* @p_str344, i32 0, i32 0, [1 x i8]* @p_str345, [1 x i8]* @p_str346, [1 x i8]* @p_str347, i32 2, i32 2, i32 16, i32 16, [1 x i8]* @p_str348, [1 x i8]* @p_str349)"   --->   Operation 50 'specinterface' <Predicate = true> <Delay = 0.00>
ST_1 : Operation 51 [1/1] (0.00ns)   --->   "call void (...)* @_ssdm_op_SpecInterface(i6* %data_V_data_17_V, [8 x i8]* @ap_fifo_str, i32 0, i32 0, [1 x i8]* @p_str337, i32 0, i32 0, [1 x i8]* @p_str338, [1 x i8]* @p_str339, [1 x i8]* @p_str340, i32 2, i32 2, i32 16, i32 16, [1 x i8]* @p_str341, [1 x i8]* @p_str342)"   --->   Operation 51 'specinterface' <Predicate = true> <Delay = 0.00>
ST_1 : Operation 52 [1/1] (0.00ns)   --->   "call void (...)* @_ssdm_op_SpecInterface(i6* %data_V_data_16_V, [8 x i8]* @ap_fifo_str, i32 0, i32 0, [1 x i8]* @p_str330, i32 0, i32 0, [1 x i8]* @p_str331, [1 x i8]* @p_str332, [1 x i8]* @p_str333, i32 2, i32 2, i32 16, i32 16, [1 x i8]* @p_str334, [1 x i8]* @p_str335)"   --->   Operation 52 'specinterface' <Predicate = true> <Delay = 0.00>
ST_1 : Operation 53 [1/1] (0.00ns)   --->   "call void (...)* @_ssdm_op_SpecInterface(i6* %data_V_data_15_V, [8 x i8]* @ap_fifo_str, i32 0, i32 0, [1 x i8]* @p_str323, i32 0, i32 0, [1 x i8]* @p_str324, [1 x i8]* @p_str325, [1 x i8]* @p_str326, i32 2, i32 2, i32 16, i32 16, [1 x i8]* @p_str327, [1 x i8]* @p_str328)"   --->   Operation 53 'specinterface' <Predicate = true> <Delay = 0.00>
ST_1 : Operation 54 [1/1] (0.00ns)   --->   "call void (...)* @_ssdm_op_SpecInterface(i6* %data_V_data_14_V, [8 x i8]* @ap_fifo_str, i32 0, i32 0, [1 x i8]* @p_str316, i32 0, i32 0, [1 x i8]* @p_str317, [1 x i8]* @p_str318, [1 x i8]* @p_str319, i32 2, i32 2, i32 16, i32 16, [1 x i8]* @p_str320, [1 x i8]* @p_str321)"   --->   Operation 54 'specinterface' <Predicate = true> <Delay = 0.00>
ST_1 : Operation 55 [1/1] (0.00ns)   --->   "call void (...)* @_ssdm_op_SpecInterface(i6* %data_V_data_13_V, [8 x i8]* @ap_fifo_str, i32 0, i32 0, [1 x i8]* @p_str309, i32 0, i32 0, [1 x i8]* @p_str310, [1 x i8]* @p_str311, [1 x i8]* @p_str312, i32 2, i32 2, i32 16, i32 16, [1 x i8]* @p_str313, [1 x i8]* @p_str314)"   --->   Operation 55 'specinterface' <Predicate = true> <Delay = 0.00>
ST_1 : Operation 56 [1/1] (0.00ns)   --->   "call void (...)* @_ssdm_op_SpecInterface(i6* %data_V_data_12_V, [8 x i8]* @ap_fifo_str, i32 0, i32 0, [1 x i8]* @p_str302, i32 0, i32 0, [1 x i8]* @p_str303, [1 x i8]* @p_str304, [1 x i8]* @p_str305, i32 2, i32 2, i32 16, i32 16, [1 x i8]* @p_str306, [1 x i8]* @p_str307)"   --->   Operation 56 'specinterface' <Predicate = true> <Delay = 0.00>
ST_1 : Operation 57 [1/1] (0.00ns)   --->   "call void (...)* @_ssdm_op_SpecInterface(i6* %data_V_data_11_V, [8 x i8]* @ap_fifo_str, i32 0, i32 0, [1 x i8]* @p_str295, i32 0, i32 0, [1 x i8]* @p_str296, [1 x i8]* @p_str297, [1 x i8]* @p_str298, i32 2, i32 2, i32 16, i32 16, [1 x i8]* @p_str299, [1 x i8]* @p_str300)"   --->   Operation 57 'specinterface' <Predicate = true> <Delay = 0.00>
ST_1 : Operation 58 [1/1] (0.00ns)   --->   "call void (...)* @_ssdm_op_SpecInterface(i6* %data_V_data_10_V, [8 x i8]* @ap_fifo_str, i32 0, i32 0, [1 x i8]* @p_str288, i32 0, i32 0, [1 x i8]* @p_str289, [1 x i8]* @p_str290, [1 x i8]* @p_str291, i32 2, i32 2, i32 16, i32 16, [1 x i8]* @p_str292, [1 x i8]* @p_str293)"   --->   Operation 58 'specinterface' <Predicate = true> <Delay = 0.00>
ST_1 : Operation 59 [1/1] (0.00ns)   --->   "call void (...)* @_ssdm_op_SpecInterface(i6* %data_V_data_9_V, [8 x i8]* @ap_fifo_str, i32 0, i32 0, [1 x i8]* @p_str281, i32 0, i32 0, [1 x i8]* @p_str282, [1 x i8]* @p_str283, [1 x i8]* @p_str284, i32 2, i32 2, i32 16, i32 16, [1 x i8]* @p_str285, [1 x i8]* @p_str286)"   --->   Operation 59 'specinterface' <Predicate = true> <Delay = 0.00>
ST_1 : Operation 60 [1/1] (0.00ns)   --->   "call void (...)* @_ssdm_op_SpecInterface(i6* %data_V_data_8_V, [8 x i8]* @ap_fifo_str, i32 0, i32 0, [1 x i8]* @p_str274, i32 0, i32 0, [1 x i8]* @p_str275, [1 x i8]* @p_str276, [1 x i8]* @p_str277, i32 2, i32 2, i32 16, i32 16, [1 x i8]* @p_str278, [1 x i8]* @p_str279)"   --->   Operation 60 'specinterface' <Predicate = true> <Delay = 0.00>
ST_1 : Operation 61 [1/1] (0.00ns)   --->   "call void (...)* @_ssdm_op_SpecInterface(i6* %data_V_data_7_V, [8 x i8]* @ap_fifo_str, i32 0, i32 0, [1 x i8]* @p_str267, i32 0, i32 0, [1 x i8]* @p_str268, [1 x i8]* @p_str269, [1 x i8]* @p_str270, i32 2, i32 2, i32 16, i32 16, [1 x i8]* @p_str271, [1 x i8]* @p_str272)"   --->   Operation 61 'specinterface' <Predicate = true> <Delay = 0.00>
ST_1 : Operation 62 [1/1] (0.00ns)   --->   "call void (...)* @_ssdm_op_SpecInterface(i6* %data_V_data_6_V, [8 x i8]* @ap_fifo_str, i32 0, i32 0, [1 x i8]* @p_str260, i32 0, i32 0, [1 x i8]* @p_str261, [1 x i8]* @p_str262, [1 x i8]* @p_str263, i32 2, i32 2, i32 16, i32 16, [1 x i8]* @p_str264, [1 x i8]* @p_str265)"   --->   Operation 62 'specinterface' <Predicate = true> <Delay = 0.00>
ST_1 : Operation 63 [1/1] (0.00ns)   --->   "call void (...)* @_ssdm_op_SpecInterface(i6* %data_V_data_5_V, [8 x i8]* @ap_fifo_str, i32 0, i32 0, [1 x i8]* @p_str253, i32 0, i32 0, [1 x i8]* @p_str254, [1 x i8]* @p_str255, [1 x i8]* @p_str256, i32 2, i32 2, i32 16, i32 16, [1 x i8]* @p_str257, [1 x i8]* @p_str258)"   --->   Operation 63 'specinterface' <Predicate = true> <Delay = 0.00>
ST_1 : Operation 64 [1/1] (0.00ns)   --->   "call void (...)* @_ssdm_op_SpecInterface(i6* %data_V_data_4_V, [8 x i8]* @ap_fifo_str, i32 0, i32 0, [1 x i8]* @p_str246, i32 0, i32 0, [1 x i8]* @p_str247, [1 x i8]* @p_str248, [1 x i8]* @p_str249, i32 2, i32 2, i32 16, i32 16, [1 x i8]* @p_str250, [1 x i8]* @p_str251)"   --->   Operation 64 'specinterface' <Predicate = true> <Delay = 0.00>
ST_1 : Operation 65 [1/1] (0.00ns)   --->   "call void (...)* @_ssdm_op_SpecInterface(i6* %data_V_data_3_V, [8 x i8]* @ap_fifo_str, i32 0, i32 0, [1 x i8]* @p_str239, i32 0, i32 0, [1 x i8]* @p_str240, [1 x i8]* @p_str241, [1 x i8]* @p_str242, i32 2, i32 2, i32 16, i32 16, [1 x i8]* @p_str243, [1 x i8]* @p_str244)"   --->   Operation 65 'specinterface' <Predicate = true> <Delay = 0.00>
ST_1 : Operation 66 [1/1] (0.00ns)   --->   "call void (...)* @_ssdm_op_SpecInterface(i6* %data_V_data_2_V, [8 x i8]* @ap_fifo_str, i32 0, i32 0, [1 x i8]* @p_str232, i32 0, i32 0, [1 x i8]* @p_str233, [1 x i8]* @p_str234, [1 x i8]* @p_str235, i32 2, i32 2, i32 16, i32 16, [1 x i8]* @p_str236, [1 x i8]* @p_str237)"   --->   Operation 66 'specinterface' <Predicate = true> <Delay = 0.00>
ST_1 : Operation 67 [1/1] (0.00ns)   --->   "call void (...)* @_ssdm_op_SpecInterface(i6* %data_V_data_1_V, [8 x i8]* @ap_fifo_str, i32 0, i32 0, [1 x i8]* @p_str225, i32 0, i32 0, [1 x i8]* @p_str226, [1 x i8]* @p_str227, [1 x i8]* @p_str228, i32 2, i32 2, i32 16, i32 16, [1 x i8]* @p_str229, [1 x i8]* @p_str230)"   --->   Operation 67 'specinterface' <Predicate = true> <Delay = 0.00>
ST_1 : Operation 68 [1/1] (0.00ns)   --->   "call void (...)* @_ssdm_op_SpecInterface(i6* %data_V_data_0_V, [8 x i8]* @ap_fifo_str, i32 0, i32 0, [1 x i8]* @p_str218, i32 0, i32 0, [1 x i8]* @p_str219, [1 x i8]* @p_str220, [1 x i8]* @p_str221, i32 2, i32 2, i32 16, i32 16, [1 x i8]* @p_str222, [1 x i8]* @p_str223)"   --->   Operation 68 'specinterface' <Predicate = true> <Delay = 0.00>
ST_1 : Operation 69 [1/1] (1.76ns)   --->   "br label %1" [firmware/nnet_utils/nnet_activation_stream.h:38]   --->   Operation 69 'br' <Predicate = true> <Delay = 1.76>

State 2 <SV = 1> <Delay = 1.78>
ST_2 : Operation 70 [1/1] (0.00ns)   --->   "%i_0 = phi i5 [ 0, %0 ], [ %i, %LinearActLoop ]"   --->   Operation 70 'phi' 'i_0' <Predicate = true> <Delay = 0.00>
ST_2 : Operation 71 [1/1] (1.36ns)   --->   "%icmp_ln38 = icmp eq i5 %i_0, -16" [firmware/nnet_utils/nnet_activation_stream.h:38]   --->   Operation 71 'icmp' 'icmp_ln38' <Predicate = true> <Delay = 1.36> <Core = "Cmp">   --->   Core 25 'Cmp' <Latency = 0> <II = 1> <Delay = 1.36> <FuncUnit> <Opcode : 'icmp'> <InPorts = 2> <OutPorts = 1>
ST_2 : Operation 72 [1/1] (0.00ns)   --->   "%empty = call i32 (...)* @_ssdm_op_SpecLoopTripCount(i64 16, i64 16, i64 16)"   --->   Operation 72 'speclooptripcount' 'empty' <Predicate = true> <Delay = 0.00>
ST_2 : Operation 73 [1/1] (1.78ns)   --->   "%i = add i5 %i_0, 1" [firmware/nnet_utils/nnet_activation_stream.h:38]   --->   Operation 73 'add' 'i' <Predicate = true> <Delay = 1.78> <Core = "AddSub">   --->   Core 14 'AddSub' <Latency = 0> <II = 1> <Delay = 1.78> <FuncUnit> <Opcode : 'add' 'sub'> <InPorts = 2> <OutPorts = 1>
ST_2 : Operation 74 [1/1] (0.00ns)   --->   "br i1 %icmp_ln38, label %2, label %LinearActLoop" [firmware/nnet_utils/nnet_activation_stream.h:38]   --->   Operation 74 'br' <Predicate = true> <Delay = 0.00>

State 3 <SV = 2> <Delay = 7.26>
ST_3 : Operation 75 [1/1] (0.00ns)   --->   "call void (...)* @_ssdm_op_SpecLoopName([14 x i8]* @p_str16) nounwind" [firmware/nnet_utils/nnet_activation_stream.h:38]   --->   Operation 75 'specloopname' <Predicate = (!icmp_ln38)> <Delay = 0.00>
ST_3 : Operation 76 [1/1] (0.00ns)   --->   "%tmp = call i32 (...)* @_ssdm_op_SpecRegionBegin([14 x i8]* @p_str16)" [firmware/nnet_utils/nnet_activation_stream.h:38]   --->   Operation 76 'specregionbegin' 'tmp' <Predicate = (!icmp_ln38)> <Delay = 0.00>
ST_3 : Operation 77 [1/1] (0.00ns)   --->   "call void (...)* @_ssdm_op_SpecPipeline(i32 -1, i32 1, i32 1, i32 0, [1 x i8]* @p_str9) nounwind" [firmware/nnet_utils/nnet_activation_stream.h:39]   --->   Operation 77 'specpipeline' <Predicate = (!icmp_ln38)> <Delay = 0.00>
ST_3 : Operation 78 [1/1] (3.63ns)   --->   "%empty_290 = call { i6, i6, i6, i6, i6, i6, i6, i6, i6, i6, i6, i6, i6, i6, i6, i6, i6, i6, i6, i6, i6, i6, i6, i6, i6, i6, i6, i6, i6, i6, i6, i6 } @_ssdm_op_Read.ap_fifo.volatile.i6P.i6P.i6P.i6P.i6P.i6P.i6P.i6P.i6P.i6P.i6P.i6P.i6P.i6P.i6P.i6P.i6P.i6P.i6P.i6P.i6P.i6P.i6P.i6P.i6P.i6P.i6P.i6P.i6P.i6P.i6P.i6P(i6* %data_V_data_0_V, i6* %data_V_data_1_V, i6* %data_V_data_2_V, i6* %data_V_data_3_V, i6* %data_V_data_4_V, i6* %data_V_data_5_V, i6* %data_V_data_6_V, i6* %data_V_data_7_V, i6* %data_V_data_8_V, i6* %data_V_data_9_V, i6* %data_V_data_10_V, i6* %data_V_data_11_V, i6* %data_V_data_12_V, i6* %data_V_data_13_V, i6* %data_V_data_14_V, i6* %data_V_data_15_V, i6* %data_V_data_16_V, i6* %data_V_data_17_V, i6* %data_V_data_18_V, i6* %data_V_data_19_V, i6* %data_V_data_20_V, i6* %data_V_data_21_V, i6* %data_V_data_22_V, i6* %data_V_data_23_V, i6* %data_V_data_24_V, i6* %data_V_data_25_V, i6* %data_V_data_26_V, i6* %data_V_data_27_V, i6* %data_V_data_28_V, i6* %data_V_data_29_V, i6* %data_V_data_30_V, i6* %data_V_data_31_V)" [firmware/nnet_utils/nnet_activation_stream.h:41]   --->   Operation 78 'read' 'empty_290' <Predicate = (!icmp_ln38)> <Delay = 3.63> <Core = "FIFO">   --->   Core 32 'FIFO' <Latency = 0> <II = 1> <Delay = 3.63> <Storage> <Opcode : 'read' 'write' 'nbread' 'nbwrite'> <Ports = 0> <Width = 6> <Depth = 1> <FIFO>
ST_3 : Operation 79 [1/1] (0.00ns)   --->   "%tmp_data_0_V = extractvalue { i6, i6, i6, i6, i6, i6, i6, i6, i6, i6, i6, i6, i6, i6, i6, i6, i6, i6, i6, i6, i6, i6, i6, i6, i6, i6, i6, i6, i6, i6, i6, i6 } %empty_290, 0" [firmware/nnet_utils/nnet_activation_stream.h:41]   --->   Operation 79 'extractvalue' 'tmp_data_0_V' <Predicate = (!icmp_ln38)> <Delay = 0.00>
ST_3 : Operation 80 [1/1] (0.00ns)   --->   "%tmp_data_1_V = extractvalue { i6, i6, i6, i6, i6, i6, i6, i6, i6, i6, i6, i6, i6, i6, i6, i6, i6, i6, i6, i6, i6, i6, i6, i6, i6, i6, i6, i6, i6, i6, i6, i6 } %empty_290, 1" [firmware/nnet_utils/nnet_activation_stream.h:41]   --->   Operation 80 'extractvalue' 'tmp_data_1_V' <Predicate = (!icmp_ln38)> <Delay = 0.00>
ST_3 : Operation 81 [1/1] (0.00ns)   --->   "%tmp_data_2_V = extractvalue { i6, i6, i6, i6, i6, i6, i6, i6, i6, i6, i6, i6, i6, i6, i6, i6, i6, i6, i6, i6, i6, i6, i6, i6, i6, i6, i6, i6, i6, i6, i6, i6 } %empty_290, 2" [firmware/nnet_utils/nnet_activation_stream.h:41]   --->   Operation 81 'extractvalue' 'tmp_data_2_V' <Predicate = (!icmp_ln38)> <Delay = 0.00>
ST_3 : Operation 82 [1/1] (0.00ns)   --->   "%tmp_data_3_V = extractvalue { i6, i6, i6, i6, i6, i6, i6, i6, i6, i6, i6, i6, i6, i6, i6, i6, i6, i6, i6, i6, i6, i6, i6, i6, i6, i6, i6, i6, i6, i6, i6, i6 } %empty_290, 3" [firmware/nnet_utils/nnet_activation_stream.h:41]   --->   Operation 82 'extractvalue' 'tmp_data_3_V' <Predicate = (!icmp_ln38)> <Delay = 0.00>
ST_3 : Operation 83 [1/1] (0.00ns)   --->   "%tmp_data_4_V = extractvalue { i6, i6, i6, i6, i6, i6, i6, i6, i6, i6, i6, i6, i6, i6, i6, i6, i6, i6, i6, i6, i6, i6, i6, i6, i6, i6, i6, i6, i6, i6, i6, i6 } %empty_290, 4" [firmware/nnet_utils/nnet_activation_stream.h:41]   --->   Operation 83 'extractvalue' 'tmp_data_4_V' <Predicate = (!icmp_ln38)> <Delay = 0.00>
ST_3 : Operation 84 [1/1] (0.00ns)   --->   "%tmp_data_5_V = extractvalue { i6, i6, i6, i6, i6, i6, i6, i6, i6, i6, i6, i6, i6, i6, i6, i6, i6, i6, i6, i6, i6, i6, i6, i6, i6, i6, i6, i6, i6, i6, i6, i6 } %empty_290, 5" [firmware/nnet_utils/nnet_activation_stream.h:41]   --->   Operation 84 'extractvalue' 'tmp_data_5_V' <Predicate = (!icmp_ln38)> <Delay = 0.00>
ST_3 : Operation 85 [1/1] (0.00ns)   --->   "%tmp_data_6_V = extractvalue { i6, i6, i6, i6, i6, i6, i6, i6, i6, i6, i6, i6, i6, i6, i6, i6, i6, i6, i6, i6, i6, i6, i6, i6, i6, i6, i6, i6, i6, i6, i6, i6 } %empty_290, 6" [firmware/nnet_utils/nnet_activation_stream.h:41]   --->   Operation 85 'extractvalue' 'tmp_data_6_V' <Predicate = (!icmp_ln38)> <Delay = 0.00>
ST_3 : Operation 86 [1/1] (0.00ns)   --->   "%tmp_data_7_V = extractvalue { i6, i6, i6, i6, i6, i6, i6, i6, i6, i6, i6, i6, i6, i6, i6, i6, i6, i6, i6, i6, i6, i6, i6, i6, i6, i6, i6, i6, i6, i6, i6, i6 } %empty_290, 7" [firmware/nnet_utils/nnet_activation_stream.h:41]   --->   Operation 86 'extractvalue' 'tmp_data_7_V' <Predicate = (!icmp_ln38)> <Delay = 0.00>
ST_3 : Operation 87 [1/1] (0.00ns)   --->   "%tmp_data_8_V = extractvalue { i6, i6, i6, i6, i6, i6, i6, i6, i6, i6, i6, i6, i6, i6, i6, i6, i6, i6, i6, i6, i6, i6, i6, i6, i6, i6, i6, i6, i6, i6, i6, i6 } %empty_290, 8" [firmware/nnet_utils/nnet_activation_stream.h:41]   --->   Operation 87 'extractvalue' 'tmp_data_8_V' <Predicate = (!icmp_ln38)> <Delay = 0.00>
ST_3 : Operation 88 [1/1] (0.00ns)   --->   "%tmp_data_9_V = extractvalue { i6, i6, i6, i6, i6, i6, i6, i6, i6, i6, i6, i6, i6, i6, i6, i6, i6, i6, i6, i6, i6, i6, i6, i6, i6, i6, i6, i6, i6, i6, i6, i6 } %empty_290, 9" [firmware/nnet_utils/nnet_activation_stream.h:41]   --->   Operation 88 'extractvalue' 'tmp_data_9_V' <Predicate = (!icmp_ln38)> <Delay = 0.00>
ST_3 : Operation 89 [1/1] (0.00ns)   --->   "%tmp_data_10_V = extractvalue { i6, i6, i6, i6, i6, i6, i6, i6, i6, i6, i6, i6, i6, i6, i6, i6, i6, i6, i6, i6, i6, i6, i6, i6, i6, i6, i6, i6, i6, i6, i6, i6 } %empty_290, 10" [firmware/nnet_utils/nnet_activation_stream.h:41]   --->   Operation 89 'extractvalue' 'tmp_data_10_V' <Predicate = (!icmp_ln38)> <Delay = 0.00>
ST_3 : Operation 90 [1/1] (0.00ns)   --->   "%tmp_data_11_V = extractvalue { i6, i6, i6, i6, i6, i6, i6, i6, i6, i6, i6, i6, i6, i6, i6, i6, i6, i6, i6, i6, i6, i6, i6, i6, i6, i6, i6, i6, i6, i6, i6, i6 } %empty_290, 11" [firmware/nnet_utils/nnet_activation_stream.h:41]   --->   Operation 90 'extractvalue' 'tmp_data_11_V' <Predicate = (!icmp_ln38)> <Delay = 0.00>
ST_3 : Operation 91 [1/1] (0.00ns)   --->   "%tmp_data_12_V = extractvalue { i6, i6, i6, i6, i6, i6, i6, i6, i6, i6, i6, i6, i6, i6, i6, i6, i6, i6, i6, i6, i6, i6, i6, i6, i6, i6, i6, i6, i6, i6, i6, i6 } %empty_290, 12" [firmware/nnet_utils/nnet_activation_stream.h:41]   --->   Operation 91 'extractvalue' 'tmp_data_12_V' <Predicate = (!icmp_ln38)> <Delay = 0.00>
ST_3 : Operation 92 [1/1] (0.00ns)   --->   "%tmp_data_13_V = extractvalue { i6, i6, i6, i6, i6, i6, i6, i6, i6, i6, i6, i6, i6, i6, i6, i6, i6, i6, i6, i6, i6, i6, i6, i6, i6, i6, i6, i6, i6, i6, i6, i6 } %empty_290, 13" [firmware/nnet_utils/nnet_activation_stream.h:41]   --->   Operation 92 'extractvalue' 'tmp_data_13_V' <Predicate = (!icmp_ln38)> <Delay = 0.00>
ST_3 : Operation 93 [1/1] (0.00ns)   --->   "%tmp_data_14_V = extractvalue { i6, i6, i6, i6, i6, i6, i6, i6, i6, i6, i6, i6, i6, i6, i6, i6, i6, i6, i6, i6, i6, i6, i6, i6, i6, i6, i6, i6, i6, i6, i6, i6 } %empty_290, 14" [firmware/nnet_utils/nnet_activation_stream.h:41]   --->   Operation 93 'extractvalue' 'tmp_data_14_V' <Predicate = (!icmp_ln38)> <Delay = 0.00>
ST_3 : Operation 94 [1/1] (0.00ns)   --->   "%tmp_data_15_V = extractvalue { i6, i6, i6, i6, i6, i6, i6, i6, i6, i6, i6, i6, i6, i6, i6, i6, i6, i6, i6, i6, i6, i6, i6, i6, i6, i6, i6, i6, i6, i6, i6, i6 } %empty_290, 15" [firmware/nnet_utils/nnet_activation_stream.h:41]   --->   Operation 94 'extractvalue' 'tmp_data_15_V' <Predicate = (!icmp_ln38)> <Delay = 0.00>
ST_3 : Operation 95 [1/1] (0.00ns)   --->   "%tmp_data_16_V = extractvalue { i6, i6, i6, i6, i6, i6, i6, i6, i6, i6, i6, i6, i6, i6, i6, i6, i6, i6, i6, i6, i6, i6, i6, i6, i6, i6, i6, i6, i6, i6, i6, i6 } %empty_290, 16" [firmware/nnet_utils/nnet_activation_stream.h:41]   --->   Operation 95 'extractvalue' 'tmp_data_16_V' <Predicate = (!icmp_ln38)> <Delay = 0.00>
ST_3 : Operation 96 [1/1] (0.00ns)   --->   "%tmp_data_17_V = extractvalue { i6, i6, i6, i6, i6, i6, i6, i6, i6, i6, i6, i6, i6, i6, i6, i6, i6, i6, i6, i6, i6, i6, i6, i6, i6, i6, i6, i6, i6, i6, i6, i6 } %empty_290, 17" [firmware/nnet_utils/nnet_activation_stream.h:41]   --->   Operation 96 'extractvalue' 'tmp_data_17_V' <Predicate = (!icmp_ln38)> <Delay = 0.00>
ST_3 : Operation 97 [1/1] (0.00ns)   --->   "%tmp_data_18_V = extractvalue { i6, i6, i6, i6, i6, i6, i6, i6, i6, i6, i6, i6, i6, i6, i6, i6, i6, i6, i6, i6, i6, i6, i6, i6, i6, i6, i6, i6, i6, i6, i6, i6 } %empty_290, 18" [firmware/nnet_utils/nnet_activation_stream.h:41]   --->   Operation 97 'extractvalue' 'tmp_data_18_V' <Predicate = (!icmp_ln38)> <Delay = 0.00>
ST_3 : Operation 98 [1/1] (0.00ns)   --->   "%tmp_data_19_V = extractvalue { i6, i6, i6, i6, i6, i6, i6, i6, i6, i6, i6, i6, i6, i6, i6, i6, i6, i6, i6, i6, i6, i6, i6, i6, i6, i6, i6, i6, i6, i6, i6, i6 } %empty_290, 19" [firmware/nnet_utils/nnet_activation_stream.h:41]   --->   Operation 98 'extractvalue' 'tmp_data_19_V' <Predicate = (!icmp_ln38)> <Delay = 0.00>
ST_3 : Operation 99 [1/1] (0.00ns)   --->   "%tmp_data_20_V = extractvalue { i6, i6, i6, i6, i6, i6, i6, i6, i6, i6, i6, i6, i6, i6, i6, i6, i6, i6, i6, i6, i6, i6, i6, i6, i6, i6, i6, i6, i6, i6, i6, i6 } %empty_290, 20" [firmware/nnet_utils/nnet_activation_stream.h:41]   --->   Operation 99 'extractvalue' 'tmp_data_20_V' <Predicate = (!icmp_ln38)> <Delay = 0.00>
ST_3 : Operation 100 [1/1] (0.00ns)   --->   "%tmp_data_21_V = extractvalue { i6, i6, i6, i6, i6, i6, i6, i6, i6, i6, i6, i6, i6, i6, i6, i6, i6, i6, i6, i6, i6, i6, i6, i6, i6, i6, i6, i6, i6, i6, i6, i6 } %empty_290, 21" [firmware/nnet_utils/nnet_activation_stream.h:41]   --->   Operation 100 'extractvalue' 'tmp_data_21_V' <Predicate = (!icmp_ln38)> <Delay = 0.00>
ST_3 : Operation 101 [1/1] (0.00ns)   --->   "%tmp_data_22_V = extractvalue { i6, i6, i6, i6, i6, i6, i6, i6, i6, i6, i6, i6, i6, i6, i6, i6, i6, i6, i6, i6, i6, i6, i6, i6, i6, i6, i6, i6, i6, i6, i6, i6 } %empty_290, 22" [firmware/nnet_utils/nnet_activation_stream.h:41]   --->   Operation 101 'extractvalue' 'tmp_data_22_V' <Predicate = (!icmp_ln38)> <Delay = 0.00>
ST_3 : Operation 102 [1/1] (0.00ns)   --->   "%tmp_data_23_V = extractvalue { i6, i6, i6, i6, i6, i6, i6, i6, i6, i6, i6, i6, i6, i6, i6, i6, i6, i6, i6, i6, i6, i6, i6, i6, i6, i6, i6, i6, i6, i6, i6, i6 } %empty_290, 23" [firmware/nnet_utils/nnet_activation_stream.h:41]   --->   Operation 102 'extractvalue' 'tmp_data_23_V' <Predicate = (!icmp_ln38)> <Delay = 0.00>
ST_3 : Operation 103 [1/1] (0.00ns)   --->   "%tmp_data_24_V = extractvalue { i6, i6, i6, i6, i6, i6, i6, i6, i6, i6, i6, i6, i6, i6, i6, i6, i6, i6, i6, i6, i6, i6, i6, i6, i6, i6, i6, i6, i6, i6, i6, i6 } %empty_290, 24" [firmware/nnet_utils/nnet_activation_stream.h:41]   --->   Operation 103 'extractvalue' 'tmp_data_24_V' <Predicate = (!icmp_ln38)> <Delay = 0.00>
ST_3 : Operation 104 [1/1] (0.00ns)   --->   "%tmp_data_25_V = extractvalue { i6, i6, i6, i6, i6, i6, i6, i6, i6, i6, i6, i6, i6, i6, i6, i6, i6, i6, i6, i6, i6, i6, i6, i6, i6, i6, i6, i6, i6, i6, i6, i6 } %empty_290, 25" [firmware/nnet_utils/nnet_activation_stream.h:41]   --->   Operation 104 'extractvalue' 'tmp_data_25_V' <Predicate = (!icmp_ln38)> <Delay = 0.00>
ST_3 : Operation 105 [1/1] (0.00ns)   --->   "%tmp_data_26_V = extractvalue { i6, i6, i6, i6, i6, i6, i6, i6, i6, i6, i6, i6, i6, i6, i6, i6, i6, i6, i6, i6, i6, i6, i6, i6, i6, i6, i6, i6, i6, i6, i6, i6 } %empty_290, 26" [firmware/nnet_utils/nnet_activation_stream.h:41]   --->   Operation 105 'extractvalue' 'tmp_data_26_V' <Predicate = (!icmp_ln38)> <Delay = 0.00>
ST_3 : Operation 106 [1/1] (0.00ns)   --->   "%tmp_data_27_V = extractvalue { i6, i6, i6, i6, i6, i6, i6, i6, i6, i6, i6, i6, i6, i6, i6, i6, i6, i6, i6, i6, i6, i6, i6, i6, i6, i6, i6, i6, i6, i6, i6, i6 } %empty_290, 27" [firmware/nnet_utils/nnet_activation_stream.h:41]   --->   Operation 106 'extractvalue' 'tmp_data_27_V' <Predicate = (!icmp_ln38)> <Delay = 0.00>
ST_3 : Operation 107 [1/1] (0.00ns)   --->   "%tmp_data_28_V = extractvalue { i6, i6, i6, i6, i6, i6, i6, i6, i6, i6, i6, i6, i6, i6, i6, i6, i6, i6, i6, i6, i6, i6, i6, i6, i6, i6, i6, i6, i6, i6, i6, i6 } %empty_290, 28" [firmware/nnet_utils/nnet_activation_stream.h:41]   --->   Operation 107 'extractvalue' 'tmp_data_28_V' <Predicate = (!icmp_ln38)> <Delay = 0.00>
ST_3 : Operation 108 [1/1] (0.00ns)   --->   "%tmp_data_29_V = extractvalue { i6, i6, i6, i6, i6, i6, i6, i6, i6, i6, i6, i6, i6, i6, i6, i6, i6, i6, i6, i6, i6, i6, i6, i6, i6, i6, i6, i6, i6, i6, i6, i6 } %empty_290, 29" [firmware/nnet_utils/nnet_activation_stream.h:41]   --->   Operation 108 'extractvalue' 'tmp_data_29_V' <Predicate = (!icmp_ln38)> <Delay = 0.00>
ST_3 : Operation 109 [1/1] (0.00ns)   --->   "%tmp_data_30_V = extractvalue { i6, i6, i6, i6, i6, i6, i6, i6, i6, i6, i6, i6, i6, i6, i6, i6, i6, i6, i6, i6, i6, i6, i6, i6, i6, i6, i6, i6, i6, i6, i6, i6 } %empty_290, 30" [firmware/nnet_utils/nnet_activation_stream.h:41]   --->   Operation 109 'extractvalue' 'tmp_data_30_V' <Predicate = (!icmp_ln38)> <Delay = 0.00>
ST_3 : Operation 110 [1/1] (0.00ns)   --->   "%tmp_data_31_V = extractvalue { i6, i6, i6, i6, i6, i6, i6, i6, i6, i6, i6, i6, i6, i6, i6, i6, i6, i6, i6, i6, i6, i6, i6, i6, i6, i6, i6, i6, i6, i6, i6, i6 } %empty_290, 31" [firmware/nnet_utils/nnet_activation_stream.h:41]   --->   Operation 110 'extractvalue' 'tmp_data_31_V' <Predicate = (!icmp_ln38)> <Delay = 0.00>
ST_3 : Operation 111 [1/1] (3.63ns)   --->   "call void @_ssdm_op_Write.ap_fifo.volatile.i6P.i6P.i6P.i6P.i6P.i6P.i6P.i6P.i6P.i6P.i6P.i6P.i6P.i6P.i6P.i6P.i6P.i6P.i6P.i6P.i6P.i6P.i6P.i6P.i6P.i6P.i6P.i6P.i6P.i6P.i6P.i6P(i6* %res_V_data_0_V, i6* %res_V_data_1_V, i6* %res_V_data_2_V, i6* %res_V_data_3_V, i6* %res_V_data_4_V, i6* %res_V_data_5_V, i6* %res_V_data_6_V, i6* %res_V_data_7_V, i6* %res_V_data_8_V, i6* %res_V_data_9_V, i6* %res_V_data_10_V, i6* %res_V_data_11_V, i6* %res_V_data_12_V, i6* %res_V_data_13_V, i6* %res_V_data_14_V, i6* %res_V_data_15_V, i6* %res_V_data_16_V, i6* %res_V_data_17_V, i6* %res_V_data_18_V, i6* %res_V_data_19_V, i6* %res_V_data_20_V, i6* %res_V_data_21_V, i6* %res_V_data_22_V, i6* %res_V_data_23_V, i6* %res_V_data_24_V, i6* %res_V_data_25_V, i6* %res_V_data_26_V, i6* %res_V_data_27_V, i6* %res_V_data_28_V, i6* %res_V_data_29_V, i6* %res_V_data_30_V, i6* %res_V_data_31_V, i6 %tmp_data_0_V, i6 %tmp_data_1_V, i6 %tmp_data_2_V, i6 %tmp_data_3_V, i6 %tmp_data_4_V, i6 %tmp_data_5_V, i6 %tmp_data_6_V, i6 %tmp_data_7_V, i6 %tmp_data_8_V, i6 %tmp_data_9_V, i6 %tmp_data_10_V, i6 %tmp_data_11_V, i6 %tmp_data_12_V, i6 %tmp_data_13_V, i6 %tmp_data_14_V, i6 %tmp_data_15_V, i6 %tmp_data_16_V, i6 %tmp_data_17_V, i6 %tmp_data_18_V, i6 %tmp_data_19_V, i6 %tmp_data_20_V, i6 %tmp_data_21_V, i6 %tmp_data_22_V, i6 %tmp_data_23_V, i6 %tmp_data_24_V, i6 %tmp_data_25_V, i6 %tmp_data_26_V, i6 %tmp_data_27_V, i6 %tmp_data_28_V, i6 %tmp_data_29_V, i6 %tmp_data_30_V, i6 %tmp_data_31_V)" [firmware/nnet_utils/nnet_activation_stream.h:50]   --->   Operation 111 'write' <Predicate = (!icmp_ln38)> <Delay = 3.63> <Core = "FIFO">   --->   Core 32 'FIFO' <Latency = 0> <II = 1> <Delay = 3.63> <Storage> <Opcode : 'read' 'write' 'nbread' 'nbwrite'> <Ports = 0> <Width = 6> <Depth = 1> <FIFO>
ST_3 : Operation 112 [1/1] (0.00ns)   --->   "%empty_291 = call i32 (...)* @_ssdm_op_SpecRegionEnd([14 x i8]* @p_str16, i32 %tmp)" [firmware/nnet_utils/nnet_activation_stream.h:51]   --->   Operation 112 'specregionend' 'empty_291' <Predicate = (!icmp_ln38)> <Delay = 0.00>
ST_3 : Operation 113 [1/1] (0.00ns)   --->   "br label %1" [firmware/nnet_utils/nnet_activation_stream.h:38]   --->   Operation 113 'br' <Predicate = (!icmp_ln38)> <Delay = 0.00>

State 4 <SV = 2> <Delay = 0.00>
ST_4 : Operation 114 [1/1] (0.00ns)   --->   "ret void" [firmware/nnet_utils/nnet_activation_stream.h:52]   --->   Operation 114 'ret' <Predicate = true> <Delay = 0.00>


============================================================
+ Verbose Summary: Timing violations
============================================================
Target clock period: 10ns, clock uncertainty: 1.25ns.

 <State 1>: 1.77ns
The critical path consists of the following:
	multiplexor before 'phi' operation ('i') with incoming values : ('i', firmware/nnet_utils/nnet_activation_stream.h:38) [131]  (1.77 ns)

 <State 2>: 1.78ns
The critical path consists of the following:
	'phi' operation ('i') with incoming values : ('i', firmware/nnet_utils/nnet_activation_stream.h:38) [131]  (0 ns)
	'add' operation ('i', firmware/nnet_utils/nnet_activation_stream.h:38) [134]  (1.78 ns)

 <State 3>: 7.27ns
The critical path consists of the following:
	fifo read on port 'data_V_data_0_V' (firmware/nnet_utils/nnet_activation_stream.h:41) [140]  (3.63 ns)
	fifo write on port 'res_V_data_0_V' (firmware/nnet_utils/nnet_activation_stream.h:50) [173]  (3.63 ns)

 <State 4>: 0ns
The critical path consists of the following:


============================================================
+ Verbose Summary: Binding
============================================================
N/A
* FSMD analyzer results:
  - Output states:
 - Input state : 
  - Chain level:
	State 1
	State 2
	State 3
	State 4


============================================================
+ Verbose Summary: Datapath Resource usage 
============================================================
N/A
