

================================================================
== Vivado HLS Report for 'reduce_ap_ufixed_4_Op_max_ap_ufixed_6_0_0_0_0_s'
================================================================
* Date:           Tue Feb 21 11:21:29 2023

* Version:        2019.2 (Build 2704478 on Wed Nov 06 22:10:23 MST 2019)
* Project:        myproject_prj
* Solution:       solution1
* Product family: zynq
* Target device:  xc7z020-clg484-1


================================================================
== Performance Estimates
================================================================
+ Timing: 
    * Summary: 
    +--------+----------+----------+------------+
    |  Clock |  Target  | Estimated| Uncertainty|
    +--------+----------+----------+------------+
    |ap_clk  | 10.00 ns | 5.229 ns |   1.25 ns  |
    +--------+----------+----------+------------+

+ Latency: 
    * Summary: 
    +---------+---------+----------+----------+-----+-----+----------+
    |  Latency (cycles) |  Latency (absolute) |  Interval | Pipeline |
    |   min   |   max   |    min   |    max   | min | max |   Type   |
    +---------+---------+----------+----------+-----+-----+----------+
    |        0|        0|   0 ns   |   0 ns   |    1|    1| function |
    +---------+---------+----------+----------+-----+-----+----------+

    + Detail: 
        * Instance: 
        N/A

        * Loop: 
        N/A

============================================================
+ Verbose Summary: Synthesis Manager
============================================================
InlineROM: 1
ExposeGlobal: 0
============================================================
+ Verbose Summary: CDFG Model
============================================================
IsTopModel: 0
ResetActiveHigh: 1
IsCombinational: 0
IsDatapathOnly: 0
HasWiredReturn: 1
HasMFsm: 2
HasVarLatency: 0
IsPipeline: 1
IsRtlPipelined: 0
IsInstanceOverlapped: 0
IsDontTouch: 0
HasImplIP: 0
IsGatedGlobalClock: 0

+ Individual pipeline summary: 
  * Pipeline-0: initiation interval (II) = 1, depth = 1


============================================================
+ Verbose Summary: Schedule
============================================================
* Number of FSM states : 1
* Pipeline : 1
  Pipeline-0 : II = 1, D = 1, States = { 1 }
* Dataflow Pipeline: 0

* FSM state transitions: 
1 --> 

* FSM state operations: 

State 1 <SV = 0> <Delay = 5.22>
ST_1 : Operation 2 [1/1] (0.00ns)   --->   "%x_3_V_read_1 = call i6 @_ssdm_op_Read.ap_auto.i6(i6 %x_3_V_read)" [firmware/nnet_utils/nnet_common.h:45]   --->   Operation 2 'read' 'x_3_V_read_1' <Predicate = true> <Delay = 0.00>
ST_1 : Operation 3 [1/1] (0.00ns)   --->   "%x_2_V_read_1 = call i6 @_ssdm_op_Read.ap_auto.i6(i6 %x_2_V_read)" [firmware/nnet_utils/nnet_common.h:45]   --->   Operation 3 'read' 'x_2_V_read_1' <Predicate = true> <Delay = 0.00>
ST_1 : Operation 4 [1/1] (0.00ns)   --->   "%x_1_V_read_1 = call i6 @_ssdm_op_Read.ap_auto.i6(i6 %x_1_V_read)" [firmware/nnet_utils/nnet_common.h:45]   --->   Operation 4 'read' 'x_1_V_read_1' <Predicate = true> <Delay = 0.00>
ST_1 : Operation 5 [1/1] (0.00ns)   --->   "%x_0_V_read_1 = call i6 @_ssdm_op_Read.ap_auto.i6(i6 %x_0_V_read)" [firmware/nnet_utils/nnet_common.h:45]   --->   Operation 5 'read' 'x_0_V_read_1' <Predicate = true> <Delay = 0.00>
ST_1 : Operation 6 [1/1] (1.42ns)   --->   "%icmp_ln1496 = icmp ult i6 %x_0_V_read_1, %x_1_V_read_1" [firmware/nnet_utils/nnet_common.h:86->firmware/nnet_utils/nnet_common.h:53->firmware/nnet_utils/nnet_common.h:55]   --->   Operation 6 'icmp' 'icmp_ln1496' <Predicate = true> <Delay = 1.42> <Core = "Cmp">   --->   Core 25 'Cmp' <Latency = 0> <II = 1> <Delay = 1.42> <FuncUnit> <Opcode : 'icmp'> <InPorts = 2> <OutPorts = 1>
ST_1 : Operation 7 [1/1] (1.18ns)   --->   "%select_ln86 = select i1 %icmp_ln1496, i6 %x_1_V_read_1, i6 %x_0_V_read_1" [firmware/nnet_utils/nnet_common.h:86->firmware/nnet_utils/nnet_common.h:53->firmware/nnet_utils/nnet_common.h:55]   --->   Operation 7 'select' 'select_ln86' <Predicate = true> <Delay = 1.18> <Core = "Sel">   --->   Core 26 'Sel' <Latency = 0> <II = 1> <Delay = 1.18> <FuncUnit> <Opcode : 'select'> <InPorts = 3> <OutPorts = 1>
ST_1 : Operation 8 [1/1] (1.42ns)   --->   "%icmp_ln1496_1 = icmp ult i6 %x_2_V_read_1, %x_3_V_read_1" [firmware/nnet_utils/nnet_common.h:86->firmware/nnet_utils/nnet_common.h:53->firmware/nnet_utils/nnet_common.h:55]   --->   Operation 8 'icmp' 'icmp_ln1496_1' <Predicate = true> <Delay = 1.42> <Core = "Cmp">   --->   Core 25 'Cmp' <Latency = 0> <II = 1> <Delay = 1.42> <FuncUnit> <Opcode : 'icmp'> <InPorts = 2> <OutPorts = 1>
ST_1 : Operation 9 [1/1] (1.18ns)   --->   "%select_ln86_1 = select i1 %icmp_ln1496_1, i6 %x_3_V_read_1, i6 %x_2_V_read_1" [firmware/nnet_utils/nnet_common.h:86->firmware/nnet_utils/nnet_common.h:53->firmware/nnet_utils/nnet_common.h:55]   --->   Operation 9 'select' 'select_ln86_1' <Predicate = true> <Delay = 1.18> <Core = "Sel">   --->   Core 26 'Sel' <Latency = 0> <II = 1> <Delay = 1.18> <FuncUnit> <Opcode : 'select'> <InPorts = 3> <OutPorts = 1>
ST_1 : Operation 10 [1/1] (1.42ns)   --->   "%icmp_ln1496_2 = icmp ult i6 %select_ln86, %select_ln86_1" [firmware/nnet_utils/nnet_common.h:86->firmware/nnet_utils/nnet_common.h:55]   --->   Operation 10 'icmp' 'icmp_ln1496_2' <Predicate = true> <Delay = 1.42> <Core = "Cmp">   --->   Core 25 'Cmp' <Latency = 0> <II = 1> <Delay = 1.42> <FuncUnit> <Opcode : 'icmp'> <InPorts = 2> <OutPorts = 1>
ST_1 : Operation 11 [1/1] (1.18ns)   --->   "%select_ln86_2 = select i1 %icmp_ln1496_2, i6 %select_ln86_1, i6 %select_ln86" [firmware/nnet_utils/nnet_common.h:86->firmware/nnet_utils/nnet_common.h:55]   --->   Operation 11 'select' 'select_ln86_2' <Predicate = true> <Delay = 1.18> <Core = "Sel">   --->   Core 26 'Sel' <Latency = 0> <II = 1> <Delay = 1.18> <FuncUnit> <Opcode : 'select'> <InPorts = 3> <OutPorts = 1>
ST_1 : Operation 12 [1/1] (0.00ns)   --->   "ret i6 %select_ln86_2" [firmware/nnet_utils/nnet_common.h:55]   --->   Operation 12 'ret' <Predicate = true> <Delay = 0.00>


============================================================
+ Verbose Summary: Binding
============================================================
STG Binding: 
---------------- STG Properties BEGIN ----------------
- Is combinational: 1
- Is one-state seq: 0
- Is datapath-only: 0
- Is pipelined: 1
- Is top level: 0
Port [ Return ] is wired: 1; IO mode=ap_ctrl_hs:ce=0
Port [ x_0_V_read]:  wired=1; compound=0; hidden=0; nouse=0; global=0; static=0; extern=0; dir=0; type=0; pingpong=0; private_global=0; IO mode=ap_none:ce=0
Port [ x_1_V_read]:  wired=1; compound=0; hidden=0; nouse=0; global=0; static=0; extern=0; dir=0; type=0; pingpong=0; private_global=0; IO mode=ap_none:ce=0
Port [ x_2_V_read]:  wired=1; compound=0; hidden=0; nouse=0; global=0; static=0; extern=0; dir=0; type=0; pingpong=0; private_global=0; IO mode=ap_none:ce=0
Port [ x_3_V_read]:  wired=1; compound=0; hidden=0; nouse=0; global=0; static=0; extern=0; dir=0; type=0; pingpong=0; private_global=0; IO mode=ap_none:ce=0
---------------- STG Properties END ------------------

---------------- Datapath Model BEGIN ----------------

<LifeTime>
<method=bitvector/>
x_3_V_read_1  (read  ) [ 00]
x_2_V_read_1  (read  ) [ 00]
x_1_V_read_1  (read  ) [ 00]
x_0_V_read_1  (read  ) [ 00]
icmp_ln1496   (icmp  ) [ 00]
select_ln86   (select) [ 00]
icmp_ln1496_1 (icmp  ) [ 00]
select_ln86_1 (select) [ 00]
icmp_ln1496_2 (icmp  ) [ 00]
select_ln86_2 (select) [ 00]
ret_ln55      (ret   ) [ 00]
</LifeTime>

<model>

<comp_list>
<comp id="0" class="1000" name="x_0_V_read">
<pin_list>
<pin id="1" dir="1" index="0" bw="1" slack="0"/>
</pin_list>
<bind>
<StgValue><ssdm name="x_0_V_read"/></StgValue>
</bind>
</comp>

<comp id="2" class="1000" name="x_1_V_read">
<pin_list>
<pin id="3" dir="1" index="0" bw="1" slack="0"/>
</pin_list>
<bind>
<StgValue><ssdm name="x_1_V_read"/></StgValue>
</bind>
</comp>

<comp id="4" class="1000" name="x_2_V_read">
<pin_list>
<pin id="5" dir="1" index="0" bw="1" slack="0"/>
</pin_list>
<bind>
<StgValue><ssdm name="x_2_V_read"/></StgValue>
</bind>
</comp>

<comp id="6" class="1000" name="x_3_V_read">
<pin_list>
<pin id="7" dir="1" index="0" bw="1" slack="0"/>
</pin_list>
<bind>
<StgValue><ssdm name="x_3_V_read"/></StgValue>
</bind>
</comp>

<comp id="8" class="1001" name="const_8">
<pin_list>
<pin id="9" dir="1" index="0" bw="1" slack="0"/>
</pin_list>
<bind>
<StgValue><ssdm name="_ssdm_op_Read.ap_auto.i6"/></StgValue>
</bind>
</comp>

<comp id="10" class="1004" name="x_3_V_read_1_read_fu_10">
<pin_list>
<pin id="11" dir="0" index="0" bw="6" slack="0"/>
<pin id="12" dir="0" index="1" bw="6" slack="0"/>
<pin id="13" dir="1" index="2" bw="6" slack="0"/>
</pin_list>
<bind>
<opcode="read(1150) " fcode="read"/>
<opset="x_3_V_read_1/1 "/>
</bind>
</comp>

<comp id="16" class="1004" name="x_2_V_read_1_read_fu_16">
<pin_list>
<pin id="17" dir="0" index="0" bw="6" slack="0"/>
<pin id="18" dir="0" index="1" bw="6" slack="0"/>
<pin id="19" dir="1" index="2" bw="6" slack="0"/>
</pin_list>
<bind>
<opcode="read(1150) " fcode="read"/>
<opset="x_2_V_read_1/1 "/>
</bind>
</comp>

<comp id="22" class="1004" name="x_1_V_read_1_read_fu_22">
<pin_list>
<pin id="23" dir="0" index="0" bw="6" slack="0"/>
<pin id="24" dir="0" index="1" bw="6" slack="0"/>
<pin id="25" dir="1" index="2" bw="6" slack="0"/>
</pin_list>
<bind>
<opcode="read(1150) " fcode="read"/>
<opset="x_1_V_read_1/1 "/>
</bind>
</comp>

<comp id="28" class="1004" name="x_0_V_read_1_read_fu_28">
<pin_list>
<pin id="29" dir="0" index="0" bw="6" slack="0"/>
<pin id="30" dir="0" index="1" bw="6" slack="0"/>
<pin id="31" dir="1" index="2" bw="6" slack="0"/>
</pin_list>
<bind>
<opcode="read(1150) " fcode="read"/>
<opset="x_0_V_read_1/1 "/>
</bind>
</comp>

<comp id="34" class="1004" name="icmp_ln1496_fu_34">
<pin_list>
<pin id="35" dir="0" index="0" bw="6" slack="0"/>
<pin id="36" dir="0" index="1" bw="6" slack="0"/>
<pin id="37" dir="1" index="2" bw="1" slack="0"/>
</pin_list>
<bind>
<opcode="icmp(45) " fcode="icmp"/>
<opset="icmp_ln1496/1 "/>
</bind>
</comp>

<comp id="40" class="1004" name="select_ln86_fu_40">
<pin_list>
<pin id="41" dir="0" index="0" bw="1" slack="0"/>
<pin id="42" dir="0" index="1" bw="6" slack="0"/>
<pin id="43" dir="0" index="2" bw="6" slack="0"/>
<pin id="44" dir="1" index="3" bw="6" slack="0"/>
</pin_list>
<bind>
<opcode="select(49) " fcode="select"/>
<opset="select_ln86/1 "/>
</bind>
</comp>

<comp id="48" class="1004" name="icmp_ln1496_1_fu_48">
<pin_list>
<pin id="49" dir="0" index="0" bw="6" slack="0"/>
<pin id="50" dir="0" index="1" bw="6" slack="0"/>
<pin id="51" dir="1" index="2" bw="1" slack="0"/>
</pin_list>
<bind>
<opcode="icmp(45) " fcode="icmp"/>
<opset="icmp_ln1496_1/1 "/>
</bind>
</comp>

<comp id="54" class="1004" name="select_ln86_1_fu_54">
<pin_list>
<pin id="55" dir="0" index="0" bw="1" slack="0"/>
<pin id="56" dir="0" index="1" bw="6" slack="0"/>
<pin id="57" dir="0" index="2" bw="6" slack="0"/>
<pin id="58" dir="1" index="3" bw="6" slack="0"/>
</pin_list>
<bind>
<opcode="select(49) " fcode="select"/>
<opset="select_ln86_1/1 "/>
</bind>
</comp>

<comp id="62" class="1004" name="icmp_ln1496_2_fu_62">
<pin_list>
<pin id="63" dir="0" index="0" bw="6" slack="0"/>
<pin id="64" dir="0" index="1" bw="6" slack="0"/>
<pin id="65" dir="1" index="2" bw="1" slack="0"/>
</pin_list>
<bind>
<opcode="icmp(45) " fcode="icmp"/>
<opset="icmp_ln1496_2/1 "/>
</bind>
</comp>

<comp id="68" class="1004" name="select_ln86_2_fu_68">
<pin_list>
<pin id="69" dir="0" index="0" bw="1" slack="0"/>
<pin id="70" dir="0" index="1" bw="6" slack="0"/>
<pin id="71" dir="0" index="2" bw="6" slack="0"/>
<pin id="72" dir="1" index="3" bw="6" slack="2147483647"/>
</pin_list>
<bind>
<opcode="select(49) " fcode="select"/>
<opset="select_ln86_2/1 "/>
</bind>
</comp>

</comp_list>

<net_list>
<net id="14"><net_src comp="8" pin="0"/><net_sink comp="10" pin=0"/></net>

<net id="15"><net_src comp="6" pin="0"/><net_sink comp="10" pin=1"/></net>

<net id="20"><net_src comp="8" pin="0"/><net_sink comp="16" pin=0"/></net>

<net id="21"><net_src comp="4" pin="0"/><net_sink comp="16" pin=1"/></net>

<net id="26"><net_src comp="8" pin="0"/><net_sink comp="22" pin=0"/></net>

<net id="27"><net_src comp="2" pin="0"/><net_sink comp="22" pin=1"/></net>

<net id="32"><net_src comp="8" pin="0"/><net_sink comp="28" pin=0"/></net>

<net id="33"><net_src comp="0" pin="0"/><net_sink comp="28" pin=1"/></net>

<net id="38"><net_src comp="28" pin="2"/><net_sink comp="34" pin=0"/></net>

<net id="39"><net_src comp="22" pin="2"/><net_sink comp="34" pin=1"/></net>

<net id="45"><net_src comp="34" pin="2"/><net_sink comp="40" pin=0"/></net>

<net id="46"><net_src comp="22" pin="2"/><net_sink comp="40" pin=1"/></net>

<net id="47"><net_src comp="28" pin="2"/><net_sink comp="40" pin=2"/></net>

<net id="52"><net_src comp="16" pin="2"/><net_sink comp="48" pin=0"/></net>

<net id="53"><net_src comp="10" pin="2"/><net_sink comp="48" pin=1"/></net>

<net id="59"><net_src comp="48" pin="2"/><net_sink comp="54" pin=0"/></net>

<net id="60"><net_src comp="10" pin="2"/><net_sink comp="54" pin=1"/></net>

<net id="61"><net_src comp="16" pin="2"/><net_sink comp="54" pin=2"/></net>

<net id="66"><net_src comp="40" pin="3"/><net_sink comp="62" pin=0"/></net>

<net id="67"><net_src comp="54" pin="3"/><net_sink comp="62" pin=1"/></net>

<net id="73"><net_src comp="62" pin="2"/><net_sink comp="68" pin=0"/></net>

<net id="74"><net_src comp="54" pin="3"/><net_sink comp="68" pin=1"/></net>

<net id="75"><net_src comp="40" pin="3"/><net_sink comp="68" pin=2"/></net>

</net_list>

</model> 
---------------- Datapath Model END ------------------

* FSMD analyzer results:
  - Output states:
 - Input state : 
	Port: reduce<ap_ufixed,4,Op_max<ap_ufixed<6,0,0,0,0>>> : x_0_V_read | {1 }
	Port: reduce<ap_ufixed,4,Op_max<ap_ufixed<6,0,0,0,0>>> : x_1_V_read | {1 }
	Port: reduce<ap_ufixed,4,Op_max<ap_ufixed<6,0,0,0,0>>> : x_2_V_read | {1 }
	Port: reduce<ap_ufixed,4,Op_max<ap_ufixed<6,0,0,0,0>>> : x_3_V_read | {1 }
  - Chain level:
	State 1
		select_ln86 : 1
		select_ln86_1 : 1
		icmp_ln1496_2 : 2
		select_ln86_2 : 3
		ret_ln55 : 4


============================================================
+ Verbose Summary: Datapath Resource usage 
============================================================

* Functional unit list:
|----------|-------------------------|---------|---------|
| Operation|     Functional Unit     |    FF   |   LUT   |
|----------|-------------------------|---------|---------|
|          |    icmp_ln1496_fu_34    |    0    |    11   |
|   icmp   |   icmp_ln1496_1_fu_48   |    0    |    11   |
|          |   icmp_ln1496_2_fu_62   |    0    |    11   |
|----------|-------------------------|---------|---------|
|          |    select_ln86_fu_40    |    0    |    6    |
|  select  |   select_ln86_1_fu_54   |    0    |    6    |
|          |   select_ln86_2_fu_68   |    0    |    6    |
|----------|-------------------------|---------|---------|
|          | x_3_V_read_1_read_fu_10 |    0    |    0    |
|   read   | x_2_V_read_1_read_fu_16 |    0    |    0    |
|          | x_1_V_read_1_read_fu_22 |    0    |    0    |
|          | x_0_V_read_1_read_fu_28 |    0    |    0    |
|----------|-------------------------|---------|---------|
|   Total  |                         |    0    |    51   |
|----------|-------------------------|---------|---------|

Memories:
N/A

* Register list:
N/A

* Multiplexer (MUX) list: 
|--------|------|------|------|--------|
|  Comp  |  Pin | Size |  BW  | S x BW |
|--------|------|------|------|--------|
|  Total |      |      |      |    0   |
|--------|------|------|------|--------|



* Summary:
+-----------+--------+--------+
|           |   FF   |   LUT  |
+-----------+--------+--------+
|  Function |    0   |   51   |
|   Memory  |    -   |    -   |
|Multiplexer|    -   |    -   |
|  Register |    -   |    -   |
+-----------+--------+--------+
|   Total   |    0   |   51   |
+-----------+--------+--------+
