

================================================================
== Vivado HLS Report for 'relu_array_array_ap_ufixed_32u_relu_config4_s'
================================================================
* Date:           Tue Feb 21 11:21:29 2023

* Version:        2019.2 (Build 2704478 on Wed Nov 06 22:10:23 MST 2019)
* Project:        myproject_prj
* Solution:       solution1
* Product family: zynq
* Target device:  xc7z020-clg484-1


================================================================
== Performance Estimates
================================================================
+ Timing: 
    * Summary: 
    +--------+----------+----------+------------+
    |  Clock |  Target  | Estimated| Uncertainty|
    +--------+----------+----------+------------+
    |ap_clk  | 10.00 ns | 6.248 ns |   1.25 ns  |
    +--------+----------+----------+------------+

+ Latency: 
    * Summary: 
    +---------+---------+----------+----------+-----+-----+---------+
    |  Latency (cycles) |  Latency (absolute) |  Interval | Pipeline|
    |   min   |   max   |    min   |    max   | min | max |   Type  |
    +---------+---------+----------+----------+-----+-----+---------+
    |       19|       19| 0.190 us | 0.190 us |   19|   19|   none  |
    +---------+---------+----------+----------+-----+-----+---------+

    + Detail: 
        * Instance: 
        N/A

        * Loop: 
        +---------------+---------+---------+----------+-----------+-----------+------+----------+
        |               |  Latency (cycles) | Iteration|  Initiation Interval  | Trip |          |
        |   Loop Name   |   min   |   max   |  Latency |  achieved |   target  | Count| Pipelined|
        +---------------+---------+---------+----------+-----------+-----------+------+----------+
        |- ReLUActLoop  |       17|       17|         3|          1|          1|    16|    yes   |
        +---------------+---------+---------+----------+-----------+-----------+------+----------+

============================================================
+ Verbose Summary: Synthesis Manager
============================================================
InlineROM: 1
ExposeGlobal: 0
============================================================
+ Verbose Summary: CDFG Model
============================================================
IsTopModel: 0
ResetActiveHigh: 1
IsCombinational: 2
IsDatapathOnly: 0
HasWiredReturn: 1
HasMFsm: 0
HasVarLatency: 1
IsPipeline: 0
IsRtlPipelined: 0
IsInstanceOverlapped: 0
IsDontTouch: 0
HasImplIP: 0
IsGatedGlobalClock: 0

+ Individual pipeline summary: 
  * Pipeline-0: initiation interval (II) = 1, depth = 3


============================================================
+ Verbose Summary: Schedule
============================================================
* Number of FSM states : 5
* Pipeline : 1
  Pipeline-0 : II = 1, D = 3, States = { 2 3 4 }
* Dataflow Pipeline: 0

* FSM state transitions: 
1 --> 2 
2 --> 5 3 
3 --> 4 
4 --> 2 
5 --> 

* FSM state operations: 

State 1 <SV = 0> <Delay = 1.76>
ST_1 : Operation 6 [1/1] (0.00ns)   --->   "call void (...)* @_ssdm_op_SpecInterface(i6* %res_V_data_31_V, [8 x i8]* @ap_fifo_str, i32 0, i32 0, [1 x i8]* @p_str883, i32 0, i32 0, [1 x i8]* @p_str884, [1 x i8]* @p_str885, [1 x i8]* @p_str886, i32 2, i32 2, i32 16, i32 16, [1 x i8]* @p_str887, [1 x i8]* @p_str888)"   --->   Operation 6 'specinterface' <Predicate = true> <Delay = 0.00>
ST_1 : Operation 7 [1/1] (0.00ns)   --->   "call void (...)* @_ssdm_op_SpecInterface(i6* %res_V_data_30_V, [8 x i8]* @ap_fifo_str, i32 0, i32 0, [1 x i8]* @p_str876, i32 0, i32 0, [1 x i8]* @p_str877, [1 x i8]* @p_str878, [1 x i8]* @p_str879, i32 2, i32 2, i32 16, i32 16, [1 x i8]* @p_str880, [1 x i8]* @p_str881)"   --->   Operation 7 'specinterface' <Predicate = true> <Delay = 0.00>
ST_1 : Operation 8 [1/1] (0.00ns)   --->   "call void (...)* @_ssdm_op_SpecInterface(i6* %res_V_data_29_V, [8 x i8]* @ap_fifo_str, i32 0, i32 0, [1 x i8]* @p_str869, i32 0, i32 0, [1 x i8]* @p_str870, [1 x i8]* @p_str871, [1 x i8]* @p_str872, i32 2, i32 2, i32 16, i32 16, [1 x i8]* @p_str873, [1 x i8]* @p_str874)"   --->   Operation 8 'specinterface' <Predicate = true> <Delay = 0.00>
ST_1 : Operation 9 [1/1] (0.00ns)   --->   "call void (...)* @_ssdm_op_SpecInterface(i6* %res_V_data_28_V, [8 x i8]* @ap_fifo_str, i32 0, i32 0, [1 x i8]* @p_str862, i32 0, i32 0, [1 x i8]* @p_str863, [1 x i8]* @p_str864, [1 x i8]* @p_str865, i32 2, i32 2, i32 16, i32 16, [1 x i8]* @p_str866, [1 x i8]* @p_str867)"   --->   Operation 9 'specinterface' <Predicate = true> <Delay = 0.00>
ST_1 : Operation 10 [1/1] (0.00ns)   --->   "call void (...)* @_ssdm_op_SpecInterface(i6* %res_V_data_27_V, [8 x i8]* @ap_fifo_str, i32 0, i32 0, [1 x i8]* @p_str855, i32 0, i32 0, [1 x i8]* @p_str856, [1 x i8]* @p_str857, [1 x i8]* @p_str858, i32 2, i32 2, i32 16, i32 16, [1 x i8]* @p_str859, [1 x i8]* @p_str860)"   --->   Operation 10 'specinterface' <Predicate = true> <Delay = 0.00>
ST_1 : Operation 11 [1/1] (0.00ns)   --->   "call void (...)* @_ssdm_op_SpecInterface(i6* %res_V_data_26_V, [8 x i8]* @ap_fifo_str, i32 0, i32 0, [1 x i8]* @p_str848, i32 0, i32 0, [1 x i8]* @p_str849, [1 x i8]* @p_str850, [1 x i8]* @p_str851, i32 2, i32 2, i32 16, i32 16, [1 x i8]* @p_str852, [1 x i8]* @p_str853)"   --->   Operation 11 'specinterface' <Predicate = true> <Delay = 0.00>
ST_1 : Operation 12 [1/1] (0.00ns)   --->   "call void (...)* @_ssdm_op_SpecInterface(i6* %res_V_data_25_V, [8 x i8]* @ap_fifo_str, i32 0, i32 0, [1 x i8]* @p_str841, i32 0, i32 0, [1 x i8]* @p_str842, [1 x i8]* @p_str843, [1 x i8]* @p_str844, i32 2, i32 2, i32 16, i32 16, [1 x i8]* @p_str845, [1 x i8]* @p_str846)"   --->   Operation 12 'specinterface' <Predicate = true> <Delay = 0.00>
ST_1 : Operation 13 [1/1] (0.00ns)   --->   "call void (...)* @_ssdm_op_SpecInterface(i6* %res_V_data_24_V, [8 x i8]* @ap_fifo_str, i32 0, i32 0, [1 x i8]* @p_str834, i32 0, i32 0, [1 x i8]* @p_str835, [1 x i8]* @p_str836, [1 x i8]* @p_str837, i32 2, i32 2, i32 16, i32 16, [1 x i8]* @p_str838, [1 x i8]* @p_str839)"   --->   Operation 13 'specinterface' <Predicate = true> <Delay = 0.00>
ST_1 : Operation 14 [1/1] (0.00ns)   --->   "call void (...)* @_ssdm_op_SpecInterface(i6* %res_V_data_23_V, [8 x i8]* @ap_fifo_str, i32 0, i32 0, [1 x i8]* @p_str827, i32 0, i32 0, [1 x i8]* @p_str828, [1 x i8]* @p_str829, [1 x i8]* @p_str830, i32 2, i32 2, i32 16, i32 16, [1 x i8]* @p_str831, [1 x i8]* @p_str832)"   --->   Operation 14 'specinterface' <Predicate = true> <Delay = 0.00>
ST_1 : Operation 15 [1/1] (0.00ns)   --->   "call void (...)* @_ssdm_op_SpecInterface(i6* %res_V_data_22_V, [8 x i8]* @ap_fifo_str, i32 0, i32 0, [1 x i8]* @p_str820, i32 0, i32 0, [1 x i8]* @p_str821, [1 x i8]* @p_str822, [1 x i8]* @p_str823, i32 2, i32 2, i32 16, i32 16, [1 x i8]* @p_str824, [1 x i8]* @p_str825)"   --->   Operation 15 'specinterface' <Predicate = true> <Delay = 0.00>
ST_1 : Operation 16 [1/1] (0.00ns)   --->   "call void (...)* @_ssdm_op_SpecInterface(i6* %res_V_data_21_V, [8 x i8]* @ap_fifo_str, i32 0, i32 0, [1 x i8]* @p_str813, i32 0, i32 0, [1 x i8]* @p_str814, [1 x i8]* @p_str815, [1 x i8]* @p_str816, i32 2, i32 2, i32 16, i32 16, [1 x i8]* @p_str817, [1 x i8]* @p_str818)"   --->   Operation 16 'specinterface' <Predicate = true> <Delay = 0.00>
ST_1 : Operation 17 [1/1] (0.00ns)   --->   "call void (...)* @_ssdm_op_SpecInterface(i6* %res_V_data_20_V, [8 x i8]* @ap_fifo_str, i32 0, i32 0, [1 x i8]* @p_str806, i32 0, i32 0, [1 x i8]* @p_str807, [1 x i8]* @p_str808, [1 x i8]* @p_str809, i32 2, i32 2, i32 16, i32 16, [1 x i8]* @p_str810, [1 x i8]* @p_str811)"   --->   Operation 17 'specinterface' <Predicate = true> <Delay = 0.00>
ST_1 : Operation 18 [1/1] (0.00ns)   --->   "call void (...)* @_ssdm_op_SpecInterface(i6* %res_V_data_19_V, [8 x i8]* @ap_fifo_str, i32 0, i32 0, [1 x i8]* @p_str799, i32 0, i32 0, [1 x i8]* @p_str800, [1 x i8]* @p_str801, [1 x i8]* @p_str802, i32 2, i32 2, i32 16, i32 16, [1 x i8]* @p_str803, [1 x i8]* @p_str804)"   --->   Operation 18 'specinterface' <Predicate = true> <Delay = 0.00>
ST_1 : Operation 19 [1/1] (0.00ns)   --->   "call void (...)* @_ssdm_op_SpecInterface(i6* %res_V_data_18_V, [8 x i8]* @ap_fifo_str, i32 0, i32 0, [1 x i8]* @p_str792, i32 0, i32 0, [1 x i8]* @p_str793, [1 x i8]* @p_str794, [1 x i8]* @p_str795, i32 2, i32 2, i32 16, i32 16, [1 x i8]* @p_str796, [1 x i8]* @p_str797)"   --->   Operation 19 'specinterface' <Predicate = true> <Delay = 0.00>
ST_1 : Operation 20 [1/1] (0.00ns)   --->   "call void (...)* @_ssdm_op_SpecInterface(i6* %res_V_data_17_V, [8 x i8]* @ap_fifo_str, i32 0, i32 0, [1 x i8]* @p_str785, i32 0, i32 0, [1 x i8]* @p_str786, [1 x i8]* @p_str787, [1 x i8]* @p_str788, i32 2, i32 2, i32 16, i32 16, [1 x i8]* @p_str789, [1 x i8]* @p_str790)"   --->   Operation 20 'specinterface' <Predicate = true> <Delay = 0.00>
ST_1 : Operation 21 [1/1] (0.00ns)   --->   "call void (...)* @_ssdm_op_SpecInterface(i6* %res_V_data_16_V, [8 x i8]* @ap_fifo_str, i32 0, i32 0, [1 x i8]* @p_str778, i32 0, i32 0, [1 x i8]* @p_str779, [1 x i8]* @p_str780, [1 x i8]* @p_str781, i32 2, i32 2, i32 16, i32 16, [1 x i8]* @p_str782, [1 x i8]* @p_str783)"   --->   Operation 21 'specinterface' <Predicate = true> <Delay = 0.00>
ST_1 : Operation 22 [1/1] (0.00ns)   --->   "call void (...)* @_ssdm_op_SpecInterface(i6* %res_V_data_15_V, [8 x i8]* @ap_fifo_str, i32 0, i32 0, [1 x i8]* @p_str771, i32 0, i32 0, [1 x i8]* @p_str772, [1 x i8]* @p_str773, [1 x i8]* @p_str774, i32 2, i32 2, i32 16, i32 16, [1 x i8]* @p_str775, [1 x i8]* @p_str776)"   --->   Operation 22 'specinterface' <Predicate = true> <Delay = 0.00>
ST_1 : Operation 23 [1/1] (0.00ns)   --->   "call void (...)* @_ssdm_op_SpecInterface(i6* %res_V_data_14_V, [8 x i8]* @ap_fifo_str, i32 0, i32 0, [1 x i8]* @p_str764, i32 0, i32 0, [1 x i8]* @p_str765, [1 x i8]* @p_str766, [1 x i8]* @p_str767, i32 2, i32 2, i32 16, i32 16, [1 x i8]* @p_str768, [1 x i8]* @p_str769)"   --->   Operation 23 'specinterface' <Predicate = true> <Delay = 0.00>
ST_1 : Operation 24 [1/1] (0.00ns)   --->   "call void (...)* @_ssdm_op_SpecInterface(i6* %res_V_data_13_V, [8 x i8]* @ap_fifo_str, i32 0, i32 0, [1 x i8]* @p_str757, i32 0, i32 0, [1 x i8]* @p_str758, [1 x i8]* @p_str759, [1 x i8]* @p_str760, i32 2, i32 2, i32 16, i32 16, [1 x i8]* @p_str761, [1 x i8]* @p_str762)"   --->   Operation 24 'specinterface' <Predicate = true> <Delay = 0.00>
ST_1 : Operation 25 [1/1] (0.00ns)   --->   "call void (...)* @_ssdm_op_SpecInterface(i6* %res_V_data_12_V, [8 x i8]* @ap_fifo_str, i32 0, i32 0, [1 x i8]* @p_str750, i32 0, i32 0, [1 x i8]* @p_str751, [1 x i8]* @p_str752, [1 x i8]* @p_str753, i32 2, i32 2, i32 16, i32 16, [1 x i8]* @p_str754, [1 x i8]* @p_str755)"   --->   Operation 25 'specinterface' <Predicate = true> <Delay = 0.00>
ST_1 : Operation 26 [1/1] (0.00ns)   --->   "call void (...)* @_ssdm_op_SpecInterface(i6* %res_V_data_11_V, [8 x i8]* @ap_fifo_str, i32 0, i32 0, [1 x i8]* @p_str743, i32 0, i32 0, [1 x i8]* @p_str744, [1 x i8]* @p_str745, [1 x i8]* @p_str746, i32 2, i32 2, i32 16, i32 16, [1 x i8]* @p_str747, [1 x i8]* @p_str748)"   --->   Operation 26 'specinterface' <Predicate = true> <Delay = 0.00>
ST_1 : Operation 27 [1/1] (0.00ns)   --->   "call void (...)* @_ssdm_op_SpecInterface(i6* %res_V_data_10_V, [8 x i8]* @ap_fifo_str, i32 0, i32 0, [1 x i8]* @p_str736, i32 0, i32 0, [1 x i8]* @p_str737, [1 x i8]* @p_str738, [1 x i8]* @p_str739, i32 2, i32 2, i32 16, i32 16, [1 x i8]* @p_str740, [1 x i8]* @p_str741)"   --->   Operation 27 'specinterface' <Predicate = true> <Delay = 0.00>
ST_1 : Operation 28 [1/1] (0.00ns)   --->   "call void (...)* @_ssdm_op_SpecInterface(i6* %res_V_data_9_V, [8 x i8]* @ap_fifo_str, i32 0, i32 0, [1 x i8]* @p_str729, i32 0, i32 0, [1 x i8]* @p_str730, [1 x i8]* @p_str731, [1 x i8]* @p_str732, i32 2, i32 2, i32 16, i32 16, [1 x i8]* @p_str733, [1 x i8]* @p_str734)"   --->   Operation 28 'specinterface' <Predicate = true> <Delay = 0.00>
ST_1 : Operation 29 [1/1] (0.00ns)   --->   "call void (...)* @_ssdm_op_SpecInterface(i6* %res_V_data_8_V, [8 x i8]* @ap_fifo_str, i32 0, i32 0, [1 x i8]* @p_str722, i32 0, i32 0, [1 x i8]* @p_str723, [1 x i8]* @p_str724, [1 x i8]* @p_str725, i32 2, i32 2, i32 16, i32 16, [1 x i8]* @p_str726, [1 x i8]* @p_str727)"   --->   Operation 29 'specinterface' <Predicate = true> <Delay = 0.00>
ST_1 : Operation 30 [1/1] (0.00ns)   --->   "call void (...)* @_ssdm_op_SpecInterface(i6* %res_V_data_7_V, [8 x i8]* @ap_fifo_str, i32 0, i32 0, [1 x i8]* @p_str715, i32 0, i32 0, [1 x i8]* @p_str716, [1 x i8]* @p_str717, [1 x i8]* @p_str718, i32 2, i32 2, i32 16, i32 16, [1 x i8]* @p_str719, [1 x i8]* @p_str720)"   --->   Operation 30 'specinterface' <Predicate = true> <Delay = 0.00>
ST_1 : Operation 31 [1/1] (0.00ns)   --->   "call void (...)* @_ssdm_op_SpecInterface(i6* %res_V_data_6_V, [8 x i8]* @ap_fifo_str, i32 0, i32 0, [1 x i8]* @p_str708, i32 0, i32 0, [1 x i8]* @p_str709, [1 x i8]* @p_str710, [1 x i8]* @p_str711, i32 2, i32 2, i32 16, i32 16, [1 x i8]* @p_str712, [1 x i8]* @p_str713)"   --->   Operation 31 'specinterface' <Predicate = true> <Delay = 0.00>
ST_1 : Operation 32 [1/1] (0.00ns)   --->   "call void (...)* @_ssdm_op_SpecInterface(i6* %res_V_data_5_V, [8 x i8]* @ap_fifo_str, i32 0, i32 0, [1 x i8]* @p_str701, i32 0, i32 0, [1 x i8]* @p_str702, [1 x i8]* @p_str703, [1 x i8]* @p_str704, i32 2, i32 2, i32 16, i32 16, [1 x i8]* @p_str705, [1 x i8]* @p_str706)"   --->   Operation 32 'specinterface' <Predicate = true> <Delay = 0.00>
ST_1 : Operation 33 [1/1] (0.00ns)   --->   "call void (...)* @_ssdm_op_SpecInterface(i6* %res_V_data_4_V, [8 x i8]* @ap_fifo_str, i32 0, i32 0, [1 x i8]* @p_str694, i32 0, i32 0, [1 x i8]* @p_str695, [1 x i8]* @p_str696, [1 x i8]* @p_str697, i32 2, i32 2, i32 16, i32 16, [1 x i8]* @p_str698, [1 x i8]* @p_str699)"   --->   Operation 33 'specinterface' <Predicate = true> <Delay = 0.00>
ST_1 : Operation 34 [1/1] (0.00ns)   --->   "call void (...)* @_ssdm_op_SpecInterface(i6* %res_V_data_3_V, [8 x i8]* @ap_fifo_str, i32 0, i32 0, [1 x i8]* @p_str687, i32 0, i32 0, [1 x i8]* @p_str688, [1 x i8]* @p_str689, [1 x i8]* @p_str690, i32 2, i32 2, i32 16, i32 16, [1 x i8]* @p_str691, [1 x i8]* @p_str692)"   --->   Operation 34 'specinterface' <Predicate = true> <Delay = 0.00>
ST_1 : Operation 35 [1/1] (0.00ns)   --->   "call void (...)* @_ssdm_op_SpecInterface(i6* %res_V_data_2_V, [8 x i8]* @ap_fifo_str, i32 0, i32 0, [1 x i8]* @p_str680, i32 0, i32 0, [1 x i8]* @p_str681, [1 x i8]* @p_str682, [1 x i8]* @p_str683, i32 2, i32 2, i32 16, i32 16, [1 x i8]* @p_str684, [1 x i8]* @p_str685)"   --->   Operation 35 'specinterface' <Predicate = true> <Delay = 0.00>
ST_1 : Operation 36 [1/1] (0.00ns)   --->   "call void (...)* @_ssdm_op_SpecInterface(i6* %res_V_data_1_V, [8 x i8]* @ap_fifo_str, i32 0, i32 0, [1 x i8]* @p_str673, i32 0, i32 0, [1 x i8]* @p_str674, [1 x i8]* @p_str675, [1 x i8]* @p_str676, i32 2, i32 2, i32 16, i32 16, [1 x i8]* @p_str677, [1 x i8]* @p_str678)"   --->   Operation 36 'specinterface' <Predicate = true> <Delay = 0.00>
ST_1 : Operation 37 [1/1] (0.00ns)   --->   "call void (...)* @_ssdm_op_SpecInterface(i6* %res_V_data_0_V, [8 x i8]* @ap_fifo_str, i32 0, i32 0, [1 x i8]* @p_str666, i32 0, i32 0, [1 x i8]* @p_str667, [1 x i8]* @p_str668, [1 x i8]* @p_str669, i32 2, i32 2, i32 16, i32 16, [1 x i8]* @p_str670, [1 x i8]* @p_str671)"   --->   Operation 37 'specinterface' <Predicate = true> <Delay = 0.00>
ST_1 : Operation 38 [1/1] (0.00ns)   --->   "call void (...)* @_ssdm_op_SpecInterface(i6* %data_V_data_31_V, [8 x i8]* @ap_fifo_str, i32 0, i32 0, [1 x i8]* @p_str659, i32 0, i32 0, [1 x i8]* @p_str660, [1 x i8]* @p_str661, [1 x i8]* @p_str662, i32 2, i32 2, i32 16, i32 16, [1 x i8]* @p_str663, [1 x i8]* @p_str664)"   --->   Operation 38 'specinterface' <Predicate = true> <Delay = 0.00>
ST_1 : Operation 39 [1/1] (0.00ns)   --->   "call void (...)* @_ssdm_op_SpecInterface(i6* %data_V_data_30_V, [8 x i8]* @ap_fifo_str, i32 0, i32 0, [1 x i8]* @p_str652, i32 0, i32 0, [1 x i8]* @p_str653, [1 x i8]* @p_str654, [1 x i8]* @p_str655, i32 2, i32 2, i32 16, i32 16, [1 x i8]* @p_str656, [1 x i8]* @p_str657)"   --->   Operation 39 'specinterface' <Predicate = true> <Delay = 0.00>
ST_1 : Operation 40 [1/1] (0.00ns)   --->   "call void (...)* @_ssdm_op_SpecInterface(i6* %data_V_data_29_V, [8 x i8]* @ap_fifo_str, i32 0, i32 0, [1 x i8]* @p_str645, i32 0, i32 0, [1 x i8]* @p_str646, [1 x i8]* @p_str647, [1 x i8]* @p_str648, i32 2, i32 2, i32 16, i32 16, [1 x i8]* @p_str649, [1 x i8]* @p_str650)"   --->   Operation 40 'specinterface' <Predicate = true> <Delay = 0.00>
ST_1 : Operation 41 [1/1] (0.00ns)   --->   "call void (...)* @_ssdm_op_SpecInterface(i6* %data_V_data_28_V, [8 x i8]* @ap_fifo_str, i32 0, i32 0, [1 x i8]* @p_str638, i32 0, i32 0, [1 x i8]* @p_str639, [1 x i8]* @p_str640, [1 x i8]* @p_str641, i32 2, i32 2, i32 16, i32 16, [1 x i8]* @p_str642, [1 x i8]* @p_str643)"   --->   Operation 41 'specinterface' <Predicate = true> <Delay = 0.00>
ST_1 : Operation 42 [1/1] (0.00ns)   --->   "call void (...)* @_ssdm_op_SpecInterface(i6* %data_V_data_27_V, [8 x i8]* @ap_fifo_str, i32 0, i32 0, [1 x i8]* @p_str631, i32 0, i32 0, [1 x i8]* @p_str632, [1 x i8]* @p_str633, [1 x i8]* @p_str634, i32 2, i32 2, i32 16, i32 16, [1 x i8]* @p_str635, [1 x i8]* @p_str636)"   --->   Operation 42 'specinterface' <Predicate = true> <Delay = 0.00>
ST_1 : Operation 43 [1/1] (0.00ns)   --->   "call void (...)* @_ssdm_op_SpecInterface(i6* %data_V_data_26_V, [8 x i8]* @ap_fifo_str, i32 0, i32 0, [1 x i8]* @p_str624, i32 0, i32 0, [1 x i8]* @p_str625, [1 x i8]* @p_str626, [1 x i8]* @p_str627, i32 2, i32 2, i32 16, i32 16, [1 x i8]* @p_str628, [1 x i8]* @p_str629)"   --->   Operation 43 'specinterface' <Predicate = true> <Delay = 0.00>
ST_1 : Operation 44 [1/1] (0.00ns)   --->   "call void (...)* @_ssdm_op_SpecInterface(i6* %data_V_data_25_V, [8 x i8]* @ap_fifo_str, i32 0, i32 0, [1 x i8]* @p_str617, i32 0, i32 0, [1 x i8]* @p_str618, [1 x i8]* @p_str619, [1 x i8]* @p_str620, i32 2, i32 2, i32 16, i32 16, [1 x i8]* @p_str621, [1 x i8]* @p_str622)"   --->   Operation 44 'specinterface' <Predicate = true> <Delay = 0.00>
ST_1 : Operation 45 [1/1] (0.00ns)   --->   "call void (...)* @_ssdm_op_SpecInterface(i6* %data_V_data_24_V, [8 x i8]* @ap_fifo_str, i32 0, i32 0, [1 x i8]* @p_str610, i32 0, i32 0, [1 x i8]* @p_str611, [1 x i8]* @p_str612, [1 x i8]* @p_str613, i32 2, i32 2, i32 16, i32 16, [1 x i8]* @p_str614, [1 x i8]* @p_str615)"   --->   Operation 45 'specinterface' <Predicate = true> <Delay = 0.00>
ST_1 : Operation 46 [1/1] (0.00ns)   --->   "call void (...)* @_ssdm_op_SpecInterface(i6* %data_V_data_23_V, [8 x i8]* @ap_fifo_str, i32 0, i32 0, [1 x i8]* @p_str603, i32 0, i32 0, [1 x i8]* @p_str604, [1 x i8]* @p_str605, [1 x i8]* @p_str606, i32 2, i32 2, i32 16, i32 16, [1 x i8]* @p_str607, [1 x i8]* @p_str608)"   --->   Operation 46 'specinterface' <Predicate = true> <Delay = 0.00>
ST_1 : Operation 47 [1/1] (0.00ns)   --->   "call void (...)* @_ssdm_op_SpecInterface(i6* %data_V_data_22_V, [8 x i8]* @ap_fifo_str, i32 0, i32 0, [1 x i8]* @p_str596, i32 0, i32 0, [1 x i8]* @p_str597, [1 x i8]* @p_str598, [1 x i8]* @p_str599, i32 2, i32 2, i32 16, i32 16, [1 x i8]* @p_str600, [1 x i8]* @p_str601)"   --->   Operation 47 'specinterface' <Predicate = true> <Delay = 0.00>
ST_1 : Operation 48 [1/1] (0.00ns)   --->   "call void (...)* @_ssdm_op_SpecInterface(i6* %data_V_data_21_V, [8 x i8]* @ap_fifo_str, i32 0, i32 0, [1 x i8]* @p_str589, i32 0, i32 0, [1 x i8]* @p_str590, [1 x i8]* @p_str591, [1 x i8]* @p_str592, i32 2, i32 2, i32 16, i32 16, [1 x i8]* @p_str593, [1 x i8]* @p_str594)"   --->   Operation 48 'specinterface' <Predicate = true> <Delay = 0.00>
ST_1 : Operation 49 [1/1] (0.00ns)   --->   "call void (...)* @_ssdm_op_SpecInterface(i6* %data_V_data_20_V, [8 x i8]* @ap_fifo_str, i32 0, i32 0, [1 x i8]* @p_str582, i32 0, i32 0, [1 x i8]* @p_str583, [1 x i8]* @p_str584, [1 x i8]* @p_str585, i32 2, i32 2, i32 16, i32 16, [1 x i8]* @p_str586, [1 x i8]* @p_str587)"   --->   Operation 49 'specinterface' <Predicate = true> <Delay = 0.00>
ST_1 : Operation 50 [1/1] (0.00ns)   --->   "call void (...)* @_ssdm_op_SpecInterface(i6* %data_V_data_19_V, [8 x i8]* @ap_fifo_str, i32 0, i32 0, [1 x i8]* @p_str575, i32 0, i32 0, [1 x i8]* @p_str576, [1 x i8]* @p_str577, [1 x i8]* @p_str578, i32 2, i32 2, i32 16, i32 16, [1 x i8]* @p_str579, [1 x i8]* @p_str580)"   --->   Operation 50 'specinterface' <Predicate = true> <Delay = 0.00>
ST_1 : Operation 51 [1/1] (0.00ns)   --->   "call void (...)* @_ssdm_op_SpecInterface(i6* %data_V_data_18_V, [8 x i8]* @ap_fifo_str, i32 0, i32 0, [1 x i8]* @p_str568, i32 0, i32 0, [1 x i8]* @p_str569, [1 x i8]* @p_str570, [1 x i8]* @p_str571, i32 2, i32 2, i32 16, i32 16, [1 x i8]* @p_str572, [1 x i8]* @p_str573)"   --->   Operation 51 'specinterface' <Predicate = true> <Delay = 0.00>
ST_1 : Operation 52 [1/1] (0.00ns)   --->   "call void (...)* @_ssdm_op_SpecInterface(i6* %data_V_data_17_V, [8 x i8]* @ap_fifo_str, i32 0, i32 0, [1 x i8]* @p_str561, i32 0, i32 0, [1 x i8]* @p_str562, [1 x i8]* @p_str563, [1 x i8]* @p_str564, i32 2, i32 2, i32 16, i32 16, [1 x i8]* @p_str565, [1 x i8]* @p_str566)"   --->   Operation 52 'specinterface' <Predicate = true> <Delay = 0.00>
ST_1 : Operation 53 [1/1] (0.00ns)   --->   "call void (...)* @_ssdm_op_SpecInterface(i6* %data_V_data_16_V, [8 x i8]* @ap_fifo_str, i32 0, i32 0, [1 x i8]* @p_str554, i32 0, i32 0, [1 x i8]* @p_str555, [1 x i8]* @p_str556, [1 x i8]* @p_str557, i32 2, i32 2, i32 16, i32 16, [1 x i8]* @p_str558, [1 x i8]* @p_str559)"   --->   Operation 53 'specinterface' <Predicate = true> <Delay = 0.00>
ST_1 : Operation 54 [1/1] (0.00ns)   --->   "call void (...)* @_ssdm_op_SpecInterface(i6* %data_V_data_15_V, [8 x i8]* @ap_fifo_str, i32 0, i32 0, [1 x i8]* @p_str547, i32 0, i32 0, [1 x i8]* @p_str548, [1 x i8]* @p_str549, [1 x i8]* @p_str550, i32 2, i32 2, i32 16, i32 16, [1 x i8]* @p_str551, [1 x i8]* @p_str552)"   --->   Operation 54 'specinterface' <Predicate = true> <Delay = 0.00>
ST_1 : Operation 55 [1/1] (0.00ns)   --->   "call void (...)* @_ssdm_op_SpecInterface(i6* %data_V_data_14_V, [8 x i8]* @ap_fifo_str, i32 0, i32 0, [1 x i8]* @p_str540, i32 0, i32 0, [1 x i8]* @p_str541, [1 x i8]* @p_str542, [1 x i8]* @p_str543, i32 2, i32 2, i32 16, i32 16, [1 x i8]* @p_str544, [1 x i8]* @p_str545)"   --->   Operation 55 'specinterface' <Predicate = true> <Delay = 0.00>
ST_1 : Operation 56 [1/1] (0.00ns)   --->   "call void (...)* @_ssdm_op_SpecInterface(i6* %data_V_data_13_V, [8 x i8]* @ap_fifo_str, i32 0, i32 0, [1 x i8]* @p_str533, i32 0, i32 0, [1 x i8]* @p_str534, [1 x i8]* @p_str535, [1 x i8]* @p_str536, i32 2, i32 2, i32 16, i32 16, [1 x i8]* @p_str537, [1 x i8]* @p_str538)"   --->   Operation 56 'specinterface' <Predicate = true> <Delay = 0.00>
ST_1 : Operation 57 [1/1] (0.00ns)   --->   "call void (...)* @_ssdm_op_SpecInterface(i6* %data_V_data_12_V, [8 x i8]* @ap_fifo_str, i32 0, i32 0, [1 x i8]* @p_str526, i32 0, i32 0, [1 x i8]* @p_str527, [1 x i8]* @p_str528, [1 x i8]* @p_str529, i32 2, i32 2, i32 16, i32 16, [1 x i8]* @p_str530, [1 x i8]* @p_str531)"   --->   Operation 57 'specinterface' <Predicate = true> <Delay = 0.00>
ST_1 : Operation 58 [1/1] (0.00ns)   --->   "call void (...)* @_ssdm_op_SpecInterface(i6* %data_V_data_11_V, [8 x i8]* @ap_fifo_str, i32 0, i32 0, [1 x i8]* @p_str519, i32 0, i32 0, [1 x i8]* @p_str520, [1 x i8]* @p_str521, [1 x i8]* @p_str522, i32 2, i32 2, i32 16, i32 16, [1 x i8]* @p_str523, [1 x i8]* @p_str524)"   --->   Operation 58 'specinterface' <Predicate = true> <Delay = 0.00>
ST_1 : Operation 59 [1/1] (0.00ns)   --->   "call void (...)* @_ssdm_op_SpecInterface(i6* %data_V_data_10_V, [8 x i8]* @ap_fifo_str, i32 0, i32 0, [1 x i8]* @p_str512, i32 0, i32 0, [1 x i8]* @p_str513, [1 x i8]* @p_str514, [1 x i8]* @p_str515, i32 2, i32 2, i32 16, i32 16, [1 x i8]* @p_str516, [1 x i8]* @p_str517)"   --->   Operation 59 'specinterface' <Predicate = true> <Delay = 0.00>
ST_1 : Operation 60 [1/1] (0.00ns)   --->   "call void (...)* @_ssdm_op_SpecInterface(i6* %data_V_data_9_V, [8 x i8]* @ap_fifo_str, i32 0, i32 0, [1 x i8]* @p_str505, i32 0, i32 0, [1 x i8]* @p_str506, [1 x i8]* @p_str507, [1 x i8]* @p_str508, i32 2, i32 2, i32 16, i32 16, [1 x i8]* @p_str509, [1 x i8]* @p_str510)"   --->   Operation 60 'specinterface' <Predicate = true> <Delay = 0.00>
ST_1 : Operation 61 [1/1] (0.00ns)   --->   "call void (...)* @_ssdm_op_SpecInterface(i6* %data_V_data_8_V, [8 x i8]* @ap_fifo_str, i32 0, i32 0, [1 x i8]* @p_str498, i32 0, i32 0, [1 x i8]* @p_str499, [1 x i8]* @p_str500, [1 x i8]* @p_str501, i32 2, i32 2, i32 16, i32 16, [1 x i8]* @p_str502, [1 x i8]* @p_str503)"   --->   Operation 61 'specinterface' <Predicate = true> <Delay = 0.00>
ST_1 : Operation 62 [1/1] (0.00ns)   --->   "call void (...)* @_ssdm_op_SpecInterface(i6* %data_V_data_7_V, [8 x i8]* @ap_fifo_str, i32 0, i32 0, [1 x i8]* @p_str491, i32 0, i32 0, [1 x i8]* @p_str492, [1 x i8]* @p_str493, [1 x i8]* @p_str494, i32 2, i32 2, i32 16, i32 16, [1 x i8]* @p_str495, [1 x i8]* @p_str496)"   --->   Operation 62 'specinterface' <Predicate = true> <Delay = 0.00>
ST_1 : Operation 63 [1/1] (0.00ns)   --->   "call void (...)* @_ssdm_op_SpecInterface(i6* %data_V_data_6_V, [8 x i8]* @ap_fifo_str, i32 0, i32 0, [1 x i8]* @p_str484, i32 0, i32 0, [1 x i8]* @p_str485, [1 x i8]* @p_str486, [1 x i8]* @p_str487, i32 2, i32 2, i32 16, i32 16, [1 x i8]* @p_str488, [1 x i8]* @p_str489)"   --->   Operation 63 'specinterface' <Predicate = true> <Delay = 0.00>
ST_1 : Operation 64 [1/1] (0.00ns)   --->   "call void (...)* @_ssdm_op_SpecInterface(i6* %data_V_data_5_V, [8 x i8]* @ap_fifo_str, i32 0, i32 0, [1 x i8]* @p_str477, i32 0, i32 0, [1 x i8]* @p_str478, [1 x i8]* @p_str479, [1 x i8]* @p_str480, i32 2, i32 2, i32 16, i32 16, [1 x i8]* @p_str481, [1 x i8]* @p_str482)"   --->   Operation 64 'specinterface' <Predicate = true> <Delay = 0.00>
ST_1 : Operation 65 [1/1] (0.00ns)   --->   "call void (...)* @_ssdm_op_SpecInterface(i6* %data_V_data_4_V, [8 x i8]* @ap_fifo_str, i32 0, i32 0, [1 x i8]* @p_str470, i32 0, i32 0, [1 x i8]* @p_str471, [1 x i8]* @p_str472, [1 x i8]* @p_str473, i32 2, i32 2, i32 16, i32 16, [1 x i8]* @p_str474, [1 x i8]* @p_str475)"   --->   Operation 65 'specinterface' <Predicate = true> <Delay = 0.00>
ST_1 : Operation 66 [1/1] (0.00ns)   --->   "call void (...)* @_ssdm_op_SpecInterface(i6* %data_V_data_3_V, [8 x i8]* @ap_fifo_str, i32 0, i32 0, [1 x i8]* @p_str463, i32 0, i32 0, [1 x i8]* @p_str464, [1 x i8]* @p_str465, [1 x i8]* @p_str466, i32 2, i32 2, i32 16, i32 16, [1 x i8]* @p_str467, [1 x i8]* @p_str468)"   --->   Operation 66 'specinterface' <Predicate = true> <Delay = 0.00>
ST_1 : Operation 67 [1/1] (0.00ns)   --->   "call void (...)* @_ssdm_op_SpecInterface(i6* %data_V_data_2_V, [8 x i8]* @ap_fifo_str, i32 0, i32 0, [1 x i8]* @p_str456, i32 0, i32 0, [1 x i8]* @p_str457, [1 x i8]* @p_str458, [1 x i8]* @p_str459, i32 2, i32 2, i32 16, i32 16, [1 x i8]* @p_str460, [1 x i8]* @p_str461)"   --->   Operation 67 'specinterface' <Predicate = true> <Delay = 0.00>
ST_1 : Operation 68 [1/1] (0.00ns)   --->   "call void (...)* @_ssdm_op_SpecInterface(i6* %data_V_data_1_V, [8 x i8]* @ap_fifo_str, i32 0, i32 0, [1 x i8]* @p_str449, i32 0, i32 0, [1 x i8]* @p_str450, [1 x i8]* @p_str451, [1 x i8]* @p_str452, i32 2, i32 2, i32 16, i32 16, [1 x i8]* @p_str453, [1 x i8]* @p_str454)"   --->   Operation 68 'specinterface' <Predicate = true> <Delay = 0.00>
ST_1 : Operation 69 [1/1] (0.00ns)   --->   "call void (...)* @_ssdm_op_SpecInterface(i6* %data_V_data_0_V, [8 x i8]* @ap_fifo_str, i32 0, i32 0, [1 x i8]* @p_str442, i32 0, i32 0, [1 x i8]* @p_str443, [1 x i8]* @p_str444, [1 x i8]* @p_str445, i32 2, i32 2, i32 16, i32 16, [1 x i8]* @p_str446, [1 x i8]* @p_str447)"   --->   Operation 69 'specinterface' <Predicate = true> <Delay = 0.00>
ST_1 : Operation 70 [1/1] (1.76ns)   --->   "br label %1" [firmware/nnet_utils/nnet_activation_stream.h:60]   --->   Operation 70 'br' <Predicate = true> <Delay = 1.76>

State 2 <SV = 1> <Delay = 1.78>
ST_2 : Operation 71 [1/1] (0.00ns)   --->   "%i_0 = phi i5 [ 0, %0 ], [ %i, %ReLUActLoop ]"   --->   Operation 71 'phi' 'i_0' <Predicate = true> <Delay = 0.00>
ST_2 : Operation 72 [1/1] (1.36ns)   --->   "%icmp_ln60 = icmp eq i5 %i_0, -16" [firmware/nnet_utils/nnet_activation_stream.h:60]   --->   Operation 72 'icmp' 'icmp_ln60' <Predicate = true> <Delay = 1.36> <Core = "Cmp">   --->   Core 25 'Cmp' <Latency = 0> <II = 1> <Delay = 1.42> <FuncUnit> <Opcode : 'icmp'> <InPorts = 2> <OutPorts = 1>
ST_2 : Operation 73 [1/1] (0.00ns)   --->   "%empty = call i32 (...)* @_ssdm_op_SpecLoopTripCount(i64 16, i64 16, i64 16)"   --->   Operation 73 'speclooptripcount' 'empty' <Predicate = true> <Delay = 0.00>
ST_2 : Operation 74 [1/1] (1.78ns)   --->   "%i = add i5 %i_0, 1" [firmware/nnet_utils/nnet_activation_stream.h:60]   --->   Operation 74 'add' 'i' <Predicate = true> <Delay = 1.78> <Core = "AddSub">   --->   Core 14 'AddSub' <Latency = 0> <II = 1> <Delay = 1.78> <FuncUnit> <Opcode : 'add' 'sub'> <InPorts = 2> <OutPorts = 1>
ST_2 : Operation 75 [1/1] (0.00ns)   --->   "br i1 %icmp_ln60, label %2, label %ReLUActLoop" [firmware/nnet_utils/nnet_activation_stream.h:60]   --->   Operation 75 'br' <Predicate = true> <Delay = 0.00>

State 3 <SV = 2> <Delay = 3.63>
ST_3 : Operation 76 [1/1] (3.63ns)   --->   "%empty_28 = call { i6, i6, i6, i6, i6, i6, i6, i6, i6, i6, i6, i6, i6, i6, i6, i6, i6, i6, i6, i6, i6, i6, i6, i6, i6, i6, i6, i6, i6, i6, i6, i6 } @_ssdm_op_Read.ap_fifo.volatile.i6P.i6P.i6P.i6P.i6P.i6P.i6P.i6P.i6P.i6P.i6P.i6P.i6P.i6P.i6P.i6P.i6P.i6P.i6P.i6P.i6P.i6P.i6P.i6P.i6P.i6P.i6P.i6P.i6P.i6P.i6P.i6P(i6* %data_V_data_0_V, i6* %data_V_data_1_V, i6* %data_V_data_2_V, i6* %data_V_data_3_V, i6* %data_V_data_4_V, i6* %data_V_data_5_V, i6* %data_V_data_6_V, i6* %data_V_data_7_V, i6* %data_V_data_8_V, i6* %data_V_data_9_V, i6* %data_V_data_10_V, i6* %data_V_data_11_V, i6* %data_V_data_12_V, i6* %data_V_data_13_V, i6* %data_V_data_14_V, i6* %data_V_data_15_V, i6* %data_V_data_16_V, i6* %data_V_data_17_V, i6* %data_V_data_18_V, i6* %data_V_data_19_V, i6* %data_V_data_20_V, i6* %data_V_data_21_V, i6* %data_V_data_22_V, i6* %data_V_data_23_V, i6* %data_V_data_24_V, i6* %data_V_data_25_V, i6* %data_V_data_26_V, i6* %data_V_data_27_V, i6* %data_V_data_28_V, i6* %data_V_data_29_V, i6* %data_V_data_30_V, i6* %data_V_data_31_V)" [firmware/nnet_utils/nnet_activation_stream.h:63]   --->   Operation 76 'read' 'empty_28' <Predicate = (!icmp_ln60)> <Delay = 3.63> <Core = "FIFO">   --->   Core 32 'FIFO' <Latency = 0> <II = 1> <Delay = 3.63> <Storage> <Opcode : 'read' 'write' 'nbread' 'nbwrite'> <Ports = 0> <Width = 6> <Depth = 1> <FIFO>
ST_3 : Operation 77 [1/1] (0.00ns)   --->   "%tmp_data_V_0 = extractvalue { i6, i6, i6, i6, i6, i6, i6, i6, i6, i6, i6, i6, i6, i6, i6, i6, i6, i6, i6, i6, i6, i6, i6, i6, i6, i6, i6, i6, i6, i6, i6, i6 } %empty_28, 0" [firmware/nnet_utils/nnet_activation_stream.h:63]   --->   Operation 77 'extractvalue' 'tmp_data_V_0' <Predicate = (!icmp_ln60)> <Delay = 0.00>
ST_3 : Operation 78 [1/1] (0.00ns)   --->   "%tmp_data_V_140 = extractvalue { i6, i6, i6, i6, i6, i6, i6, i6, i6, i6, i6, i6, i6, i6, i6, i6, i6, i6, i6, i6, i6, i6, i6, i6, i6, i6, i6, i6, i6, i6, i6, i6 } %empty_28, 1" [firmware/nnet_utils/nnet_activation_stream.h:63]   --->   Operation 78 'extractvalue' 'tmp_data_V_140' <Predicate = (!icmp_ln60)> <Delay = 0.00>
ST_3 : Operation 79 [1/1] (0.00ns)   --->   "%tmp_data_V_2 = extractvalue { i6, i6, i6, i6, i6, i6, i6, i6, i6, i6, i6, i6, i6, i6, i6, i6, i6, i6, i6, i6, i6, i6, i6, i6, i6, i6, i6, i6, i6, i6, i6, i6 } %empty_28, 2" [firmware/nnet_utils/nnet_activation_stream.h:63]   --->   Operation 79 'extractvalue' 'tmp_data_V_2' <Predicate = (!icmp_ln60)> <Delay = 0.00>
ST_3 : Operation 80 [1/1] (0.00ns)   --->   "%tmp_data_V_3 = extractvalue { i6, i6, i6, i6, i6, i6, i6, i6, i6, i6, i6, i6, i6, i6, i6, i6, i6, i6, i6, i6, i6, i6, i6, i6, i6, i6, i6, i6, i6, i6, i6, i6 } %empty_28, 3" [firmware/nnet_utils/nnet_activation_stream.h:63]   --->   Operation 80 'extractvalue' 'tmp_data_V_3' <Predicate = (!icmp_ln60)> <Delay = 0.00>
ST_3 : Operation 81 [1/1] (0.00ns)   --->   "%tmp_data_V_4 = extractvalue { i6, i6, i6, i6, i6, i6, i6, i6, i6, i6, i6, i6, i6, i6, i6, i6, i6, i6, i6, i6, i6, i6, i6, i6, i6, i6, i6, i6, i6, i6, i6, i6 } %empty_28, 4" [firmware/nnet_utils/nnet_activation_stream.h:63]   --->   Operation 81 'extractvalue' 'tmp_data_V_4' <Predicate = (!icmp_ln60)> <Delay = 0.00>
ST_3 : Operation 82 [1/1] (0.00ns)   --->   "%tmp_data_V_5 = extractvalue { i6, i6, i6, i6, i6, i6, i6, i6, i6, i6, i6, i6, i6, i6, i6, i6, i6, i6, i6, i6, i6, i6, i6, i6, i6, i6, i6, i6, i6, i6, i6, i6 } %empty_28, 5" [firmware/nnet_utils/nnet_activation_stream.h:63]   --->   Operation 82 'extractvalue' 'tmp_data_V_5' <Predicate = (!icmp_ln60)> <Delay = 0.00>
ST_3 : Operation 83 [1/1] (0.00ns)   --->   "%tmp_data_V_6 = extractvalue { i6, i6, i6, i6, i6, i6, i6, i6, i6, i6, i6, i6, i6, i6, i6, i6, i6, i6, i6, i6, i6, i6, i6, i6, i6, i6, i6, i6, i6, i6, i6, i6 } %empty_28, 6" [firmware/nnet_utils/nnet_activation_stream.h:63]   --->   Operation 83 'extractvalue' 'tmp_data_V_6' <Predicate = (!icmp_ln60)> <Delay = 0.00>
ST_3 : Operation 84 [1/1] (0.00ns)   --->   "%tmp_data_V_7 = extractvalue { i6, i6, i6, i6, i6, i6, i6, i6, i6, i6, i6, i6, i6, i6, i6, i6, i6, i6, i6, i6, i6, i6, i6, i6, i6, i6, i6, i6, i6, i6, i6, i6 } %empty_28, 7" [firmware/nnet_utils/nnet_activation_stream.h:63]   --->   Operation 84 'extractvalue' 'tmp_data_V_7' <Predicate = (!icmp_ln60)> <Delay = 0.00>
ST_3 : Operation 85 [1/1] (0.00ns)   --->   "%tmp_data_V_8 = extractvalue { i6, i6, i6, i6, i6, i6, i6, i6, i6, i6, i6, i6, i6, i6, i6, i6, i6, i6, i6, i6, i6, i6, i6, i6, i6, i6, i6, i6, i6, i6, i6, i6 } %empty_28, 8" [firmware/nnet_utils/nnet_activation_stream.h:63]   --->   Operation 85 'extractvalue' 'tmp_data_V_8' <Predicate = (!icmp_ln60)> <Delay = 0.00>
ST_3 : Operation 86 [1/1] (0.00ns)   --->   "%tmp_data_V_9 = extractvalue { i6, i6, i6, i6, i6, i6, i6, i6, i6, i6, i6, i6, i6, i6, i6, i6, i6, i6, i6, i6, i6, i6, i6, i6, i6, i6, i6, i6, i6, i6, i6, i6 } %empty_28, 9" [firmware/nnet_utils/nnet_activation_stream.h:63]   --->   Operation 86 'extractvalue' 'tmp_data_V_9' <Predicate = (!icmp_ln60)> <Delay = 0.00>
ST_3 : Operation 87 [1/1] (0.00ns)   --->   "%tmp_data_V_10 = extractvalue { i6, i6, i6, i6, i6, i6, i6, i6, i6, i6, i6, i6, i6, i6, i6, i6, i6, i6, i6, i6, i6, i6, i6, i6, i6, i6, i6, i6, i6, i6, i6, i6 } %empty_28, 10" [firmware/nnet_utils/nnet_activation_stream.h:63]   --->   Operation 87 'extractvalue' 'tmp_data_V_10' <Predicate = (!icmp_ln60)> <Delay = 0.00>
ST_3 : Operation 88 [1/1] (0.00ns)   --->   "%tmp_data_V_11 = extractvalue { i6, i6, i6, i6, i6, i6, i6, i6, i6, i6, i6, i6, i6, i6, i6, i6, i6, i6, i6, i6, i6, i6, i6, i6, i6, i6, i6, i6, i6, i6, i6, i6 } %empty_28, 11" [firmware/nnet_utils/nnet_activation_stream.h:63]   --->   Operation 88 'extractvalue' 'tmp_data_V_11' <Predicate = (!icmp_ln60)> <Delay = 0.00>
ST_3 : Operation 89 [1/1] (0.00ns)   --->   "%tmp_data_V_12 = extractvalue { i6, i6, i6, i6, i6, i6, i6, i6, i6, i6, i6, i6, i6, i6, i6, i6, i6, i6, i6, i6, i6, i6, i6, i6, i6, i6, i6, i6, i6, i6, i6, i6 } %empty_28, 12" [firmware/nnet_utils/nnet_activation_stream.h:63]   --->   Operation 89 'extractvalue' 'tmp_data_V_12' <Predicate = (!icmp_ln60)> <Delay = 0.00>
ST_3 : Operation 90 [1/1] (0.00ns)   --->   "%tmp_data_V_13 = extractvalue { i6, i6, i6, i6, i6, i6, i6, i6, i6, i6, i6, i6, i6, i6, i6, i6, i6, i6, i6, i6, i6, i6, i6, i6, i6, i6, i6, i6, i6, i6, i6, i6 } %empty_28, 13" [firmware/nnet_utils/nnet_activation_stream.h:63]   --->   Operation 90 'extractvalue' 'tmp_data_V_13' <Predicate = (!icmp_ln60)> <Delay = 0.00>
ST_3 : Operation 91 [1/1] (0.00ns)   --->   "%tmp_data_V_14 = extractvalue { i6, i6, i6, i6, i6, i6, i6, i6, i6, i6, i6, i6, i6, i6, i6, i6, i6, i6, i6, i6, i6, i6, i6, i6, i6, i6, i6, i6, i6, i6, i6, i6 } %empty_28, 14" [firmware/nnet_utils/nnet_activation_stream.h:63]   --->   Operation 91 'extractvalue' 'tmp_data_V_14' <Predicate = (!icmp_ln60)> <Delay = 0.00>
ST_3 : Operation 92 [1/1] (0.00ns)   --->   "%tmp_data_V_15 = extractvalue { i6, i6, i6, i6, i6, i6, i6, i6, i6, i6, i6, i6, i6, i6, i6, i6, i6, i6, i6, i6, i6, i6, i6, i6, i6, i6, i6, i6, i6, i6, i6, i6 } %empty_28, 15" [firmware/nnet_utils/nnet_activation_stream.h:63]   --->   Operation 92 'extractvalue' 'tmp_data_V_15' <Predicate = (!icmp_ln60)> <Delay = 0.00>
ST_3 : Operation 93 [1/1] (0.00ns)   --->   "%tmp_data_V_16 = extractvalue { i6, i6, i6, i6, i6, i6, i6, i6, i6, i6, i6, i6, i6, i6, i6, i6, i6, i6, i6, i6, i6, i6, i6, i6, i6, i6, i6, i6, i6, i6, i6, i6 } %empty_28, 16" [firmware/nnet_utils/nnet_activation_stream.h:63]   --->   Operation 93 'extractvalue' 'tmp_data_V_16' <Predicate = (!icmp_ln60)> <Delay = 0.00>
ST_3 : Operation 94 [1/1] (0.00ns)   --->   "%tmp_data_V_17 = extractvalue { i6, i6, i6, i6, i6, i6, i6, i6, i6, i6, i6, i6, i6, i6, i6, i6, i6, i6, i6, i6, i6, i6, i6, i6, i6, i6, i6, i6, i6, i6, i6, i6 } %empty_28, 17" [firmware/nnet_utils/nnet_activation_stream.h:63]   --->   Operation 94 'extractvalue' 'tmp_data_V_17' <Predicate = (!icmp_ln60)> <Delay = 0.00>
ST_3 : Operation 95 [1/1] (0.00ns)   --->   "%tmp_data_V_18 = extractvalue { i6, i6, i6, i6, i6, i6, i6, i6, i6, i6, i6, i6, i6, i6, i6, i6, i6, i6, i6, i6, i6, i6, i6, i6, i6, i6, i6, i6, i6, i6, i6, i6 } %empty_28, 18" [firmware/nnet_utils/nnet_activation_stream.h:63]   --->   Operation 95 'extractvalue' 'tmp_data_V_18' <Predicate = (!icmp_ln60)> <Delay = 0.00>
ST_3 : Operation 96 [1/1] (0.00ns)   --->   "%tmp_data_V_19 = extractvalue { i6, i6, i6, i6, i6, i6, i6, i6, i6, i6, i6, i6, i6, i6, i6, i6, i6, i6, i6, i6, i6, i6, i6, i6, i6, i6, i6, i6, i6, i6, i6, i6 } %empty_28, 19" [firmware/nnet_utils/nnet_activation_stream.h:63]   --->   Operation 96 'extractvalue' 'tmp_data_V_19' <Predicate = (!icmp_ln60)> <Delay = 0.00>
ST_3 : Operation 97 [1/1] (0.00ns)   --->   "%tmp_data_V_20 = extractvalue { i6, i6, i6, i6, i6, i6, i6, i6, i6, i6, i6, i6, i6, i6, i6, i6, i6, i6, i6, i6, i6, i6, i6, i6, i6, i6, i6, i6, i6, i6, i6, i6 } %empty_28, 20" [firmware/nnet_utils/nnet_activation_stream.h:63]   --->   Operation 97 'extractvalue' 'tmp_data_V_20' <Predicate = (!icmp_ln60)> <Delay = 0.00>
ST_3 : Operation 98 [1/1] (0.00ns)   --->   "%tmp_data_V_21 = extractvalue { i6, i6, i6, i6, i6, i6, i6, i6, i6, i6, i6, i6, i6, i6, i6, i6, i6, i6, i6, i6, i6, i6, i6, i6, i6, i6, i6, i6, i6, i6, i6, i6 } %empty_28, 21" [firmware/nnet_utils/nnet_activation_stream.h:63]   --->   Operation 98 'extractvalue' 'tmp_data_V_21' <Predicate = (!icmp_ln60)> <Delay = 0.00>
ST_3 : Operation 99 [1/1] (0.00ns)   --->   "%tmp_data_V_22 = extractvalue { i6, i6, i6, i6, i6, i6, i6, i6, i6, i6, i6, i6, i6, i6, i6, i6, i6, i6, i6, i6, i6, i6, i6, i6, i6, i6, i6, i6, i6, i6, i6, i6 } %empty_28, 22" [firmware/nnet_utils/nnet_activation_stream.h:63]   --->   Operation 99 'extractvalue' 'tmp_data_V_22' <Predicate = (!icmp_ln60)> <Delay = 0.00>
ST_3 : Operation 100 [1/1] (0.00ns)   --->   "%tmp_data_V_23 = extractvalue { i6, i6, i6, i6, i6, i6, i6, i6, i6, i6, i6, i6, i6, i6, i6, i6, i6, i6, i6, i6, i6, i6, i6, i6, i6, i6, i6, i6, i6, i6, i6, i6 } %empty_28, 23" [firmware/nnet_utils/nnet_activation_stream.h:63]   --->   Operation 100 'extractvalue' 'tmp_data_V_23' <Predicate = (!icmp_ln60)> <Delay = 0.00>
ST_3 : Operation 101 [1/1] (0.00ns)   --->   "%tmp_data_V_24 = extractvalue { i6, i6, i6, i6, i6, i6, i6, i6, i6, i6, i6, i6, i6, i6, i6, i6, i6, i6, i6, i6, i6, i6, i6, i6, i6, i6, i6, i6, i6, i6, i6, i6 } %empty_28, 24" [firmware/nnet_utils/nnet_activation_stream.h:63]   --->   Operation 101 'extractvalue' 'tmp_data_V_24' <Predicate = (!icmp_ln60)> <Delay = 0.00>
ST_3 : Operation 102 [1/1] (0.00ns)   --->   "%tmp_data_V_25 = extractvalue { i6, i6, i6, i6, i6, i6, i6, i6, i6, i6, i6, i6, i6, i6, i6, i6, i6, i6, i6, i6, i6, i6, i6, i6, i6, i6, i6, i6, i6, i6, i6, i6 } %empty_28, 25" [firmware/nnet_utils/nnet_activation_stream.h:63]   --->   Operation 102 'extractvalue' 'tmp_data_V_25' <Predicate = (!icmp_ln60)> <Delay = 0.00>
ST_3 : Operation 103 [1/1] (0.00ns)   --->   "%tmp_data_V_26 = extractvalue { i6, i6, i6, i6, i6, i6, i6, i6, i6, i6, i6, i6, i6, i6, i6, i6, i6, i6, i6, i6, i6, i6, i6, i6, i6, i6, i6, i6, i6, i6, i6, i6 } %empty_28, 26" [firmware/nnet_utils/nnet_activation_stream.h:63]   --->   Operation 103 'extractvalue' 'tmp_data_V_26' <Predicate = (!icmp_ln60)> <Delay = 0.00>
ST_3 : Operation 104 [1/1] (0.00ns)   --->   "%tmp_data_V_27 = extractvalue { i6, i6, i6, i6, i6, i6, i6, i6, i6, i6, i6, i6, i6, i6, i6, i6, i6, i6, i6, i6, i6, i6, i6, i6, i6, i6, i6, i6, i6, i6, i6, i6 } %empty_28, 27" [firmware/nnet_utils/nnet_activation_stream.h:63]   --->   Operation 104 'extractvalue' 'tmp_data_V_27' <Predicate = (!icmp_ln60)> <Delay = 0.00>
ST_3 : Operation 105 [1/1] (0.00ns)   --->   "%tmp_data_V_28 = extractvalue { i6, i6, i6, i6, i6, i6, i6, i6, i6, i6, i6, i6, i6, i6, i6, i6, i6, i6, i6, i6, i6, i6, i6, i6, i6, i6, i6, i6, i6, i6, i6, i6 } %empty_28, 28" [firmware/nnet_utils/nnet_activation_stream.h:63]   --->   Operation 105 'extractvalue' 'tmp_data_V_28' <Predicate = (!icmp_ln60)> <Delay = 0.00>
ST_3 : Operation 106 [1/1] (0.00ns)   --->   "%tmp_data_V_29 = extractvalue { i6, i6, i6, i6, i6, i6, i6, i6, i6, i6, i6, i6, i6, i6, i6, i6, i6, i6, i6, i6, i6, i6, i6, i6, i6, i6, i6, i6, i6, i6, i6, i6 } %empty_28, 29" [firmware/nnet_utils/nnet_activation_stream.h:63]   --->   Operation 106 'extractvalue' 'tmp_data_V_29' <Predicate = (!icmp_ln60)> <Delay = 0.00>
ST_3 : Operation 107 [1/1] (0.00ns)   --->   "%tmp_data_V_30 = extractvalue { i6, i6, i6, i6, i6, i6, i6, i6, i6, i6, i6, i6, i6, i6, i6, i6, i6, i6, i6, i6, i6, i6, i6, i6, i6, i6, i6, i6, i6, i6, i6, i6 } %empty_28, 30" [firmware/nnet_utils/nnet_activation_stream.h:63]   --->   Operation 107 'extractvalue' 'tmp_data_V_30' <Predicate = (!icmp_ln60)> <Delay = 0.00>
ST_3 : Operation 108 [1/1] (0.00ns)   --->   "%tmp_data_V_31 = extractvalue { i6, i6, i6, i6, i6, i6, i6, i6, i6, i6, i6, i6, i6, i6, i6, i6, i6, i6, i6, i6, i6, i6, i6, i6, i6, i6, i6, i6, i6, i6, i6, i6 } %empty_28, 31" [firmware/nnet_utils/nnet_activation_stream.h:63]   --->   Operation 108 'extractvalue' 'tmp_data_V_31' <Predicate = (!icmp_ln60)> <Delay = 0.00>

State 4 <SV = 3> <Delay = 6.24>
ST_4 : Operation 109 [1/1] (0.00ns)   --->   "call void (...)* @_ssdm_op_SpecLoopName([12 x i8]* @p_str46) nounwind" [firmware/nnet_utils/nnet_activation_stream.h:60]   --->   Operation 109 'specloopname' <Predicate = (!icmp_ln60)> <Delay = 0.00>
ST_4 : Operation 110 [1/1] (0.00ns)   --->   "%tmp = call i32 (...)* @_ssdm_op_SpecRegionBegin([12 x i8]* @p_str46)" [firmware/nnet_utils/nnet_activation_stream.h:60]   --->   Operation 110 'specregionbegin' 'tmp' <Predicate = (!icmp_ln60)> <Delay = 0.00>
ST_4 : Operation 111 [1/1] (0.00ns)   --->   "call void (...)* @_ssdm_op_SpecPipeline(i32 -1, i32 1, i32 1, i32 0, [1 x i8]* @p_str9) nounwind" [firmware/nnet_utils/nnet_activation_stream.h:61]   --->   Operation 111 'specpipeline' <Predicate = (!icmp_ln60)> <Delay = 0.00>
ST_4 : Operation 112 [1/1] (1.42ns)   --->   "%icmp_ln1494 = icmp sgt i6 %tmp_data_V_0, 0" [firmware/nnet_utils/nnet_activation_stream.h:69]   --->   Operation 112 'icmp' 'icmp_ln1494' <Predicate = (!icmp_ln60)> <Delay = 1.42> <Core = "Cmp">   --->   Core 25 'Cmp' <Latency = 0> <II = 1> <Delay = 1.42> <FuncUnit> <Opcode : 'icmp'> <InPorts = 2> <OutPorts = 1>
ST_4 : Operation 113 [1/1] (1.18ns)   --->   "%tmp_data_0_V = select i1 %icmp_ln1494, i6 %tmp_data_V_0, i6 0" [firmware/nnet_utils/nnet_activation_stream.h:69]   --->   Operation 113 'select' 'tmp_data_0_V' <Predicate = (!icmp_ln60)> <Delay = 1.18> <Core = "Sel">   --->   Core 26 'Sel' <Latency = 0> <II = 1> <Delay = 1.18> <FuncUnit> <Opcode : 'select'> <InPorts = 3> <OutPorts = 1>
ST_4 : Operation 114 [1/1] (1.42ns)   --->   "%icmp_ln1494_1 = icmp sgt i6 %tmp_data_V_140, 0" [firmware/nnet_utils/nnet_activation_stream.h:69]   --->   Operation 114 'icmp' 'icmp_ln1494_1' <Predicate = (!icmp_ln60)> <Delay = 1.42> <Core = "Cmp">   --->   Core 25 'Cmp' <Latency = 0> <II = 1> <Delay = 1.42> <FuncUnit> <Opcode : 'icmp'> <InPorts = 2> <OutPorts = 1>
ST_4 : Operation 115 [1/1] (1.18ns)   --->   "%tmp_data_1_V = select i1 %icmp_ln1494_1, i6 %tmp_data_V_140, i6 0" [firmware/nnet_utils/nnet_activation_stream.h:69]   --->   Operation 115 'select' 'tmp_data_1_V' <Predicate = (!icmp_ln60)> <Delay = 1.18> <Core = "Sel">   --->   Core 26 'Sel' <Latency = 0> <II = 1> <Delay = 1.18> <FuncUnit> <Opcode : 'select'> <InPorts = 3> <OutPorts = 1>
ST_4 : Operation 116 [1/1] (1.42ns)   --->   "%icmp_ln1494_2 = icmp sgt i6 %tmp_data_V_2, 0" [firmware/nnet_utils/nnet_activation_stream.h:69]   --->   Operation 116 'icmp' 'icmp_ln1494_2' <Predicate = (!icmp_ln60)> <Delay = 1.42> <Core = "Cmp">   --->   Core 25 'Cmp' <Latency = 0> <II = 1> <Delay = 1.42> <FuncUnit> <Opcode : 'icmp'> <InPorts = 2> <OutPorts = 1>
ST_4 : Operation 117 [1/1] (1.18ns)   --->   "%tmp_data_2_V = select i1 %icmp_ln1494_2, i6 %tmp_data_V_2, i6 0" [firmware/nnet_utils/nnet_activation_stream.h:69]   --->   Operation 117 'select' 'tmp_data_2_V' <Predicate = (!icmp_ln60)> <Delay = 1.18> <Core = "Sel">   --->   Core 26 'Sel' <Latency = 0> <II = 1> <Delay = 1.18> <FuncUnit> <Opcode : 'select'> <InPorts = 3> <OutPorts = 1>
ST_4 : Operation 118 [1/1] (1.42ns)   --->   "%icmp_ln1494_3 = icmp sgt i6 %tmp_data_V_3, 0" [firmware/nnet_utils/nnet_activation_stream.h:69]   --->   Operation 118 'icmp' 'icmp_ln1494_3' <Predicate = (!icmp_ln60)> <Delay = 1.42> <Core = "Cmp">   --->   Core 25 'Cmp' <Latency = 0> <II = 1> <Delay = 1.42> <FuncUnit> <Opcode : 'icmp'> <InPorts = 2> <OutPorts = 1>
ST_4 : Operation 119 [1/1] (1.18ns)   --->   "%tmp_data_3_V = select i1 %icmp_ln1494_3, i6 %tmp_data_V_3, i6 0" [firmware/nnet_utils/nnet_activation_stream.h:69]   --->   Operation 119 'select' 'tmp_data_3_V' <Predicate = (!icmp_ln60)> <Delay = 1.18> <Core = "Sel">   --->   Core 26 'Sel' <Latency = 0> <II = 1> <Delay = 1.18> <FuncUnit> <Opcode : 'select'> <InPorts = 3> <OutPorts = 1>
ST_4 : Operation 120 [1/1] (1.42ns)   --->   "%icmp_ln1494_4 = icmp sgt i6 %tmp_data_V_4, 0" [firmware/nnet_utils/nnet_activation_stream.h:69]   --->   Operation 120 'icmp' 'icmp_ln1494_4' <Predicate = (!icmp_ln60)> <Delay = 1.42> <Core = "Cmp">   --->   Core 25 'Cmp' <Latency = 0> <II = 1> <Delay = 1.42> <FuncUnit> <Opcode : 'icmp'> <InPorts = 2> <OutPorts = 1>
ST_4 : Operation 121 [1/1] (1.18ns)   --->   "%tmp_data_4_V = select i1 %icmp_ln1494_4, i6 %tmp_data_V_4, i6 0" [firmware/nnet_utils/nnet_activation_stream.h:69]   --->   Operation 121 'select' 'tmp_data_4_V' <Predicate = (!icmp_ln60)> <Delay = 1.18> <Core = "Sel">   --->   Core 26 'Sel' <Latency = 0> <II = 1> <Delay = 1.18> <FuncUnit> <Opcode : 'select'> <InPorts = 3> <OutPorts = 1>
ST_4 : Operation 122 [1/1] (1.42ns)   --->   "%icmp_ln1494_5 = icmp sgt i6 %tmp_data_V_5, 0" [firmware/nnet_utils/nnet_activation_stream.h:69]   --->   Operation 122 'icmp' 'icmp_ln1494_5' <Predicate = (!icmp_ln60)> <Delay = 1.42> <Core = "Cmp">   --->   Core 25 'Cmp' <Latency = 0> <II = 1> <Delay = 1.42> <FuncUnit> <Opcode : 'icmp'> <InPorts = 2> <OutPorts = 1>
ST_4 : Operation 123 [1/1] (1.18ns)   --->   "%tmp_data_5_V = select i1 %icmp_ln1494_5, i6 %tmp_data_V_5, i6 0" [firmware/nnet_utils/nnet_activation_stream.h:69]   --->   Operation 123 'select' 'tmp_data_5_V' <Predicate = (!icmp_ln60)> <Delay = 1.18> <Core = "Sel">   --->   Core 26 'Sel' <Latency = 0> <II = 1> <Delay = 1.18> <FuncUnit> <Opcode : 'select'> <InPorts = 3> <OutPorts = 1>
ST_4 : Operation 124 [1/1] (1.42ns)   --->   "%icmp_ln1494_6 = icmp sgt i6 %tmp_data_V_6, 0" [firmware/nnet_utils/nnet_activation_stream.h:69]   --->   Operation 124 'icmp' 'icmp_ln1494_6' <Predicate = (!icmp_ln60)> <Delay = 1.42> <Core = "Cmp">   --->   Core 25 'Cmp' <Latency = 0> <II = 1> <Delay = 1.42> <FuncUnit> <Opcode : 'icmp'> <InPorts = 2> <OutPorts = 1>
ST_4 : Operation 125 [1/1] (1.18ns)   --->   "%tmp_data_6_V = select i1 %icmp_ln1494_6, i6 %tmp_data_V_6, i6 0" [firmware/nnet_utils/nnet_activation_stream.h:69]   --->   Operation 125 'select' 'tmp_data_6_V' <Predicate = (!icmp_ln60)> <Delay = 1.18> <Core = "Sel">   --->   Core 26 'Sel' <Latency = 0> <II = 1> <Delay = 1.18> <FuncUnit> <Opcode : 'select'> <InPorts = 3> <OutPorts = 1>
ST_4 : Operation 126 [1/1] (1.42ns)   --->   "%icmp_ln1494_7 = icmp sgt i6 %tmp_data_V_7, 0" [firmware/nnet_utils/nnet_activation_stream.h:69]   --->   Operation 126 'icmp' 'icmp_ln1494_7' <Predicate = (!icmp_ln60)> <Delay = 1.42> <Core = "Cmp">   --->   Core 25 'Cmp' <Latency = 0> <II = 1> <Delay = 1.42> <FuncUnit> <Opcode : 'icmp'> <InPorts = 2> <OutPorts = 1>
ST_4 : Operation 127 [1/1] (1.18ns)   --->   "%tmp_data_7_V = select i1 %icmp_ln1494_7, i6 %tmp_data_V_7, i6 0" [firmware/nnet_utils/nnet_activation_stream.h:69]   --->   Operation 127 'select' 'tmp_data_7_V' <Predicate = (!icmp_ln60)> <Delay = 1.18> <Core = "Sel">   --->   Core 26 'Sel' <Latency = 0> <II = 1> <Delay = 1.18> <FuncUnit> <Opcode : 'select'> <InPorts = 3> <OutPorts = 1>
ST_4 : Operation 128 [1/1] (1.42ns)   --->   "%icmp_ln1494_8 = icmp sgt i6 %tmp_data_V_8, 0" [firmware/nnet_utils/nnet_activation_stream.h:69]   --->   Operation 128 'icmp' 'icmp_ln1494_8' <Predicate = (!icmp_ln60)> <Delay = 1.42> <Core = "Cmp">   --->   Core 25 'Cmp' <Latency = 0> <II = 1> <Delay = 1.42> <FuncUnit> <Opcode : 'icmp'> <InPorts = 2> <OutPorts = 1>
ST_4 : Operation 129 [1/1] (1.18ns)   --->   "%tmp_data_8_V = select i1 %icmp_ln1494_8, i6 %tmp_data_V_8, i6 0" [firmware/nnet_utils/nnet_activation_stream.h:69]   --->   Operation 129 'select' 'tmp_data_8_V' <Predicate = (!icmp_ln60)> <Delay = 1.18> <Core = "Sel">   --->   Core 26 'Sel' <Latency = 0> <II = 1> <Delay = 1.18> <FuncUnit> <Opcode : 'select'> <InPorts = 3> <OutPorts = 1>
ST_4 : Operation 130 [1/1] (1.42ns)   --->   "%icmp_ln1494_9 = icmp sgt i6 %tmp_data_V_9, 0" [firmware/nnet_utils/nnet_activation_stream.h:69]   --->   Operation 130 'icmp' 'icmp_ln1494_9' <Predicate = (!icmp_ln60)> <Delay = 1.42> <Core = "Cmp">   --->   Core 25 'Cmp' <Latency = 0> <II = 1> <Delay = 1.42> <FuncUnit> <Opcode : 'icmp'> <InPorts = 2> <OutPorts = 1>
ST_4 : Operation 131 [1/1] (1.18ns)   --->   "%tmp_data_9_V = select i1 %icmp_ln1494_9, i6 %tmp_data_V_9, i6 0" [firmware/nnet_utils/nnet_activation_stream.h:69]   --->   Operation 131 'select' 'tmp_data_9_V' <Predicate = (!icmp_ln60)> <Delay = 1.18> <Core = "Sel">   --->   Core 26 'Sel' <Latency = 0> <II = 1> <Delay = 1.18> <FuncUnit> <Opcode : 'select'> <InPorts = 3> <OutPorts = 1>
ST_4 : Operation 132 [1/1] (1.42ns)   --->   "%icmp_ln1494_10 = icmp sgt i6 %tmp_data_V_10, 0" [firmware/nnet_utils/nnet_activation_stream.h:69]   --->   Operation 132 'icmp' 'icmp_ln1494_10' <Predicate = (!icmp_ln60)> <Delay = 1.42> <Core = "Cmp">   --->   Core 25 'Cmp' <Latency = 0> <II = 1> <Delay = 1.42> <FuncUnit> <Opcode : 'icmp'> <InPorts = 2> <OutPorts = 1>
ST_4 : Operation 133 [1/1] (1.18ns)   --->   "%tmp_data_10_V = select i1 %icmp_ln1494_10, i6 %tmp_data_V_10, i6 0" [firmware/nnet_utils/nnet_activation_stream.h:69]   --->   Operation 133 'select' 'tmp_data_10_V' <Predicate = (!icmp_ln60)> <Delay = 1.18> <Core = "Sel">   --->   Core 26 'Sel' <Latency = 0> <II = 1> <Delay = 1.18> <FuncUnit> <Opcode : 'select'> <InPorts = 3> <OutPorts = 1>
ST_4 : Operation 134 [1/1] (1.42ns)   --->   "%icmp_ln1494_11 = icmp sgt i6 %tmp_data_V_11, 0" [firmware/nnet_utils/nnet_activation_stream.h:69]   --->   Operation 134 'icmp' 'icmp_ln1494_11' <Predicate = (!icmp_ln60)> <Delay = 1.42> <Core = "Cmp">   --->   Core 25 'Cmp' <Latency = 0> <II = 1> <Delay = 1.42> <FuncUnit> <Opcode : 'icmp'> <InPorts = 2> <OutPorts = 1>
ST_4 : Operation 135 [1/1] (1.18ns)   --->   "%tmp_data_11_V = select i1 %icmp_ln1494_11, i6 %tmp_data_V_11, i6 0" [firmware/nnet_utils/nnet_activation_stream.h:69]   --->   Operation 135 'select' 'tmp_data_11_V' <Predicate = (!icmp_ln60)> <Delay = 1.18> <Core = "Sel">   --->   Core 26 'Sel' <Latency = 0> <II = 1> <Delay = 1.18> <FuncUnit> <Opcode : 'select'> <InPorts = 3> <OutPorts = 1>
ST_4 : Operation 136 [1/1] (1.42ns)   --->   "%icmp_ln1494_12 = icmp sgt i6 %tmp_data_V_12, 0" [firmware/nnet_utils/nnet_activation_stream.h:69]   --->   Operation 136 'icmp' 'icmp_ln1494_12' <Predicate = (!icmp_ln60)> <Delay = 1.42> <Core = "Cmp">   --->   Core 25 'Cmp' <Latency = 0> <II = 1> <Delay = 1.42> <FuncUnit> <Opcode : 'icmp'> <InPorts = 2> <OutPorts = 1>
ST_4 : Operation 137 [1/1] (1.18ns)   --->   "%tmp_data_12_V = select i1 %icmp_ln1494_12, i6 %tmp_data_V_12, i6 0" [firmware/nnet_utils/nnet_activation_stream.h:69]   --->   Operation 137 'select' 'tmp_data_12_V' <Predicate = (!icmp_ln60)> <Delay = 1.18> <Core = "Sel">   --->   Core 26 'Sel' <Latency = 0> <II = 1> <Delay = 1.18> <FuncUnit> <Opcode : 'select'> <InPorts = 3> <OutPorts = 1>
ST_4 : Operation 138 [1/1] (1.42ns)   --->   "%icmp_ln1494_13 = icmp sgt i6 %tmp_data_V_13, 0" [firmware/nnet_utils/nnet_activation_stream.h:69]   --->   Operation 138 'icmp' 'icmp_ln1494_13' <Predicate = (!icmp_ln60)> <Delay = 1.42> <Core = "Cmp">   --->   Core 25 'Cmp' <Latency = 0> <II = 1> <Delay = 1.42> <FuncUnit> <Opcode : 'icmp'> <InPorts = 2> <OutPorts = 1>
ST_4 : Operation 139 [1/1] (1.18ns)   --->   "%tmp_data_13_V = select i1 %icmp_ln1494_13, i6 %tmp_data_V_13, i6 0" [firmware/nnet_utils/nnet_activation_stream.h:69]   --->   Operation 139 'select' 'tmp_data_13_V' <Predicate = (!icmp_ln60)> <Delay = 1.18> <Core = "Sel">   --->   Core 26 'Sel' <Latency = 0> <II = 1> <Delay = 1.18> <FuncUnit> <Opcode : 'select'> <InPorts = 3> <OutPorts = 1>
ST_4 : Operation 140 [1/1] (1.42ns)   --->   "%icmp_ln1494_14 = icmp sgt i6 %tmp_data_V_14, 0" [firmware/nnet_utils/nnet_activation_stream.h:69]   --->   Operation 140 'icmp' 'icmp_ln1494_14' <Predicate = (!icmp_ln60)> <Delay = 1.42> <Core = "Cmp">   --->   Core 25 'Cmp' <Latency = 0> <II = 1> <Delay = 1.42> <FuncUnit> <Opcode : 'icmp'> <InPorts = 2> <OutPorts = 1>
ST_4 : Operation 141 [1/1] (1.18ns)   --->   "%tmp_data_14_V = select i1 %icmp_ln1494_14, i6 %tmp_data_V_14, i6 0" [firmware/nnet_utils/nnet_activation_stream.h:69]   --->   Operation 141 'select' 'tmp_data_14_V' <Predicate = (!icmp_ln60)> <Delay = 1.18> <Core = "Sel">   --->   Core 26 'Sel' <Latency = 0> <II = 1> <Delay = 1.18> <FuncUnit> <Opcode : 'select'> <InPorts = 3> <OutPorts = 1>
ST_4 : Operation 142 [1/1] (1.42ns)   --->   "%icmp_ln1494_15 = icmp sgt i6 %tmp_data_V_15, 0" [firmware/nnet_utils/nnet_activation_stream.h:69]   --->   Operation 142 'icmp' 'icmp_ln1494_15' <Predicate = (!icmp_ln60)> <Delay = 1.42> <Core = "Cmp">   --->   Core 25 'Cmp' <Latency = 0> <II = 1> <Delay = 1.42> <FuncUnit> <Opcode : 'icmp'> <InPorts = 2> <OutPorts = 1>
ST_4 : Operation 143 [1/1] (1.18ns)   --->   "%tmp_data_15_V = select i1 %icmp_ln1494_15, i6 %tmp_data_V_15, i6 0" [firmware/nnet_utils/nnet_activation_stream.h:69]   --->   Operation 143 'select' 'tmp_data_15_V' <Predicate = (!icmp_ln60)> <Delay = 1.18> <Core = "Sel">   --->   Core 26 'Sel' <Latency = 0> <II = 1> <Delay = 1.18> <FuncUnit> <Opcode : 'select'> <InPorts = 3> <OutPorts = 1>
ST_4 : Operation 144 [1/1] (1.42ns)   --->   "%icmp_ln1494_16 = icmp sgt i6 %tmp_data_V_16, 0" [firmware/nnet_utils/nnet_activation_stream.h:69]   --->   Operation 144 'icmp' 'icmp_ln1494_16' <Predicate = (!icmp_ln60)> <Delay = 1.42> <Core = "Cmp">   --->   Core 25 'Cmp' <Latency = 0> <II = 1> <Delay = 1.42> <FuncUnit> <Opcode : 'icmp'> <InPorts = 2> <OutPorts = 1>
ST_4 : Operation 145 [1/1] (1.18ns)   --->   "%tmp_data_16_V = select i1 %icmp_ln1494_16, i6 %tmp_data_V_16, i6 0" [firmware/nnet_utils/nnet_activation_stream.h:69]   --->   Operation 145 'select' 'tmp_data_16_V' <Predicate = (!icmp_ln60)> <Delay = 1.18> <Core = "Sel">   --->   Core 26 'Sel' <Latency = 0> <II = 1> <Delay = 1.18> <FuncUnit> <Opcode : 'select'> <InPorts = 3> <OutPorts = 1>
ST_4 : Operation 146 [1/1] (1.42ns)   --->   "%icmp_ln1494_17 = icmp sgt i6 %tmp_data_V_17, 0" [firmware/nnet_utils/nnet_activation_stream.h:69]   --->   Operation 146 'icmp' 'icmp_ln1494_17' <Predicate = (!icmp_ln60)> <Delay = 1.42> <Core = "Cmp">   --->   Core 25 'Cmp' <Latency = 0> <II = 1> <Delay = 1.42> <FuncUnit> <Opcode : 'icmp'> <InPorts = 2> <OutPorts = 1>
ST_4 : Operation 147 [1/1] (1.18ns)   --->   "%tmp_data_17_V = select i1 %icmp_ln1494_17, i6 %tmp_data_V_17, i6 0" [firmware/nnet_utils/nnet_activation_stream.h:69]   --->   Operation 147 'select' 'tmp_data_17_V' <Predicate = (!icmp_ln60)> <Delay = 1.18> <Core = "Sel">   --->   Core 26 'Sel' <Latency = 0> <II = 1> <Delay = 1.18> <FuncUnit> <Opcode : 'select'> <InPorts = 3> <OutPorts = 1>
ST_4 : Operation 148 [1/1] (1.42ns)   --->   "%icmp_ln1494_18 = icmp sgt i6 %tmp_data_V_18, 0" [firmware/nnet_utils/nnet_activation_stream.h:69]   --->   Operation 148 'icmp' 'icmp_ln1494_18' <Predicate = (!icmp_ln60)> <Delay = 1.42> <Core = "Cmp">   --->   Core 25 'Cmp' <Latency = 0> <II = 1> <Delay = 1.42> <FuncUnit> <Opcode : 'icmp'> <InPorts = 2> <OutPorts = 1>
ST_4 : Operation 149 [1/1] (1.18ns)   --->   "%tmp_data_18_V = select i1 %icmp_ln1494_18, i6 %tmp_data_V_18, i6 0" [firmware/nnet_utils/nnet_activation_stream.h:69]   --->   Operation 149 'select' 'tmp_data_18_V' <Predicate = (!icmp_ln60)> <Delay = 1.18> <Core = "Sel">   --->   Core 26 'Sel' <Latency = 0> <II = 1> <Delay = 1.18> <FuncUnit> <Opcode : 'select'> <InPorts = 3> <OutPorts = 1>
ST_4 : Operation 150 [1/1] (1.42ns)   --->   "%icmp_ln1494_19 = icmp sgt i6 %tmp_data_V_19, 0" [firmware/nnet_utils/nnet_activation_stream.h:69]   --->   Operation 150 'icmp' 'icmp_ln1494_19' <Predicate = (!icmp_ln60)> <Delay = 1.42> <Core = "Cmp">   --->   Core 25 'Cmp' <Latency = 0> <II = 1> <Delay = 1.42> <FuncUnit> <Opcode : 'icmp'> <InPorts = 2> <OutPorts = 1>
ST_4 : Operation 151 [1/1] (1.18ns)   --->   "%tmp_data_19_V = select i1 %icmp_ln1494_19, i6 %tmp_data_V_19, i6 0" [firmware/nnet_utils/nnet_activation_stream.h:69]   --->   Operation 151 'select' 'tmp_data_19_V' <Predicate = (!icmp_ln60)> <Delay = 1.18> <Core = "Sel">   --->   Core 26 'Sel' <Latency = 0> <II = 1> <Delay = 1.18> <FuncUnit> <Opcode : 'select'> <InPorts = 3> <OutPorts = 1>
ST_4 : Operation 152 [1/1] (1.42ns)   --->   "%icmp_ln1494_20 = icmp sgt i6 %tmp_data_V_20, 0" [firmware/nnet_utils/nnet_activation_stream.h:69]   --->   Operation 152 'icmp' 'icmp_ln1494_20' <Predicate = (!icmp_ln60)> <Delay = 1.42> <Core = "Cmp">   --->   Core 25 'Cmp' <Latency = 0> <II = 1> <Delay = 1.42> <FuncUnit> <Opcode : 'icmp'> <InPorts = 2> <OutPorts = 1>
ST_4 : Operation 153 [1/1] (1.18ns)   --->   "%tmp_data_20_V = select i1 %icmp_ln1494_20, i6 %tmp_data_V_20, i6 0" [firmware/nnet_utils/nnet_activation_stream.h:69]   --->   Operation 153 'select' 'tmp_data_20_V' <Predicate = (!icmp_ln60)> <Delay = 1.18> <Core = "Sel">   --->   Core 26 'Sel' <Latency = 0> <II = 1> <Delay = 1.18> <FuncUnit> <Opcode : 'select'> <InPorts = 3> <OutPorts = 1>
ST_4 : Operation 154 [1/1] (1.42ns)   --->   "%icmp_ln1494_21 = icmp sgt i6 %tmp_data_V_21, 0" [firmware/nnet_utils/nnet_activation_stream.h:69]   --->   Operation 154 'icmp' 'icmp_ln1494_21' <Predicate = (!icmp_ln60)> <Delay = 1.42> <Core = "Cmp">   --->   Core 25 'Cmp' <Latency = 0> <II = 1> <Delay = 1.42> <FuncUnit> <Opcode : 'icmp'> <InPorts = 2> <OutPorts = 1>
ST_4 : Operation 155 [1/1] (1.18ns)   --->   "%tmp_data_21_V = select i1 %icmp_ln1494_21, i6 %tmp_data_V_21, i6 0" [firmware/nnet_utils/nnet_activation_stream.h:69]   --->   Operation 155 'select' 'tmp_data_21_V' <Predicate = (!icmp_ln60)> <Delay = 1.18> <Core = "Sel">   --->   Core 26 'Sel' <Latency = 0> <II = 1> <Delay = 1.18> <FuncUnit> <Opcode : 'select'> <InPorts = 3> <OutPorts = 1>
ST_4 : Operation 156 [1/1] (1.42ns)   --->   "%icmp_ln1494_22 = icmp sgt i6 %tmp_data_V_22, 0" [firmware/nnet_utils/nnet_activation_stream.h:69]   --->   Operation 156 'icmp' 'icmp_ln1494_22' <Predicate = (!icmp_ln60)> <Delay = 1.42> <Core = "Cmp">   --->   Core 25 'Cmp' <Latency = 0> <II = 1> <Delay = 1.42> <FuncUnit> <Opcode : 'icmp'> <InPorts = 2> <OutPorts = 1>
ST_4 : Operation 157 [1/1] (1.18ns)   --->   "%tmp_data_22_V = select i1 %icmp_ln1494_22, i6 %tmp_data_V_22, i6 0" [firmware/nnet_utils/nnet_activation_stream.h:69]   --->   Operation 157 'select' 'tmp_data_22_V' <Predicate = (!icmp_ln60)> <Delay = 1.18> <Core = "Sel">   --->   Core 26 'Sel' <Latency = 0> <II = 1> <Delay = 1.18> <FuncUnit> <Opcode : 'select'> <InPorts = 3> <OutPorts = 1>
ST_4 : Operation 158 [1/1] (1.42ns)   --->   "%icmp_ln1494_23 = icmp sgt i6 %tmp_data_V_23, 0" [firmware/nnet_utils/nnet_activation_stream.h:69]   --->   Operation 158 'icmp' 'icmp_ln1494_23' <Predicate = (!icmp_ln60)> <Delay = 1.42> <Core = "Cmp">   --->   Core 25 'Cmp' <Latency = 0> <II = 1> <Delay = 1.42> <FuncUnit> <Opcode : 'icmp'> <InPorts = 2> <OutPorts = 1>
ST_4 : Operation 159 [1/1] (1.18ns)   --->   "%tmp_data_23_V = select i1 %icmp_ln1494_23, i6 %tmp_data_V_23, i6 0" [firmware/nnet_utils/nnet_activation_stream.h:69]   --->   Operation 159 'select' 'tmp_data_23_V' <Predicate = (!icmp_ln60)> <Delay = 1.18> <Core = "Sel">   --->   Core 26 'Sel' <Latency = 0> <II = 1> <Delay = 1.18> <FuncUnit> <Opcode : 'select'> <InPorts = 3> <OutPorts = 1>
ST_4 : Operation 160 [1/1] (1.42ns)   --->   "%icmp_ln1494_24 = icmp sgt i6 %tmp_data_V_24, 0" [firmware/nnet_utils/nnet_activation_stream.h:69]   --->   Operation 160 'icmp' 'icmp_ln1494_24' <Predicate = (!icmp_ln60)> <Delay = 1.42> <Core = "Cmp">   --->   Core 25 'Cmp' <Latency = 0> <II = 1> <Delay = 1.42> <FuncUnit> <Opcode : 'icmp'> <InPorts = 2> <OutPorts = 1>
ST_4 : Operation 161 [1/1] (1.18ns)   --->   "%tmp_data_24_V = select i1 %icmp_ln1494_24, i6 %tmp_data_V_24, i6 0" [firmware/nnet_utils/nnet_activation_stream.h:69]   --->   Operation 161 'select' 'tmp_data_24_V' <Predicate = (!icmp_ln60)> <Delay = 1.18> <Core = "Sel">   --->   Core 26 'Sel' <Latency = 0> <II = 1> <Delay = 1.18> <FuncUnit> <Opcode : 'select'> <InPorts = 3> <OutPorts = 1>
ST_4 : Operation 162 [1/1] (1.42ns)   --->   "%icmp_ln1494_25 = icmp sgt i6 %tmp_data_V_25, 0" [firmware/nnet_utils/nnet_activation_stream.h:69]   --->   Operation 162 'icmp' 'icmp_ln1494_25' <Predicate = (!icmp_ln60)> <Delay = 1.42> <Core = "Cmp">   --->   Core 25 'Cmp' <Latency = 0> <II = 1> <Delay = 1.42> <FuncUnit> <Opcode : 'icmp'> <InPorts = 2> <OutPorts = 1>
ST_4 : Operation 163 [1/1] (1.18ns)   --->   "%tmp_data_25_V = select i1 %icmp_ln1494_25, i6 %tmp_data_V_25, i6 0" [firmware/nnet_utils/nnet_activation_stream.h:69]   --->   Operation 163 'select' 'tmp_data_25_V' <Predicate = (!icmp_ln60)> <Delay = 1.18> <Core = "Sel">   --->   Core 26 'Sel' <Latency = 0> <II = 1> <Delay = 1.18> <FuncUnit> <Opcode : 'select'> <InPorts = 3> <OutPorts = 1>
ST_4 : Operation 164 [1/1] (1.42ns)   --->   "%icmp_ln1494_26 = icmp sgt i6 %tmp_data_V_26, 0" [firmware/nnet_utils/nnet_activation_stream.h:69]   --->   Operation 164 'icmp' 'icmp_ln1494_26' <Predicate = (!icmp_ln60)> <Delay = 1.42> <Core = "Cmp">   --->   Core 25 'Cmp' <Latency = 0> <II = 1> <Delay = 1.42> <FuncUnit> <Opcode : 'icmp'> <InPorts = 2> <OutPorts = 1>
ST_4 : Operation 165 [1/1] (1.18ns)   --->   "%tmp_data_26_V = select i1 %icmp_ln1494_26, i6 %tmp_data_V_26, i6 0" [firmware/nnet_utils/nnet_activation_stream.h:69]   --->   Operation 165 'select' 'tmp_data_26_V' <Predicate = (!icmp_ln60)> <Delay = 1.18> <Core = "Sel">   --->   Core 26 'Sel' <Latency = 0> <II = 1> <Delay = 1.18> <FuncUnit> <Opcode : 'select'> <InPorts = 3> <OutPorts = 1>
ST_4 : Operation 166 [1/1] (1.42ns)   --->   "%icmp_ln1494_27 = icmp sgt i6 %tmp_data_V_27, 0" [firmware/nnet_utils/nnet_activation_stream.h:69]   --->   Operation 166 'icmp' 'icmp_ln1494_27' <Predicate = (!icmp_ln60)> <Delay = 1.42> <Core = "Cmp">   --->   Core 25 'Cmp' <Latency = 0> <II = 1> <Delay = 1.42> <FuncUnit> <Opcode : 'icmp'> <InPorts = 2> <OutPorts = 1>
ST_4 : Operation 167 [1/1] (1.18ns)   --->   "%tmp_data_27_V = select i1 %icmp_ln1494_27, i6 %tmp_data_V_27, i6 0" [firmware/nnet_utils/nnet_activation_stream.h:69]   --->   Operation 167 'select' 'tmp_data_27_V' <Predicate = (!icmp_ln60)> <Delay = 1.18> <Core = "Sel">   --->   Core 26 'Sel' <Latency = 0> <II = 1> <Delay = 1.18> <FuncUnit> <Opcode : 'select'> <InPorts = 3> <OutPorts = 1>
ST_4 : Operation 168 [1/1] (1.42ns)   --->   "%icmp_ln1494_28 = icmp sgt i6 %tmp_data_V_28, 0" [firmware/nnet_utils/nnet_activation_stream.h:69]   --->   Operation 168 'icmp' 'icmp_ln1494_28' <Predicate = (!icmp_ln60)> <Delay = 1.42> <Core = "Cmp">   --->   Core 25 'Cmp' <Latency = 0> <II = 1> <Delay = 1.42> <FuncUnit> <Opcode : 'icmp'> <InPorts = 2> <OutPorts = 1>
ST_4 : Operation 169 [1/1] (1.18ns)   --->   "%tmp_data_28_V = select i1 %icmp_ln1494_28, i6 %tmp_data_V_28, i6 0" [firmware/nnet_utils/nnet_activation_stream.h:69]   --->   Operation 169 'select' 'tmp_data_28_V' <Predicate = (!icmp_ln60)> <Delay = 1.18> <Core = "Sel">   --->   Core 26 'Sel' <Latency = 0> <II = 1> <Delay = 1.18> <FuncUnit> <Opcode : 'select'> <InPorts = 3> <OutPorts = 1>
ST_4 : Operation 170 [1/1] (1.42ns)   --->   "%icmp_ln1494_29 = icmp sgt i6 %tmp_data_V_29, 0" [firmware/nnet_utils/nnet_activation_stream.h:69]   --->   Operation 170 'icmp' 'icmp_ln1494_29' <Predicate = (!icmp_ln60)> <Delay = 1.42> <Core = "Cmp">   --->   Core 25 'Cmp' <Latency = 0> <II = 1> <Delay = 1.42> <FuncUnit> <Opcode : 'icmp'> <InPorts = 2> <OutPorts = 1>
ST_4 : Operation 171 [1/1] (1.18ns)   --->   "%tmp_data_29_V = select i1 %icmp_ln1494_29, i6 %tmp_data_V_29, i6 0" [firmware/nnet_utils/nnet_activation_stream.h:69]   --->   Operation 171 'select' 'tmp_data_29_V' <Predicate = (!icmp_ln60)> <Delay = 1.18> <Core = "Sel">   --->   Core 26 'Sel' <Latency = 0> <II = 1> <Delay = 1.18> <FuncUnit> <Opcode : 'select'> <InPorts = 3> <OutPorts = 1>
ST_4 : Operation 172 [1/1] (1.42ns)   --->   "%icmp_ln1494_30 = icmp sgt i6 %tmp_data_V_30, 0" [firmware/nnet_utils/nnet_activation_stream.h:69]   --->   Operation 172 'icmp' 'icmp_ln1494_30' <Predicate = (!icmp_ln60)> <Delay = 1.42> <Core = "Cmp">   --->   Core 25 'Cmp' <Latency = 0> <II = 1> <Delay = 1.42> <FuncUnit> <Opcode : 'icmp'> <InPorts = 2> <OutPorts = 1>
ST_4 : Operation 173 [1/1] (1.18ns)   --->   "%tmp_data_30_V = select i1 %icmp_ln1494_30, i6 %tmp_data_V_30, i6 0" [firmware/nnet_utils/nnet_activation_stream.h:69]   --->   Operation 173 'select' 'tmp_data_30_V' <Predicate = (!icmp_ln60)> <Delay = 1.18> <Core = "Sel">   --->   Core 26 'Sel' <Latency = 0> <II = 1> <Delay = 1.18> <FuncUnit> <Opcode : 'select'> <InPorts = 3> <OutPorts = 1>
ST_4 : Operation 174 [1/1] (1.42ns)   --->   "%icmp_ln1494_31 = icmp sgt i6 %tmp_data_V_31, 0" [firmware/nnet_utils/nnet_activation_stream.h:69]   --->   Operation 174 'icmp' 'icmp_ln1494_31' <Predicate = (!icmp_ln60)> <Delay = 1.42> <Core = "Cmp">   --->   Core 25 'Cmp' <Latency = 0> <II = 1> <Delay = 1.42> <FuncUnit> <Opcode : 'icmp'> <InPorts = 2> <OutPorts = 1>
ST_4 : Operation 175 [1/1] (1.18ns)   --->   "%tmp_data_31_V = select i1 %icmp_ln1494_31, i6 %tmp_data_V_31, i6 0" [firmware/nnet_utils/nnet_activation_stream.h:69]   --->   Operation 175 'select' 'tmp_data_31_V' <Predicate = (!icmp_ln60)> <Delay = 1.18> <Core = "Sel">   --->   Core 26 'Sel' <Latency = 0> <II = 1> <Delay = 1.18> <FuncUnit> <Opcode : 'select'> <InPorts = 3> <OutPorts = 1>
ST_4 : Operation 176 [1/1] (3.63ns)   --->   "call void @_ssdm_op_Write.ap_fifo.volatile.i6P.i6P.i6P.i6P.i6P.i6P.i6P.i6P.i6P.i6P.i6P.i6P.i6P.i6P.i6P.i6P.i6P.i6P.i6P.i6P.i6P.i6P.i6P.i6P.i6P.i6P.i6P.i6P.i6P.i6P.i6P.i6P(i6* %res_V_data_0_V, i6* %res_V_data_1_V, i6* %res_V_data_2_V, i6* %res_V_data_3_V, i6* %res_V_data_4_V, i6* %res_V_data_5_V, i6* %res_V_data_6_V, i6* %res_V_data_7_V, i6* %res_V_data_8_V, i6* %res_V_data_9_V, i6* %res_V_data_10_V, i6* %res_V_data_11_V, i6* %res_V_data_12_V, i6* %res_V_data_13_V, i6* %res_V_data_14_V, i6* %res_V_data_15_V, i6* %res_V_data_16_V, i6* %res_V_data_17_V, i6* %res_V_data_18_V, i6* %res_V_data_19_V, i6* %res_V_data_20_V, i6* %res_V_data_21_V, i6* %res_V_data_22_V, i6* %res_V_data_23_V, i6* %res_V_data_24_V, i6* %res_V_data_25_V, i6* %res_V_data_26_V, i6* %res_V_data_27_V, i6* %res_V_data_28_V, i6* %res_V_data_29_V, i6* %res_V_data_30_V, i6* %res_V_data_31_V, i6 %tmp_data_0_V, i6 %tmp_data_1_V, i6 %tmp_data_2_V, i6 %tmp_data_3_V, i6 %tmp_data_4_V, i6 %tmp_data_5_V, i6 %tmp_data_6_V, i6 %tmp_data_7_V, i6 %tmp_data_8_V, i6 %tmp_data_9_V, i6 %tmp_data_10_V, i6 %tmp_data_11_V, i6 %tmp_data_12_V, i6 %tmp_data_13_V, i6 %tmp_data_14_V, i6 %tmp_data_15_V, i6 %tmp_data_16_V, i6 %tmp_data_17_V, i6 %tmp_data_18_V, i6 %tmp_data_19_V, i6 %tmp_data_20_V, i6 %tmp_data_21_V, i6 %tmp_data_22_V, i6 %tmp_data_23_V, i6 %tmp_data_24_V, i6 %tmp_data_25_V, i6 %tmp_data_26_V, i6 %tmp_data_27_V, i6 %tmp_data_28_V, i6 %tmp_data_29_V, i6 %tmp_data_30_V, i6 %tmp_data_31_V)" [firmware/nnet_utils/nnet_activation_stream.h:73]   --->   Operation 176 'write' <Predicate = (!icmp_ln60)> <Delay = 3.63> <Core = "FIFO">   --->   Core 32 'FIFO' <Latency = 0> <II = 1> <Delay = 3.63> <Storage> <Opcode : 'read' 'write' 'nbread' 'nbwrite'> <Ports = 0> <Width = 6> <Depth = 1> <FIFO>
ST_4 : Operation 177 [1/1] (0.00ns)   --->   "%empty_29 = call i32 (...)* @_ssdm_op_SpecRegionEnd([12 x i8]* @p_str46, i32 %tmp)" [firmware/nnet_utils/nnet_activation_stream.h:74]   --->   Operation 177 'specregionend' 'empty_29' <Predicate = (!icmp_ln60)> <Delay = 0.00>
ST_4 : Operation 178 [1/1] (0.00ns)   --->   "br label %1" [firmware/nnet_utils/nnet_activation_stream.h:60]   --->   Operation 178 'br' <Predicate = (!icmp_ln60)> <Delay = 0.00>

State 5 <SV = 2> <Delay = 0.00>
ST_5 : Operation 179 [1/1] (0.00ns)   --->   "ret void" [firmware/nnet_utils/nnet_activation_stream.h:75]   --->   Operation 179 'ret' <Predicate = true> <Delay = 0.00>


============================================================
+ Verbose Summary: Timing violations
============================================================
Target clock period: 10ns, clock uncertainty: 1.25ns.

 <State 1>: 1.77ns
The critical path consists of the following:
	multiplexor before 'phi' operation ('i') with incoming values : ('i', firmware/nnet_utils/nnet_activation_stream.h:60) [131]  (1.77 ns)

 <State 2>: 1.78ns
The critical path consists of the following:
	'phi' operation ('i') with incoming values : ('i', firmware/nnet_utils/nnet_activation_stream.h:60) [131]  (0 ns)
	'add' operation ('i', firmware/nnet_utils/nnet_activation_stream.h:60) [134]  (1.78 ns)

 <State 3>: 3.63ns
The critical path consists of the following:
	fifo read on port 'data_V_data_0_V' (firmware/nnet_utils/nnet_activation_stream.h:63) [140]  (3.63 ns)

 <State 4>: 6.25ns
The critical path consists of the following:
	'icmp' operation ('icmp_ln1494', firmware/nnet_utils/nnet_activation_stream.h:69) [173]  (1.43 ns)
	'select' operation ('tmp.data[0].V', firmware/nnet_utils/nnet_activation_stream.h:69) [174]  (1.19 ns)
	fifo write on port 'res_V_data_0_V' (firmware/nnet_utils/nnet_activation_stream.h:73) [237]  (3.63 ns)

 <State 5>: 0ns
The critical path consists of the following:


============================================================
+ Verbose Summary: Binding
============================================================
N/A
* FSMD analyzer results:
  - Output states:
 - Input state : 
  - Chain level:
	State 1
	State 2
	State 3
	State 4
	State 5


============================================================
+ Verbose Summary: Datapath Resource usage 
============================================================
N/A
